#
# A fatal error has been detected by the Java Runtime Environment:
#
#  SIGSEGV (0xb) at pc=0x0000000131e9157c, pid=1880, tid=87563
#
# JRE version: Java(TM) SE Runtime Environment (8.0_51-b16) (build 1.8.0_51-b16)
# Java VM: Java HotSpot(TM) 64-Bit Server VM (25.51-b03 mixed mode bsd-amd64 compressed oops)
# Problematic frame:
# C  [libscsynth.dylib+0x557c]  SC_UdpInPort::SC_UdpInPort(World*, int)+0x1be
#
# Failed to write core dump. Core dumps have been disabled. To enable core dumping, try "ulimit -c unlimited" before starting Java again
#
# If you would like to submit a bug report, please visit:
#   http://bugreport.java.com/bugreport/crash.jsp
# The crash happened outside the Java Virtual Machine in native code.
# See problematic frame for where to report the bug.
#

---------------  T H R E A D  ---------------

Current thread (0x00007ffb7199b800):  JavaThread "Thread-14" daemon [_thread_in_native, id=87563, stack(0x0000700003233000,0x0000700003333000)]

siginfo: si_signo: 11 (SIGSEGV), si_code: 1 (SEGV_MAPERR), si_addr: 0x0000000000000160

Registers:
RAX=0x0000000000000000, RBX=0x0000000000000000, RCX=0x00000000ffffffff, RDX=0x0000000000000000
RSP=0x0000700003331e00, RBP=0x0000700003331e80, RSI=0x0000000000000003, RDI=0x00007fff7cb6f118
R8 =0x000000000001110b, R9 =0x0000000000000000, R10=0x000000000000002c, R11=0x0000000000000206
R12=0x0000000000000004, R13=0x0000000000000002, R14=0x00007ffb72f7aa00, R15=0x0000700003951000
RIP=0x0000000131e9157c, EFLAGS=0x0000000000010202, ERR=0x0000000000000004
  TRAPNO=0x000000000000000e

Top of Stack: (sp=0x0000700003331e00)
0x0000700003331e00:   0000000000000000 0001000003331e80
0x0000700003331e10:   0000700003331e30 00007fff9c5250dc
0x0000700003331e20:   0000000000000000 0000000000010048
0x0000700003331e30:   0000000a0000003f 000000028d93e7de
0x0000700003331e40:   00007ffb72f7aa00 0000000000000000
0x0000700003331e50:   0000700003331e80 0000000131eb0614
0x0000700003331e60:   0000000000000001 00007000033325e8
0x0000700003331e70:   0000700003331e80 0000000131e84d1c
0x0000700003331e80:   000000000000000a 0000700003332680
0x0000700003331e90:   0000700003331f80 0000000131e84884
0x0000700003331ea0:   ffffffffffffffff 00000000ffffffff
0x0000700003331eb0:   000000010feac650 0000700003331f30
0x0000700003331ec0:   0000700003332650 0000700003331f40
0x0000700003331ed0:   0000700003331f30 0000700003331f44
0x0000700003331ee0:   00007000033324f0 0000700003332680
0x0000700003331ef0:   0000000131eb05f0 00007ffb716f9470
0x0000700003331f00:   0000700003331dd0 00007ffb716f9500
0x0000700003331f10:   0000000000000002 0000000200000002
0x0000700003331f20:   0000700003331dd0 000000017199b800
0x0000700003331f30:   00007ffb00000002 00007ffb716fb630
0x0000700003331f40:   0000000100000000 0d003b726e4d2334
0x0000700003331f50:   0000700003331f80 0000700003332680
0x0000700003331f60:   00007ffb716f9510 0000000000000000
0x0000700003331f70:   00007ffb716f9470 0000000000000001
0x0000700003331f80:   00007000033324d0 0000000131e7ef5c
0x0000700003331f90:   0000000100000000 00007ffb716f8eb0
0x0000700003331fa0:   00007000033324d0 0000000131e7ed55
0x0000700003331fb0:   0000000000000000 0000000000000000
0x0000700003331fc0:   00007000033324d0 0000000131e7ed29
0x0000700003331fd0:   0000000000000000 0000000000000000
0x0000700003331fe0:   00007000033321b0 000000010f9b3169
0x0000700003331ff0:   00007ffb7199b800 00007ffb716f9490 

Instructions: (pc=0x0000000131e9157c)
0x0000000131e9155c:   24 3c 02 00 00 00 c7 44 24 30 3f 00 00 00 be 02
0x0000000131e9156c:   00 00 00 48 8d 54 24 30 4c 89 ff e8 5c 13 07 00
0x0000000131e9157c:   80 bb 60 01 00 00 00 74 15 49 8d 7e 30 31 f6 48
0x0000000131e9158c:   8d 15 3e ed ff ff 4c 89 f1 e8 08 13 07 00 48 83 

Register to memory mapping:

RAX=0x0000000000000000 is an unknown value
RBX=0x0000000000000000 is an unknown value
RCX=0x00000000ffffffff is an unknown value
RDX=0x0000000000000000 is an unknown value
RSP=0x0000700003331e00 is pointing into the stack for thread: 0x00007ffb7199b800
RBP=0x0000700003331e80 is pointing into the stack for thread: 0x00007ffb7199b800
RSI=0x0000000000000003 is an unknown value
RDI=0x00007fff7cb6f118: _pthread_list_lock+0 in /usr/lib/system/libsystem_pthread.dylib at 0x00007fff97c29000
R8 =0x000000000001110b is an unknown value
R9 =0x0000000000000000 is an unknown value
R10=0x000000000000002c is an unknown value
R11=0x0000000000000206 is an unknown value
R12=0x0000000000000004 is an unknown value
R13=0x0000000000000002 is an unknown value
R14=0x00007ffb72f7aa00 is an unknown value
R15=0x0000700003951000 is an unknown value


Stack: [0x0000700003233000,0x0000700003333000],  sp=0x0000700003331e00,  free space=1019k
Native frames: (J=compiled Java code, j=interpreted, Vv=VM code, C=native code)
C  [libscsynth.dylib+0x557c]  SC_UdpInPort::SC_UdpInPort(World*, int)+0x1be
C  0x0000700003332680

Java frames: (J=compiled Java code, j=interpreted, Vv=VM code)
j  overtone.sc.machinery.server.native.lib_cf7d0467_235e_4bfc_ba8c_49b32d690006.World_OpenUDP(Lcom/sun/jna/Pointer;I)I+0
j  overtone.sc.machinery.server.native$eval4537$fn__4538.invoke(Ljava/lang/Object;Ljava/lang/Object;)Ljava/lang/Object;+15
j  overtone.sc.machinery.server.native$scsynth_listen_udp.invoke(Ljava/lang/Object;Ljava/lang/Object;)Ljava/lang/Object;+55
j  overtone.sc.machinery.server.connection$internal_booter.invoke(Ljava/lang/Object;)Ljava/lang/Object;+201
j  overtone.sc.machinery.server.connection$boot_internal_server$fn__4630.invoke()Ljava/lang/Object;+13
j  clojure.lang.AFn.run()V+1
j  java.lang.Thread.run()V+11
v  ~StubRoutines::call_stub

---------------  P R O C E S S  ---------------

Java Threads: ( => current thread )
=>0x00007ffb7199b800 JavaThread "Thread-14" daemon [_thread_in_native, id=87563, stack(0x0000700003233000,0x0000700003333000)]
  0x00007ffb72324000 JavaThread "pool-3-thread-10" [_thread_blocked, id=86787, stack(0x000070000353f000,0x000070000363f000)]
  0x00007ffb731c3800 JavaThread "pool-3-thread-9" [_thread_blocked, id=48923, stack(0x0000700001efa000,0x0000700001ffa000)]
  0x00007ffb72f4b800 JavaThread "pool-3-thread-8" [_thread_blocked, id=70147, stack(0x0000700003336000,0x0000700003436000)]
  0x00007ffb73206800 JavaThread "pool-3-thread-7" [_thread_blocked, id=69123, stack(0x0000700003130000,0x0000700003230000)]
  0x00007ffb71c0a800 JavaThread "pool-2-thread-10" [_thread_blocked, id=68611, stack(0x000070000302d000,0x000070000312d000)]
  0x00007ffb71a60000 JavaThread "pool-2-thread-9" [_thread_blocked, id=68099, stack(0x0000700002f2a000,0x000070000302a000)]
  0x00007ffb72323000 JavaThread "pool-2-thread-8" [_thread_blocked, id=67587, stack(0x0000700002e27000,0x0000700002f27000)]
  0x00007ffb72322000 JavaThread "pool-2-thread-7" [_thread_blocked, id=67075, stack(0x0000700002d24000,0x0000700002e24000)]
  0x00007ffb72f69000 JavaThread "pool-2-thread-6" [_thread_blocked, id=66563, stack(0x0000700002c21000,0x0000700002d21000)]
  0x00007ffb72ea4800 JavaThread "pool-2-thread-5" [_thread_blocked, id=66051, stack(0x0000700002b1e000,0x0000700002c1e000)]
  0x00007ffb7323b000 JavaThread "pool-2-thread-4" [_thread_blocked, id=65539, stack(0x0000700002a1b000,0x0000700002b1b000)]
  0x00007ffb731c5800 JavaThread "pool-2-thread-3" [_thread_blocked, id=65027, stack(0x0000700002918000,0x0000700002a18000)]
  0x00007ffb71a54800 JavaThread "pool-3-thread-6" [_thread_blocked, id=64515, stack(0x0000700002815000,0x0000700002915000)]
  0x00007ffb71a54000 JavaThread "pool-2-thread-2" [_thread_blocked, id=64003, stack(0x0000700002712000,0x0000700002812000)]
  0x00007ffb72ea1800 JavaThread "pool-2-thread-1" [_thread_blocked, id=63491, stack(0x000070000260f000,0x000070000270f000)]
  0x00007ffb71a52800 JavaThread "pool-3-thread-5" [_thread_blocked, id=62979, stack(0x000070000250c000,0x000070000260c000)]
  0x00007ffb728cb800 JavaThread "pool-3-thread-4" [_thread_blocked, id=34839, stack(0x0000700001c6e000,0x0000700001d6e000)]
  0x00007ffb71ab4000 JavaThread "pool-3-thread-3" [_thread_blocked, id=62467, stack(0x0000700002409000,0x0000700002509000)]
  0x00007ffb72180800 JavaThread "pool-3-thread-2" [_thread_blocked, id=61955, stack(0x0000700002306000,0x0000700002406000)]
  0x00007ffb72d7d800 JavaThread "pool-3-thread-1" [_thread_blocked, id=60687, stack(0x0000700002203000,0x0000700002303000)]
  0x00007ffb72b80800 JavaThread "Java2D Disposer" daemon [_thread_blocked, id=56843, stack(0x0000700002100000,0x0000700002200000)]
  0x00007ffb72184800 JavaThread "Java2D Queue Flusher" daemon [_thread_blocked, id=55831, stack(0x0000700001ffd000,0x00007000020fd000)]
  0x00007ffb728fc000 JavaThread "AppKit Thread" daemon [_thread_in_native, id=8715, stack(0x00007fff51b8f000,0x00007fff5238f000)]
  0x00007ffb73018000 JavaThread "nREPL-worker-4" daemon [_thread_blocked, id=22291, stack(0x0000700001559000,0x0000700001659000)]
  0x00007ffb7215d000 JavaThread "clojure-agent-send-off-pool-10" [_thread_blocked, id=25163, stack(0x0000700000d3e000,0x0000700000e3e000)]
  0x00007ffb7480b800 JavaThread "clojure-agent-send-off-pool-6" [_thread_in_native, id=26371, stack(0x0000700001b6b000,0x0000700001c6b000)]
  0x00007ffb72169800 JavaThread "clojure-agent-send-off-pool-5" [_thread_in_native, id=25859, stack(0x0000700001a68000,0x0000700001b68000)]
  0x00007ffb7215e000 JavaThread "clojure-agent-send-off-pool-4" [_thread_blocked, id=25347, stack(0x0000700001965000,0x0000700001a65000)]
  0x00007ffb73078000 JavaThread "Service Thread" daemon [_thread_blocked, id=21251, stack(0x0000700001353000,0x0000700001453000)]
  0x00007ffb71865800 JavaThread "C1 CompilerThread3" daemon [_thread_blocked, id=20739, stack(0x0000700001250000,0x0000700001350000)]
  0x00007ffb72004800 JavaThread "C2 CompilerThread2" daemon [_thread_blocked, id=20227, stack(0x000070000114d000,0x000070000124d000)]
  0x00007ffb71865000 JavaThread "C2 CompilerThread1" daemon [_thread_blocked, id=19715, stack(0x000070000104a000,0x000070000114a000)]
  0x00007ffb7281c000 JavaThread "C2 CompilerThread0" daemon [_thread_blocked, id=19203, stack(0x0000700000f47000,0x0000700001047000)]
  0x00007ffb72829000 JavaThread "Signal Dispatcher" daemon [_thread_blocked, id=14863, stack(0x0000700000e44000,0x0000700000f44000)]
  0x00007ffb73013000 JavaThread "Finalizer" daemon [_thread_blocked, id=14339, stack(0x0000700000c3b000,0x0000700000d3b000)]
  0x00007ffb73012000 JavaThread "Reference Handler" daemon [_thread_blocked, id=13827, stack(0x0000700000b38000,0x0000700000c38000)]
  0x00007ffb73007800 JavaThread "main" [_thread_blocked, id=3083, stack(0x000070000011a000,0x000070000021a000)]

Other Threads:
  0x00007ffb7185e000 VMThread [stack: 0x0000700000a35000,0x0000700000b35000] [id=13315]
  0x00007ffb72008000 WatcherThread [stack: 0x0000700001456000,0x0000700001556000] [id=21763]

VM state:not at safepoint (normal execution)

VM Mutex/Monitor currently owned by a thread: None

Heap:
 PSYoungGen      total 695808K, used 639921K [0x000000076ab00000, 0x0000000797480000, 0x00000007c0000000)
  eden space 687104K, 91% used [0x000000076ab00000,0x00000007913d3ae8,0x0000000794a00000)
  from space 8704K, 95% used [0x0000000796c00000,0x0000000797418ce0,0x0000000797480000)
  to   space 16384K, 0% used [0x0000000795480000,0x0000000795480000,0x0000000796480000)
 ParOldGen       total 120832K, used 25913K [0x00000006c0000000, 0x00000006c7600000, 0x000000076ab00000)
  object space 120832K, 21% used [0x00000006c0000000,0x00000006c194e698,0x00000006c7600000)
 Metaspace       used 39404K, capacity 53074K, committed 53336K, reserved 1087488K
  class space    used 10269K, capacity 14911K, committed 14936K, reserved 1048576K

Card table byte_map: [0x000000011f93a000,0x000000012013b000] byte_map_base: 0x000000011c33a000

Marking Bits: (ParMarkBitMap*) 0x000000010fec27a0
 Begin Bits: [0x0000000120691000, 0x0000000124691000)
 End Bits:   [0x0000000124691000, 0x0000000128691000)

Polling page: 0x000000010dc7d000

CodeCache: size=245760Kb used=7438Kb max_used=7438Kb free=238321Kb
 bounds [0x000000011057a000, 0x0000000110cca000, 0x000000011f57a000]
 total_blobs=3537 nmethods=3041 adapters=409
 compilation: enabled

Compilation events (10 events):
Event: 62059.926 Thread 0x00007ffb71865800 3058   !   1       sun.reflect.GeneratedMethodAccessor11::invoke (68 bytes)
Event: 62059.927 Thread 0x00007ffb71865800 nmethod 3058 0x0000000110cbcd90 code [0x0000000110cbcf60, 0x0000000110cbd438]
Event: 62059.979 Thread 0x00007ffb71865800 3059       1       clojure.lang.BigInt::toBigInteger (20 bytes)
Event: 62059.979 Thread 0x00007ffb71865800 nmethod 3059 0x0000000110cbd810 code [0x0000000110cbd980, 0x0000000110cbdac8]
Event: 62059.981 Thread 0x00007ffb71865800 3060       1       java.lang.reflect.Field::getDeclaringClass (5 bytes)
Event: 62059.981 Thread 0x00007ffb71865800 nmethod 3060 0x0000000110cbdb50 code [0x0000000110cbdca0, 0x0000000110cbddb0]
Event: 62060.133 Thread 0x00007ffb71865800 3061       1       clojure.lang.Numbers$BigIntOps::combine (8 bytes)
Event: 62060.133 Thread 0x00007ffb71865800 nmethod 3061 0x0000000110cbde10 code [0x0000000110cbdf80, 0x0000000110cbe0c8]
Event: 62060.133 Thread 0x00007ffb71865800 3062       1       java.math.BigInteger::valueOf (62 bytes)
Event: 62060.133 Thread 0x00007ffb71865800 nmethod 3062 0x0000000110cbe150 code [0x0000000110cbe2c0, 0x0000000110cbe568]

GC Heap History (10 events):
Event: 62055.135 GC heap before
{Heap before GC invocations=8 (full 1):
 PSYoungGen      total 280576K, used 265731K [0x000000076ab00000, 0x000000077cf00000, 0x00000007c0000000)
  eden space 262144K, 100% used [0x000000076ab00000,0x000000077ab00000,0x000000077ab00000)
  from space 18432K, 19% used [0x000000077bd00000,0x000000077c080fb0,0x000000077cf00000)
  to   space 18432K, 0% used [0x000000077ab00000,0x000000077ab00000,0x000000077bd00000)
 ParOldGen       total 88064K, used 17217K [0x00000006c0000000, 0x00000006c5600000, 0x000000076ab00000)
  object space 88064K, 19% used [0x00000006c0000000,0x00000006c10d07e0,0x00000006c5600000)
 Metaspace       used 28618K, capacity 34942K, committed 35200K, reserved 1075200K
  class space    used 7005K, capacity 9314K, committed 9344K, reserved 1048576K
Event: 62055.143 GC heap after
Heap after GC invocations=8 (full 1):
 PSYoungGen      total 280576K, used 9051K [0x000000076ab00000, 0x000000078cd00000, 0x00000007c0000000)
  eden space 262144K, 0% used [0x000000076ab00000,0x000000076ab00000,0x000000077ab00000)
  from space 18432K, 49% used [0x000000077ab00000,0x000000077b3d6dd8,0x000000077bd00000)
  to   space 17408K, 0% used [0x000000078bc00000,0x000000078bc00000,0x000000078cd00000)
 ParOldGen       total 88064K, used 17225K [0x00000006c0000000, 0x00000006c5600000, 0x000000076ab00000)
  object space 88064K, 19% used [0x00000006c0000000,0x00000006c10d27e0,0x00000006c5600000)
 Metaspace       used 28618K, capacity 34942K, committed 35200K, reserved 1075200K
  class space    used 7005K, capacity 9314K, committed 9344K, reserved 1048576K
}
Event: 62055.258 GC heap before
{Heap before GC invocations=9 (full 1):
 PSYoungGen      total 280576K, used 46715K [0x000000076ab00000, 0x000000078cd00000, 0x00000007c0000000)
  eden space 262144K, 14% used [0x000000076ab00000,0x000000076cfc7e80,0x000000077ab00000)
  from space 18432K, 49% used [0x000000077ab00000,0x000000077b3d6dd8,0x000000077bd00000)
  to   space 17408K, 0% used [0x000000078bc00000,0x000000078bc00000,0x000000078cd00000)
 ParOldGen       total 88064K, used 17225K [0x00000006c0000000, 0x00000006c5600000, 0x000000076ab00000)
  object space 88064K, 19% used [0x00000006c0000000,0x00000006c10d27e0,0x00000006c5600000)
 Metaspace       used 28927K, capacity 35360K, committed 35416K, reserved 1075200K
  class space    used 7148K, capacity 9504K, committed 9560K, reserved 1048576K
Event: 62055.265 GC heap after
Heap after GC invocations=9 (full 1):
 PSYoungGen      total 539648K, used 9384K [0x000000076ab00000, 0x000000078cb00000, 0x00000007c0000000)
  eden space 524288K, 0% used [0x000000076ab00000,0x000000076ab00000,0x000000078ab00000)
  from space 15360K, 61% used [0x000000078bc00000,0x000000078c52a010,0x000000078cb00000)
  to   space 16384K, 0% used [0x000000078ab00000,0x000000078ab00000,0x000000078bb00000)
 ParOldGen       total 88064K, used 17233K [0x00000006c0000000, 0x00000006c5600000, 0x000000076ab00000)
  object space 88064K, 19% used [0x00000006c0000000,0x00000006c10d47e0,0x00000006c5600000)
 Metaspace       used 28927K, capacity 35360K, committed 35416K, reserved 1075200K
  class space    used 7148K, capacity 9504K, committed 9560K, reserved 1048576K
}
Event: 62055.265 GC heap before
{Heap before GC invocations=10 (full 2):
 PSYoungGen      total 539648K, used 9384K [0x000000076ab00000, 0x000000078cb00000, 0x00000007c0000000)
  eden space 524288K, 0% used [0x000000076ab00000,0x000000076ab00000,0x000000078ab00000)
  from space 15360K, 61% used [0x000000078bc00000,0x000000078c52a010,0x000000078cb00000)
  to   space 16384K, 0% used [0x000000078ab00000,0x000000078ab00000,0x000000078bb00000)
 ParOldGen       total 88064K, used 17233K [0x00000006c0000000, 0x00000006c5600000, 0x000000076ab00000)
  object space 88064K, 19% used [0x00000006c0000000,0x00000006c10d47e0,0x00000006c5600000)
 Metaspace       used 28927K, capacity 35360K, committed 35416K, reserved 1075200K
  class space    used 7148K, capacity 9504K, committed 9560K, reserved 1048576K
Event: 62055.381 GC heap after
Heap after GC invocations=10 (full 2):
 PSYoungGen      total 539648K, used 0K [0x000000076ab00000, 0x000000078cb00000, 0x00000007c0000000)
  eden space 524288K, 0% used [0x000000076ab00000,0x000000076ab00000,0x000000078ab00000)
  from space 15360K, 0% used [0x000000078bc00000,0x000000078bc00000,0x000000078cb00000)
  to   space 16384K, 0% used [0x000000078ab00000,0x000000078ab00000,0x000000078bb00000)
 ParOldGen       total 120832K, used 25897K [0x00000006c0000000, 0x00000006c7600000, 0x000000076ab00000)
  object space 120832K, 21% used [0x00000006c0000000,0x00000006c194a698,0x00000006c7600000)
 Metaspace       used 28927K, capacity 35360K, committed 35416K, reserved 1075200K
  class space    used 7148K, capacity 9504K, committed 9560K, reserved 1048576K
}
Event: 62055.884 GC heap before
{Heap before GC invocations=11 (full 2):
 PSYoungGen      total 539648K, used 524288K [0x000000076ab00000, 0x000000078cb00000, 0x00000007c0000000)
  eden space 524288K, 100% used [0x000000076ab00000,0x000000078ab00000,0x000000078ab00000)
  from space 15360K, 0% used [0x000000078bc00000,0x000000078bc00000,0x000000078cb00000)
  to   space 16384K, 0% used [0x000000078ab00000,0x000000078ab00000,0x000000078bb00000)
 ParOldGen       total 120832K, used 25897K [0x00000006c0000000, 0x00000006c7600000, 0x000000076ab00000)
  object space 120832K, 21% used [0x00000006c0000000,0x00000006c194a698,0x00000006c7600000)
 Metaspace       used 28963K, capacity 35398K, committed 35672K, reserved 1075200K
  class space    used 7155K, capacity 9510K, committed 9560K, reserved 1048576K
Event: 62055.886 GC heap after
Heap after GC invocations=11 (full 2):
 PSYoungGen      total 540672K, used 1600K [0x000000076ab00000, 0x0000000797d00000, 0x00000007c0000000)
  eden space 524288K, 0% used [0x000000076ab00000,0x000000076ab00000,0x000000078ab00000)
  from space 16384K, 9% used [0x000000078ab00000,0x000000078ac90000,0x000000078bb00000)
  to   space 17408K, 0% used [0x0000000796c00000,0x0000000796c00000,0x0000000797d00000)
 ParOldGen       total 120832K, used 25905K [0x00000006c0000000, 0x00000006c7600000, 0x000000076ab00000)
  object space 120832K, 21% used [0x00000006c0000000,0x00000006c194c698,0x00000006c7600000)
 Metaspace       used 28963K, capacity 35398K, committed 35672K, reserved 1075200K
  class space    used 7155K, capacity 9510K, committed 9560K, reserved 1048576K
}
Event: 62056.833 GC heap before
{Heap before GC invocations=12 (full 2):
 PSYoungGen      total 540672K, used 525888K [0x000000076ab00000, 0x0000000797d00000, 0x00000007c0000000)
  eden space 524288K, 100% used [0x000000076ab00000,0x000000078ab00000,0x000000078ab00000)
  from space 16384K, 9% used [0x000000078ab00000,0x000000078ac90000,0x000000078bb00000)
  to   space 17408K, 0% used [0x0000000796c00000,0x0000000796c00000,0x0000000797d00000)
 ParOldGen       total 120832K, used 25905K [0x00000006c0000000, 0x00000006c7600000, 0x000000076ab00000)
  object space 120832K, 21% used [0x00000006c0000000,0x00000006c194c698,0x00000006c7600000)
 Metaspace       used 32270K, capacity 40724K, committed 41048K, reserved 1079296K
  class space    used 8162K, capacity 11236K, committed 11352K, reserved 1048576K
Event: 62056.839 GC heap after
Heap after GC invocations=12 (full 2):
 PSYoungGen      total 695808K, used 8291K [0x000000076ab00000, 0x0000000797480000, 0x00000007c0000000)
  eden space 687104K, 0% used [0x000000076ab00000,0x000000076ab00000,0x0000000794a00000)
  from space 8704K, 95% used [0x0000000796c00000,0x0000000797418ce0,0x0000000797480000)
  to   space 16384K, 0% used [0x0000000795480000,0x0000000795480000,0x0000000796480000)
 ParOldGen       total 120832K, used 25913K [0x00000006c0000000, 0x00000006c7600000, 0x000000076ab00000)
  object space 120832K, 21% used [0x00000006c0000000,0x00000006c194e698,0x00000006c7600000)
 Metaspace       used 32270K, capacity 40724K, committed 41048K, reserved 1079296K
  class space    used 8162K, capacity 11236K, committed 11352K, reserved 1048576K
}

Deoptimization events (0 events):
No events

Internal exceptions (10 events):
Event: 0.237 Thread 0x00007ffb73007800 Exception <a 'java/security/PrivilegedActionException'> (0x000000076b4d7900) thrown at [/Users/java_re/workspace/8-2-build-macosx-x86_64/jdk8u51/3951/hotspot/src/share/vm/prims/jvm.cpp, line 1382]
Event: 0.237 Thread 0x00007ffb73007800 Exception <a 'java/security/PrivilegedActionException'> (0x000000076b4d7ab8) thrown at [/Users/java_re/workspace/8-2-build-macosx-x86_64/jdk8u51/3951/hotspot/src/share/vm/prims/jvm.cpp, line 1382]
Event: 1.967 Thread 0x00007ffb7215d000 Exception <a 'java/io/FileNotFoundException'> (0x000000076e1c2f30) thrown at [/Users/java_re/workspace/8-2-build-macosx-x86_64/jdk8u51/3951/hotspot/src/share/vm/prims/jni.cpp, line 709]
Event: 2.910 Thread 0x00007ffb729b6800 Exception <a 'java/net/SocketException': Socket closed> (0x000000076d3f6ae8) thrown at [/Users/java_re/workspace/8-2-build-macosx-x86_64/jdk8u51/3951/hotspot/src/share/vm/prims/jni.cpp, line 735]
Event: 62052.503 Thread 0x00007ffb73018000 Exception <a 'java/io/FileNotFoundException'> (0x00000007711ce370) thrown at [/Users/java_re/workspace/8-2-build-macosx-x86_64/jdk8u51/3951/hotspot/src/share/vm/prims/jni.cpp, line 709]
Event: 62052.503 Thread 0x00007ffb73018000 Exception <a 'java/io/FileNotFoundException'> (0x00000007711cf490) thrown at [/Users/java_re/workspace/8-2-build-macosx-x86_64/jdk8u51/3951/hotspot/src/share/vm/prims/jni.cpp, line 709]
Event: 62052.765 Thread 0x00007ffb728fc000 Exception <a 'java/lang/NoSuchFieldError': method resolution failed> (0x000000076ae19450) thrown at [/Users/java_re/workspace/8-2-build-macosx-x86_64/jdk8u51/3951/hotspot/src/share/vm/prims/methodHandles.cpp, line 1125]
Event: 62052.766 Thread 0x00007ffb728fc000 Exception <a 'java/lang/NoSuchFieldError': method resolution failed> (0x000000076ae27a20) thrown at [/Users/java_re/workspace/8-2-build-macosx-x86_64/jdk8u51/3951/hotspot/src/share/vm/prims/methodHandles.cpp, line 1125]
Event: 62059.764 Thread 0x00007ffb73018000 Implicit null exception at 0x00000001107e861f to 0x00000001107e8632
Event: 62059.764 Thread 0x00007ffb73018000 Exception <a 'java/lang/NullPointerException'> (0x000000078cdfffd0) thrown at [/Users/java_re/workspace/8-2-build-macosx-x86_64/jdk8u51/3951/hotspot/src/share/vm/runtime/sharedRuntime.cpp, line 605]

Events (10 events):
Event: 62059.975 loading class sun/reflect/UnsafeByteFieldAccessorImpl
Event: 62059.976 loading class sun/reflect/UnsafeByteFieldAccessorImpl done
Event: 62059.976 loading class com/sun/jna/Memory$SharedMemory
Event: 62059.976 loading class com/sun/jna/Memory$SharedMemory done
Event: 62059.976 loading class com/sun/jna/WeakIdentityHashMap
Event: 62059.976 loading class com/sun/jna/WeakIdentityHashMap done
Event: 62059.980 loading class com/sun/jna/Structure$2$StructureSet
Event: 62059.980 loading class com/sun/jna/Structure$2$StructureSet done
Event: 62059.981 loading class com/sun/jna/NativeString
Event: 62059.981 loading class com/sun/jna/NativeString done


Dynamic libraries:
0x0000000009858000 	/System/Library/Frameworks/Cocoa.framework/Versions/A/Cocoa
0x000000010d88d000 	/System/Library/Frameworks/Security.framework/Versions/A/Security
0x0000000009858000 	/System/Library/Frameworks/ApplicationServices.framework/Versions/A/ApplicationServices
0x0000000009858000 	/usr/lib/libz.1.dylib
0x0000000009858000 	/usr/lib/libSystem.B.dylib
0x0000000009858000 	/usr/lib/libobjc.A.dylib
0x0000000009858000 	/System/Library/Frameworks/CoreFoundation.framework/Versions/A/CoreFoundation
0x0000000009858000 	/System/Library/Frameworks/Foundation.framework/Versions/C/Foundation
0x0000000009858000 	/System/Library/Frameworks/AppKit.framework/Versions/C/AppKit
0x0000000009858000 	/System/Library/Frameworks/CoreData.framework/Versions/A/CoreData
0x0000000009858000 	/System/Library/PrivateFrameworks/RemoteViewServices.framework/Versions/A/RemoteViewServices
0x0000000009858000 	/System/Library/PrivateFrameworks/UIFoundation.framework/Versions/A/UIFoundation
0x0000000009858000 	/usr/lib/libScreenReader.dylib
0x0000000009858000 	/System/Library/Frameworks/Accelerate.framework/Versions/A/Accelerate
0x0000000009858000 	/System/Library/Frameworks/IOSurface.framework/Versions/A/IOSurface
0x0000000009858000 	/System/Library/Frameworks/AudioToolbox.framework/Versions/A/AudioToolbox
0x0000000009858000 	/System/Library/Frameworks/AudioUnit.framework/Versions/A/AudioUnit
0x0000000009858000 	/System/Library/PrivateFrameworks/DataDetectorsCore.framework/Versions/A/DataDetectorsCore
0x0000000009858000 	/System/Library/PrivateFrameworks/DesktopServicesPriv.framework/Versions/A/DesktopServicesPriv
0x0000000009858000 	/System/Library/Frameworks/Carbon.framework/Versions/A/Frameworks/HIToolbox.framework/Versions/A/HIToolbox
0x0000000009858000 	/System/Library/Frameworks/QuartzCore.framework/Versions/A/QuartzCore
0x0000000009858000 	/System/Library/Frameworks/Carbon.framework/Versions/A/Frameworks/SpeechRecognition.framework/Versions/A/SpeechRecognition
0x0000000009858000 	/usr/lib/libauto.dylib
0x0000000009858000 	/usr/lib/libicucore.A.dylib
0x0000000009858000 	/usr/lib/libxml2.2.dylib
0x0000000009858000 	/System/Library/PrivateFrameworks/CoreUI.framework/Versions/A/CoreUI
0x0000000009858000 	/System/Library/Frameworks/CoreAudio.framework/Versions/A/CoreAudio
0x0000000009858000 	/System/Library/Frameworks/DiskArbitration.framework/Versions/A/DiskArbitration
0x0000000009858000 	/usr/lib/liblangid.dylib
0x0000000009858000 	/System/Library/PrivateFrameworks/MultitouchSupport.framework/Versions/A/MultitouchSupport
0x0000000009858000 	/System/Library/Frameworks/IOKit.framework/Versions/A/IOKit
0x0000000009858000 	/usr/lib/libDiagnosticMessagesClient.dylib
0x0000000009858000 	/System/Library/Frameworks/CoreServices.framework/Versions/A/CoreServices
0x0000000009858000 	/System/Library/PrivateFrameworks/PerformanceAnalysis.framework/Versions/A/PerformanceAnalysis
0x0000000009858000 	/System/Library/PrivateFrameworks/GenerationalStorage.framework/Versions/A/GenerationalStorage
0x0000000009858000 	/System/Library/Frameworks/OpenGL.framework/Versions/A/OpenGL
0x0000000009858000 	/System/Library/PrivateFrameworks/Sharing.framework/Versions/A/Sharing
0x0000000009858000 	/System/Library/Frameworks/CoreGraphics.framework/Versions/A/CoreGraphics
0x0000000009858000 	/System/Library/Frameworks/CoreImage.framework/Versions/A/CoreImage
0x0000000009858000 	/System/Library/Frameworks/CoreText.framework/Versions/A/CoreText
0x0000000009858000 	/System/Library/Frameworks/ImageIO.framework/Versions/A/ImageIO
0x0000000009858000 	/System/Library/PrivateFrameworks/Backup.framework/Versions/A/Backup
0x0000000009858000 	/usr/lib/libextension.dylib
0x0000000009858000 	/usr/lib/libarchive.2.dylib
0x000000010dc80000 	/System/Library/Frameworks/CFNetwork.framework/Versions/A/CFNetwork
0x0000000009858000 	/System/Library/Frameworks/SystemConfiguration.framework/Versions/A/SystemConfiguration
0x0000000009858000 	/usr/lib/libCRFSuite.dylib
0x0000000009858000 	/usr/lib/libc++.1.dylib
0x0000000009858000 	/usr/lib/libc++abi.dylib
0x0000000009858000 	/usr/lib/system/libcache.dylib
0x0000000009858000 	/usr/lib/system/libcommonCrypto.dylib
0x0000000009858000 	/usr/lib/system/libcompiler_rt.dylib
0x0000000009858000 	/usr/lib/system/libcopyfile.dylib
0x0000000009858000 	/usr/lib/system/libcorecrypto.dylib
0x0000000009858000 	/usr/lib/system/libdispatch.dylib
0x0000000009858000 	/usr/lib/system/libdyld.dylib
0x0000000009858000 	/usr/lib/system/libkeymgr.dylib
0x000000010e0f6000 	/usr/lib/system/liblaunch.dylib
0x0000000009858000 	/usr/lib/system/libmacho.dylib
0x0000000009858000 	/usr/lib/system/libquarantine.dylib
0x0000000009858000 	/usr/lib/system/libremovefile.dylib
0x0000000009858000 	/usr/lib/system/libsystem_asl.dylib
0x0000000009858000 	/usr/lib/system/libsystem_blocks.dylib
0x0000000009858000 	/usr/lib/system/libsystem_c.dylib
0x0000000009858000 	/usr/lib/system/libsystem_configuration.dylib
0x0000000009858000 	/usr/lib/system/libsystem_coreservices.dylib
0x0000000009858000 	/usr/lib/system/libsystem_coretls.dylib
0x0000000009858000 	/usr/lib/system/libsystem_dnssd.dylib
0x0000000009858000 	/usr/lib/system/libsystem_info.dylib
0x0000000009858000 	/usr/lib/system/libsystem_kernel.dylib
0x0000000009858000 	/usr/lib/system/libsystem_m.dylib
0x0000000009858000 	/usr/lib/system/libsystem_malloc.dylib
0x0000000009858000 	/usr/lib/system/libsystem_network.dylib
0x0000000009858000 	/usr/lib/system/libsystem_networkextension.dylib
0x0000000009858000 	/usr/lib/system/libsystem_notify.dylib
0x0000000009858000 	/usr/lib/system/libsystem_platform.dylib
0x0000000009858000 	/usr/lib/system/libsystem_pthread.dylib
0x000000010e0ff000 	/usr/lib/system/libsystem_sandbox.dylib
0x0000000009858000 	/usr/lib/system/libsystem_secinit.dylib
0x0000000009858000 	/usr/lib/system/libsystem_trace.dylib
0x0000000009858000 	/usr/lib/system/libunc.dylib
0x0000000009858000 	/usr/lib/system/libunwind.dylib
0x000000010e110000 	/usr/lib/system/libxpc.dylib
0x0000000009858000 	/usr/lib/libenergytrace.dylib
0x0000000009858000 	/usr/lib/libbsm.0.dylib
0x0000000009858000 	/usr/lib/system/libkxld.dylib
0x0000000009858000 	/usr/lib/libxar.1.dylib
0x000000010e15a000 	/usr/lib/libsqlite3.dylib
0x0000000009858000 	/usr/lib/libpam.2.dylib
0x0000000009858000 	/usr/lib/libOpenScriptingUtil.dylib
0x0000000009858000 	/usr/lib/libbz2.1.0.dylib
0x0000000009858000 	/usr/lib/liblzma.5.dylib
0x0000000009858000 	/System/Library/Frameworks/CoreServices.framework/Versions/A/Frameworks/FSEvents.framework/Versions/A/FSEvents
0x0000000009858000 	/System/Library/Frameworks/CoreServices.framework/Versions/A/Frameworks/CarbonCore.framework/Versions/A/CarbonCore
0x0000000009858000 	/System/Library/Frameworks/CoreServices.framework/Versions/A/Frameworks/Metadata.framework/Versions/A/Metadata
0x0000000009858000 	/System/Library/Frameworks/CoreServices.framework/Versions/A/Frameworks/OSServices.framework/Versions/A/OSServices
0x0000000009858000 	/System/Library/Frameworks/CoreServices.framework/Versions/A/Frameworks/SearchKit.framework/Versions/A/SearchKit
0x0000000009858000 	/System/Library/Frameworks/CoreServices.framework/Versions/A/Frameworks/AE.framework/Versions/A/AE
0x0000000009858000 	/System/Library/Frameworks/CoreServices.framework/Versions/A/Frameworks/LaunchServices.framework/Versions/A/LaunchServices
0x0000000009858000 	/System/Library/Frameworks/CoreServices.framework/Versions/A/Frameworks/DictionaryServices.framework/Versions/A/DictionaryServices
0x0000000009858000 	/System/Library/Frameworks/CoreServices.framework/Versions/A/Frameworks/SharedFileList.framework/Versions/A/SharedFileList
0x0000000009858000 	/System/Library/Frameworks/NetFS.framework/Versions/A/NetFS
0x0000000009858000 	/System/Library/PrivateFrameworks/NetAuth.framework/Versions/A/NetAuth
0x0000000009858000 	/System/Library/PrivateFrameworks/login.framework/Versions/A/Frameworks/loginsupport.framework/Versions/A/loginsupport
0x0000000009858000 	/System/Library/PrivateFrameworks/TCC.framework/Versions/A/TCC
0x0000000009858000 	/usr/lib/libmecabra.dylib
0x0000000009858000 	/System/Library/Frameworks/ApplicationServices.framework/Versions/A/Frameworks/ATS.framework/Versions/A/ATS
0x0000000009858000 	/System/Library/Frameworks/ApplicationServices.framework/Versions/A/Frameworks/ColorSync.framework/Versions/A/ColorSync
0x0000000009858000 	/System/Library/Frameworks/ApplicationServices.framework/Versions/A/Frameworks/HIServices.framework/Versions/A/HIServices
0x0000000009858000 	/System/Library/Frameworks/ApplicationServices.framework/Versions/A/Frameworks/LangAnalysis.framework/Versions/A/LangAnalysis
0x0000000009858000 	/System/Library/Frameworks/ApplicationServices.framework/Versions/A/Frameworks/PrintCore.framework/Versions/A/PrintCore
0x0000000009858000 	/System/Library/Frameworks/ApplicationServices.framework/Versions/A/Frameworks/QD.framework/Versions/A/QD
0x0000000009858000 	/System/Library/Frameworks/ApplicationServices.framework/Versions/A/Frameworks/SpeechSynthesis.framework/Versions/A/SpeechSynthesis
0x0000000009858000 	/System/Library/Frameworks/Metal.framework/Versions/A/Metal
0x0000000009858000 	/System/Library/Frameworks/Accelerate.framework/Versions/A/Frameworks/vImage.framework/Versions/A/vImage
0x0000000009858000 	/System/Library/Frameworks/Accelerate.framework/Versions/A/Frameworks/vecLib.framework/Versions/A/vecLib
0x0000000009858000 	/System/Library/Frameworks/Accelerate.framework/Versions/A/Frameworks/vecLib.framework/Versions/A/libvDSP.dylib
0x0000000009858000 	/System/Library/Frameworks/Accelerate.framework/Versions/A/Frameworks/vecLib.framework/Versions/A/libvMisc.dylib
0x0000000009858000 	/System/Library/Frameworks/Accelerate.framework/Versions/A/Frameworks/vecLib.framework/Versions/A/libLAPACK.dylib
0x0000000009858000 	/System/Library/Frameworks/Accelerate.framework/Versions/A/Frameworks/vecLib.framework/Versions/A/libBLAS.dylib
0x0000000009858000 	/System/Library/Frameworks/Accelerate.framework/Versions/A/Frameworks/vecLib.framework/Versions/A/libLinearAlgebra.dylib
0x0000000009858000 	/System/Library/Frameworks/Accelerate.framework/Versions/A/Frameworks/vecLib.framework/Versions/A/libSparseBLAS.dylib
0x0000000009858000 	/System/Library/PrivateFrameworks/GPUCompiler.framework/libmetal_timestamp.dylib
0x0000000009858000 	/System/Library/Frameworks/OpenGL.framework/Versions/A/Libraries/libCoreFSCache.dylib
0x0000000009858000 	/System/Library/PrivateFrameworks/IOAccelerator.framework/Versions/A/IOAccelerator
0x0000000009858000 	/System/Library/Frameworks/ApplicationServices.framework/Versions/A/Frameworks/ATS.framework/Versions/A/Resources/libFontParser.dylib
0x0000000009858000 	/System/Library/Frameworks/ApplicationServices.framework/Versions/A/Frameworks/ATS.framework/Versions/A/Resources/libFontRegistry.dylib
0x0000000009858000 	/System/Library/PrivateFrameworks/AppleVPA.framework/Versions/A/AppleVPA
0x0000000009858000 	/System/Library/PrivateFrameworks/AppleJPEG.framework/Versions/A/AppleJPEG
0x0000000009858000 	/System/Library/Frameworks/ImageIO.framework/Versions/A/Resources/libJPEG.dylib
0x0000000009858000 	/System/Library/Frameworks/ImageIO.framework/Versions/A/Resources/libTIFF.dylib
0x0000000009858000 	/System/Library/Frameworks/ImageIO.framework/Versions/A/Resources/libPng.dylib
0x0000000009858000 	/System/Library/Frameworks/ImageIO.framework/Versions/A/Resources/libGIF.dylib
0x0000000009858000 	/System/Library/Frameworks/ImageIO.framework/Versions/A/Resources/libJP2.dylib
0x0000000009858000 	/System/Library/Frameworks/ImageIO.framework/Versions/A/Resources/libRadiance.dylib
0x0000000009858000 	/System/Library/Frameworks/CoreVideo.framework/Versions/A/CoreVideo
0x0000000009858000 	/System/Library/Frameworks/OpenGL.framework/Versions/A/Libraries/libGLU.dylib
0x0000000009858000 	/System/Library/Frameworks/OpenGL.framework/Versions/A/Libraries/libGFXShared.dylib
0x0000000009858000 	/System/Library/Frameworks/OpenGL.framework/Versions/A/Libraries/libGL.dylib
0x0000000009858000 	/System/Library/Frameworks/OpenGL.framework/Versions/A/Libraries/libGLImage.dylib
0x0000000009858000 	/System/Library/Frameworks/OpenGL.framework/Versions/A/Libraries/libCVMSPluginSupport.dylib
0x0000000009858000 	/System/Library/Frameworks/OpenGL.framework/Versions/A/Libraries/libCoreVMClient.dylib
0x0000000009858000 	/usr/lib/libcups.2.dylib
0x0000000009858000 	/System/Library/Frameworks/Kerberos.framework/Versions/A/Kerberos
0x0000000009858000 	/System/Library/Frameworks/GSS.framework/Versions/A/GSS
0x0000000009858000 	/usr/lib/libresolv.9.dylib
0x0000000009858000 	/usr/lib/libiconv.2.dylib
0x0000000009858000 	/System/Library/PrivateFrameworks/Heimdal.framework/Versions/A/Heimdal
0x0000000009858000 	/usr/lib/libheimdal-asn1.dylib
0x0000000009858000 	/System/Library/Frameworks/OpenDirectory.framework/Versions/A/OpenDirectory
0x0000000009858000 	/System/Library/PrivateFrameworks/CommonAuth.framework/Versions/A/CommonAuth
0x0000000009858000 	/System/Library/Frameworks/OpenDirectory.framework/Versions/A/Frameworks/CFOpenDirectory.framework/Versions/A/CFOpenDirectory
0x0000000009858000 	/System/Library/Frameworks/SecurityFoundation.framework/Versions/A/SecurityFoundation
0x0000000009858000 	/System/Library/PrivateFrameworks/LanguageModeling.framework/Versions/A/LanguageModeling
0x0000000009858000 	/usr/lib/libmarisa.dylib
0x0000000009858000 	/usr/lib/libChineseTokenizer.dylib
0x0000000009858000 	/usr/lib/libcmph.dylib
0x0000000009858000 	/usr/lib/libcompression.dylib
0x000000010e29e000 	/System/Library/Frameworks/ServiceManagement.framework/Versions/A/ServiceManagement
0x0000000009858000 	/usr/lib/libxslt.1.dylib
0x0000000009858000 	/System/Library/Frameworks/Carbon.framework/Versions/A/Frameworks/Ink.framework/Versions/A/Ink
0x0000000009858000 	/usr/lib/libFosl_dynamic.dylib
0x0000000009858000 	/System/Library/PrivateFrameworks/FaceCore.framework/Versions/A/FaceCore
0x0000000009858000 	/System/Library/Frameworks/OpenCL.framework/Versions/A/OpenCL
0x0000000009858000 	/System/Library/PrivateFrameworks/CrashReporterSupport.framework/Versions/A/CrashReporterSupport
0x0000000009858000 	/System/Library/PrivateFrameworks/IconServices.framework/Versions/A/IconServices
0x0000000009858000 	/System/Library/PrivateFrameworks/Apple80211.framework/Versions/A/Apple80211
0x0000000009858000 	/System/Library/Frameworks/CoreWLAN.framework/Versions/A/CoreWLAN
0x0000000009858000 	/System/Library/Frameworks/IOBluetooth.framework/Versions/A/IOBluetooth
0x0000000009858000 	/System/Library/PrivateFrameworks/CoreWiFi.framework/Versions/A/CoreWiFi
0x0000000009858000 	/System/Library/Frameworks/CoreBluetooth.framework/Versions/A/CoreBluetooth
0x0000000009858000 	/System/Library/PrivateFrameworks/ChunkingLibrary.framework/Versions/A/ChunkingLibrary
0x0000000009858000 	/System/Library/PrivateFrameworks/DebugSymbols.framework/Versions/A/DebugSymbols
0x0000000009858000 	/System/Library/PrivateFrameworks/CoreSymbolication.framework/Versions/A/CoreSymbolication
0x0000000009858000 	/System/Library/PrivateFrameworks/Symbolication.framework/Versions/A/Symbolication
0x0000000009858000 	/System/Library/PrivateFrameworks/SpeechRecognitionCore.framework/Versions/A/SpeechRecognitionCore
0x000000010f600000 	/Library/Java/JavaVirtualMachines/jdk1.8.0_51.jdk/Contents/Home/jre/lib/server/libjvm.dylib
0x000000010e503000 	/usr/lib/libstdc++.6.dylib
0x000000010e5ba000 	/Library/Java/JavaVirtualMachines/jdk1.8.0_51.jdk/Contents/Home/jre/lib/libverify.dylib
0x000000010e5c8000 	/Library/Java/JavaVirtualMachines/jdk1.8.0_51.jdk/Contents/Home/jre/lib/libjava.dylib
0x0000000110571000 	/Library/Java/JavaVirtualMachines/jdk1.8.0_51.jdk/Contents/Home/jre/lib/libzip.dylib
0x000000012b630000 	/System/Library/Frameworks/JavaVM.framework/Frameworks/JavaRuntimeSupport.framework/JavaRuntimeSupport
0x000000012b64b000 	/System/Library/Frameworks/JavaVM.framework/Versions/A/Frameworks/JavaNativeFoundation.framework/Versions/A/JavaNativeFoundation
0x000000012b660000 	/System/Library/Frameworks/JavaVM.framework/Versions/A/JavaVM
0x0000000009858000 	/System/Library/Frameworks/Carbon.framework/Versions/A/Carbon
0x000000012b66d000 	/System/Library/PrivateFrameworks/JavaLaunching.framework/Versions/A/JavaLaunching
0x0000000009858000 	/System/Library/Frameworks/Carbon.framework/Versions/A/Frameworks/CommonPanels.framework/Versions/A/CommonPanels
0x0000000009858000 	/System/Library/Frameworks/Carbon.framework/Versions/A/Frameworks/Help.framework/Versions/A/Help
0x0000000009858000 	/System/Library/Frameworks/Carbon.framework/Versions/A/Frameworks/ImageCapture.framework/Versions/A/ImageCapture
0x0000000009858000 	/System/Library/Frameworks/Carbon.framework/Versions/A/Frameworks/OpenScripting.framework/Versions/A/OpenScripting
0x0000000009858000 	/System/Library/Frameworks/Carbon.framework/Versions/A/Frameworks/Print.framework/Versions/A/Print
0x0000000009858000 	/System/Library/Frameworks/Carbon.framework/Versions/A/Frameworks/SecurityHI.framework/Versions/A/SecurityHI
0x000000012db5b000 	/Library/Java/JavaVirtualMachines/jdk1.8.0_51.jdk/Contents/Home/jre/lib/libnet.dylib
0x000000012dd72000 	/Library/Java/JavaVirtualMachines/jdk1.8.0_51.jdk/Contents/Home/jre/lib/libawt.dylib
0x000000012de1a000 	/Library/Java/JavaVirtualMachines/jdk1.8.0_51.jdk/Contents/Home/jre/lib/./libmlib_image.dylib
0x000000012dee6000 	/Library/Java/JavaVirtualMachines/jdk1.8.0_51.jdk/Contents/Home/jre/lib/libawt_lwawt.dylib
0x000000012df9a000 	/Library/Java/JavaVirtualMachines/jdk1.8.0_51.jdk/Contents/Home/jre/lib/./libosxapp.dylib
0x0000000009858000 	/System/Library/Frameworks/ExceptionHandling.framework/Versions/A/ExceptionHandling
0x0000000009858000 	/System/Library/PrivateFrameworks/CoreServicesInternal.framework/Versions/A/CoreServicesInternal
0x0000000009858000 	/System/Library/Frameworks/CoreGraphics.framework/Versions/A/Resources/libRIP.A.dylib
0x000000012f02d000 	/System/Library/Frameworks/Accelerate.framework/Frameworks/vImage.framework/Versions/A/Libraries/libCGInterfaces.dylib
0x0000000009858000 	/System/Library/Frameworks/CoreGraphics.framework/Versions/A/Resources/libCGXType.A.dylib
0x0000000009858000 	/System/Library/Frameworks/OpenCL.framework/Versions/A/Libraries/libcldcpuengine.dylib
0x0000000009858000 	/System/Library/PrivateFrameworks/DiskImages.framework/Versions/A/DiskImages
0x0000000009858000 	/System/Library/Frameworks/DiscRecording.framework/Versions/A/DiscRecording
0x0000000009858000 	/usr/lib/libcsfde.dylib
0x0000000009858000 	/usr/lib/libcurl.4.dylib
0x0000000009858000 	/System/Library/PrivateFrameworks/MediaKit.framework/Versions/A/MediaKit
0x0000000009858000 	/System/Library/PrivateFrameworks/ProtectedCloudStorage.framework/Versions/A/ProtectedCloudStorage
0x0000000009858000 	/usr/lib/libCoreStorage.dylib
0x0000000009858000 	/System/Library/PrivateFrameworks/EFILogin.framework/Versions/A/EFILogin
0x0000000009858000 	/usr/lib/libutil.dylib
0x0000000009858000 	/System/Library/PrivateFrameworks/FindMyDevice.framework/Versions/A/FindMyDevice
0x0000000009858000 	/System/Library/Frameworks/LDAP.framework/Versions/A/LDAP
0x0000000009858000 	/usr/lib/libsasl2.2.dylib
0x0000000009858000 	/System/Library/PrivateFrameworks/CoreDaemon.framework/Versions/B/CoreDaemon
0x0000000009858000 	/usr/lib/libcrypto.0.9.8.dylib
0x0000000009858000 	/System/Library/PrivateFrameworks/AppleSRP.framework/Versions/A/AppleSRP
0x0000000009858000 	/System/Library/PrivateFrameworks/TrustEvaluationAgent.framework/Versions/A/TrustEvaluationAgent
0x000000013008b000 	cl_kernels
0x0000000009858000 	/System/Library/Frameworks/OpenCL.framework/Versions/A/Libraries/ImageFormats/unorm8_bgra.dylib
0x0000000009858000 	/System/Library/Frameworks/OpenCL.framework/Versions/A/Libraries/ImageFormats/unorm8_rgba.dylib
0x0000000009858000 	/System/Library/PrivateFrameworks/FamilyControls.framework/Versions/A/FamilyControls
0x0000000009858000 	/System/Library/PrivateFrameworks/CommerceKit.framework/Versions/A/Frameworks/CommerceCore.framework/Versions/A/CommerceCore
0x0000000009858000 	/System/Library/PrivateFrameworks/SystemAdministration.framework/Versions/A/SystemAdministration
0x0000000009858000 	/System/Library/PrivateFrameworks/AppContainer.framework/Versions/A/AppContainer
0x0000000009858000 	/System/Library/PrivateFrameworks/SecCodeWrapper.framework/Versions/A/SecCodeWrapper
0x0000000009858000 	/System/Library/Frameworks/DirectoryService.framework/Versions/A/DirectoryService
0x0000000009858000 	/System/Library/PrivateFrameworks/LoginUIKit.framework/Versions/A/Frameworks/LoginUICore.framework/Versions/A/LoginUICore
0x0000000009858000 	/usr/lib/libodfde.dylib
0x00000001311d9000 	/Library/Java/JavaVirtualMachines/jdk1.8.0_51.jdk/Contents/Home/jre/lib/libfontmanager.dylib
0x0000000131440000 	/System/Library/Frameworks/OpenGL.framework/Resources/GLEngine.bundle/GLEngine
0x0000000009858000 	/System/Library/Frameworks/OpenGL.framework/Versions/A/Libraries/libGLProgrammability.dylib
0x0000000131628000 	/System/Library/Extensions/AppleIntelHD5000GraphicsGLDriver.bundle/Contents/MacOS/AppleIntelHD5000GraphicsGLDriver
0x0000000009858000 	/System/Library/PrivateFrameworks/GPUSupport.framework/Versions/A/Libraries/libGPUSupportMercury.dylib
0x0000000009858000 	/System/Library/Extensions/GeForceGLDriver.bundle/Contents/MacOS/GeForceGLDriver
0x0000000009858000 	/System/Library/Extensions/GeForceGLDriver.bundle/Contents/MacOS/libclh.dylib
0x000000012d499000 	/System/Library/Frameworks/OpenGL.framework/Resources//GLRendererFloat.bundle/GLRendererFloat
0x0000000132d1a000 	/Library/Java/JavaVirtualMachines/jdk1.8.0_51.jdk/Contents/Home/jre/lib/libnio.dylib
0x0000000131e78000 	/private/var/folders/8t/15tm31s13l7_hyd5ns7q7dmw0000gn/T/jna/jna8235039332731946036.tmp
0x0000000131e8c000 	/Users/nspotrepka/Code/Clojure/supertone/target/native/macosx/x86_64/libscsynth.dylib
0x000000012d393000 	/Library/Java/JavaVirtualMachines/jdk1.8.0_51.jdk/Contents/Home/jre/lib/libjsound.dylib
0x00000001322aa000 	/System/Library/Frameworks/CoreMIDI.framework/Versions/A/CoreMIDI
0x0000000131fb0000 	/usr/lib/libexpat.1.dylib
0x000000012d3a6000 	/System/Library/Extensions/AppleHDA.kext/Contents/PlugIns/AppleHDAHALPlugIn.bundle/Contents/MacOS/AppleHDAHALPlugIn
0x000000013230a000 	/Library/Audio/Plug-Ins/HAL/JackRouter.plugin/Contents/MacOS/JackRouter
0x000000013234c000 	/System/Library/Frameworks/Jackmp.framework/Versions/A/Jackmp
0x0000000132482000 	/Library/Java/JavaVirtualMachines/jdk1.8.0_51.jdk/Contents/Home/jre/lib/libmanagement.dylib
0x00000001323e8000 	/Users/nspotrepka/Code/Clojure/supertone/target/native/macosx/x86_64/AmbisonicUGens.scx
0x0000000134656000 	/Users/nspotrepka/Code/Clojure/supertone/target/native/macosx/x86_64/AtkUGens.scx
0x000000013248f000 	/Users/nspotrepka/Code/Clojure/supertone/target/native/macosx/x86_64/AY_UGen.scx
0x000000013466f000 	/Users/nspotrepka/Code/Clojure/supertone/target/native/macosx/x86_64/BatPVUgens.scx
0x0000000132496000 	/Users/nspotrepka/Code/Clojure/supertone/target/native/macosx/x86_64/BatUGens.scx
0x0000000134677000 	/Users/nspotrepka/Code/Clojure/supertone/target/native/macosx/x86_64/BBCut2UGens.scx
0x000000013467f000 	/Users/nspotrepka/Code/Clojure/supertone/target/native/macosx/x86_64/BerlachUGens.scx
0x0000000134690000 	/Users/nspotrepka/Code/Clojure/supertone/target/native/macosx/x86_64/BetablockerUGens.scx
0x0000000134698000 	/Users/nspotrepka/Code/Clojure/supertone/target/native/macosx/x86_64/BhobChaos.scx
0x00000001346a3000 	/Users/nspotrepka/Code/Clojure/supertone/target/native/macosx/x86_64/BhobFFT.scx
0x00000001346b6000 	/Users/nspotrepka/Code/Clojure/supertone/target/native/macosx/x86_64/BhobFilt.scx
0x00000001346c8000 	/Users/nspotrepka/Code/Clojure/supertone/target/native/macosx/x86_64/BhobGrain.scx
0x00000001346cf000 	/Users/nspotrepka/Code/Clojure/supertone/target/native/macosx/x86_64/BhobNoise.scx
0x00000001346d8000 	/Users/nspotrepka/Code/Clojure/supertone/target/native/macosx/x86_64/BinaryOpUGens.scx
0x0000000134701000 	/Users/nspotrepka/Code/Clojure/supertone/target/native/macosx/x86_64/BlackrainUGens.scx
0x0000000134706000 	/Users/nspotrepka/Code/Clojure/supertone/target/native/macosx/x86_64/ChaosUGens.scx
0x000000013470f000 	/Users/nspotrepka/Code/Clojure/supertone/target/native/macosx/x86_64/Concat.scx
0x0000000134716000 	/Users/nspotrepka/Code/Clojure/supertone/target/native/macosx/x86_64/DelayUGens.scx
0x0000000134741000 	/Users/nspotrepka/Code/Clojure/supertone/target/native/macosx/x86_64/DemandUGens.scx
0x000000013474c000 	/Users/nspotrepka/Code/Clojure/supertone/target/native/macosx/x86_64/DiskIO_UGens.scx
0x00000001323ee000 	/Users/nspotrepka/Code/Clojure/supertone/target/native/macosx/x86_64/DistortionUGens.scx
0x00000001347c2000 	/Users/nspotrepka/Code/Clojure/supertone/target/native/macosx/x86_64/DynNoiseUGens.scx
0x00000001347c7000 	/Users/nspotrepka/Code/Clojure/supertone/target/native/macosx/x86_64/FFT_UGens.scx
0x00000001347e7000 	/Users/nspotrepka/Code/Clojure/supertone/target/native/macosx/x86_64/FilterUGens.scx
0x0000000134803000 	/Users/nspotrepka/Code/Clojure/supertone/target/native/macosx/x86_64/GendynUGens.scx
0x0000000134808000 	/Users/nspotrepka/Code/Clojure/supertone/target/native/macosx/x86_64/GlitchUGens.scx
0x000000013480d000 	/Users/nspotrepka/Code/Clojure/supertone/target/native/macosx/x86_64/GrainUGens.scx
0x0000000134820000 	/Users/nspotrepka/Code/Clojure/supertone/target/native/macosx/x86_64/IOUGens.scx
0x0000000134828000 	/Users/nspotrepka/Code/Clojure/supertone/target/native/macosx/x86_64/JoshAmbiUGens.scx
0x0000000134835000 	/Users/nspotrepka/Code/Clojure/supertone/target/native/macosx/x86_64/JoshGrainUGens.scx
0x0000000134860000 	/Users/nspotrepka/Code/Clojure/supertone/target/native/macosx/x86_64/JoshPVUGens.scx
0x000000013487d000 	/Users/nspotrepka/Code/Clojure/supertone/target/native/macosx/x86_64/JoshUGens.scx
0x0000000134897000 	/Users/nspotrepka/Code/Clojure/supertone/target/native/macosx/x86_64/KeyboardUGens.scx
0x000000013489c000 	/Users/nspotrepka/Code/Clojure/supertone/target/native/macosx/x86_64/LadspaUGen.scx
0x00000001348a0000 	/Users/nspotrepka/Code/Clojure/supertone/target/native/macosx/x86_64/LFUGens.scx
0x00000001348b3000 	/Users/nspotrepka/Code/Clojure/supertone/target/native/macosx/x86_64/LoopBuf.scx
0x00000001348b8000 	/Users/nspotrepka/Code/Clojure/supertone/target/native/macosx/x86_64/MCLDBufferUGens.scx
0x00000001348bd000 	/Users/nspotrepka/Code/Clojure/supertone/target/native/macosx/x86_64/MCLDCepstrumUGens.scx
0x00000001348cd000 	/Users/nspotrepka/Code/Clojure/supertone/target/native/macosx/x86_64/MCLDChaosUGens.scx
0x00000001348d3000 	/Users/nspotrepka/Code/Clojure/supertone/target/native/macosx/x86_64/MCLDDistortionUGens.scx
0x00000001348d7000 	/Users/nspotrepka/Code/Clojure/supertone/target/native/macosx/x86_64/MCLDFFTUGens.scx
0x00000001348ec000 	/Users/nspotrepka/Code/Clojure/supertone/target/native/macosx/x86_64/MCLDFilterUGens.scx
0x00000001348f0000 	/Users/nspotrepka/Code/Clojure/supertone/target/native/macosx/x86_64/MCLDGetenvUGen.scx
0x00000001348f4000 	/Users/nspotrepka/Code/Clojure/supertone/target/native/macosx/x86_64/MCLDOscUGens.scx
0x00000001348f8000 	/Users/nspotrepka/Code/Clojure/supertone/target/native/macosx/x86_64/MCLDPollUGens.scx
0x00000001348fc000 	/Users/nspotrepka/Code/Clojure/supertone/target/native/macosx/x86_64/MCLDSOMUGens.scx
0x0000000134902000 	/Users/nspotrepka/Code/Clojure/supertone/target/native/macosx/x86_64/MCLDTreeUGens.scx
0x0000000134907000 	/Users/nspotrepka/Code/Clojure/supertone/target/native/macosx/x86_64/MCLDTriggeredStatsUgens.scx
0x000000013490b000 	/Users/nspotrepka/Code/Clojure/supertone/target/native/macosx/x86_64/MdaUGens.scx
0x0000000134a2d000 	/Users/nspotrepka/Code/Clojure/supertone/target/native/macosx/x86_64/MembraneUGens.scx
0x0000000134a32000 	/Users/nspotrepka/Code/Clojure/supertone/target/native/macosx/x86_64/ML_UGens.scx
0x0000000134a65000 	/Users/nspotrepka/Code/Clojure/supertone/target/native/macosx/x86_64/MouseUGens.scx
0x0000000134a6b000 	/Users/nspotrepka/Code/Clojure/supertone/target/native/macosx/x86_64/MulAddUGens.scx
0x0000000134a72000 	/Users/nspotrepka/Code/Clojure/supertone/target/native/macosx/x86_64/NCAnalysisUGens.scx
0x0000000134a91000 	/Users/nspotrepka/Code/Clojure/supertone/target/native/macosx/x86_64/NoiseUGens.scx
0x0000000134a98000 	/Users/nspotrepka/Code/Clojure/supertone/target/native/macosx/x86_64/OscUGens.scx
0x0000000134aa8000 	/Users/nspotrepka/Code/Clojure/supertone/target/native/macosx/x86_64/PanUGens.scx
0x0000000134ab1000 	/Users/nspotrepka/Code/Clojure/supertone/target/native/macosx/x86_64/PhysicalModelingUGens.scx
0x0000000134ab5000 	/Users/nspotrepka/Code/Clojure/supertone/target/native/macosx/x86_64/PitchDetection.scx
0x0000000134abc000 	/Users/nspotrepka/Code/Clojure/supertone/target/native/macosx/x86_64/PV_ThirdParty.scx
0x0000000134ad0000 	/Users/nspotrepka/Code/Clojure/supertone/target/native/macosx/x86_64/ReverbUGens.scx
0x0000000134ad8000 	/Users/nspotrepka/Code/Clojure/supertone/target/native/macosx/x86_64/RFWUGens.scx
0x0000000134adc000 	/Users/nspotrepka/Code/Clojure/supertone/target/native/macosx/x86_64/RMEQSuite.scx
0x0000000134ae4000 	/Users/nspotrepka/Code/Clojure/supertone/target/native/macosx/x86_64/SLUGens.scx
0x0000000134af3000 	/Users/nspotrepka/Code/Clojure/supertone/target/native/macosx/x86_64/StkUGens.scx
0x0000000134ba0000 	/Users/nspotrepka/Code/Clojure/supertone/target/native/macosx/x86_64/SummerUGens.scx
0x0000000134ba5000 	/Users/nspotrepka/Code/Clojure/supertone/target/native/macosx/x86_64/TagSystemUgens.scx
0x0000000134bab000 	/Users/nspotrepka/Code/Clojure/supertone/target/native/macosx/x86_64/TestUGens.scx
0x0000000134baf000 	/Users/nspotrepka/Code/Clojure/supertone/target/native/macosx/x86_64/TJUGens.scx
0x0000000134bb9000 	/Users/nspotrepka/Code/Clojure/supertone/target/native/macosx/x86_64/TriggerUGens.scx
0x0000000134bc5000 	/Users/nspotrepka/Code/Clojure/supertone/target/native/macosx/x86_64/UnaryOpUGens.scx
0x0000000134bdb000 	/Users/nspotrepka/Code/Clojure/supertone/target/native/macosx/x86_64/UnpackFFTUGens.scx
0x0000000134be7000 	/Users/nspotrepka/Code/Clojure/supertone/target/native/macosx/x86_64/VBAP.scx
0x0000000134bed000 	/Users/nspotrepka/Code/Clojure/supertone/target/native/macosx/x86_64/VOSIM.scx

VM Arguments:
jvm_args: -Dfile.encoding=UTF-8 -XX:+TieredCompilation -XX:TieredStopAtLevel=1 -XX:-OmitStackTraceInFastThrow -Dclojure.compile.path=/Users/nspotrepka/Code/Clojure/supertone/target/classes -Dsupertone.version=0.1.0-SNAPSHOT -Dclojure.debug=false -Djava.library.path=/Users/nspotrepka/Code/Clojure/supertone/target/native/macosx/x86_64 
java_command: clojure.main -i /private/var/folders/8t/15tm31s13l7_hyd5ns7q7dmw0000gn/T/form-init978014251406510944.clj
java_class_path (initial): /Users/nspotrepka/Code/Clojure/supertone/test:/Users/nspotrepka/Code/Clojure/supertone/dev:/Users/nspotrepka/Code/Clojure/supertone/live:/Users/nspotrepka/Code/Clojure/supertone/src:/Users/nspotrepka/Code/Clojure/supertone/dev-resources:/Users/nspotrepka/Code/Clojure/supertone/resources:/Users/nspotrepka/Code/Clojure/supertone/target/classes:/Users/nspotrepka/.m2/repository/quil/quil/2.2.6/quil-2.2.6.jar:/Users/nspotrepka/.m2/repository/com/lowagie/itext/2.1.7/itext-2.1.7.jar:/Users/nspotrepka/.m2/repository/overtone/scsynth-extras/3.5.7.0/scsynth-extras-3.5.7.0.jar:/Users/nspotrepka/.m2/repository/quil/processing-pdf/2.2.1/processing-pdf-2.2.1.jar:/Users/nspotrepka/.m2/repository/net/java/dev/jna/jna/3.4.0/jna-3.4.0.jar:/Users/nspotrepka/.m2/repository/controlp5/controlp5/2.2.4-SNAPSHOT/controlp5-2.2.4-SNAPSHOT.jar:/Users/nspotrepka/.m2/repository/org/bouncycastle/bcmail-jdk14/1.38/bcmail-jdk14-1.38.jar:/Users/nspotrepka/.m2/repository/overtone/at-at/1.2.0/at-at-1.2.0.jar:/Users/nspotrepka/.m2/repository/org/clojure/tools.nrepl/0.2.12/tools.nrepl-0.2.12.jar:/Users/nspotrepka/.m2/repository/quil/jogl-all-fat/2.1.5/jogl-all-fat-2.1.5.jar:/Users/nspotrepka/.m2/repository/quil/processing-js/1.4.8.2/processing-js-1.4.8.2.jar:/Users/nspotrepka/.m2/repository/clojure-complete/clojure-complete/0.2.4/clojure-complete-0.2.4.jar:/Users/nspotrepka/.m2/repository/overtone/byte-spec/0.3.1/byte-spec-0.3.1.jar:/Users/nspotrepka/.m2/repository/bouncycastle/bcprov-jdk14/138/bcprov-jdk14-138.jar:/Users/nspotrepka/.m2/repository/overtone/osc-clj/0.9.0/osc-clj-0.9.0.jar:/Users/nspotrepka/.m2/repository/org/bouncycastle/bctsp-jdk14/1.38/bctsp-jdk14-1.38.jar:/Users/nspotrepka/.m2/repository/quil/gluegen-rt-fat/2.1.5/gluegen-rt-fat-2.1.5.jar:/Users/nspotrepka/.m2/repository/bouncycastle/bcmail-jdk14/138/bcmail-jdk14-138.jar:/Users/nspotrepka/.m2/repository/overtone/libs.handlers/0.2.0/libs.handlers-0.2.0.jar:/Users/nspotrepka/.m2/repository/quil/processing-dxf
Launcher Type: SUN_STANDARD

Environment Variables:
PATH=/Library/Frameworks/Python.framework/Versions/3.5/bin:/Developer/NVIDIA/CUDA-7.0/bin:/Users/nspotrepka/Code/torch/install/bin:/usr/local/bin:/Library/Frameworks/Python.framework/Versions/3.4/bin:/usr/local/bin:/usr/bin:/bin:/usr/sbin:/sbin:/opt/X11/bin:/Applications/SuperCollider/SuperCollider.app/Contents/Resources
SHELL=/bin/bash
DISPLAY=/private/tmp/com.apple.launchd.XmHtTO4VKD/org.macosforge.xquartz:0

Signal Handlers:
SIGSEGV: [libjvm.dylib+0x58ef35], sa_mask[0]=11111111011111110111111111111111, sa_flags=SA_ONSTACK|SA_RESTART|SA_SIGINFO
SIGBUS: [libjvm.dylib+0x58ef35], sa_mask[0]=11111111011111110111111111111111, sa_flags=SA_RESTART|SA_SIGINFO
SIGFPE: [libjvm.dylib+0x46c028], sa_mask[0]=11111111011111110111111111111111, sa_flags=SA_RESTART|SA_SIGINFO
SIGPIPE: [libjvm.dylib+0x46c028], sa_mask[0]=11111111011111110111111111111111, sa_flags=SA_RESTART|SA_SIGINFO
SIGXFSZ: [libjvm.dylib+0x46c028], sa_mask[0]=11111111011111110111111111111111, sa_flags=SA_RESTART|SA_SIGINFO
SIGILL: [libjvm.dylib+0x46c028], sa_mask[0]=11111111011111110111111111111111, sa_flags=SA_RESTART|SA_SIGINFO
SIGUSR1: SIG_DFL, sa_mask[0]=11011111011111100000000111000110, sa_flags=none
SIGUSR2: [libjvm.dylib+0x46bb46], sa_mask[0]=00100000000000000000000000000000, sa_flags=SA_RESTART|SA_SIGINFO
SIGHUP: [libjvm.dylib+0x46a119], sa_mask[0]=11111111011111110111111111111111, sa_flags=SA_RESTART|SA_SIGINFO
SIGINT: [libjvm.dylib+0x46a119], sa_mask[0]=11111111011111110111111111111111, sa_flags=SA_RESTART|SA_SIGINFO
SIGTERM: [libjvm.dylib+0x46a119], sa_mask[0]=11111111011111110111111111111111, sa_flags=SA_RESTART|SA_SIGINFO
SIGQUIT: [libjvm.dylib+0x46a119], sa_mask[0]=11111111011111110111111111111111, sa_flags=SA_RESTART|SA_SIGINFO


---------------  S Y S T E M  ---------------

OS:Bsduname:Darwin 15.3.0 Darwin Kernel Version 15.3.0: Thu Dec 10 18:40:58 PST 2015; root:xnu-3248.30.4~1/RELEASE_X86_64 x86_64
rlimit: STACK 8192k, CORE 0k, NPROC 709, NOFILE 10240, AS infinity
load average:1.59 1.50 1.49

CPU:total 8 (4 cores per cpu, 2 threads per core) family 6 model 70 stepping 1, cmov, cx8, fxsr, mmx, sse, sse2, sse3, ssse3, sse4.1, sse4.2, popcnt, avx, avx2, aes, clmul, erms, rtm, lzcnt, ht, tsc, tscinvbit, bmi1, bmi2

Memory: 4k page, physical 16777216k(1355276k free)

/proc/meminfo:


vm_info: Java HotSpot(TM) 64-Bit Server VM (25.51-b03) for bsd-amd64 JRE (1.8.0_51-b16), built on Jun  8 2015 18:01:11 by "java_re" with gcc 4.2.1 (Based on Apple Inc. build 5658) (LLVM build 2336.11.00)

time: Thu Mar 24 21:28:50 2016
elapsed time: 62060 seconds (0d 17h 14m 20s)

