#
# A fatal error has been detected by the Java Runtime Environment:
#
#  SIGSEGV (0xb) at pc=0x00000001314e757c, pid=65222, tid=90891
#
# JRE version: Java(TM) SE Runtime Environment (8.0_51-b16) (build 1.8.0_51-b16)
# Java VM: Java HotSpot(TM) 64-Bit Server VM (25.51-b03 mixed mode bsd-amd64 compressed oops)
# Problematic frame:
# C  [libscsynth.dylib+0x557c]  SC_UdpInPort::SC_UdpInPort(World*, int)+0x1be
#
# Failed to write core dump. Core dumps have been disabled. To enable core dumping, try "ulimit -c unlimited" before starting Java again
#
# If you would like to submit a bug report, please visit:
#   http://bugreport.java.com/bugreport/crash.jsp
# The crash happened outside the Java Virtual Machine in native code.
# See problematic frame for where to report the bug.
#

---------------  T H R E A D  ---------------

Current thread (0x00007f9e5e809000):  JavaThread "Thread-10" daemon [_thread_in_native, id=90891, stack(0x00007000038ce000,0x00007000039ce000)]

siginfo: si_signo: 11 (SIGSEGV), si_code: 1 (SEGV_MAPERR), si_addr: 0x0000000000000160

Registers:
RAX=0x0000000000000000, RBX=0x0000000000000000, RCX=0x00000000ffffffff, RDX=0x0000000000000000
RSP=0x00007000039cce00, RBP=0x00007000039cce80, RSI=0x0000000000000003, RDI=0x00007fff7cb6f118
R8 =0x0000000000016503, R9 =0x0000000000000000, R10=0x000000000000002c, R11=0x0000000000000206
R12=0x0000000000000004, R13=0x0000000000000002, R14=0x00007f9e5c8e4c00, R15=0x0000700003ce0000
RIP=0x00000001314e757c, EFLAGS=0x0000000000010202, ERR=0x0000000000000004
  TRAPNO=0x000000000000000e

Top of Stack: (sp=0x00007000039cce00)
0x00007000039cce00:   0000000000000000 00010000039cce80
0x00007000039cce10:   00007000039cce30 00007fff9c5250dc
0x00007000039cce20:   0000000000000000 0000000000010048
0x00007000039cce30:   0000000a0000003f 000000028d93e7de
0x00007000039cce40:   00007f9e5c8e4c00 0000000000000000
0x00007000039cce50:   00007000039cce80 0000000131506614
0x00007000039cce60:   0000000000000001 00007000039cd5e8
0x00007000039cce70:   00007000039cce80 00000001310f4d1c
0x00007000039cce80:   000000000000000a 00007000039cd680
0x00007000039cce90:   00007000039ccf80 00000001310f4884
0x00007000039ccea0:   ffffffffffffffff 00000000ffffffff
0x00007000039cceb0:   000000010f0ac650 00007000039ccf30
0x00007000039ccec0:   00007000039cd650 00007000039ccf40
0x00007000039cced0:   00007000039ccf30 00007000039ccf44
0x00007000039ccee0:   00007000039cd4f0 00007000039cd680
0x00007000039ccef0:   00000001315065f0 00007f9e5e636170
0x00007000039ccf00:   00007000039ccdd0 00007f9e5e636200
0x00007000039ccf10:   0000000000000002 0000000200000002
0x00007000039ccf20:   00007000039ccdd0 000000015e809000
0x00007000039ccf30:   00007f9e00000002 00007f9e5e637060
0x00007000039ccf40:   0000000100000000 aa0090676bf211d4
0x00007000039ccf50:   00007000039ccf80 00007000039cd680
0x00007000039ccf60:   00007f9e5e636210 0000000000000000
0x00007000039ccf70:   00007f9e5e636170 0000000000000001
0x00007000039ccf80:   00007000039cd4d0 00000001310eef5c
0x00007000039ccf90:   0000000100000000 00007f9e5e635e20
0x00007000039ccfa0:   00007000039cd4d0 00000001310eed55
0x00007000039ccfb0:   0000000000000000 0000000000000000
0x00007000039ccfc0:   00007000039cd4d0 00000001310eed29
0x00007000039ccfd0:   0000000000000000 0000000000000000
0x00007000039ccfe0:   00007000039cd1b0 000000010ebb3169
0x00007000039ccff0:   00007f9e5e809000 00007f9e5e636190 

Instructions: (pc=0x00000001314e757c)
0x00000001314e755c:   24 3c 02 00 00 00 c7 44 24 30 3f 00 00 00 be 02
0x00000001314e756c:   00 00 00 48 8d 54 24 30 4c 89 ff e8 5c 13 07 00
0x00000001314e757c:   80 bb 60 01 00 00 00 74 15 49 8d 7e 30 31 f6 48
0x00000001314e758c:   8d 15 3e ed ff ff 4c 89 f1 e8 08 13 07 00 48 83 

Register to memory mapping:

RAX=0x0000000000000000 is an unknown value
RBX=0x0000000000000000 is an unknown value
RCX=0x00000000ffffffff is an unknown value
RDX=0x0000000000000000 is an unknown value
RSP=0x00007000039cce00 is pointing into the stack for thread: 0x00007f9e5e809000
RBP=0x00007000039cce80 is pointing into the stack for thread: 0x00007f9e5e809000
RSI=0x0000000000000003 is an unknown value
RDI=0x00007fff7cb6f118: _pthread_list_lock+0 in /usr/lib/system/libsystem_pthread.dylib at 0x00007fff97c29000
R8 =0x0000000000016503 is an unknown value
R9 =0x0000000000000000 is an unknown value
R10=0x000000000000002c is an unknown value
R11=0x0000000000000206 is an unknown value
R12=0x0000000000000004 is an unknown value
R13=0x0000000000000002 is an unknown value
R14=0x00007f9e5c8e4c00 is an unknown value
R15=0x0000700003ce0000 is an unknown value


Stack: [0x00007000038ce000,0x00007000039ce000],  sp=0x00007000039cce00,  free space=1019k
Native frames: (J=compiled Java code, j=interpreted, Vv=VM code, C=native code)
C  [libscsynth.dylib+0x557c]  SC_UdpInPort::SC_UdpInPort(World*, int)+0x1be
C  0x00007000039cd680

Java frames: (J=compiled Java code, j=interpreted, Vv=VM code)
j  overtone.sc.machinery.server.native.lib_31b4a420_4613_417f_903d_cec05d7429cc.World_OpenUDP(Lcom/sun/jna/Pointer;I)I+0
j  overtone.sc.machinery.server.native$eval4494$fn__4495.invoke(Ljava/lang/Object;Ljava/lang/Object;)Ljava/lang/Object;+15
j  overtone.sc.machinery.server.native$scsynth_listen_udp.invoke(Ljava/lang/Object;Ljava/lang/Object;)Ljava/lang/Object;+55
j  overtone.sc.machinery.server.connection$internal_booter.invoke(Ljava/lang/Object;)Ljava/lang/Object;+201
j  overtone.sc.machinery.server.connection$boot_internal_server$fn__4587.invoke()Ljava/lang/Object;+13
j  clojure.lang.AFn.run()V+1
j  java.lang.Thread.run()V+11
v  ~StubRoutines::call_stub

---------------  P R O C E S S  ---------------

Java Threads: ( => current thread )
=>0x00007f9e5e809000 JavaThread "Thread-10" daemon [_thread_in_native, id=90891, stack(0x00007000038ce000,0x00007000039ce000)]
  0x00007f9e5d07d000 JavaThread "AWT-Shutdown" [_thread_blocked, id=91147, stack(0x00007000036c8000,0x00007000037c8000)]
  0x00007f9e5dbd8800 JavaThread "pool-3-thread-10" [_thread_blocked, id=50195, stack(0x0000700002186000,0x0000700002286000)]
  0x00007f9e5dbd8000 JavaThread "pool-3-thread-9" [_thread_blocked, id=90371, stack(0x00007000037cb000,0x00007000038cb000)]
  0x00007f9e5d57f000 JavaThread "pool-3-thread-8" [_thread_blocked, id=73219, stack(0x00007000034bf000,0x00007000035bf000)]
  0x00007f9e5c0d9800 JavaThread "pool-3-thread-7" [_thread_blocked, id=72707, stack(0x00007000033bc000,0x00007000034bc000)]
  0x00007f9e5dbbd800 JavaThread "pool-2-thread-10" [_thread_blocked, id=72195, stack(0x00007000032b9000,0x00007000033b9000)]
  0x00007f9e5dbcb000 JavaThread "pool-2-thread-9" [_thread_blocked, id=71683, stack(0x00007000031b6000,0x00007000032b6000)]
  0x00007f9e5dbca000 JavaThread "pool-2-thread-8" [_thread_blocked, id=71171, stack(0x00007000030b3000,0x00007000031b3000)]
  0x00007f9e5dbc9000 JavaThread "pool-2-thread-7" [_thread_blocked, id=70659, stack(0x0000700002fb0000,0x00007000030b0000)]
  0x00007f9e5cb13800 JavaThread "pool-2-thread-6" [_thread_blocked, id=70147, stack(0x0000700002ead000,0x0000700002fad000)]
  0x00007f9e5cad5800 JavaThread "pool-2-thread-5" [_thread_blocked, id=69635, stack(0x0000700002daa000,0x0000700002eaa000)]
  0x00007f9e5cad4800 JavaThread "pool-2-thread-4" [_thread_blocked, id=69123, stack(0x0000700002ca7000,0x0000700002da7000)]
  0x00007f9e5cb2d800 JavaThread "pool-2-thread-3" [_thread_blocked, id=68611, stack(0x0000700002ba4000,0x0000700002ca4000)]
  0x00007f9e5cb2c800 JavaThread "pool-3-thread-6" [_thread_blocked, id=68099, stack(0x0000700002aa1000,0x0000700002ba1000)]
  0x00007f9e5dbc1000 JavaThread "pool-2-thread-2" [_thread_blocked, id=67587, stack(0x000070000299e000,0x0000700002a9e000)]
  0x00007f9e5dbc0000 JavaThread "pool-2-thread-1" [_thread_blocked, id=67075, stack(0x000070000289b000,0x000070000299b000)]
  0x00007f9e5c316000 JavaThread "pool-3-thread-5" [_thread_blocked, id=66563, stack(0x0000700002798000,0x0000700002898000)]
  0x00007f9e5c950800 JavaThread "pool-3-thread-4" [_thread_blocked, id=36631, stack(0x0000700001df4000,0x0000700001ef4000)]
  0x00007f9e5db80800 JavaThread "pool-3-thread-3" [_thread_blocked, id=66051, stack(0x0000700002695000,0x0000700002795000)]
  0x00007f9e5d401800 JavaThread "pool-3-thread-2" [_thread_blocked, id=65539, stack(0x0000700002592000,0x0000700002692000)]
  0x00007f9e5c28b800 JavaThread "pool-3-thread-1" [_thread_blocked, id=65031, stack(0x000070000248f000,0x000070000258f000)]
  0x00007f9e5ca88800 JavaThread "Java2D Disposer" daemon [_thread_blocked, id=59403, stack(0x000070000238c000,0x000070000248c000)]
  0x00007f9e5caa8000 JavaThread "Java2D Queue Flusher" daemon [_thread_blocked, id=59143, stack(0x0000700002289000,0x0000700002389000)]
  0x00007f9e5c93d800 JavaThread "AppKit Thread" daemon [_thread_in_native, id=8715, stack(0x00007fff528e3000,0x00007fff530e3000)]
  0x00007f9e5c3d0800 JavaThread "nREPL-worker-0" daemon [_thread_blocked, id=26883, stack(0x0000700001c6e000,0x0000700001d6e000)]
  0x00007f9e5f007000 JavaThread "clojure-agent-send-off-pool-6" [_thread_in_native, id=26371, stack(0x0000700001b6b000,0x0000700001c6b000)]
  0x00007f9e5f801000 JavaThread "clojure-agent-send-off-pool-5" [_thread_in_native, id=25859, stack(0x0000700001a68000,0x0000700001b68000)]
  0x00007f9e5f800000 JavaThread "clojure-agent-send-off-pool-4" [_thread_blocked, id=25347, stack(0x0000700001965000,0x0000700001a65000)]
  0x00007f9e5c177000 JavaThread "clojure-agent-send-off-pool-3" [_thread_blocked, id=25095, stack(0x0000700001862000,0x0000700001962000)]
  0x00007f9e5c173000 JavaThread "clojure-agent-send-off-pool-2" [_thread_blocked, id=23299, stack(0x000070000175f000,0x000070000185f000)]
  0x00007f9e5c3bb000 JavaThread "clojure-agent-send-off-pool-1" [_thread_blocked, id=22787, stack(0x000070000165c000,0x000070000175c000)]
  0x00007f9e5c176800 JavaThread "clojure-agent-send-off-pool-0" [_thread_blocked, id=22275, stack(0x0000700001559000,0x0000700001659000)]
  0x00007f9e5d014800 JavaThread "Service Thread" daemon [_thread_blocked, id=21251, stack(0x0000700001353000,0x0000700001453000)]
  0x00007f9e5c02b000 JavaThread "C1 CompilerThread3" daemon [_thread_blocked, id=20739, stack(0x0000700001250000,0x0000700001350000)]
  0x00007f9e5d00a000 JavaThread "C2 CompilerThread2" daemon [_thread_blocked, id=20227, stack(0x000070000114d000,0x000070000124d000)]
  0x00007f9e5d009000 JavaThread "C2 CompilerThread1" daemon [_thread_blocked, id=19715, stack(0x000070000104a000,0x000070000114a000)]
  0x00007f9e5c821000 JavaThread "C2 CompilerThread0" daemon [_thread_blocked, id=19203, stack(0x0000700000f47000,0x0000700001047000)]
  0x00007f9e5c820800 JavaThread "Signal Dispatcher" daemon [_thread_blocked, id=14863, stack(0x0000700000e44000,0x0000700000f44000)]
  0x00007f9e5d85e000 JavaThread "Finalizer" daemon [_thread_blocked, id=14339, stack(0x0000700000c3b000,0x0000700000d3b000)]
  0x00007f9e5d85d800 JavaThread "Reference Handler" daemon [_thread_blocked, id=13827, stack(0x0000700000b38000,0x0000700000c38000)]
  0x00007f9e5d801800 JavaThread "main" [_thread_blocked, id=3083, stack(0x000070000011a000,0x000070000021a000)]

Other Threads:
  0x00007f9e5d85a800 VMThread [stack: 0x0000700000a35000,0x0000700000b35000] [id=13315]
  0x00007f9e5d015800 WatcherThread [stack: 0x0000700001456000,0x0000700001556000] [id=21763]

VM state:not at safepoint (normal execution)

VM Mutex/Monitor currently owned by a thread: None

Heap:
 PSYoungGen      total 465920K, used 305093K [0x000000076ab00000, 0x000000078dc80000, 0x00000007c0000000)
  eden space 449536K, 64% used [0x000000076ab00000,0x000000077c782650,0x0000000786200000)
  from space 16384K, 83% used [0x0000000786200000,0x0000000786f6efc8,0x0000000787200000)
  to   space 17408K, 0% used [0x000000078cb80000,0x000000078cb80000,0x000000078dc80000)
 ParOldGen       total 141824K, used 23216K [0x00000006c0000000, 0x00000006c8a80000, 0x000000076ab00000)
  object space 141824K, 16% used [0x00000006c0000000,0x00000006c16ac288,0x00000006c8a80000)
 Metaspace       used 40079K, capacity 54180K, committed 54488K, reserved 1089536K
  class space    used 10535K, capacity 15296K, committed 15360K, reserved 1048576K

Card table byte_map: [0x000000011ebe0000,0x000000011f3e1000] byte_map_base: 0x000000011b5e0000

Marking Bits: (ParMarkBitMap*) 0x000000010f0c27a0
 Begin Bits: [0x000000011f937000, 0x0000000123937000)
 End Bits:   [0x0000000123937000, 0x0000000127937000)

Polling page: 0x000000010d39e000

CodeCache: size=245760Kb used=7379Kb max_used=7379Kb free=238380Kb
 bounds [0x000000010f820000, 0x000000010ff60000, 0x000000011e820000]
 total_blobs=3505 nmethods=3009 adapters=409
 compilation: enabled

Compilation events (10 events):
Event: 12.079 Thread 0x00007f9e5c02b000 3007       1       sun.reflect.ReflectionFactory::checkInitted (19 bytes)
Event: 12.079 Thread 0x00007f9e5c02b000 nmethod 3007 0x000000010ff53a90 code [0x000000010ff53c00, 0x000000010ff53d68]
Event: 12.080 Thread 0x00007f9e5c02b000 3008       1       java.util.LinkedHashMap$LinkedHashIterator::nextNode (54 bytes)
Event: 12.080 Thread 0x00007f9e5c02b000 nmethod 3008 0x000000010ff53e10 code [0x000000010ff53fa0, 0x000000010ff54218]
Event: 12.080 Thread 0x00007f9e5c02b000 3009       1       java.lang.reflect.Field::getDeclaringClass (5 bytes)
Event: 12.080 Thread 0x00007f9e5c02b000 nmethod 3009 0x000000010ff54390 code [0x000000010ff544e0, 0x000000010ff545f0]
Event: 12.223 Thread 0x00007f9e5c02b000 3011       1       java.math.BigInteger::valueOf (62 bytes)
Event: 12.223 Thread 0x00007f9e5c02b000 nmethod 3011 0x000000010ff54650 code [0x000000010ff547c0, 0x000000010ff54a68]
Event: 12.223 Thread 0x00007f9e5c02b000 3010       1       clojure.lang.Numbers$BigIntOps::combine (8 bytes)
Event: 12.223 Thread 0x00007f9e5c02b000 nmethod 3010 0x000000010ff54bd0 code [0x000000010ff54d40, 0x000000010ff54e88]

GC Heap History (10 events):
Event: 7.369 GC heap before
{Heap before GC invocations=9 (full 2):
 PSYoungGen      total 267776K, used 9347K [0x000000076ab00000, 0x0000000785e00000, 0x00000007c0000000)
  eden space 250880K, 0% used [0x000000076ab00000,0x000000076ab00000,0x000000077a000000)
  from space 16896K, 55% used [0x000000077a000000,0x000000077a920e30,0x000000077b080000)
  to   space 15872K, 0% used [0x0000000784e80000,0x0000000784e80000,0x0000000785e00000)
 ParOldGen       total 97280K, used 16517K [0x00000006c0000000, 0x00000006c5f00000, 0x000000076ab00000)
  object space 97280K, 16% used [0x00000006c0000000,0x00000006c1021498,0x00000006c5f00000)
 Metaspace       used 28746K, capacity 35296K, committed 35416K, reserved 1075200K
  class space    used 7033K, capacity 9343K, committed 9344K, reserved 1048576K
Event: 7.487 GC heap after
Heap after GC invocations=9 (full 2):
 PSYoungGen      total 267776K, used 0K [0x000000076ab00000, 0x0000000785e00000, 0x00000007c0000000)
  eden space 250880K, 0% used [0x000000076ab00000,0x000000076ab00000,0x000000077a000000)
  from space 16896K, 0% used [0x000000077a000000,0x000000077a000000,0x000000077b080000)
  to   space 15872K, 0% used [0x0000000784e80000,0x0000000784e80000,0x0000000785e00000)
 ParOldGen       total 141824K, used 23184K [0x00000006c0000000, 0x00000006c8a80000, 0x000000076ab00000)
  object space 141824K, 16% used [0x00000006c0000000,0x00000006c16a4288,0x00000006c8a80000)
 Metaspace       used 28746K, capacity 35296K, committed 35416K, reserved 1075200K
  class space    used 7033K, capacity 9343K, committed 9344K, reserved 1048576K
}
Event: 7.891 GC heap before
{Heap before GC invocations=10 (full 2):
 PSYoungGen      total 267776K, used 250880K [0x000000076ab00000, 0x0000000785e00000, 0x00000007c0000000)
  eden space 250880K, 100% used [0x000000076ab00000,0x000000077a000000,0x000000077a000000)
  from space 16896K, 0% used [0x000000077a000000,0x000000077a000000,0x000000077b080000)
  to   space 15872K, 0% used [0x0000000784e80000,0x0000000784e80000,0x0000000785e00000)
 ParOldGen       total 141824K, used 23184K [0x00000006c0000000, 0x00000006c8a80000, 0x000000076ab00000)
  object space 141824K, 16% used [0x00000006c0000000,0x00000006c16a4288,0x00000006c8a80000)
 Metaspace       used 29645K, capacity 36596K, committed 36824K, reserved 1077248K
  class space    used 7426K, capacity 9927K, committed 9984K, reserved 1048576K
Event: 7.894 GC heap after
Heap after GC invocations=10 (full 2):
 PSYoungGen      total 365568K, used 3262K [0x000000076ab00000, 0x0000000785200000, 0x00000007c0000000)
  eden space 361984K, 0% used [0x000000076ab00000,0x000000076ab00000,0x0000000780c80000)
  from space 3584K, 91% used [0x0000000784e80000,0x00000007851afb98,0x0000000785200000)
  to   space 16384K, 0% used [0x0000000783200000,0x0000000783200000,0x0000000784200000)
 ParOldGen       total 141824K, used 23192K [0x00000006c0000000, 0x00000006c8a80000, 0x000000076ab00000)
  object space 141824K, 16% used [0x00000006c0000000,0x00000006c16a6288,0x00000006c8a80000)
 Metaspace       used 29645K, capacity 36596K, committed 36824K, reserved 1077248K
  class space    used 7426K, capacity 9927K, committed 9984K, reserved 1048576K
}
Event: 8.162 GC heap before
{Heap before GC invocations=11 (full 2):
 PSYoungGen      total 365568K, used 365246K [0x000000076ab00000, 0x0000000785200000, 0x00000007c0000000)
  eden space 361984K, 100% used [0x000000076ab00000,0x0000000780c80000,0x0000000780c80000)
  from space 3584K, 91% used [0x0000000784e80000,0x00000007851afb98,0x0000000785200000)
  to   space 16384K, 0% used [0x0000000783200000,0x0000000783200000,0x0000000784200000)
 ParOldGen       total 141824K, used 23192K [0x00000006c0000000, 0x00000006c8a80000, 0x000000076ab00000)
  object space 141824K, 16% used [0x00000006c0000000,0x00000006c16a6288,0x00000006c8a80000)
 Metaspace       used 29645K, capacity 36596K, committed 36824K, reserved 1077248K
  class space    used 7426K, capacity 9927K, committed 9984K, reserved 1048576K
Event: 8.165 GC heap after
Heap after GC invocations=11 (full 2):
 PSYoungGen      total 416768K, used 3808K [0x000000076ab00000, 0x0000000788200000, 0x00000007c0000000)
  eden space 400384K, 0% used [0x000000076ab00000,0x000000076ab00000,0x0000000783200000)
  from space 16384K, 23% used [0x0000000783200000,0x00000007835b8000,0x0000000784200000)
  to   space 16384K, 0% used [0x0000000787200000,0x0000000787200000,0x0000000788200000)
 ParOldGen       total 141824K, used 23200K [0x00000006c0000000, 0x00000006c8a80000, 0x000000076ab00000)
  object space 141824K, 16% used [0x00000006c0000000,0x00000006c16a8288,0x00000006c8a80000)
 Metaspace       used 29645K, capacity 36596K, committed 36824K, reserved 1077248K
  class space    used 7426K, capacity 9927K, committed 9984K, reserved 1048576K
}
Event: 8.754 GC heap before
{Heap before GC invocations=12 (full 2):
 PSYoungGen      total 416768K, used 404192K [0x000000076ab00000, 0x0000000788200000, 0x00000007c0000000)
  eden space 400384K, 100% used [0x000000076ab00000,0x0000000783200000,0x0000000783200000)
  from space 16384K, 23% used [0x0000000783200000,0x00000007835b8000,0x0000000784200000)
  to   space 16384K, 0% used [0x0000000787200000,0x0000000787200000,0x0000000788200000)
 ParOldGen       total 141824K, used 23200K [0x00000006c0000000, 0x00000006c8a80000, 0x000000076ab00000)
  object space 141824K, 16% used [0x00000006c0000000,0x00000006c16a8288,0x00000006c8a80000)
 Metaspace       used 31429K, capacity 39558K, committed 39896K, reserved 1079296K
  class space    used 8002K, capacity 10905K, committed 11008K, reserved 1048576K
Event: 8.761 GC heap after
Heap after GC invocations=12 (full 2):
 PSYoungGen      total 465920K, used 9536K [0x000000076ab00000, 0x000000078a880000, 0x00000007c0000000)
  eden space 449536K, 0% used [0x000000076ab00000,0x000000076ab00000,0x0000000786200000)
  from space 16384K, 58% used [0x0000000787200000,0x0000000787b50010,0x0000000788200000)
  to   space 16384K, 0% used [0x0000000786200000,0x0000000786200000,0x0000000787200000)
 ParOldGen       total 141824K, used 23208K [0x00000006c0000000, 0x00000006c8a80000, 0x000000076ab00000)
  object space 141824K, 16% used [0x00000006c0000000,0x00000006c16aa288,0x00000006c8a80000)
 Metaspace       used 31429K, capacity 39558K, committed 39896K, reserved 1079296K
  class space    used 8002K, capacity 10905K, committed 11008K, reserved 1048576K
}
Event: 9.759 GC heap before
{Heap before GC invocations=13 (full 2):
 PSYoungGen      total 465920K, used 459072K [0x000000076ab00000, 0x000000078a880000, 0x00000007c0000000)
  eden space 449536K, 100% used [0x000000076ab00000,0x0000000786200000,0x0000000786200000)
  from space 16384K, 58% used [0x0000000787200000,0x0000000787b50010,0x0000000788200000)
  to   space 16384K, 0% used [0x0000000786200000,0x0000000786200000,0x0000000787200000)
 ParOldGen       total 141824K, used 23208K [0x00000006c0000000, 0x00000006c8a80000, 0x000000076ab00000)
  object space 141824K, 16% used [0x00000006c0000000,0x00000006c16aa288,0x00000006c8a80000)
 Metaspace       used 35428K, capacity 46164K, committed 46296K, reserved 1083392K
  class space    used 9143K, capacity 12687K, committed 12800K, reserved 1048576K
Event: 9.768 GC heap after
Heap after GC invocations=13 (full 2):
 PSYoungGen      total 465920K, used 13755K [0x000000076ab00000, 0x000000078dc80000, 0x00000007c0000000)
  eden space 449536K, 0% used [0x000000076ab00000,0x000000076ab00000,0x0000000786200000)
  from space 16384K, 83% used [0x0000000786200000,0x0000000786f6efc8,0x0000000787200000)
  to   space 17408K, 0% used [0x000000078cb80000,0x000000078cb80000,0x000000078dc80000)
 ParOldGen       total 141824K, used 23216K [0x00000006c0000000, 0x00000006c8a80000, 0x000000076ab00000)
  object space 141824K, 16% used [0x00000006c0000000,0x00000006c16ac288,0x00000006c8a80000)
 Metaspace       used 35428K, capacity 46164K, committed 46296K, reserved 1083392K
  class space    used 9143K, capacity 12687K, committed 12800K, reserved 1048576K
}

Deoptimization events (0 events):
No events

Internal exceptions (10 events):
Event: 0.159 Thread 0x00007f9e5d801800 Exception <a 'java/security/PrivilegedActionException'> (0x000000076b4129f0) thrown at [/Users/java_re/workspace/8-2-build-macosx-x86_64/jdk8u51/3951/hotspot/src/share/vm/prims/jvm.cpp, line 1382]
Event: 0.159 Thread 0x00007f9e5d801800 Exception <a 'java/security/PrivilegedActionException'> (0x000000076b412ba8) thrown at [/Users/java_re/workspace/8-2-build-macosx-x86_64/jdk8u51/3951/hotspot/src/share/vm/prims/jvm.cpp, line 1382]
Event: 1.498 Thread 0x00007f9e5c176800 Exception <a 'java/io/FileNotFoundException'> (0x000000076de5c6c0) thrown at [/Users/java_re/workspace/8-2-build-macosx-x86_64/jdk8u51/3951/hotspot/src/share/vm/prims/jni.cpp, line 709]
Event: 2.448 Thread 0x00007f9e5c177000 Exception <a 'java/net/SocketException': Socket closed> (0x000000076c12c040) thrown at [/Users/java_re/workspace/8-2-build-macosx-x86_64/jdk8u51/3951/hotspot/src/share/vm/prims/jni.cpp, line 735]
Event: 5.326 Thread 0x00007f9e5c3d0800 Exception <a 'java/io/FileNotFoundException'> (0x000000076f80c9e0) thrown at [/Users/java_re/workspace/8-2-build-macosx-x86_64/jdk8u51/3951/hotspot/src/share/vm/prims/jni.cpp, line 709]
Event: 5.326 Thread 0x00007f9e5c3d0800 Exception <a 'java/io/FileNotFoundException'> (0x000000076f80db00) thrown at [/Users/java_re/workspace/8-2-build-macosx-x86_64/jdk8u51/3951/hotspot/src/share/vm/prims/jni.cpp, line 709]
Event: 5.438 Thread 0x00007f9e5c93d800 Exception <a 'java/lang/NoSuchFieldError': method resolution failed> (0x000000076ae741e0) thrown at [/Users/java_re/workspace/8-2-build-macosx-x86_64/jdk8u51/3951/hotspot/src/share/vm/prims/methodHandles.cpp, line 1125]
Event: 5.439 Thread 0x00007f9e5c93d800 Exception <a 'java/lang/NoSuchFieldError': method resolution failed> (0x000000076ae827b0) thrown at [/Users/java_re/workspace/8-2-build-macosx-x86_64/jdk8u51/3951/hotspot/src/share/vm/prims/methodHandles.cpp, line 1125]
Event: 11.891 Thread 0x00007f9e5c3d0800 Implicit null exception at 0x000000010fa8e21f to 0x000000010fa8e232
Event: 11.891 Thread 0x00007f9e5c3d0800 Exception <a 'java/lang/NullPointerException'> (0x000000077866cad8) thrown at [/Users/java_re/workspace/8-2-build-macosx-x86_64/jdk8u51/3951/hotspot/src/share/vm/runtime/sharedRuntime.cpp, line 605]

Events (10 events):
Event: 12.074 loading class sun/reflect/UnsafeByteFieldAccessorImpl
Event: 12.074 loading class sun/reflect/UnsafeByteFieldAccessorImpl done
Event: 12.074 loading class com/sun/jna/Memory$SharedMemory
Event: 12.074 loading class com/sun/jna/Memory$SharedMemory done
Event: 12.075 loading class com/sun/jna/WeakIdentityHashMap
Event: 12.075 loading class com/sun/jna/WeakIdentityHashMap done
Event: 12.079 loading class com/sun/jna/Structure$2$StructureSet
Event: 12.079 loading class com/sun/jna/Structure$2$StructureSet done
Event: 12.080 loading class com/sun/jna/NativeString
Event: 12.080 loading class com/sun/jna/NativeString done


Dynamic libraries:
0x0000000009858000 	/System/Library/Frameworks/Cocoa.framework/Versions/A/Cocoa
0x000000010cb3b000 	/System/Library/Frameworks/Security.framework/Versions/A/Security
0x0000000009858000 	/System/Library/Frameworks/ApplicationServices.framework/Versions/A/ApplicationServices
0x0000000009858000 	/usr/lib/libz.1.dylib
0x0000000009858000 	/usr/lib/libSystem.B.dylib
0x0000000009858000 	/usr/lib/libobjc.A.dylib
0x0000000009858000 	/System/Library/Frameworks/CoreFoundation.framework/Versions/A/CoreFoundation
0x0000000009858000 	/System/Library/Frameworks/Foundation.framework/Versions/C/Foundation
0x0000000009858000 	/System/Library/Frameworks/AppKit.framework/Versions/C/AppKit
0x0000000009858000 	/System/Library/Frameworks/CoreData.framework/Versions/A/CoreData
0x0000000009858000 	/System/Library/PrivateFrameworks/RemoteViewServices.framework/Versions/A/RemoteViewServices
0x0000000009858000 	/System/Library/PrivateFrameworks/UIFoundation.framework/Versions/A/UIFoundation
0x0000000009858000 	/usr/lib/libScreenReader.dylib
0x0000000009858000 	/System/Library/Frameworks/Accelerate.framework/Versions/A/Accelerate
0x0000000009858000 	/System/Library/Frameworks/IOSurface.framework/Versions/A/IOSurface
0x0000000009858000 	/System/Library/Frameworks/AudioToolbox.framework/Versions/A/AudioToolbox
0x0000000009858000 	/System/Library/Frameworks/AudioUnit.framework/Versions/A/AudioUnit
0x0000000009858000 	/System/Library/PrivateFrameworks/DataDetectorsCore.framework/Versions/A/DataDetectorsCore
0x0000000009858000 	/System/Library/PrivateFrameworks/DesktopServicesPriv.framework/Versions/A/DesktopServicesPriv
0x0000000009858000 	/System/Library/Frameworks/Carbon.framework/Versions/A/Frameworks/HIToolbox.framework/Versions/A/HIToolbox
0x0000000009858000 	/System/Library/Frameworks/QuartzCore.framework/Versions/A/QuartzCore
0x0000000009858000 	/System/Library/Frameworks/Carbon.framework/Versions/A/Frameworks/SpeechRecognition.framework/Versions/A/SpeechRecognition
0x0000000009858000 	/usr/lib/libauto.dylib
0x0000000009858000 	/usr/lib/libicucore.A.dylib
0x0000000009858000 	/usr/lib/libxml2.2.dylib
0x0000000009858000 	/System/Library/PrivateFrameworks/CoreUI.framework/Versions/A/CoreUI
0x0000000009858000 	/System/Library/Frameworks/CoreAudio.framework/Versions/A/CoreAudio
0x0000000009858000 	/System/Library/Frameworks/DiskArbitration.framework/Versions/A/DiskArbitration
0x0000000009858000 	/usr/lib/liblangid.dylib
0x0000000009858000 	/System/Library/PrivateFrameworks/MultitouchSupport.framework/Versions/A/MultitouchSupport
0x0000000009858000 	/System/Library/Frameworks/IOKit.framework/Versions/A/IOKit
0x0000000009858000 	/usr/lib/libDiagnosticMessagesClient.dylib
0x0000000009858000 	/System/Library/Frameworks/CoreServices.framework/Versions/A/CoreServices
0x0000000009858000 	/System/Library/PrivateFrameworks/PerformanceAnalysis.framework/Versions/A/PerformanceAnalysis
0x0000000009858000 	/System/Library/PrivateFrameworks/GenerationalStorage.framework/Versions/A/GenerationalStorage
0x0000000009858000 	/System/Library/Frameworks/OpenGL.framework/Versions/A/OpenGL
0x0000000009858000 	/System/Library/PrivateFrameworks/Sharing.framework/Versions/A/Sharing
0x0000000009858000 	/System/Library/Frameworks/CoreGraphics.framework/Versions/A/CoreGraphics
0x0000000009858000 	/System/Library/Frameworks/CoreImage.framework/Versions/A/CoreImage
0x0000000009858000 	/System/Library/Frameworks/CoreText.framework/Versions/A/CoreText
0x0000000009858000 	/System/Library/Frameworks/ImageIO.framework/Versions/A/ImageIO
0x0000000009858000 	/System/Library/PrivateFrameworks/Backup.framework/Versions/A/Backup
0x0000000009858000 	/usr/lib/libextension.dylib
0x0000000009858000 	/usr/lib/libarchive.2.dylib
0x000000010cf2d000 	/System/Library/Frameworks/CFNetwork.framework/Versions/A/CFNetwork
0x0000000009858000 	/System/Library/Frameworks/SystemConfiguration.framework/Versions/A/SystemConfiguration
0x0000000009858000 	/usr/lib/libCRFSuite.dylib
0x0000000009858000 	/usr/lib/libc++.1.dylib
0x0000000009858000 	/usr/lib/libc++abi.dylib
0x0000000009858000 	/usr/lib/system/libcache.dylib
0x0000000009858000 	/usr/lib/system/libcommonCrypto.dylib
0x0000000009858000 	/usr/lib/system/libcompiler_rt.dylib
0x0000000009858000 	/usr/lib/system/libcopyfile.dylib
0x0000000009858000 	/usr/lib/system/libcorecrypto.dylib
0x0000000009858000 	/usr/lib/system/libdispatch.dylib
0x0000000009858000 	/usr/lib/system/libdyld.dylib
0x0000000009858000 	/usr/lib/system/libkeymgr.dylib
0x000000010d3a3000 	/usr/lib/system/liblaunch.dylib
0x0000000009858000 	/usr/lib/system/libmacho.dylib
0x0000000009858000 	/usr/lib/system/libquarantine.dylib
0x0000000009858000 	/usr/lib/system/libremovefile.dylib
0x0000000009858000 	/usr/lib/system/libsystem_asl.dylib
0x0000000009858000 	/usr/lib/system/libsystem_blocks.dylib
0x0000000009858000 	/usr/lib/system/libsystem_c.dylib
0x0000000009858000 	/usr/lib/system/libsystem_configuration.dylib
0x0000000009858000 	/usr/lib/system/libsystem_coreservices.dylib
0x0000000009858000 	/usr/lib/system/libsystem_coretls.dylib
0x0000000009858000 	/usr/lib/system/libsystem_dnssd.dylib
0x0000000009858000 	/usr/lib/system/libsystem_info.dylib
0x0000000009858000 	/usr/lib/system/libsystem_kernel.dylib
0x0000000009858000 	/usr/lib/system/libsystem_m.dylib
0x0000000009858000 	/usr/lib/system/libsystem_malloc.dylib
0x0000000009858000 	/usr/lib/system/libsystem_network.dylib
0x0000000009858000 	/usr/lib/system/libsystem_networkextension.dylib
0x0000000009858000 	/usr/lib/system/libsystem_notify.dylib
0x0000000009858000 	/usr/lib/system/libsystem_platform.dylib
0x0000000009858000 	/usr/lib/system/libsystem_pthread.dylib
0x000000010d3af000 	/usr/lib/system/libsystem_sandbox.dylib
0x0000000009858000 	/usr/lib/system/libsystem_secinit.dylib
0x0000000009858000 	/usr/lib/system/libsystem_trace.dylib
0x0000000009858000 	/usr/lib/system/libunc.dylib
0x0000000009858000 	/usr/lib/system/libunwind.dylib
0x000000010d3bd000 	/usr/lib/system/libxpc.dylib
0x0000000009858000 	/usr/lib/libenergytrace.dylib
0x0000000009858000 	/usr/lib/libbsm.0.dylib
0x0000000009858000 	/usr/lib/system/libkxld.dylib
0x0000000009858000 	/usr/lib/libxar.1.dylib
0x000000010d408000 	/usr/lib/libsqlite3.dylib
0x0000000009858000 	/usr/lib/libpam.2.dylib
0x0000000009858000 	/usr/lib/libOpenScriptingUtil.dylib
0x0000000009858000 	/usr/lib/libbz2.1.0.dylib
0x0000000009858000 	/usr/lib/liblzma.5.dylib
0x0000000009858000 	/System/Library/Frameworks/CoreServices.framework/Versions/A/Frameworks/FSEvents.framework/Versions/A/FSEvents
0x0000000009858000 	/System/Library/Frameworks/CoreServices.framework/Versions/A/Frameworks/CarbonCore.framework/Versions/A/CarbonCore
0x0000000009858000 	/System/Library/Frameworks/CoreServices.framework/Versions/A/Frameworks/Metadata.framework/Versions/A/Metadata
0x0000000009858000 	/System/Library/Frameworks/CoreServices.framework/Versions/A/Frameworks/OSServices.framework/Versions/A/OSServices
0x0000000009858000 	/System/Library/Frameworks/CoreServices.framework/Versions/A/Frameworks/SearchKit.framework/Versions/A/SearchKit
0x0000000009858000 	/System/Library/Frameworks/CoreServices.framework/Versions/A/Frameworks/AE.framework/Versions/A/AE
0x0000000009858000 	/System/Library/Frameworks/CoreServices.framework/Versions/A/Frameworks/LaunchServices.framework/Versions/A/LaunchServices
0x0000000009858000 	/System/Library/Frameworks/CoreServices.framework/Versions/A/Frameworks/DictionaryServices.framework/Versions/A/DictionaryServices
0x0000000009858000 	/System/Library/Frameworks/CoreServices.framework/Versions/A/Frameworks/SharedFileList.framework/Versions/A/SharedFileList
0x0000000009858000 	/System/Library/Frameworks/NetFS.framework/Versions/A/NetFS
0x0000000009858000 	/System/Library/PrivateFrameworks/NetAuth.framework/Versions/A/NetAuth
0x0000000009858000 	/System/Library/PrivateFrameworks/login.framework/Versions/A/Frameworks/loginsupport.framework/Versions/A/loginsupport
0x0000000009858000 	/System/Library/PrivateFrameworks/TCC.framework/Versions/A/TCC
0x0000000009858000 	/usr/lib/libmecabra.dylib
0x0000000009858000 	/System/Library/Frameworks/ApplicationServices.framework/Versions/A/Frameworks/ATS.framework/Versions/A/ATS
0x0000000009858000 	/System/Library/Frameworks/ApplicationServices.framework/Versions/A/Frameworks/ColorSync.framework/Versions/A/ColorSync
0x0000000009858000 	/System/Library/Frameworks/ApplicationServices.framework/Versions/A/Frameworks/HIServices.framework/Versions/A/HIServices
0x0000000009858000 	/System/Library/Frameworks/ApplicationServices.framework/Versions/A/Frameworks/LangAnalysis.framework/Versions/A/LangAnalysis
0x0000000009858000 	/System/Library/Frameworks/ApplicationServices.framework/Versions/A/Frameworks/PrintCore.framework/Versions/A/PrintCore
0x0000000009858000 	/System/Library/Frameworks/ApplicationServices.framework/Versions/A/Frameworks/QD.framework/Versions/A/QD
0x0000000009858000 	/System/Library/Frameworks/ApplicationServices.framework/Versions/A/Frameworks/SpeechSynthesis.framework/Versions/A/SpeechSynthesis
0x0000000009858000 	/System/Library/Frameworks/Metal.framework/Versions/A/Metal
0x0000000009858000 	/System/Library/Frameworks/Accelerate.framework/Versions/A/Frameworks/vImage.framework/Versions/A/vImage
0x0000000009858000 	/System/Library/Frameworks/Accelerate.framework/Versions/A/Frameworks/vecLib.framework/Versions/A/vecLib
0x0000000009858000 	/System/Library/Frameworks/Accelerate.framework/Versions/A/Frameworks/vecLib.framework/Versions/A/libvDSP.dylib
0x0000000009858000 	/System/Library/Frameworks/Accelerate.framework/Versions/A/Frameworks/vecLib.framework/Versions/A/libvMisc.dylib
0x0000000009858000 	/System/Library/Frameworks/Accelerate.framework/Versions/A/Frameworks/vecLib.framework/Versions/A/libLAPACK.dylib
0x0000000009858000 	/System/Library/Frameworks/Accelerate.framework/Versions/A/Frameworks/vecLib.framework/Versions/A/libBLAS.dylib
0x0000000009858000 	/System/Library/Frameworks/Accelerate.framework/Versions/A/Frameworks/vecLib.framework/Versions/A/libLinearAlgebra.dylib
0x0000000009858000 	/System/Library/Frameworks/Accelerate.framework/Versions/A/Frameworks/vecLib.framework/Versions/A/libSparseBLAS.dylib
0x0000000009858000 	/System/Library/PrivateFrameworks/GPUCompiler.framework/libmetal_timestamp.dylib
0x0000000009858000 	/System/Library/Frameworks/OpenGL.framework/Versions/A/Libraries/libCoreFSCache.dylib
0x0000000009858000 	/System/Library/PrivateFrameworks/IOAccelerator.framework/Versions/A/IOAccelerator
0x0000000009858000 	/System/Library/Frameworks/ApplicationServices.framework/Versions/A/Frameworks/ATS.framework/Versions/A/Resources/libFontParser.dylib
0x0000000009858000 	/System/Library/Frameworks/ApplicationServices.framework/Versions/A/Frameworks/ATS.framework/Versions/A/Resources/libFontRegistry.dylib
0x0000000009858000 	/System/Library/PrivateFrameworks/AppleVPA.framework/Versions/A/AppleVPA
0x0000000009858000 	/System/Library/PrivateFrameworks/AppleJPEG.framework/Versions/A/AppleJPEG
0x0000000009858000 	/System/Library/Frameworks/ImageIO.framework/Versions/A/Resources/libJPEG.dylib
0x0000000009858000 	/System/Library/Frameworks/ImageIO.framework/Versions/A/Resources/libTIFF.dylib
0x0000000009858000 	/System/Library/Frameworks/ImageIO.framework/Versions/A/Resources/libPng.dylib
0x0000000009858000 	/System/Library/Frameworks/ImageIO.framework/Versions/A/Resources/libGIF.dylib
0x0000000009858000 	/System/Library/Frameworks/ImageIO.framework/Versions/A/Resources/libJP2.dylib
0x0000000009858000 	/System/Library/Frameworks/ImageIO.framework/Versions/A/Resources/libRadiance.dylib
0x0000000009858000 	/System/Library/Frameworks/CoreVideo.framework/Versions/A/CoreVideo
0x0000000009858000 	/System/Library/Frameworks/OpenGL.framework/Versions/A/Libraries/libGLU.dylib
0x0000000009858000 	/System/Library/Frameworks/OpenGL.framework/Versions/A/Libraries/libGFXShared.dylib
0x0000000009858000 	/System/Library/Frameworks/OpenGL.framework/Versions/A/Libraries/libGL.dylib
0x0000000009858000 	/System/Library/Frameworks/OpenGL.framework/Versions/A/Libraries/libGLImage.dylib
0x0000000009858000 	/System/Library/Frameworks/OpenGL.framework/Versions/A/Libraries/libCVMSPluginSupport.dylib
0x0000000009858000 	/System/Library/Frameworks/OpenGL.framework/Versions/A/Libraries/libCoreVMClient.dylib
0x0000000009858000 	/usr/lib/libcups.2.dylib
0x0000000009858000 	/System/Library/Frameworks/Kerberos.framework/Versions/A/Kerberos
0x0000000009858000 	/System/Library/Frameworks/GSS.framework/Versions/A/GSS
0x0000000009858000 	/usr/lib/libresolv.9.dylib
0x0000000009858000 	/usr/lib/libiconv.2.dylib
0x0000000009858000 	/System/Library/PrivateFrameworks/Heimdal.framework/Versions/A/Heimdal
0x0000000009858000 	/usr/lib/libheimdal-asn1.dylib
0x0000000009858000 	/System/Library/Frameworks/OpenDirectory.framework/Versions/A/OpenDirectory
0x0000000009858000 	/System/Library/PrivateFrameworks/CommonAuth.framework/Versions/A/CommonAuth
0x0000000009858000 	/System/Library/Frameworks/OpenDirectory.framework/Versions/A/Frameworks/CFOpenDirectory.framework/Versions/A/CFOpenDirectory
0x0000000009858000 	/System/Library/Frameworks/SecurityFoundation.framework/Versions/A/SecurityFoundation
0x0000000009858000 	/System/Library/PrivateFrameworks/LanguageModeling.framework/Versions/A/LanguageModeling
0x0000000009858000 	/usr/lib/libmarisa.dylib
0x0000000009858000 	/usr/lib/libChineseTokenizer.dylib
0x0000000009858000 	/usr/lib/libcmph.dylib
0x0000000009858000 	/usr/lib/libcompression.dylib
0x000000010d547000 	/System/Library/Frameworks/ServiceManagement.framework/Versions/A/ServiceManagement
0x0000000009858000 	/usr/lib/libxslt.1.dylib
0x0000000009858000 	/System/Library/Frameworks/Carbon.framework/Versions/A/Frameworks/Ink.framework/Versions/A/Ink
0x0000000009858000 	/usr/lib/libFosl_dynamic.dylib
0x0000000009858000 	/System/Library/PrivateFrameworks/FaceCore.framework/Versions/A/FaceCore
0x0000000009858000 	/System/Library/Frameworks/OpenCL.framework/Versions/A/OpenCL
0x0000000009858000 	/System/Library/PrivateFrameworks/CrashReporterSupport.framework/Versions/A/CrashReporterSupport
0x0000000009858000 	/System/Library/PrivateFrameworks/IconServices.framework/Versions/A/IconServices
0x0000000009858000 	/System/Library/PrivateFrameworks/Apple80211.framework/Versions/A/Apple80211
0x0000000009858000 	/System/Library/Frameworks/CoreWLAN.framework/Versions/A/CoreWLAN
0x0000000009858000 	/System/Library/Frameworks/IOBluetooth.framework/Versions/A/IOBluetooth
0x0000000009858000 	/System/Library/PrivateFrameworks/CoreWiFi.framework/Versions/A/CoreWiFi
0x0000000009858000 	/System/Library/Frameworks/CoreBluetooth.framework/Versions/A/CoreBluetooth
0x0000000009858000 	/System/Library/PrivateFrameworks/ChunkingLibrary.framework/Versions/A/ChunkingLibrary
0x0000000009858000 	/System/Library/PrivateFrameworks/DebugSymbols.framework/Versions/A/DebugSymbols
0x0000000009858000 	/System/Library/PrivateFrameworks/CoreSymbolication.framework/Versions/A/CoreSymbolication
0x0000000009858000 	/System/Library/PrivateFrameworks/Symbolication.framework/Versions/A/Symbolication
0x0000000009858000 	/System/Library/PrivateFrameworks/SpeechRecognitionCore.framework/Versions/A/SpeechRecognitionCore
0x000000010e800000 	/Library/Java/JavaVirtualMachines/jdk1.8.0_51.jdk/Contents/Home/jre/lib/server/libjvm.dylib
0x000000010f769000 	/usr/lib/libstdc++.6.dylib
0x000000010d7ac000 	/Library/Java/JavaVirtualMachines/jdk1.8.0_51.jdk/Contents/Home/jre/lib/libverify.dylib
0x000000010d7ba000 	/Library/Java/JavaVirtualMachines/jdk1.8.0_51.jdk/Contents/Home/jre/lib/libjava.dylib
0x000000010d7f7000 	/Library/Java/JavaVirtualMachines/jdk1.8.0_51.jdk/Contents/Home/jre/lib/libzip.dylib
0x000000012a8d6000 	/System/Library/Frameworks/JavaVM.framework/Frameworks/JavaRuntimeSupport.framework/JavaRuntimeSupport
0x000000012a8f1000 	/System/Library/Frameworks/JavaVM.framework/Versions/A/Frameworks/JavaNativeFoundation.framework/Versions/A/JavaNativeFoundation
0x000000012a906000 	/System/Library/Frameworks/JavaVM.framework/Versions/A/JavaVM
0x0000000009858000 	/System/Library/Frameworks/Carbon.framework/Versions/A/Carbon
0x000000012a913000 	/System/Library/PrivateFrameworks/JavaLaunching.framework/Versions/A/JavaLaunching
0x0000000009858000 	/System/Library/Frameworks/Carbon.framework/Versions/A/Frameworks/CommonPanels.framework/Versions/A/CommonPanels
0x0000000009858000 	/System/Library/Frameworks/Carbon.framework/Versions/A/Frameworks/Help.framework/Versions/A/Help
0x0000000009858000 	/System/Library/Frameworks/Carbon.framework/Versions/A/Frameworks/ImageCapture.framework/Versions/A/ImageCapture
0x0000000009858000 	/System/Library/Frameworks/Carbon.framework/Versions/A/Frameworks/OpenScripting.framework/Versions/A/OpenScripting
0x0000000009858000 	/System/Library/Frameworks/Carbon.framework/Versions/A/Frameworks/Print.framework/Versions/A/Print
0x0000000009858000 	/System/Library/Frameworks/Carbon.framework/Versions/A/Frameworks/SecurityHI.framework/Versions/A/SecurityHI
0x000000012cda2000 	/Library/Java/JavaVirtualMachines/jdk1.8.0_51.jdk/Contents/Home/jre/lib/libnet.dylib
0x000000012cfbd000 	/Library/Java/JavaVirtualMachines/jdk1.8.0_51.jdk/Contents/Home/jre/lib/libawt.dylib
0x000000012d065000 	/Library/Java/JavaVirtualMachines/jdk1.8.0_51.jdk/Contents/Home/jre/lib/./libmlib_image.dylib
0x000000012d131000 	/Library/Java/JavaVirtualMachines/jdk1.8.0_51.jdk/Contents/Home/jre/lib/libawt_lwawt.dylib
0x000000012d1e5000 	/Library/Java/JavaVirtualMachines/jdk1.8.0_51.jdk/Contents/Home/jre/lib/./libosxapp.dylib
0x0000000009858000 	/System/Library/Frameworks/ExceptionHandling.framework/Versions/A/ExceptionHandling
0x0000000009858000 	/System/Library/PrivateFrameworks/CoreServicesInternal.framework/Versions/A/CoreServicesInternal
0x0000000009858000 	/System/Library/Frameworks/CoreGraphics.framework/Versions/A/Resources/libRIP.A.dylib
0x000000012e298000 	/System/Library/Frameworks/Accelerate.framework/Frameworks/vImage.framework/Versions/A/Libraries/libCGInterfaces.dylib
0x0000000009858000 	/System/Library/Frameworks/CoreGraphics.framework/Versions/A/Resources/libCGXType.A.dylib
0x0000000009858000 	/System/Library/Frameworks/OpenCL.framework/Versions/A/Libraries/libcldcpuengine.dylib
0x0000000009858000 	/System/Library/PrivateFrameworks/DiskImages.framework/Versions/A/DiskImages
0x0000000009858000 	/System/Library/Frameworks/DiscRecording.framework/Versions/A/DiscRecording
0x0000000009858000 	/usr/lib/libcsfde.dylib
0x0000000009858000 	/usr/lib/libcurl.4.dylib
0x0000000009858000 	/System/Library/PrivateFrameworks/MediaKit.framework/Versions/A/MediaKit
0x0000000009858000 	/System/Library/PrivateFrameworks/ProtectedCloudStorage.framework/Versions/A/ProtectedCloudStorage
0x0000000009858000 	/usr/lib/libCoreStorage.dylib
0x0000000009858000 	/System/Library/PrivateFrameworks/EFILogin.framework/Versions/A/EFILogin
0x0000000009858000 	/usr/lib/libutil.dylib
0x0000000009858000 	/System/Library/PrivateFrameworks/FindMyDevice.framework/Versions/A/FindMyDevice
0x0000000009858000 	/System/Library/Frameworks/LDAP.framework/Versions/A/LDAP
0x0000000009858000 	/usr/lib/libsasl2.2.dylib
0x0000000009858000 	/System/Library/PrivateFrameworks/CoreDaemon.framework/Versions/B/CoreDaemon
0x0000000009858000 	/usr/lib/libcrypto.0.9.8.dylib
0x0000000009858000 	/System/Library/PrivateFrameworks/AppleSRP.framework/Versions/A/AppleSRP
0x0000000009858000 	/System/Library/PrivateFrameworks/TrustEvaluationAgent.framework/Versions/A/TrustEvaluationAgent
0x000000012f2fb000 	cl_kernels
0x0000000009858000 	/System/Library/Frameworks/OpenCL.framework/Versions/A/Libraries/ImageFormats/unorm8_bgra.dylib
0x0000000009858000 	/System/Library/Frameworks/OpenCL.framework/Versions/A/Libraries/ImageFormats/unorm8_rgba.dylib
0x0000000009858000 	/System/Library/PrivateFrameworks/FamilyControls.framework/Versions/A/FamilyControls
0x0000000009858000 	/System/Library/PrivateFrameworks/CommerceKit.framework/Versions/A/Frameworks/CommerceCore.framework/Versions/A/CommerceCore
0x0000000009858000 	/System/Library/PrivateFrameworks/SystemAdministration.framework/Versions/A/SystemAdministration
0x0000000009858000 	/System/Library/PrivateFrameworks/AppContainer.framework/Versions/A/AppContainer
0x0000000009858000 	/System/Library/PrivateFrameworks/SecCodeWrapper.framework/Versions/A/SecCodeWrapper
0x0000000009858000 	/System/Library/Frameworks/DirectoryService.framework/Versions/A/DirectoryService
0x0000000009858000 	/System/Library/PrivateFrameworks/LoginUIKit.framework/Versions/A/Frameworks/LoginUICore.framework/Versions/A/LoginUICore
0x0000000009858000 	/usr/lib/libodfde.dylib
0x0000000130449000 	/Library/Java/JavaVirtualMachines/jdk1.8.0_51.jdk/Contents/Home/jre/lib/libfontmanager.dylib
0x00000001306b0000 	/System/Library/Frameworks/OpenGL.framework/Resources/GLEngine.bundle/GLEngine
0x0000000009858000 	/System/Library/Frameworks/OpenGL.framework/Versions/A/Libraries/libGLProgrammability.dylib
0x0000000130898000 	/System/Library/Extensions/AppleIntelHD5000GraphicsGLDriver.bundle/Contents/MacOS/AppleIntelHD5000GraphicsGLDriver
0x0000000009858000 	/System/Library/PrivateFrameworks/GPUSupport.framework/Versions/A/Libraries/libGPUSupportMercury.dylib
0x0000000009858000 	/System/Library/Extensions/GeForceGLDriver.bundle/Contents/MacOS/GeForceGLDriver
0x0000000009858000 	/System/Library/Extensions/GeForceGLDriver.bundle/Contents/MacOS/libclh.dylib
0x000000012c6ee000 	/System/Library/Frameworks/OpenGL.framework/Resources//GLRendererFloat.bundle/GLRendererFloat
0x0000000131f8a000 	/Library/Java/JavaVirtualMachines/jdk1.8.0_51.jdk/Contents/Home/jre/lib/libnio.dylib
0x00000001310e8000 	/private/var/folders/8t/15tm31s13l7_hyd5ns7q7dmw0000gn/T/jna/jna4602284199598668195.tmp
0x00000001314e2000 	/Users/nspotrepka/Code/Clojure/supertone/target/native/macosx/x86_64/libscsynth.dylib
0x000000012c5e8000 	/Library/Java/JavaVirtualMachines/jdk1.8.0_51.jdk/Contents/Home/jre/lib/libjsound.dylib
0x00000001311e0000 	/System/Library/Frameworks/CoreMIDI.framework/Versions/A/CoreMIDI
0x00000001315e6000 	/usr/lib/libexpat.1.dylib
0x000000012c5fb000 	/System/Library/Extensions/AppleHDA.kext/Contents/PlugIns/AppleHDAHALPlugIn.bundle/Contents/MacOS/AppleHDAHALPlugIn
0x0000000131609000 	/Library/Audio/Plug-Ins/HAL/JackRouter.plugin/Contents/MacOS/JackRouter
0x000000013168c000 	/System/Library/Frameworks/Jackmp.framework/Versions/A/Jackmp
0x0000000131154000 	/Library/Java/JavaVirtualMachines/jdk1.8.0_51.jdk/Contents/Home/jre/lib/libmanagement.dylib
0x0000000131240000 	/Users/nspotrepka/Code/Clojure/supertone/target/native/macosx/x86_64/AmbisonicUGens.scx
0x0000000133485000 	/Users/nspotrepka/Code/Clojure/supertone/target/native/macosx/x86_64/AtkUGens.scx
0x000000013164b000 	/Users/nspotrepka/Code/Clojure/supertone/target/native/macosx/x86_64/AY_UGen.scx
0x0000000131652000 	/Users/nspotrepka/Code/Clojure/supertone/target/native/macosx/x86_64/BatPVUgens.scx
0x000000013165a000 	/Users/nspotrepka/Code/Clojure/supertone/target/native/macosx/x86_64/BatUGens.scx
0x00000001316f5000 	/Users/nspotrepka/Code/Clojure/supertone/target/native/macosx/x86_64/BBCut2UGens.scx
0x000000013349e000 	/Users/nspotrepka/Code/Clojure/supertone/target/native/macosx/x86_64/BerlachUGens.scx
0x00000001316fd000 	/Users/nspotrepka/Code/Clojure/supertone/target/native/macosx/x86_64/BetablockerUGens.scx
0x00000001334af000 	/Users/nspotrepka/Code/Clojure/supertone/target/native/macosx/x86_64/BhobChaos.scx
0x00000001334ba000 	/Users/nspotrepka/Code/Clojure/supertone/target/native/macosx/x86_64/BhobFFT.scx
0x00000001334cd000 	/Users/nspotrepka/Code/Clojure/supertone/target/native/macosx/x86_64/BhobFilt.scx
0x0000000131705000 	/Users/nspotrepka/Code/Clojure/supertone/target/native/macosx/x86_64/BhobGrain.scx
0x00000001334df000 	/Users/nspotrepka/Code/Clojure/supertone/target/native/macosx/x86_64/BhobNoise.scx
0x00000001334e8000 	/Users/nspotrepka/Code/Clojure/supertone/target/native/macosx/x86_64/BinaryOpUGens.scx
0x0000000133511000 	/Users/nspotrepka/Code/Clojure/supertone/target/native/macosx/x86_64/BlackrainUGens.scx
0x0000000133516000 	/Users/nspotrepka/Code/Clojure/supertone/target/native/macosx/x86_64/ChaosUGens.scx
0x000000013351f000 	/Users/nspotrepka/Code/Clojure/supertone/target/native/macosx/x86_64/Concat.scx
0x0000000133526000 	/Users/nspotrepka/Code/Clojure/supertone/target/native/macosx/x86_64/DelayUGens.scx
0x0000000133551000 	/Users/nspotrepka/Code/Clojure/supertone/target/native/macosx/x86_64/DemandUGens.scx
0x000000013355c000 	/Users/nspotrepka/Code/Clojure/supertone/target/native/macosx/x86_64/DiskIO_UGens.scx
0x00000001335d2000 	/Users/nspotrepka/Code/Clojure/supertone/target/native/macosx/x86_64/DistortionUGens.scx
0x00000001335d6000 	/Users/nspotrepka/Code/Clojure/supertone/target/native/macosx/x86_64/DynNoiseUGens.scx
0x00000001335db000 	/Users/nspotrepka/Code/Clojure/supertone/target/native/macosx/x86_64/FFT_UGens.scx
0x00000001335fb000 	/Users/nspotrepka/Code/Clojure/supertone/target/native/macosx/x86_64/FilterUGens.scx
0x0000000133617000 	/Users/nspotrepka/Code/Clojure/supertone/target/native/macosx/x86_64/GendynUGens.scx
0x000000013361c000 	/Users/nspotrepka/Code/Clojure/supertone/target/native/macosx/x86_64/GlitchUGens.scx
0x0000000133621000 	/Users/nspotrepka/Code/Clojure/supertone/target/native/macosx/x86_64/GrainUGens.scx
0x0000000133634000 	/Users/nspotrepka/Code/Clojure/supertone/target/native/macosx/x86_64/IOUGens.scx
0x000000013363c000 	/Users/nspotrepka/Code/Clojure/supertone/target/native/macosx/x86_64/JoshAmbiUGens.scx
0x0000000133649000 	/Users/nspotrepka/Code/Clojure/supertone/target/native/macosx/x86_64/JoshGrainUGens.scx
0x0000000133674000 	/Users/nspotrepka/Code/Clojure/supertone/target/native/macosx/x86_64/JoshPVUGens.scx
0x0000000133691000 	/Users/nspotrepka/Code/Clojure/supertone/target/native/macosx/x86_64/JoshUGens.scx
0x00000001336ab000 	/Users/nspotrepka/Code/Clojure/supertone/target/native/macosx/x86_64/KeyboardUGens.scx
0x00000001336b0000 	/Users/nspotrepka/Code/Clojure/supertone/target/native/macosx/x86_64/LadspaUGen.scx
0x00000001336b4000 	/Users/nspotrepka/Code/Clojure/supertone/target/native/macosx/x86_64/LFUGens.scx
0x00000001336c7000 	/Users/nspotrepka/Code/Clojure/supertone/target/native/macosx/x86_64/LoopBuf.scx
0x00000001336cc000 	/Users/nspotrepka/Code/Clojure/supertone/target/native/macosx/x86_64/MCLDBufferUGens.scx
0x00000001336d1000 	/Users/nspotrepka/Code/Clojure/supertone/target/native/macosx/x86_64/MCLDCepstrumUGens.scx
0x00000001336e1000 	/Users/nspotrepka/Code/Clojure/supertone/target/native/macosx/x86_64/MCLDChaosUGens.scx
0x00000001336e7000 	/Users/nspotrepka/Code/Clojure/supertone/target/native/macosx/x86_64/MCLDDistortionUGens.scx
0x00000001336eb000 	/Users/nspotrepka/Code/Clojure/supertone/target/native/macosx/x86_64/MCLDFFTUGens.scx
0x0000000133700000 	/Users/nspotrepka/Code/Clojure/supertone/target/native/macosx/x86_64/MCLDFilterUGens.scx
0x0000000133704000 	/Users/nspotrepka/Code/Clojure/supertone/target/native/macosx/x86_64/MCLDGetenvUGen.scx
0x0000000133708000 	/Users/nspotrepka/Code/Clojure/supertone/target/native/macosx/x86_64/MCLDOscUGens.scx
0x000000013370c000 	/Users/nspotrepka/Code/Clojure/supertone/target/native/macosx/x86_64/MCLDPollUGens.scx
0x0000000133710000 	/Users/nspotrepka/Code/Clojure/supertone/target/native/macosx/x86_64/MCLDSOMUGens.scx
0x0000000133716000 	/Users/nspotrepka/Code/Clojure/supertone/target/native/macosx/x86_64/MCLDTreeUGens.scx
0x000000013371b000 	/Users/nspotrepka/Code/Clojure/supertone/target/native/macosx/x86_64/MCLDTriggeredStatsUgens.scx
0x000000013371f000 	/Users/nspotrepka/Code/Clojure/supertone/target/native/macosx/x86_64/MdaUGens.scx
0x0000000133841000 	/Users/nspotrepka/Code/Clojure/supertone/target/native/macosx/x86_64/MembraneUGens.scx
0x0000000133846000 	/Users/nspotrepka/Code/Clojure/supertone/target/native/macosx/x86_64/ML_UGens.scx
0x0000000133879000 	/Users/nspotrepka/Code/Clojure/supertone/target/native/macosx/x86_64/MouseUGens.scx
0x000000013387f000 	/Users/nspotrepka/Code/Clojure/supertone/target/native/macosx/x86_64/MulAddUGens.scx
0x0000000133886000 	/Users/nspotrepka/Code/Clojure/supertone/target/native/macosx/x86_64/NCAnalysisUGens.scx
0x00000001338a5000 	/Users/nspotrepka/Code/Clojure/supertone/target/native/macosx/x86_64/NoiseUGens.scx
0x00000001338ac000 	/Users/nspotrepka/Code/Clojure/supertone/target/native/macosx/x86_64/OscUGens.scx
0x00000001338bc000 	/Users/nspotrepka/Code/Clojure/supertone/target/native/macosx/x86_64/PanUGens.scx
0x00000001338c5000 	/Users/nspotrepka/Code/Clojure/supertone/target/native/macosx/x86_64/PhysicalModelingUGens.scx
0x00000001338c9000 	/Users/nspotrepka/Code/Clojure/supertone/target/native/macosx/x86_64/PitchDetection.scx
0x00000001338d0000 	/Users/nspotrepka/Code/Clojure/supertone/target/native/macosx/x86_64/PV_ThirdParty.scx
0x00000001338e4000 	/Users/nspotrepka/Code/Clojure/supertone/target/native/macosx/x86_64/ReverbUGens.scx
0x00000001338ec000 	/Users/nspotrepka/Code/Clojure/supertone/target/native/macosx/x86_64/RFWUGens.scx
0x00000001338f0000 	/Users/nspotrepka/Code/Clojure/supertone/target/native/macosx/x86_64/RMEQSuite.scx
0x00000001338f8000 	/Users/nspotrepka/Code/Clojure/supertone/target/native/macosx/x86_64/SLUGens.scx
0x0000000133907000 	/Users/nspotrepka/Code/Clojure/supertone/target/native/macosx/x86_64/StkUGens.scx
0x00000001339b4000 	/Users/nspotrepka/Code/Clojure/supertone/target/native/macosx/x86_64/SummerUGens.scx
0x00000001339b9000 	/Users/nspotrepka/Code/Clojure/supertone/target/native/macosx/x86_64/TagSystemUgens.scx
0x00000001339bf000 	/Users/nspotrepka/Code/Clojure/supertone/target/native/macosx/x86_64/TestUGens.scx
0x00000001339c3000 	/Users/nspotrepka/Code/Clojure/supertone/target/native/macosx/x86_64/TJUGens.scx
0x00000001339cd000 	/Users/nspotrepka/Code/Clojure/supertone/target/native/macosx/x86_64/TriggerUGens.scx
0x00000001339d9000 	/Users/nspotrepka/Code/Clojure/supertone/target/native/macosx/x86_64/UnaryOpUGens.scx
0x00000001339ef000 	/Users/nspotrepka/Code/Clojure/supertone/target/native/macosx/x86_64/UnpackFFTUGens.scx
0x00000001339fb000 	/Users/nspotrepka/Code/Clojure/supertone/target/native/macosx/x86_64/VBAP.scx
0x0000000133a01000 	/Users/nspotrepka/Code/Clojure/supertone/target/native/macosx/x86_64/VOSIM.scx

VM Arguments:
jvm_args: -Dfile.encoding=UTF-8 -XX:+TieredCompilation -XX:TieredStopAtLevel=1 -XX:-OmitStackTraceInFastThrow -Dclojure.compile.path=/Users/nspotrepka/Code/Clojure/supertone/target/classes -Dsupertone.version=0.1.0-SNAPSHOT -Dclojure.debug=false -Djava.library.path=/Users/nspotrepka/Code/Clojure/supertone/target/native/macosx/x86_64 
java_command: clojure.main -i /private/var/folders/8t/15tm31s13l7_hyd5ns7q7dmw0000gn/T/form-init6229442719202365005.clj
java_class_path (initial): /Users/nspotrepka/Code/Clojure/supertone/test:/Users/nspotrepka/Code/Clojure/supertone/dev:/Users/nspotrepka/Code/Clojure/supertone/live:/Users/nspotrepka/Code/Clojure/supertone/src:/Users/nspotrepka/Code/Clojure/supertone/dev-resources:/Users/nspotrepka/Code/Clojure/supertone/resources:/Users/nspotrepka/Code/Clojure/supertone/target/classes:/Users/nspotrepka/.m2/repository/overtone/scsynth-extras/3.5.7.0/scsynth-extras-3.5.7.0.jar:/Users/nspotrepka/.m2/repository/net/java/dev/jna/jna/3.4.0/jna-3.4.0.jar:/Users/nspotrepka/.m2/repository/com/miglayout/miglayout/3.7.4/miglayout-3.7.4.jar:/Users/nspotrepka/.m2/repository/overtone/at-at/1.2.0/at-at-1.2.0.jar:/Users/nspotrepka/.m2/repository/org/clojure/tools.nrepl/0.2.12/tools.nrepl-0.2.12.jar:/Users/nspotrepka/.m2/repository/clojure-complete/clojure-complete/0.2.4/clojure-complete-0.2.4.jar:/Users/nspotrepka/.m2/repository/overtone/byte-spec/0.3.1/byte-spec-0.3.1.jar:/Users/nspotrepka/.m2/repository/overtone/osc-clj/0.9.0/osc-clj-0.9.0.jar:/Users/nspotrepka/.m2/repository/com/fifesoft/rsyntaxtextarea/2.5.6/rsyntaxtextarea-2.5.6.jar:/Users/nspotrepka/.m2/repository/overtone/libs.handlers/0.2.0/libs.handlers-0.2.0.jar:/Users/nspotrepka/.m2/repository/org/swinglabs/swingx/swingx-autocomplete/1.6.3/swingx-autocomplete-1.6.3.jar:/Users/nspotrepka/.m2/repository/j18n/j18n/1.0.2/j18n-1.0.2.jar:/Users/nspotrepka/.m2/repository/org/swinglabs/swingx/swingx-plaf/1.6.3/swingx-plaf-1.6.3.jar:/Users/nspotrepka/.m2/repository/org/swinglabs/swingx/swingx-painters/1.6.3/swingx-painters-1.6.3.jar:/Users/nspotrepka/.m2/repository/com/jgoodies/forms/1.2.1/forms-1.2.1.jar:/Users/nspotrepka/.m2/repository/org/clojure/tools.namespace/0.2.11/tools.namespace-0.2.11.jar:/Users/nspotrepka/.m2/repository/org/clojure/clojure/1.7.0/clojure-1.7.0.jar:/Users/nspotrepka/.m2/repository/overtone/scsynth/3.5.7.0/scsynth-3.5.7.0.jar:/Users/nspotrepka/.m2/repository/commons-net/commons-net/3.0.1/commons-net-3.0.1.jar:/Users/nsp
Launcher Type: SUN_STANDARD

Environment Variables:
PATH=/Users/nspotrepka/.rvm/gems/ruby-2.2.1/bin:/Users/nspotrepka/.rvm/gems/ruby-2.2.1@global/bin:/Users/nspotrepka/.rvm/rubies/ruby-2.2.1/bin:/Library/Frameworks/Python.framework/Versions/3.5/bin:/Developer/NVIDIA/CUDA-7.0/bin:/Users/nspotrepka/Code/torch/install/bin:/usr/local/bin:/Library/Frameworks/Python.framework/Versions/3.4/bin:/usr/local/bin:/usr/bin:/bin:/usr/sbin:/sbin:/opt/X11/bin:/Applications/SuperCollider/SuperCollider.app/Contents/Resources:/Users/nspotrepka/.rvm/bin
SHELL=/bin/bash
DISPLAY=/private/tmp/com.apple.launchd.GHndq4qf4o/org.macosforge.xquartz:0

Signal Handlers:
SIGSEGV: [libjvm.dylib+0x58ef35], sa_mask[0]=11111111011111110111111111111111, sa_flags=SA_ONSTACK|SA_RESTART|SA_SIGINFO
SIGBUS: [libjvm.dylib+0x58ef35], sa_mask[0]=11111111011111110111111111111111, sa_flags=SA_RESTART|SA_SIGINFO
SIGFPE: [libjvm.dylib+0x46c028], sa_mask[0]=11111111011111110111111111111111, sa_flags=SA_RESTART|SA_SIGINFO
SIGPIPE: [libjvm.dylib+0x46c028], sa_mask[0]=11111111011111110111111111111111, sa_flags=SA_RESTART|SA_SIGINFO
SIGXFSZ: [libjvm.dylib+0x46c028], sa_mask[0]=11111111011111110111111111111111, sa_flags=SA_RESTART|SA_SIGINFO
SIGILL: [libjvm.dylib+0x46c028], sa_mask[0]=11111111011111110111111111111111, sa_flags=SA_RESTART|SA_SIGINFO
SIGUSR1: SIG_DFL, sa_mask[0]=11011111011111100000000111000110, sa_flags=none
SIGUSR2: [libjvm.dylib+0x46bb46], sa_mask[0]=00100000000000000000000000000000, sa_flags=SA_RESTART|SA_SIGINFO
SIGHUP: [libjvm.dylib+0x46a119], sa_mask[0]=11111111011111110111111111111111, sa_flags=SA_RESTART|SA_SIGINFO
SIGINT: [libjvm.dylib+0x46a119], sa_mask[0]=11111111011111110111111111111111, sa_flags=SA_RESTART|SA_SIGINFO
SIGTERM: [libjvm.dylib+0x46a119], sa_mask[0]=11111111011111110111111111111111, sa_flags=SA_RESTART|SA_SIGINFO
SIGQUIT: [libjvm.dylib+0x46a119], sa_mask[0]=11111111011111110111111111111111, sa_flags=SA_RESTART|SA_SIGINFO


---------------  S Y S T E M  ---------------

OS:Bsduname:Darwin 15.3.0 Darwin Kernel Version 15.3.0: Thu Dec 10 18:40:58 PST 2015; root:xnu-3248.30.4~1/RELEASE_X86_64 x86_64
rlimit: STACK 8192k, CORE 0k, NPROC 709, NOFILE 10240, AS infinity
load average:1.94 1.83 1.74

CPU:total 8 (4 cores per cpu, 2 threads per core) family 6 model 70 stepping 1, cmov, cx8, fxsr, mmx, sse, sse2, sse3, ssse3, sse4.1, sse4.2, popcnt, avx, avx2, aes, clmul, erms, rtm, lzcnt, ht, tsc, tscinvbit, bmi1, bmi2

Memory: 4k page, physical 16777216k(632576k free)

/proc/meminfo:


vm_info: Java HotSpot(TM) 64-Bit Server VM (25.51-b03) for bsd-amd64 JRE (1.8.0_51-b16), built on Jun  8 2015 18:01:11 by "java_re" with gcc 4.2.1 (Based on Apple Inc. build 5658) (LLVM build 2336.11.00)

time: Mon Apr 11 17:21:02 2016
elapsed time: 12 seconds (0d 0h 0m 12s)

