#
# A fatal error has been detected by the Java Runtime Environment:
#
#  SIGSEGV (0xb) at pc=0x000000012ff5857c, pid=70364, tid=89355
#
# JRE version: Java(TM) SE Runtime Environment (8.0_51-b16) (build 1.8.0_51-b16)
# Java VM: Java HotSpot(TM) 64-Bit Server VM (25.51-b03 mixed mode bsd-amd64 compressed oops)
# Problematic frame:
# C  [libscsynth.dylib+0x557c]  _ZN12SC_UdpInPortC2EP5Worldi+0x1be
#
# Failed to write core dump. Core dumps have been disabled. To enable core dumping, try "ulimit -c unlimited" before starting Java again
#
# If you would like to submit a bug report, please visit:
#   http://bugreport.java.com/bugreport/crash.jsp
# The crash happened outside the Java Virtual Machine in native code.
# See problematic frame for where to report the bug.
#

---------------  T H R E A D  ---------------

Current thread (0x00007fc43c256000):  JavaThread "Thread-12" daemon [_thread_in_native, id=89355, stack(0x000070000384b000,0x000070000394b000)]

siginfo: si_signo: 11 (SIGSEGV), si_code: 1 (SEGV_MAPERR), si_addr: 0x0000000000000160

Registers:
RAX=0x0000000000000000, RBX=0x0000000000000000, RCX=0x00000000ffffffff, RDX=0x0000000000000000
RSP=0x0000700003949e00, RBP=0x0000700003949e80, RSI=0x0000000000000003, RDI=0x00007fff7cb6f118
R8 =0x0000000000015f03, R9 =0x0000000000000000, R10=0x000000000000002c, R11=0x0000000000000206
R12=0x0000000000000004, R13=0x0000000000000002, R14=0x00007fc43d09b800, R15=0x0000700003c5d000
RIP=0x000000012ff5857c, EFLAGS=0x0000000000010202, ERR=0x0000000000000004
  TRAPNO=0x000000000000000e

Top of Stack: (sp=0x0000700003949e00)
0x0000700003949e00:   0000000000000000 0001000003949e80
0x0000700003949e10:   0000700003949e30 00007fff9c5250dc
0x0000700003949e20:   0000000000000000 0000000000010048
0x0000700003949e30:   0000000a0000003f 000000028d93e7de
0x0000700003949e40:   00007fc43d09b800 0000000000000000
0x0000700003949e50:   0000700003949e80 000000012ff77614
0x0000700003949e60:   0000000000000001 000070000394a5e8
0x0000700003949e70:   0000700003949e80 000000012ff4bd1c
0x0000700003949e80:   000000000000000a 000070000394a680
0x0000700003949e90:   0000700003949f80 000000012ff4b884
0x0000700003949ea0:   ffffffffffffffff 00000000ffffffff
0x0000700003949eb0:   000000010deac650 0000700003949f30
0x0000700003949ec0:   000070000394a650 0000700003949f40
0x0000700003949ed0:   0000700003949f30 0000700003949f44
0x0000700003949ee0:   000070000394a4f0 000070000394a680
0x0000700003949ef0:   000000012ff775f0 00007fc442a15cd0
0x0000700003949f00:   0000700003949dd0 00007fc442a15d60
0x0000700003949f10:   0000000000000002 0000000200000002
0x0000700003949f20:   0000700003949dd0 000000013c256000
0x0000700003949f30:   00007fc400000002 00007fc442a16bc0
0x0000700003949f40:   0000000100000000 f800e0622cab4b63
0x0000700003949f50:   0000700003949f80 000070000394a680
0x0000700003949f60:   00007fc442a15d70 0000000000000000
0x0000700003949f70:   00007fc442a15cd0 0000000000000001
0x0000700003949f80:   000070000394a4d0 000000012ff45f5c
0x0000700003949f90:   0000000100000000 00007fc442a15930
0x0000700003949fa0:   000070000394a4d0 000000012ff45d55
0x0000700003949fb0:   0000000000000000 0000000000000000
0x0000700003949fc0:   000070000394a4d0 000000012ff45d29
0x0000700003949fd0:   0000000000000000 0000000000000000
0x0000700003949fe0:   000070000394a1b0 000000010d9b3169
0x0000700003949ff0:   00007fc43c256000 00007fc442a15cf0 

Instructions: (pc=0x000000012ff5857c)
0x000000012ff5855c:   24 3c 02 00 00 00 c7 44 24 30 3f 00 00 00 be 02
0x000000012ff5856c:   00 00 00 48 8d 54 24 30 4c 89 ff e8 5c 13 07 00
0x000000012ff5857c:   80 bb 60 01 00 00 00 74 15 49 8d 7e 30 31 f6 48
0x000000012ff5858c:   8d 15 3e ed ff ff 4c 89 f1 e8 08 13 07 00 48 83 

Register to memory mapping:

RAX=0x0000000000000000 is an unknown value
RBX=0x0000000000000000 is an unknown value
RCX=0x00000000ffffffff is an unknown value
RDX=0x0000000000000000 is an unknown value
RSP=0x0000700003949e00 is pointing into the stack for thread: 0x00007fc43c256000
RBP=0x0000700003949e80 is pointing into the stack for thread: 0x00007fc43c256000
RSI=0x0000000000000003 is an unknown value
RDI=0x00007fff7cb6f118: _pthread_list_lock+0 in /usr/lib/system/libsystem_pthread.dylib at 0x00007fff97c29000
R8 =0x0000000000015f03 is an unknown value
R9 =0x0000000000000000 is an unknown value
R10=0x000000000000002c is an unknown value
R11=0x0000000000000206 is an unknown value
R12=0x0000000000000004 is an unknown value
R13=0x0000000000000002 is an unknown value
R14=0x00007fc43d09b800 is an unknown value
R15=0x0000700003c5d000 is an unknown value


Stack: [0x000070000384b000,0x000070000394b000],  sp=0x0000700003949e00,  free space=1019k
Native frames: (J=compiled Java code, j=interpreted, Vv=VM code, C=native code)
C  [libscsynth.dylib+0x557c]  _ZN12SC_UdpInPortC2EP5Worldi+0x1be
C  0x000070000394a680

Java frames: (J=compiled Java code, j=interpreted, Vv=VM code)
j  overtone.sc.machinery.server.native.lib_1aa4946a_e00c_4e32_9956_30c44d8bd609.World_OpenUDP(Lcom/sun/jna/Pointer;I)I+0
j  overtone.sc.machinery.server.native$eval4494$fn__4495.invoke(Ljava/lang/Object;Ljava/lang/Object;)Ljava/lang/Object;+15
j  overtone.sc.machinery.server.native$scsynth_listen_udp.invoke(Ljava/lang/Object;Ljava/lang/Object;)Ljava/lang/Object;+55
j  overtone.sc.machinery.server.connection$internal_booter.invoke(Ljava/lang/Object;)Ljava/lang/Object;+201
j  overtone.sc.machinery.server.connection$boot_internal_server$fn__4587.invoke()Ljava/lang/Object;+13
j  clojure.lang.AFn.run()V+1
j  java.lang.Thread.run()V+11
v  ~StubRoutines::call_stub

---------------  P R O C E S S  ---------------

Java Threads: ( => current thread )
=>0x00007fc43c256000 JavaThread "Thread-12" daemon [_thread_in_native, id=89355, stack(0x000070000384b000,0x000070000394b000)]
  0x00007fc43c0f1800 JavaThread "Java Sound MidiInDevice Thread" [_thread_in_native, id=89611, stack(0x0000700003748000,0x0000700003848000)]
  0x00007fc43d15e800 JavaThread "pool-3-thread-10" [_thread_blocked, id=48659, stack(0x0000700002000000,0x0000700002100000)]
  0x00007fc43c259800 JavaThread "pool-3-thread-9" [_thread_blocked, id=72195, stack(0x000070000353f000,0x000070000363f000)]
  0x00007fc43c9d7000 JavaThread "pool-3-thread-8" [_thread_blocked, id=71683, stack(0x000070000343c000,0x000070000353c000)]
  0x00007fc43e812000 JavaThread "AWT-Shutdown" [_thread_blocked, id=71431, stack(0x0000700003339000,0x0000700003439000)]
  0x00007fc43db9d800 JavaThread "pool-3-thread-7" [_thread_blocked, id=70659, stack(0x0000700003236000,0x0000700003336000)]
  0x00007fc43d457000 JavaThread "pool-2-thread-10" [_thread_blocked, id=70147, stack(0x0000700003133000,0x0000700003233000)]
  0x00007fc43d456000 JavaThread "pool-2-thread-9" [_thread_blocked, id=69635, stack(0x0000700003030000,0x0000700003130000)]
  0x00007fc43d35e000 JavaThread "pool-2-thread-8" [_thread_blocked, id=69123, stack(0x0000700002f2d000,0x000070000302d000)]
  0x00007fc43d44c800 JavaThread "pool-2-thread-7" [_thread_blocked, id=68611, stack(0x0000700002e2a000,0x0000700002f2a000)]
  0x00007fc43c259000 JavaThread "pool-2-thread-6" [_thread_blocked, id=68099, stack(0x0000700002d27000,0x0000700002e27000)]
  0x00007fc43c258000 JavaThread "pool-2-thread-5" [_thread_blocked, id=67587, stack(0x0000700002c24000,0x0000700002d24000)]
  0x00007fc43db7a800 JavaThread "pool-2-thread-4" [_thread_blocked, id=67075, stack(0x0000700002b21000,0x0000700002c21000)]
  0x00007fc43db80000 JavaThread "pool-2-thread-3" [_thread_blocked, id=66563, stack(0x0000700002a1e000,0x0000700002b1e000)]
  0x00007fc43d12c800 JavaThread "pool-3-thread-6" [_thread_blocked, id=66051, stack(0x000070000291b000,0x0000700002a1b000)]
  0x00007fc43c042000 JavaThread "pool-2-thread-2" [_thread_blocked, id=65539, stack(0x0000700002818000,0x0000700002918000)]
  0x00007fc43c8fc800 JavaThread "pool-2-thread-1" [_thread_blocked, id=65027, stack(0x0000700002715000,0x0000700002815000)]
  0x00007fc43d0ec000 JavaThread "pool-3-thread-5" [_thread_blocked, id=64515, stack(0x0000700002612000,0x0000700002712000)]
  0x00007fc43f824800 JavaThread "pool-3-thread-4" [_thread_blocked, id=34839, stack(0x0000700001c6e000,0x0000700001d6e000)]
  0x00007fc43db57000 JavaThread "pool-3-thread-3" [_thread_blocked, id=64003, stack(0x000070000250f000,0x000070000260f000)]
  0x00007fc43c221800 JavaThread "pool-3-thread-2" [_thread_blocked, id=63491, stack(0x000070000240c000,0x000070000250c000)]
  0x00007fc43d0d9800 JavaThread "pool-3-thread-1" [_thread_blocked, id=61455, stack(0x0000700002309000,0x0000700002409000)]
  0x00007fc43cb47000 JavaThread "Java2D Disposer" daemon [_thread_blocked, id=57611, stack(0x0000700002206000,0x0000700002306000)]
  0x00007fc43d944800 JavaThread "Java2D Queue Flusher" daemon [_thread_blocked, id=57351, stack(0x0000700002103000,0x0000700002203000)]
  0x00007fc43c128000 JavaThread "AppKit Thread" daemon [_thread_in_native, id=8715, stack(0x00007fff53a8c000,0x00007fff5428c000)]
  0x00007fc43d3bd800 JavaThread "nREPL-worker-1" daemon [_thread_blocked, id=22279, stack(0x0000700001559000,0x0000700001659000)]
  0x00007fc43c134800 JavaThread "clojure-agent-send-off-pool-7" [_thread_blocked, id=25099, stack(0x0000700000d3e000,0x0000700000e3e000)]
  0x00007fc43ca12000 JavaThread "clojure-agent-send-off-pool-6" [_thread_in_native, id=26371, stack(0x0000700001b6b000,0x0000700001c6b000)]
  0x00007fc43ca39800 JavaThread "clojure-agent-send-off-pool-5" [_thread_in_native, id=25859, stack(0x0000700001a68000,0x0000700001b68000)]
  0x00007fc43ca38000 JavaThread "clojure-agent-send-off-pool-4" [_thread_blocked, id=25347, stack(0x0000700001965000,0x0000700001a65000)]
  0x00007fc43d013000 JavaThread "Service Thread" daemon [_thread_blocked, id=21251, stack(0x0000700001353000,0x0000700001453000)]
  0x00007fc43c884000 JavaThread "C1 CompilerThread3" daemon [_thread_blocked, id=20739, stack(0x0000700001250000,0x0000700001350000)]
  0x00007fc43d001000 JavaThread "C2 CompilerThread2" daemon [_thread_blocked, id=20227, stack(0x000070000114d000,0x000070000124d000)]
  0x00007fc43d801800 JavaThread "C2 CompilerThread1" daemon [_thread_blocked, id=19715, stack(0x000070000104a000,0x000070000114a000)]
  0x00007fc43c03e800 JavaThread "C2 CompilerThread0" daemon [_thread_blocked, id=19203, stack(0x0000700000f47000,0x0000700001047000)]
  0x00007fc43c011800 JavaThread "Signal Dispatcher" daemon [_thread_blocked, id=14863, stack(0x0000700000e44000,0x0000700000f44000)]
  0x00007fc43c834800 JavaThread "Finalizer" daemon [_thread_blocked, id=14339, stack(0x0000700000c3b000,0x0000700000d3b000)]
  0x00007fc43c834000 JavaThread "Reference Handler" daemon [_thread_blocked, id=13827, stack(0x0000700000b38000,0x0000700000c38000)]
  0x00007fc43d003000 JavaThread "main" [_thread_blocked, id=3083, stack(0x000070000011a000,0x000070000021a000)]

Other Threads:
  0x00007fc43c831000 VMThread [stack: 0x0000700000a35000,0x0000700000b35000] [id=13315]
  0x00007fc43d014000 WatcherThread [stack: 0x0000700001456000,0x0000700001556000] [id=21763]

VM state:not at safepoint (normal execution)

VM Mutex/Monitor currently owned by a thread: None

Heap:
 PSYoungGen      total 513024K, used 182511K [0x000000076ab00000, 0x0000000791300000, 0x00000007c0000000)
  eden space 496128K, 33% used [0x000000076ab00000,0x0000000774eadbc0,0x0000000788f80000)
  from space 16896K, 88% used [0x0000000788f80000,0x0000000789e0e318,0x000000078a000000)
  to   space 18432K, 0% used [0x0000000790100000,0x0000000790100000,0x0000000791300000)
 ParOldGen       total 128000K, used 23208K [0x00000006c0000000, 0x00000006c7d00000, 0x000000076ab00000)
  object space 128000K, 18% used [0x00000006c0000000,0x00000006c16aa090,0x00000006c7d00000)
 Metaspace       used 40136K, capacity 54280K, committed 54528K, reserved 1089536K
  class space    used 10550K, capacity 15328K, committed 15360K, reserved 1048576K

Card table byte_map: [0x000000011da34000,0x000000011e235000] byte_map_base: 0x000000011a434000

Marking Bits: (ParMarkBitMap*) 0x000000010dec27a0
 Begin Bits: [0x000000011e78b000, 0x000000012278b000)
 End Bits:   [0x000000012278b000, 0x000000012678b000)

Polling page: 0x000000010bd80000

CodeCache: size=245760Kb used=7387Kb max_used=7387Kb free=238372Kb
 bounds [0x000000010e674000, 0x000000010edb4000, 0x000000011d674000]
 total_blobs=3509 nmethods=3012 adapters=410
 compilation: enabled

Compilation events (10 events):
Event: 85.262 Thread 0x00007fc43c884000 3010       1       sun.reflect.ReflectionFactory::checkInitted (19 bytes)
Event: 85.263 Thread 0x00007fc43c884000 nmethod 3010 0x000000010eda9810 code [0x000000010eda9980, 0x000000010eda9ae8]
Event: 85.263 Thread 0x00007fc43c884000 3011       1       java.util.LinkedHashMap$LinkedHashIterator::nextNode (54 bytes)
Event: 85.264 Thread 0x00007fc43c884000 nmethod 3011 0x000000010eda9b90 code [0x000000010eda9d20, 0x000000010eda9f98]
Event: 85.264 Thread 0x00007fc43c884000 3012       1       java.lang.reflect.Field::getDeclaringClass (5 bytes)
Event: 85.264 Thread 0x00007fc43c884000 nmethod 3012 0x000000010edaa110 code [0x000000010edaa260, 0x000000010edaa370]
Event: 85.305 Thread 0x00007fc43c884000 3014       1       java.math.BigInteger::valueOf (62 bytes)
Event: 85.305 Thread 0x00007fc43c884000 nmethod 3014 0x000000010edaa3d0 code [0x000000010edaa540, 0x000000010edaa7e8]
Event: 85.305 Thread 0x00007fc43c884000 3013       1       clojure.lang.Numbers$BigIntOps::combine (8 bytes)
Event: 85.305 Thread 0x00007fc43c884000 nmethod 3013 0x000000010edaa950 code [0x000000010edaaac0, 0x000000010edaac08]

GC Heap History (10 events):
Event: 80.345 GC heap before
{Heap before GC invocations=9 (full 2):
 PSYoungGen      total 276480K, used 8053K [0x000000076ab00000, 0x000000078c000000, 0x00000007c0000000)
  eden space 259584K, 0% used [0x000000076ab00000,0x000000076ab00000,0x000000077a880000)
  from space 16896K, 47% used [0x000000077a880000,0x000000077b05d520,0x000000077b900000)
  to   space 16384K, 0% used [0x000000078b000000,0x000000078b000000,0x000000078c000000)
 ParOldGen       total 87040K, used 16502K [0x00000006c0000000, 0x00000006c5500000, 0x000000076ab00000)
  object space 87040K, 18% used [0x00000006c0000000,0x00000006c101da58,0x00000006c5500000)
 Metaspace       used 28762K, capacity 35296K, committed 35416K, reserved 1075200K
  class space    used 7039K, capacity 9343K, committed 9344K, reserved 1048576K
Event: 80.468 GC heap after
Heap after GC invocations=9 (full 2):
 PSYoungGen      total 276480K, used 0K [0x000000076ab00000, 0x000000078c000000, 0x00000007c0000000)
  eden space 259584K, 0% used [0x000000076ab00000,0x000000076ab00000,0x000000077a880000)
  from space 16896K, 0% used [0x000000077a880000,0x000000077a880000,0x000000077b900000)
  to   space 16384K, 0% used [0x000000078b000000,0x000000078b000000,0x000000078c000000)
 ParOldGen       total 128000K, used 23176K [0x00000006c0000000, 0x00000006c7d00000, 0x000000076ab00000)
  object space 128000K, 18% used [0x00000006c0000000,0x00000006c16a2090,0x00000006c7d00000)
 Metaspace       used 28762K, capacity 35296K, committed 35416K, reserved 1075200K
  class space    used 7039K, capacity 9343K, committed 9344K, reserved 1048576K
}
Event: 80.884 GC heap before
{Heap before GC invocations=10 (full 2):
 PSYoungGen      total 276480K, used 259584K [0x000000076ab00000, 0x000000078c000000, 0x00000007c0000000)
  eden space 259584K, 100% used [0x000000076ab00000,0x000000077a880000,0x000000077a880000)
  from space 16896K, 0% used [0x000000077a880000,0x000000077a880000,0x000000077b900000)
  to   space 16384K, 0% used [0x000000078b000000,0x000000078b000000,0x000000078c000000)
 ParOldGen       total 128000K, used 23176K [0x00000006c0000000, 0x00000006c7d00000, 0x000000076ab00000)
  object space 128000K, 18% used [0x00000006c0000000,0x00000006c16a2090,0x00000006c7d00000)
 Metaspace       used 29661K, capacity 36596K, committed 36864K, reserved 1077248K
  class space    used 7432K, capacity 9927K, committed 9984K, reserved 1048576K
Event: 80.887 GC heap after
Heap after GC invocations=10 (full 2):
 PSYoungGen      total 374784K, used 3262K [0x000000076ab00000, 0x000000078b380000, 0x00000007c0000000)
  eden space 371200K, 0% used [0x000000076ab00000,0x000000076ab00000,0x0000000781580000)
  from space 3584K, 91% used [0x000000078b000000,0x000000078b32fb98,0x000000078b380000)
  to   space 16896K, 0% used [0x0000000789280000,0x0000000789280000,0x000000078a300000)
 ParOldGen       total 128000K, used 23184K [0x00000006c0000000, 0x00000006c7d00000, 0x000000076ab00000)
  object space 128000K, 18% used [0x00000006c0000000,0x00000006c16a4090,0x00000006c7d00000)
 Metaspace       used 29661K, capacity 36596K, committed 36864K, reserved 1077248K
  class space    used 7432K, capacity 9927K, committed 9984K, reserved 1048576K
}
Event: 81.199 GC heap before
{Heap before GC invocations=11 (full 2):
 PSYoungGen      total 374784K, used 374462K [0x000000076ab00000, 0x000000078b380000, 0x00000007c0000000)
  eden space 371200K, 100% used [0x000000076ab00000,0x0000000781580000,0x0000000781580000)
  from space 3584K, 91% used [0x000000078b000000,0x000000078b32fb98,0x000000078b380000)
  to   space 16896K, 0% used [0x0000000789280000,0x0000000789280000,0x000000078a300000)
 ParOldGen       total 128000K, used 23184K [0x00000006c0000000, 0x00000006c7d00000, 0x000000076ab00000)
  object space 128000K, 18% used [0x00000006c0000000,0x00000006c16a4090,0x00000006c7d00000)
 Metaspace       used 29661K, capacity 36596K, committed 36864K, reserved 1077248K
  class space    used 7432K, capacity 9927K, committed 9984K, reserved 1048576K
Event: 81.203 GC heap after
Heap after GC invocations=11 (full 2):
 PSYoungGen      total 463872K, used 3872K [0x000000076ab00000, 0x000000078b080000, 0x00000007c0000000)
  eden space 459776K, 0% used [0x000000076ab00000,0x000000076ab00000,0x0000000786c00000)
  from space 4096K, 94% used [0x0000000789280000,0x0000000789648000,0x0000000789680000)
  to   space 16896K, 0% used [0x000000078a000000,0x000000078a000000,0x000000078b080000)
 ParOldGen       total 128000K, used 23192K [0x00000006c0000000, 0x00000006c7d00000, 0x000000076ab00000)
  object space 128000K, 18% used [0x00000006c0000000,0x00000006c16a6090,0x00000006c7d00000)
 Metaspace       used 29661K, capacity 36596K, committed 36864K, reserved 1077248K
  class space    used 7432K, capacity 9927K, committed 9984K, reserved 1048576K
}
Event: 82.058 GC heap before
{Heap before GC invocations=12 (full 2):
 PSYoungGen      total 463872K, used 463648K [0x000000076ab00000, 0x000000078b080000, 0x00000007c0000000)
  eden space 459776K, 100% used [0x000000076ab00000,0x0000000786c00000,0x0000000786c00000)
  from space 4096K, 94% used [0x0000000789280000,0x0000000789648000,0x0000000789680000)
  to   space 16896K, 0% used [0x000000078a000000,0x000000078a000000,0x000000078b080000)
 ParOldGen       total 128000K, used 23192K [0x00000006c0000000, 0x00000006c7d00000, 0x000000076ab00000)
  object space 128000K, 18% used [0x00000006c0000000,0x00000006c16a6090,0x00000006c7d00000)
 Metaspace       used 32426K, capacity 41148K, committed 41472K, reserved 1079296K
  class space    used 8281K, capacity 11411K, committed 11520K, reserved 1048576K
Event: 82.066 GC heap after
Heap after GC invocations=12 (full 2):
 PSYoungGen      total 513024K, used 10176K [0x000000076ab00000, 0x000000078ef00000, 0x00000007c0000000)
  eden space 496128K, 0% used [0x000000076ab00000,0x000000076ab00000,0x0000000788f80000)
  from space 16896K, 60% used [0x000000078a000000,0x000000078a9f0010,0x000000078b080000)
  to   space 16896K, 0% used [0x0000000788f80000,0x0000000788f80000,0x000000078a000000)
 ParOldGen       total 128000K, used 23200K [0x00000006c0000000, 0x00000006c7d00000, 0x000000076ab00000)
  object space 128000K, 18% used [0x00000006c0000000,0x00000006c16a8090,0x00000006c7d00000)
 Metaspace       used 32426K, capacity 41148K, committed 41472K, reserved 1079296K
  class space    used 8281K, capacity 11411K, committed 11520K, reserved 1048576K
}
Event: 83.338 GC heap before
{Heap before GC invocations=13 (full 2):
 PSYoungGen      total 513024K, used 506304K [0x000000076ab00000, 0x000000078ef00000, 0x00000007c0000000)
  eden space 496128K, 100% used [0x000000076ab00000,0x0000000788f80000,0x0000000788f80000)
  from space 16896K, 60% used [0x000000078a000000,0x000000078a9f0010,0x000000078b080000)
  to   space 16896K, 0% used [0x0000000788f80000,0x0000000788f80000,0x000000078a000000)
 ParOldGen       total 128000K, used 23200K [0x00000006c0000000, 0x00000006c7d00000, 0x000000076ab00000)
  object space 128000K, 18% used [0x00000006c0000000,0x00000006c16a8090,0x00000006c7d00000)
 Metaspace       used 37063K, capacity 49792K, committed 50048K, reserved 1085440K
  class space    used 9603K, capacity 13874K, committed 13952K, reserved 1048576K
Event: 83.347 GC heap after
Heap after GC invocations=13 (full 2):
 PSYoungGen      total 513024K, used 14904K [0x000000076ab00000, 0x0000000791300000, 0x00000007c0000000)
  eden space 496128K, 0% used [0x000000076ab00000,0x000000076ab00000,0x0000000788f80000)
  from space 16896K, 88% used [0x0000000788f80000,0x0000000789e0e318,0x000000078a000000)
  to   space 18432K, 0% used [0x0000000790100000,0x0000000790100000,0x0000000791300000)
 ParOldGen       total 128000K, used 23208K [0x00000006c0000000, 0x00000006c7d00000, 0x000000076ab00000)
  object space 128000K, 18% used [0x00000006c0000000,0x00000006c16aa090,0x00000006c7d00000)
 Metaspace       used 37063K, capacity 49792K, committed 50048K, reserved 1085440K
  class space    used 9603K, capacity 13874K, committed 13952K, reserved 1048576K
}

Deoptimization events (0 events):
No events

Internal exceptions (10 events):
Event: 0.169 Thread 0x00007fc43d003000 Exception <a 'java/security/PrivilegedActionException'> (0x000000076b4129f0) thrown at [/Users/java_re/workspace/8-2-build-macosx-x86_64/jdk8u51/3951/hotspot/src/share/vm/prims/jvm.cpp, line 1382]
Event: 0.169 Thread 0x00007fc43d003000 Exception <a 'java/security/PrivilegedActionException'> (0x000000076b412ba8) thrown at [/Users/java_re/workspace/8-2-build-macosx-x86_64/jdk8u51/3951/hotspot/src/share/vm/prims/jvm.cpp, line 1382]
Event: 1.545 Thread 0x00007fc43d8bc800 Exception <a 'java/io/FileNotFoundException'> (0x000000076de9aa98) thrown at [/Users/java_re/workspace/8-2-build-macosx-x86_64/jdk8u51/3951/hotspot/src/share/vm/prims/jni.cpp, line 709]
Event: 2.496 Thread 0x00007fc43d8bd800 Exception <a 'java/net/SocketException': Socket closed> (0x000000076c0712b8) thrown at [/Users/java_re/workspace/8-2-build-macosx-x86_64/jdk8u51/3951/hotspot/src/share/vm/prims/jni.cpp, line 735]
Event: 78.346 Thread 0x00007fc43d3bd800 Exception <a 'java/io/FileNotFoundException'> (0x000000076f7eb6c8) thrown at [/Users/java_re/workspace/8-2-build-macosx-x86_64/jdk8u51/3951/hotspot/src/share/vm/prims/jni.cpp, line 709]
Event: 78.346 Thread 0x00007fc43d3bd800 Exception <a 'java/io/FileNotFoundException'> (0x000000076f7ec7e8) thrown at [/Users/java_re/workspace/8-2-build-macosx-x86_64/jdk8u51/3951/hotspot/src/share/vm/prims/jni.cpp, line 709]
Event: 78.458 Thread 0x00007fc43c128000 Exception <a 'java/lang/NoSuchFieldError': method resolution failed> (0x000000076ae32c88) thrown at [/Users/java_re/workspace/8-2-build-macosx-x86_64/jdk8u51/3951/hotspot/src/share/vm/prims/methodHandles.cpp, line 1125]
Event: 78.460 Thread 0x00007fc43c128000 Exception <a 'java/lang/NoSuchFieldError': method resolution failed> (0x000000076ae41258) thrown at [/Users/java_re/workspace/8-2-build-macosx-x86_64/jdk8u51/3951/hotspot/src/share/vm/prims/methodHandles.cpp, line 1125]
Event: 85.065 Thread 0x00007fc43d3bd800 Implicit null exception at 0x000000010e8e121f to 0x000000010e8e1232
Event: 85.065 Thread 0x00007fc43d3bd800 Exception <a 'java/lang/NullPointerException'> (0x0000000770ecb6d8) thrown at [/Users/java_re/workspace/8-2-build-macosx-x86_64/jdk8u51/3951/hotspot/src/share/vm/runtime/sharedRuntime.cpp, line 605]

Events (10 events):
Event: 85.256 loading class sun/reflect/UnsafeByteFieldAccessorImpl
Event: 85.256 loading class sun/reflect/UnsafeByteFieldAccessorImpl done
Event: 85.257 loading class com/sun/jna/Memory$SharedMemory
Event: 85.257 loading class com/sun/jna/Memory$SharedMemory done
Event: 85.257 loading class com/sun/jna/WeakIdentityHashMap
Event: 85.257 loading class com/sun/jna/WeakIdentityHashMap done
Event: 85.263 loading class com/sun/jna/Structure$2$StructureSet
Event: 85.263 loading class com/sun/jna/Structure$2$StructureSet done
Event: 85.263 loading class com/sun/jna/NativeString
Event: 85.263 loading class com/sun/jna/NativeString done


Dynamic libraries:
0x0000000009858000 	/System/Library/Frameworks/Cocoa.framework/Versions/A/Cocoa
0x000000010b98e000 	/System/Library/Frameworks/Security.framework/Versions/A/Security
0x0000000009858000 	/System/Library/Frameworks/ApplicationServices.framework/Versions/A/ApplicationServices
0x0000000009858000 	/usr/lib/libz.1.dylib
0x0000000009858000 	/usr/lib/libSystem.B.dylib
0x0000000009858000 	/usr/lib/libobjc.A.dylib
0x0000000009858000 	/System/Library/Frameworks/CoreFoundation.framework/Versions/A/CoreFoundation
0x0000000009858000 	/System/Library/Frameworks/Foundation.framework/Versions/C/Foundation
0x0000000009858000 	/System/Library/Frameworks/AppKit.framework/Versions/C/AppKit
0x0000000009858000 	/System/Library/Frameworks/CoreData.framework/Versions/A/CoreData
0x0000000009858000 	/System/Library/PrivateFrameworks/RemoteViewServices.framework/Versions/A/RemoteViewServices
0x0000000009858000 	/System/Library/PrivateFrameworks/UIFoundation.framework/Versions/A/UIFoundation
0x0000000009858000 	/usr/lib/libScreenReader.dylib
0x0000000009858000 	/System/Library/Frameworks/Accelerate.framework/Versions/A/Accelerate
0x0000000009858000 	/System/Library/Frameworks/IOSurface.framework/Versions/A/IOSurface
0x0000000009858000 	/System/Library/Frameworks/AudioToolbox.framework/Versions/A/AudioToolbox
0x0000000009858000 	/System/Library/Frameworks/AudioUnit.framework/Versions/A/AudioUnit
0x0000000009858000 	/System/Library/PrivateFrameworks/DataDetectorsCore.framework/Versions/A/DataDetectorsCore
0x0000000009858000 	/System/Library/PrivateFrameworks/DesktopServicesPriv.framework/Versions/A/DesktopServicesPriv
0x0000000009858000 	/System/Library/Frameworks/Carbon.framework/Versions/A/Frameworks/HIToolbox.framework/Versions/A/HIToolbox
0x0000000009858000 	/System/Library/Frameworks/QuartzCore.framework/Versions/A/QuartzCore
0x0000000009858000 	/System/Library/Frameworks/Carbon.framework/Versions/A/Frameworks/SpeechRecognition.framework/Versions/A/SpeechRecognition
0x0000000009858000 	/usr/lib/libauto.dylib
0x0000000009858000 	/usr/lib/libicucore.A.dylib
0x0000000009858000 	/usr/lib/libxml2.2.dylib
0x0000000009858000 	/System/Library/PrivateFrameworks/CoreUI.framework/Versions/A/CoreUI
0x0000000009858000 	/System/Library/Frameworks/CoreAudio.framework/Versions/A/CoreAudio
0x0000000009858000 	/System/Library/Frameworks/DiskArbitration.framework/Versions/A/DiskArbitration
0x0000000009858000 	/usr/lib/liblangid.dylib
0x0000000009858000 	/System/Library/PrivateFrameworks/MultitouchSupport.framework/Versions/A/MultitouchSupport
0x0000000009858000 	/System/Library/Frameworks/IOKit.framework/Versions/A/IOKit
0x0000000009858000 	/usr/lib/libDiagnosticMessagesClient.dylib
0x0000000009858000 	/System/Library/Frameworks/CoreServices.framework/Versions/A/CoreServices
0x0000000009858000 	/System/Library/PrivateFrameworks/PerformanceAnalysis.framework/Versions/A/PerformanceAnalysis
0x0000000009858000 	/System/Library/PrivateFrameworks/GenerationalStorage.framework/Versions/A/GenerationalStorage
0x0000000009858000 	/System/Library/Frameworks/OpenGL.framework/Versions/A/OpenGL
0x0000000009858000 	/System/Library/PrivateFrameworks/Sharing.framework/Versions/A/Sharing
0x0000000009858000 	/System/Library/Frameworks/CoreGraphics.framework/Versions/A/CoreGraphics
0x0000000009858000 	/System/Library/Frameworks/CoreImage.framework/Versions/A/CoreImage
0x0000000009858000 	/System/Library/Frameworks/CoreText.framework/Versions/A/CoreText
0x0000000009858000 	/System/Library/Frameworks/ImageIO.framework/Versions/A/ImageIO
0x0000000009858000 	/System/Library/PrivateFrameworks/Backup.framework/Versions/A/Backup
0x0000000009858000 	/usr/lib/libextension.dylib
0x0000000009858000 	/usr/lib/libarchive.2.dylib
0x000000010bd81000 	/System/Library/Frameworks/CFNetwork.framework/Versions/A/CFNetwork
0x0000000009858000 	/System/Library/Frameworks/SystemConfiguration.framework/Versions/A/SystemConfiguration
0x0000000009858000 	/usr/lib/libCRFSuite.dylib
0x0000000009858000 	/usr/lib/libc++.1.dylib
0x0000000009858000 	/usr/lib/libc++abi.dylib
0x0000000009858000 	/usr/lib/system/libcache.dylib
0x0000000009858000 	/usr/lib/system/libcommonCrypto.dylib
0x0000000009858000 	/usr/lib/system/libcompiler_rt.dylib
0x0000000009858000 	/usr/lib/system/libcopyfile.dylib
0x0000000009858000 	/usr/lib/system/libcorecrypto.dylib
0x0000000009858000 	/usr/lib/system/libdispatch.dylib
0x0000000009858000 	/usr/lib/system/libdyld.dylib
0x0000000009858000 	/usr/lib/system/libkeymgr.dylib
0x000000010c1f4000 	/usr/lib/system/liblaunch.dylib
0x0000000009858000 	/usr/lib/system/libmacho.dylib
0x0000000009858000 	/usr/lib/system/libquarantine.dylib
0x0000000009858000 	/usr/lib/system/libremovefile.dylib
0x0000000009858000 	/usr/lib/system/libsystem_asl.dylib
0x0000000009858000 	/usr/lib/system/libsystem_blocks.dylib
0x0000000009858000 	/usr/lib/system/libsystem_c.dylib
0x0000000009858000 	/usr/lib/system/libsystem_configuration.dylib
0x0000000009858000 	/usr/lib/system/libsystem_coreservices.dylib
0x0000000009858000 	/usr/lib/system/libsystem_coretls.dylib
0x0000000009858000 	/usr/lib/system/libsystem_dnssd.dylib
0x0000000009858000 	/usr/lib/system/libsystem_info.dylib
0x0000000009858000 	/usr/lib/system/libsystem_kernel.dylib
0x0000000009858000 	/usr/lib/system/libsystem_m.dylib
0x0000000009858000 	/usr/lib/system/libsystem_malloc.dylib
0x0000000009858000 	/usr/lib/system/libsystem_network.dylib
0x0000000009858000 	/usr/lib/system/libsystem_networkextension.dylib
0x0000000009858000 	/usr/lib/system/libsystem_notify.dylib
0x0000000009858000 	/usr/lib/system/libsystem_platform.dylib
0x0000000009858000 	/usr/lib/system/libsystem_pthread.dylib
0x000000010c201000 	/usr/lib/system/libsystem_sandbox.dylib
0x0000000009858000 	/usr/lib/system/libsystem_secinit.dylib
0x0000000009858000 	/usr/lib/system/libsystem_trace.dylib
0x0000000009858000 	/usr/lib/system/libunc.dylib
0x0000000009858000 	/usr/lib/system/libunwind.dylib
0x000000010c20d000 	/usr/lib/system/libxpc.dylib
0x0000000009858000 	/usr/lib/libenergytrace.dylib
0x0000000009858000 	/usr/lib/libbsm.0.dylib
0x0000000009858000 	/usr/lib/system/libkxld.dylib
0x0000000009858000 	/usr/lib/libxar.1.dylib
0x000000010c257000 	/usr/lib/libsqlite3.dylib
0x0000000009858000 	/usr/lib/libpam.2.dylib
0x0000000009858000 	/usr/lib/libOpenScriptingUtil.dylib
0x0000000009858000 	/usr/lib/libbz2.1.0.dylib
0x0000000009858000 	/usr/lib/liblzma.5.dylib
0x0000000009858000 	/System/Library/Frameworks/CoreServices.framework/Versions/A/Frameworks/FSEvents.framework/Versions/A/FSEvents
0x0000000009858000 	/System/Library/Frameworks/CoreServices.framework/Versions/A/Frameworks/CarbonCore.framework/Versions/A/CarbonCore
0x0000000009858000 	/System/Library/Frameworks/CoreServices.framework/Versions/A/Frameworks/Metadata.framework/Versions/A/Metadata
0x0000000009858000 	/System/Library/Frameworks/CoreServices.framework/Versions/A/Frameworks/OSServices.framework/Versions/A/OSServices
0x0000000009858000 	/System/Library/Frameworks/CoreServices.framework/Versions/A/Frameworks/SearchKit.framework/Versions/A/SearchKit
0x0000000009858000 	/System/Library/Frameworks/CoreServices.framework/Versions/A/Frameworks/AE.framework/Versions/A/AE
0x0000000009858000 	/System/Library/Frameworks/CoreServices.framework/Versions/A/Frameworks/LaunchServices.framework/Versions/A/LaunchServices
0x0000000009858000 	/System/Library/Frameworks/CoreServices.framework/Versions/A/Frameworks/DictionaryServices.framework/Versions/A/DictionaryServices
0x0000000009858000 	/System/Library/Frameworks/CoreServices.framework/Versions/A/Frameworks/SharedFileList.framework/Versions/A/SharedFileList
0x0000000009858000 	/System/Library/Frameworks/NetFS.framework/Versions/A/NetFS
0x0000000009858000 	/System/Library/PrivateFrameworks/NetAuth.framework/Versions/A/NetAuth
0x0000000009858000 	/System/Library/PrivateFrameworks/login.framework/Versions/A/Frameworks/loginsupport.framework/Versions/A/loginsupport
0x0000000009858000 	/System/Library/PrivateFrameworks/TCC.framework/Versions/A/TCC
0x0000000009858000 	/usr/lib/libmecabra.dylib
0x0000000009858000 	/System/Library/Frameworks/ApplicationServices.framework/Versions/A/Frameworks/ATS.framework/Versions/A/ATS
0x0000000009858000 	/System/Library/Frameworks/ApplicationServices.framework/Versions/A/Frameworks/ColorSync.framework/Versions/A/ColorSync
0x0000000009858000 	/System/Library/Frameworks/ApplicationServices.framework/Versions/A/Frameworks/HIServices.framework/Versions/A/HIServices
0x0000000009858000 	/System/Library/Frameworks/ApplicationServices.framework/Versions/A/Frameworks/LangAnalysis.framework/Versions/A/LangAnalysis
0x0000000009858000 	/System/Library/Frameworks/ApplicationServices.framework/Versions/A/Frameworks/PrintCore.framework/Versions/A/PrintCore
0x0000000009858000 	/System/Library/Frameworks/ApplicationServices.framework/Versions/A/Frameworks/QD.framework/Versions/A/QD
0x0000000009858000 	/System/Library/Frameworks/ApplicationServices.framework/Versions/A/Frameworks/SpeechSynthesis.framework/Versions/A/SpeechSynthesis
0x0000000009858000 	/System/Library/Frameworks/Metal.framework/Versions/A/Metal
0x0000000009858000 	/System/Library/Frameworks/Accelerate.framework/Versions/A/Frameworks/vImage.framework/Versions/A/vImage
0x0000000009858000 	/System/Library/Frameworks/Accelerate.framework/Versions/A/Frameworks/vecLib.framework/Versions/A/vecLib
0x0000000009858000 	/System/Library/Frameworks/Accelerate.framework/Versions/A/Frameworks/vecLib.framework/Versions/A/libvDSP.dylib
0x0000000009858000 	/System/Library/Frameworks/Accelerate.framework/Versions/A/Frameworks/vecLib.framework/Versions/A/libvMisc.dylib
0x0000000009858000 	/System/Library/Frameworks/Accelerate.framework/Versions/A/Frameworks/vecLib.framework/Versions/A/libLAPACK.dylib
0x0000000009858000 	/System/Library/Frameworks/Accelerate.framework/Versions/A/Frameworks/vecLib.framework/Versions/A/libBLAS.dylib
0x0000000009858000 	/System/Library/Frameworks/Accelerate.framework/Versions/A/Frameworks/vecLib.framework/Versions/A/libLinearAlgebra.dylib
0x0000000009858000 	/System/Library/Frameworks/Accelerate.framework/Versions/A/Frameworks/vecLib.framework/Versions/A/libSparseBLAS.dylib
0x0000000009858000 	/System/Library/PrivateFrameworks/GPUCompiler.framework/libmetal_timestamp.dylib
0x0000000009858000 	/System/Library/Frameworks/OpenGL.framework/Versions/A/Libraries/libCoreFSCache.dylib
0x0000000009858000 	/System/Library/PrivateFrameworks/IOAccelerator.framework/Versions/A/IOAccelerator
0x0000000009858000 	/System/Library/Frameworks/ApplicationServices.framework/Versions/A/Frameworks/ATS.framework/Versions/A/Resources/libFontParser.dylib
0x0000000009858000 	/System/Library/Frameworks/ApplicationServices.framework/Versions/A/Frameworks/ATS.framework/Versions/A/Resources/libFontRegistry.dylib
0x0000000009858000 	/System/Library/PrivateFrameworks/AppleVPA.framework/Versions/A/AppleVPA
0x0000000009858000 	/System/Library/PrivateFrameworks/AppleJPEG.framework/Versions/A/AppleJPEG
0x0000000009858000 	/System/Library/Frameworks/ImageIO.framework/Versions/A/Resources/libJPEG.dylib
0x0000000009858000 	/System/Library/Frameworks/ImageIO.framework/Versions/A/Resources/libTIFF.dylib
0x0000000009858000 	/System/Library/Frameworks/ImageIO.framework/Versions/A/Resources/libPng.dylib
0x0000000009858000 	/System/Library/Frameworks/ImageIO.framework/Versions/A/Resources/libGIF.dylib
0x0000000009858000 	/System/Library/Frameworks/ImageIO.framework/Versions/A/Resources/libJP2.dylib
0x0000000009858000 	/System/Library/Frameworks/ImageIO.framework/Versions/A/Resources/libRadiance.dylib
0x0000000009858000 	/System/Library/Frameworks/CoreVideo.framework/Versions/A/CoreVideo
0x0000000009858000 	/System/Library/Frameworks/OpenGL.framework/Versions/A/Libraries/libGLU.dylib
0x0000000009858000 	/System/Library/Frameworks/OpenGL.framework/Versions/A/Libraries/libGFXShared.dylib
0x0000000009858000 	/System/Library/Frameworks/OpenGL.framework/Versions/A/Libraries/libGL.dylib
0x0000000009858000 	/System/Library/Frameworks/OpenGL.framework/Versions/A/Libraries/libGLImage.dylib
0x0000000009858000 	/System/Library/Frameworks/OpenGL.framework/Versions/A/Libraries/libCVMSPluginSupport.dylib
0x0000000009858000 	/System/Library/Frameworks/OpenGL.framework/Versions/A/Libraries/libCoreVMClient.dylib
0x0000000009858000 	/usr/lib/libcups.2.dylib
0x0000000009858000 	/System/Library/Frameworks/Kerberos.framework/Versions/A/Kerberos
0x0000000009858000 	/System/Library/Frameworks/GSS.framework/Versions/A/GSS
0x0000000009858000 	/usr/lib/libresolv.9.dylib
0x0000000009858000 	/usr/lib/libiconv.2.dylib
0x0000000009858000 	/System/Library/PrivateFrameworks/Heimdal.framework/Versions/A/Heimdal
0x0000000009858000 	/usr/lib/libheimdal-asn1.dylib
0x0000000009858000 	/System/Library/Frameworks/OpenDirectory.framework/Versions/A/OpenDirectory
0x0000000009858000 	/System/Library/PrivateFrameworks/CommonAuth.framework/Versions/A/CommonAuth
0x0000000009858000 	/System/Library/Frameworks/OpenDirectory.framework/Versions/A/Frameworks/CFOpenDirectory.framework/Versions/A/CFOpenDirectory
0x0000000009858000 	/System/Library/Frameworks/SecurityFoundation.framework/Versions/A/SecurityFoundation
0x0000000009858000 	/System/Library/PrivateFrameworks/LanguageModeling.framework/Versions/A/LanguageModeling
0x0000000009858000 	/usr/lib/libmarisa.dylib
0x0000000009858000 	/usr/lib/libChineseTokenizer.dylib
0x0000000009858000 	/usr/lib/libcmph.dylib
0x0000000009858000 	/usr/lib/libcompression.dylib
0x000000010c39a000 	/System/Library/Frameworks/ServiceManagement.framework/Versions/A/ServiceManagement
0x0000000009858000 	/usr/lib/libxslt.1.dylib
0x0000000009858000 	/System/Library/Frameworks/Carbon.framework/Versions/A/Frameworks/Ink.framework/Versions/A/Ink
0x0000000009858000 	/usr/lib/libFosl_dynamic.dylib
0x0000000009858000 	/System/Library/PrivateFrameworks/FaceCore.framework/Versions/A/FaceCore
0x0000000009858000 	/System/Library/Frameworks/OpenCL.framework/Versions/A/OpenCL
0x0000000009858000 	/System/Library/PrivateFrameworks/CrashReporterSupport.framework/Versions/A/CrashReporterSupport
0x0000000009858000 	/System/Library/PrivateFrameworks/IconServices.framework/Versions/A/IconServices
0x0000000009858000 	/System/Library/PrivateFrameworks/Apple80211.framework/Versions/A/Apple80211
0x0000000009858000 	/System/Library/Frameworks/CoreWLAN.framework/Versions/A/CoreWLAN
0x0000000009858000 	/System/Library/Frameworks/IOBluetooth.framework/Versions/A/IOBluetooth
0x0000000009858000 	/System/Library/PrivateFrameworks/CoreWiFi.framework/Versions/A/CoreWiFi
0x0000000009858000 	/System/Library/Frameworks/CoreBluetooth.framework/Versions/A/CoreBluetooth
0x0000000009858000 	/System/Library/PrivateFrameworks/ChunkingLibrary.framework/Versions/A/ChunkingLibrary
0x0000000009858000 	/System/Library/PrivateFrameworks/DebugSymbols.framework/Versions/A/DebugSymbols
0x0000000009858000 	/System/Library/PrivateFrameworks/CoreSymbolication.framework/Versions/A/CoreSymbolication
0x0000000009858000 	/System/Library/PrivateFrameworks/Symbolication.framework/Versions/A/Symbolication
0x0000000009858000 	/System/Library/PrivateFrameworks/SpeechRecognitionCore.framework/Versions/A/SpeechRecognitionCore
0x000000010d600000 	/Library/Java/JavaVirtualMachines/jdk1.8.0_51.jdk/Contents/Home/jre/lib/server/libjvm.dylib
0x000000010e569000 	/usr/lib/libstdc++.6.dylib
0x000000010e620000 	/Library/Java/JavaVirtualMachines/jdk1.8.0_51.jdk/Contents/Home/jre/lib/libverify.dylib
0x000000010e62e000 	/Library/Java/JavaVirtualMachines/jdk1.8.0_51.jdk/Contents/Home/jre/lib/libjava.dylib
0x000000010e66b000 	/Library/Java/JavaVirtualMachines/jdk1.8.0_51.jdk/Contents/Home/jre/lib/libzip.dylib
0x000000012972a000 	/System/Library/Frameworks/JavaVM.framework/Frameworks/JavaRuntimeSupport.framework/JavaRuntimeSupport
0x0000000129745000 	/System/Library/Frameworks/JavaVM.framework/Versions/A/Frameworks/JavaNativeFoundation.framework/Versions/A/JavaNativeFoundation
0x000000012975a000 	/System/Library/Frameworks/JavaVM.framework/Versions/A/JavaVM
0x0000000009858000 	/System/Library/Frameworks/Carbon.framework/Versions/A/Carbon
0x0000000129767000 	/System/Library/PrivateFrameworks/JavaLaunching.framework/Versions/A/JavaLaunching
0x0000000009858000 	/System/Library/Frameworks/Carbon.framework/Versions/A/Frameworks/CommonPanels.framework/Versions/A/CommonPanels
0x0000000009858000 	/System/Library/Frameworks/Carbon.framework/Versions/A/Frameworks/Help.framework/Versions/A/Help
0x0000000009858000 	/System/Library/Frameworks/Carbon.framework/Versions/A/Frameworks/ImageCapture.framework/Versions/A/ImageCapture
0x0000000009858000 	/System/Library/Frameworks/Carbon.framework/Versions/A/Frameworks/OpenScripting.framework/Versions/A/OpenScripting
0x0000000009858000 	/System/Library/Frameworks/Carbon.framework/Versions/A/Frameworks/Print.framework/Versions/A/Print
0x0000000009858000 	/System/Library/Frameworks/Carbon.framework/Versions/A/Frameworks/SecurityHI.framework/Versions/A/SecurityHI
0x000000012bbf9000 	/Library/Java/JavaVirtualMachines/jdk1.8.0_51.jdk/Contents/Home/jre/lib/libnet.dylib
0x000000012be14000 	/Library/Java/JavaVirtualMachines/jdk1.8.0_51.jdk/Contents/Home/jre/lib/libawt.dylib
0x000000012bebc000 	/Library/Java/JavaVirtualMachines/jdk1.8.0_51.jdk/Contents/Home/jre/lib/./libmlib_image.dylib
0x000000012bf88000 	/Library/Java/JavaVirtualMachines/jdk1.8.0_51.jdk/Contents/Home/jre/lib/libawt_lwawt.dylib
0x000000012c03c000 	/Library/Java/JavaVirtualMachines/jdk1.8.0_51.jdk/Contents/Home/jre/lib/./libosxapp.dylib
0x0000000009858000 	/System/Library/Frameworks/ExceptionHandling.framework/Versions/A/ExceptionHandling
0x0000000009858000 	/System/Library/PrivateFrameworks/CoreServicesInternal.framework/Versions/A/CoreServicesInternal
0x0000000009858000 	/System/Library/Frameworks/CoreGraphics.framework/Versions/A/Resources/libRIP.A.dylib
0x000000012d0ef000 	/System/Library/Frameworks/Accelerate.framework/Frameworks/vImage.framework/Versions/A/Libraries/libCGInterfaces.dylib
0x0000000009858000 	/System/Library/Frameworks/CoreGraphics.framework/Versions/A/Resources/libCGXType.A.dylib
0x0000000009858000 	/System/Library/Frameworks/OpenCL.framework/Versions/A/Libraries/libcldcpuengine.dylib
0x0000000009858000 	/System/Library/PrivateFrameworks/DiskImages.framework/Versions/A/DiskImages
0x0000000009858000 	/System/Library/Frameworks/DiscRecording.framework/Versions/A/DiscRecording
0x0000000009858000 	/usr/lib/libcsfde.dylib
0x0000000009858000 	/usr/lib/libcurl.4.dylib
0x0000000009858000 	/System/Library/PrivateFrameworks/MediaKit.framework/Versions/A/MediaKit
0x0000000009858000 	/System/Library/PrivateFrameworks/ProtectedCloudStorage.framework/Versions/A/ProtectedCloudStorage
0x0000000009858000 	/usr/lib/libCoreStorage.dylib
0x0000000009858000 	/System/Library/PrivateFrameworks/EFILogin.framework/Versions/A/EFILogin
0x0000000009858000 	/usr/lib/libutil.dylib
0x0000000009858000 	/System/Library/PrivateFrameworks/FindMyDevice.framework/Versions/A/FindMyDevice
0x0000000009858000 	/System/Library/Frameworks/LDAP.framework/Versions/A/LDAP
0x0000000009858000 	/usr/lib/libsasl2.2.dylib
0x0000000009858000 	/System/Library/PrivateFrameworks/CoreDaemon.framework/Versions/B/CoreDaemon
0x0000000009858000 	/usr/lib/libcrypto.0.9.8.dylib
0x0000000009858000 	/System/Library/PrivateFrameworks/AppleSRP.framework/Versions/A/AppleSRP
0x0000000009858000 	/System/Library/PrivateFrameworks/TrustEvaluationAgent.framework/Versions/A/TrustEvaluationAgent
0x000000012e152000 	cl_kernels
0x0000000009858000 	/System/Library/Frameworks/OpenCL.framework/Versions/A/Libraries/ImageFormats/unorm8_bgra.dylib
0x0000000009858000 	/System/Library/Frameworks/OpenCL.framework/Versions/A/Libraries/ImageFormats/unorm8_rgba.dylib
0x0000000009858000 	/System/Library/PrivateFrameworks/FamilyControls.framework/Versions/A/FamilyControls
0x0000000009858000 	/System/Library/PrivateFrameworks/CommerceKit.framework/Versions/A/Frameworks/CommerceCore.framework/Versions/A/CommerceCore
0x0000000009858000 	/System/Library/PrivateFrameworks/SystemAdministration.framework/Versions/A/SystemAdministration
0x0000000009858000 	/System/Library/PrivateFrameworks/AppContainer.framework/Versions/A/AppContainer
0x0000000009858000 	/System/Library/PrivateFrameworks/SecCodeWrapper.framework/Versions/A/SecCodeWrapper
0x0000000009858000 	/System/Library/Frameworks/DirectoryService.framework/Versions/A/DirectoryService
0x0000000009858000 	/System/Library/PrivateFrameworks/LoginUIKit.framework/Versions/A/Frameworks/LoginUICore.framework/Versions/A/LoginUICore
0x0000000009858000 	/usr/lib/libodfde.dylib
0x000000012f2a0000 	/Library/Java/JavaVirtualMachines/jdk1.8.0_51.jdk/Contents/Home/jre/lib/libfontmanager.dylib
0x000000012f507000 	/System/Library/Frameworks/OpenGL.framework/Resources/GLEngine.bundle/GLEngine
0x0000000009858000 	/System/Library/Frameworks/OpenGL.framework/Versions/A/Libraries/libGLProgrammability.dylib
0x000000012f6ef000 	/System/Library/Extensions/AppleIntelHD5000GraphicsGLDriver.bundle/Contents/MacOS/AppleIntelHD5000GraphicsGLDriver
0x0000000009858000 	/System/Library/PrivateFrameworks/GPUSupport.framework/Versions/A/Libraries/libGPUSupportMercury.dylib
0x0000000009858000 	/System/Library/Extensions/GeForceGLDriver.bundle/Contents/MacOS/GeForceGLDriver
0x0000000009858000 	/System/Library/Extensions/GeForceGLDriver.bundle/Contents/MacOS/libclh.dylib
0x000000012b545000 	/System/Library/Frameworks/OpenGL.framework/Resources//GLRendererFloat.bundle/GLRendererFloat
0x0000000130de2000 	/Library/Java/JavaVirtualMachines/jdk1.8.0_51.jdk/Contents/Home/jre/lib/libnio.dylib
0x000000012ff3f000 	/private/var/folders/8t/15tm31s13l7_hyd5ns7q7dmw0000gn/T/jna/jna6146946989201902935.tmp
0x000000012ff53000 	/Users/nspotrepka/Code/Clojure/supertone/target/native/macosx/x86_64/libscsynth.dylib
0x000000012b43f000 	/Library/Java/JavaVirtualMachines/jdk1.8.0_51.jdk/Contents/Home/jre/lib/libjsound.dylib
0x0000000130371000 	/System/Library/Frameworks/CoreMIDI.framework/Versions/A/CoreMIDI
0x0000000130077000 	/usr/lib/libexpat.1.dylib
0x000000012b452000 	/System/Library/Extensions/AppleHDA.kext/Contents/PlugIns/AppleHDAHALPlugIn.bundle/Contents/MacOS/AppleHDAHALPlugIn
0x00000001303d1000 	/Library/Audio/Plug-Ins/HAL/JackRouter.plugin/Contents/MacOS/JackRouter
0x0000000130413000 	/System/Library/Frameworks/Jackmp.framework/Versions/A/Jackmp
0x0000000130545000 	/Library/Java/JavaVirtualMachines/jdk1.8.0_51.jdk/Contents/Home/jre/lib/libmanagement.dylib
0x00000001304ad000 	/Users/nspotrepka/Code/Clojure/supertone/target/native/macosx/x86_64/AmbisonicUGens.scx
0x0000000132347000 	/Users/nspotrepka/Code/Clojure/supertone/target/native/macosx/x86_64/AtkUGens.scx
0x0000000130552000 	/Users/nspotrepka/Code/Clojure/supertone/target/native/macosx/x86_64/AY_UGen.scx
0x0000000130559000 	/Users/nspotrepka/Code/Clojure/supertone/target/native/macosx/x86_64/BatPVUgens.scx
0x000000013009a000 	/Users/nspotrepka/Code/Clojure/supertone/target/native/macosx/x86_64/BatUGens.scx
0x0000000130e23000 	/Users/nspotrepka/Code/Clojure/supertone/target/native/macosx/x86_64/BBCut2UGens.scx
0x0000000132360000 	/Users/nspotrepka/Code/Clojure/supertone/target/native/macosx/x86_64/BerlachUGens.scx
0x0000000130e2b000 	/Users/nspotrepka/Code/Clojure/supertone/target/native/macosx/x86_64/BetablockerUGens.scx
0x0000000132371000 	/Users/nspotrepka/Code/Clojure/supertone/target/native/macosx/x86_64/BhobChaos.scx
0x000000013237c000 	/Users/nspotrepka/Code/Clojure/supertone/target/native/macosx/x86_64/BhobFFT.scx
0x000000013238f000 	/Users/nspotrepka/Code/Clojure/supertone/target/native/macosx/x86_64/BhobFilt.scx
0x00000001323a1000 	/Users/nspotrepka/Code/Clojure/supertone/target/native/macosx/x86_64/BhobGrain.scx
0x00000001323a8000 	/Users/nspotrepka/Code/Clojure/supertone/target/native/macosx/x86_64/BhobNoise.scx
0x00000001323b1000 	/Users/nspotrepka/Code/Clojure/supertone/target/native/macosx/x86_64/BinaryOpUGens.scx
0x00000001304b3000 	/Users/nspotrepka/Code/Clojure/supertone/target/native/macosx/x86_64/BlackrainUGens.scx
0x00000001323da000 	/Users/nspotrepka/Code/Clojure/supertone/target/native/macosx/x86_64/ChaosUGens.scx
0x00000001323e3000 	/Users/nspotrepka/Code/Clojure/supertone/target/native/macosx/x86_64/Concat.scx
0x00000001323ea000 	/Users/nspotrepka/Code/Clojure/supertone/target/native/macosx/x86_64/DelayUGens.scx
0x0000000132415000 	/Users/nspotrepka/Code/Clojure/supertone/target/native/macosx/x86_64/DemandUGens.scx
0x0000000132420000 	/Users/nspotrepka/Code/Clojure/supertone/target/native/macosx/x86_64/DiskIO_UGens.scx
0x0000000130e33000 	/Users/nspotrepka/Code/Clojure/supertone/target/native/macosx/x86_64/DistortionUGens.scx
0x0000000132496000 	/Users/nspotrepka/Code/Clojure/supertone/target/native/macosx/x86_64/DynNoiseUGens.scx
0x000000013249b000 	/Users/nspotrepka/Code/Clojure/supertone/target/native/macosx/x86_64/FFT_UGens.scx
0x00000001324bb000 	/Users/nspotrepka/Code/Clojure/supertone/target/native/macosx/x86_64/FilterUGens.scx
0x00000001324d7000 	/Users/nspotrepka/Code/Clojure/supertone/target/native/macosx/x86_64/GendynUGens.scx
0x00000001324dc000 	/Users/nspotrepka/Code/Clojure/supertone/target/native/macosx/x86_64/GlitchUGens.scx
0x00000001324e1000 	/Users/nspotrepka/Code/Clojure/supertone/target/native/macosx/x86_64/GrainUGens.scx
0x00000001324f4000 	/Users/nspotrepka/Code/Clojure/supertone/target/native/macosx/x86_64/IOUGens.scx
0x00000001324fc000 	/Users/nspotrepka/Code/Clojure/supertone/target/native/macosx/x86_64/JoshAmbiUGens.scx
0x0000000132509000 	/Users/nspotrepka/Code/Clojure/supertone/target/native/macosx/x86_64/JoshGrainUGens.scx
0x0000000132534000 	/Users/nspotrepka/Code/Clojure/supertone/target/native/macosx/x86_64/JoshPVUGens.scx
0x0000000132551000 	/Users/nspotrepka/Code/Clojure/supertone/target/native/macosx/x86_64/JoshUGens.scx
0x000000013256b000 	/Users/nspotrepka/Code/Clojure/supertone/target/native/macosx/x86_64/KeyboardUGens.scx
0x0000000132570000 	/Users/nspotrepka/Code/Clojure/supertone/target/native/macosx/x86_64/LadspaUGen.scx
0x0000000132574000 	/Users/nspotrepka/Code/Clojure/supertone/target/native/macosx/x86_64/LFUGens.scx
0x0000000132587000 	/Users/nspotrepka/Code/Clojure/supertone/target/native/macosx/x86_64/LoopBuf.scx
0x000000013258c000 	/Users/nspotrepka/Code/Clojure/supertone/target/native/macosx/x86_64/MCLDBufferUGens.scx
0x0000000132591000 	/Users/nspotrepka/Code/Clojure/supertone/target/native/macosx/x86_64/MCLDCepstrumUGens.scx
0x00000001325a1000 	/Users/nspotrepka/Code/Clojure/supertone/target/native/macosx/x86_64/MCLDChaosUGens.scx
0x00000001325a7000 	/Users/nspotrepka/Code/Clojure/supertone/target/native/macosx/x86_64/MCLDDistortionUGens.scx
0x00000001325ab000 	/Users/nspotrepka/Code/Clojure/supertone/target/native/macosx/x86_64/MCLDFFTUGens.scx
0x00000001325c0000 	/Users/nspotrepka/Code/Clojure/supertone/target/native/macosx/x86_64/MCLDFilterUGens.scx
0x00000001325c4000 	/Users/nspotrepka/Code/Clojure/supertone/target/native/macosx/x86_64/MCLDGetenvUGen.scx
0x00000001325c8000 	/Users/nspotrepka/Code/Clojure/supertone/target/native/macosx/x86_64/MCLDOscUGens.scx
0x00000001325cc000 	/Users/nspotrepka/Code/Clojure/supertone/target/native/macosx/x86_64/MCLDPollUGens.scx
0x00000001325d0000 	/Users/nspotrepka/Code/Clojure/supertone/target/native/macosx/x86_64/MCLDSOMUGens.scx
0x00000001325d6000 	/Users/nspotrepka/Code/Clojure/supertone/target/native/macosx/x86_64/MCLDTreeUGens.scx
0x00000001325db000 	/Users/nspotrepka/Code/Clojure/supertone/target/native/macosx/x86_64/MCLDTriggeredStatsUgens.scx
0x00000001325df000 	/Users/nspotrepka/Code/Clojure/supertone/target/native/macosx/x86_64/MdaUGens.scx
0x0000000132701000 	/Users/nspotrepka/Code/Clojure/supertone/target/native/macosx/x86_64/MembraneUGens.scx
0x0000000132706000 	/Users/nspotrepka/Code/Clojure/supertone/target/native/macosx/x86_64/ML_UGens.scx
0x0000000132739000 	/Users/nspotrepka/Code/Clojure/supertone/target/native/macosx/x86_64/MouseUGens.scx
0x000000013273f000 	/Users/nspotrepka/Code/Clojure/supertone/target/native/macosx/x86_64/MulAddUGens.scx
0x0000000132746000 	/Users/nspotrepka/Code/Clojure/supertone/target/native/macosx/x86_64/NCAnalysisUGens.scx
0x0000000132765000 	/Users/nspotrepka/Code/Clojure/supertone/target/native/macosx/x86_64/NoiseUGens.scx
0x000000013276c000 	/Users/nspotrepka/Code/Clojure/supertone/target/native/macosx/x86_64/OscUGens.scx
0x000000013277c000 	/Users/nspotrepka/Code/Clojure/supertone/target/native/macosx/x86_64/PanUGens.scx
0x0000000132785000 	/Users/nspotrepka/Code/Clojure/supertone/target/native/macosx/x86_64/PhysicalModelingUGens.scx
0x0000000132789000 	/Users/nspotrepka/Code/Clojure/supertone/target/native/macosx/x86_64/PitchDetection.scx
0x0000000132790000 	/Users/nspotrepka/Code/Clojure/supertone/target/native/macosx/x86_64/PV_ThirdParty.scx
0x00000001327a4000 	/Users/nspotrepka/Code/Clojure/supertone/target/native/macosx/x86_64/ReverbUGens.scx
0x00000001327ac000 	/Users/nspotrepka/Code/Clojure/supertone/target/native/macosx/x86_64/RFWUGens.scx
0x00000001327b0000 	/Users/nspotrepka/Code/Clojure/supertone/target/native/macosx/x86_64/RMEQSuite.scx
0x00000001327b8000 	/Users/nspotrepka/Code/Clojure/supertone/target/native/macosx/x86_64/SLUGens.scx
0x00000001327c7000 	/Users/nspotrepka/Code/Clojure/supertone/target/native/macosx/x86_64/StkUGens.scx
0x0000000132874000 	/Users/nspotrepka/Code/Clojure/supertone/target/native/macosx/x86_64/SummerUGens.scx
0x0000000132879000 	/Users/nspotrepka/Code/Clojure/supertone/target/native/macosx/x86_64/TagSystemUgens.scx
0x000000013287f000 	/Users/nspotrepka/Code/Clojure/supertone/target/native/macosx/x86_64/TestUGens.scx
0x0000000132883000 	/Users/nspotrepka/Code/Clojure/supertone/target/native/macosx/x86_64/TJUGens.scx
0x000000013288d000 	/Users/nspotrepka/Code/Clojure/supertone/target/native/macosx/x86_64/TriggerUGens.scx
0x0000000132899000 	/Users/nspotrepka/Code/Clojure/supertone/target/native/macosx/x86_64/UnaryOpUGens.scx
0x00000001328af000 	/Users/nspotrepka/Code/Clojure/supertone/target/native/macosx/x86_64/UnpackFFTUGens.scx
0x00000001328bb000 	/Users/nspotrepka/Code/Clojure/supertone/target/native/macosx/x86_64/VBAP.scx
0x00000001328c1000 	/Users/nspotrepka/Code/Clojure/supertone/target/native/macosx/x86_64/VOSIM.scx

VM Arguments:
jvm_args: -Dfile.encoding=UTF-8 -XX:+TieredCompilation -XX:TieredStopAtLevel=1 -XX:-OmitStackTraceInFastThrow -Dclojure.compile.path=/Users/nspotrepka/Code/Clojure/supertone/target/classes -Dsupertone.version=0.1.0-SNAPSHOT -Dclojure.debug=false -Djava.library.path=/Users/nspotrepka/Code/Clojure/supertone/target/native/macosx/x86_64 
java_command: clojure.main -i /private/var/folders/8t/15tm31s13l7_hyd5ns7q7dmw0000gn/T/form-init6277836827013173052.clj
java_class_path (initial): /Users/nspotrepka/Code/Clojure/supertone/test:/Users/nspotrepka/Code/Clojure/supertone/dev:/Users/nspotrepka/Code/Clojure/supertone/live:/Users/nspotrepka/Code/Clojure/supertone/src:/Users/nspotrepka/Code/Clojure/supertone/dev-resources:/Users/nspotrepka/Code/Clojure/supertone/resources:/Users/nspotrepka/Code/Clojure/supertone/target/classes:/Users/nspotrepka/.m2/repository/overtone/scsynth-extras/3.5.7.0/scsynth-extras-3.5.7.0.jar:/Users/nspotrepka/.m2/repository/net/java/dev/jna/jna/3.4.0/jna-3.4.0.jar:/Users/nspotrepka/.m2/repository/com/miglayout/miglayout/3.7.4/miglayout-3.7.4.jar:/Users/nspotrepka/.m2/repository/overtone/at-at/1.2.0/at-at-1.2.0.jar:/Users/nspotrepka/.m2/repository/org/clojure/tools.nrepl/0.2.12/tools.nrepl-0.2.12.jar:/Users/nspotrepka/.m2/repository/clojure-complete/clojure-complete/0.2.4/clojure-complete-0.2.4.jar:/Users/nspotrepka/.m2/repository/overtone/byte-spec/0.3.1/byte-spec-0.3.1.jar:/Users/nspotrepka/.m2/repository/overtone/osc-clj/0.9.0/osc-clj-0.9.0.jar:/Users/nspotrepka/.m2/repository/com/fifesoft/rsyntaxtextarea/2.5.6/rsyntaxtextarea-2.5.6.jar:/Users/nspotrepka/.m2/repository/overtone/libs.handlers/0.2.0/libs.handlers-0.2.0.jar:/Users/nspotrepka/.m2/repository/org/swinglabs/swingx/swingx-autocomplete/1.6.3/swingx-autocomplete-1.6.3.jar:/Users/nspotrepka/.m2/repository/j18n/j18n/1.0.2/j18n-1.0.2.jar:/Users/nspotrepka/.m2/repository/org/swinglabs/swingx/swingx-plaf/1.6.3/swingx-plaf-1.6.3.jar:/Users/nspotrepka/.m2/repository/org/swinglabs/swingx/swingx-painters/1.6.3/swingx-painters-1.6.3.jar:/Users/nspotrepka/.m2/repository/com/jgoodies/forms/1.2.1/forms-1.2.1.jar:/Users/nspotrepka/.m2/repository/org/clojure/tools.namespace/0.2.11/tools.namespace-0.2.11.jar:/Users/nspotrepka/.m2/repository/org/clojure/clojure/1.7.0/clojure-1.7.0.jar:/Users/nspotrepka/.m2/repository/overtone/scsynth/3.5.7.0/scsynth-3.5.7.0.jar:/Users/nspotrepka/.m2/repository/commons-net/commons-net/3.0.1/commons-net-3.0.1.jar:/Users/nsp
Launcher Type: SUN_STANDARD

Environment Variables:
PATH=/Users/nspotrepka/.rvm/gems/ruby-2.2.1/bin:/Users/nspotrepka/.rvm/gems/ruby-2.2.1@global/bin:/Users/nspotrepka/.rvm/rubies/ruby-2.2.1/bin:/Library/Frameworks/Python.framework/Versions/3.5/bin:/Developer/NVIDIA/CUDA-7.0/bin:/Users/nspotrepka/Code/torch/install/bin:/usr/local/bin:/Library/Frameworks/Python.framework/Versions/3.4/bin:/usr/local/bin:/usr/bin:/bin:/usr/sbin:/sbin:/opt/X11/bin:/Applications/SuperCollider/SuperCollider.app/Contents/Resources:/Users/nspotrepka/.rvm/bin
SHELL=/bin/bash
DISPLAY=/private/tmp/com.apple.launchd.GHndq4qf4o/org.macosforge.xquartz:0

Signal Handlers:
SIGSEGV: [libjvm.dylib+0x58ef35], sa_mask[0]=11111111011111110111111111111111, sa_flags=SA_ONSTACK|SA_RESTART|SA_SIGINFO
SIGBUS: [libjvm.dylib+0x58ef35], sa_mask[0]=11111111011111110111111111111111, sa_flags=SA_RESTART|SA_SIGINFO
SIGFPE: [libjvm.dylib+0x46c028], sa_mask[0]=11111111011111110111111111111111, sa_flags=SA_RESTART|SA_SIGINFO
SIGPIPE: [libjvm.dylib+0x46c028], sa_mask[0]=11111111011111110111111111111111, sa_flags=SA_RESTART|SA_SIGINFO
SIGXFSZ: [libjvm.dylib+0x46c028], sa_mask[0]=11111111011111110111111111111111, sa_flags=SA_RESTART|SA_SIGINFO
SIGILL: [libjvm.dylib+0x46c028], sa_mask[0]=11111111011111110111111111111111, sa_flags=SA_RESTART|SA_SIGINFO
SIGUSR1: SIG_DFL, sa_mask[0]=11011111011111100000000111000110, sa_flags=none
SIGUSR2: [libjvm.dylib+0x46bb46], sa_mask[0]=00100000000000000000000000000000, sa_flags=SA_RESTART|SA_SIGINFO
SIGHUP: [libjvm.dylib+0x46a119], sa_mask[0]=11111111011111110111111111111111, sa_flags=SA_RESTART|SA_SIGINFO
SIGINT: [libjvm.dylib+0x46a119], sa_mask[0]=11111111011111110111111111111111, sa_flags=SA_RESTART|SA_SIGINFO
SIGTERM: [libjvm.dylib+0x46a119], sa_mask[0]=11111111011111110111111111111111, sa_flags=SA_RESTART|SA_SIGINFO
SIGQUIT: [libjvm.dylib+0x46a119], sa_mask[0]=11111111011111110111111111111111, sa_flags=SA_RESTART|SA_SIGINFO


---------------  S Y S T E M  ---------------

OS:Bsduname:Darwin 15.3.0 Darwin Kernel Version 15.3.0: Thu Dec 10 18:40:58 PST 2015; root:xnu-3248.30.4~1/RELEASE_X86_64 x86_64
rlimit: STACK 8192k, CORE 0k, NPROC 709, NOFILE 10240, AS infinity
load average:1.29 1.52 1.54

CPU:total 8 (4 cores per cpu, 2 threads per core) family 6 model 70 stepping 1, cmov, cx8, fxsr, mmx, sse, sse2, sse3, ssse3, sse4.1, sse4.2, popcnt, avx, avx2, aes, clmul, erms, rtm, lzcnt, ht, tsc, tscinvbit, bmi1, bmi2

Memory: 4k page, physical 16777216k(1850396k free)

/proc/meminfo:


vm_info: Java HotSpot(TM) 64-Bit Server VM (25.51-b03) for bsd-amd64 JRE (1.8.0_51-b16), built on Jun  8 2015 18:01:11 by "java_re" with gcc 4.2.1 (Based on Apple Inc. build 5658) (LLVM build 2336.11.00)

time: Tue Apr 12 17:44:39 2016
elapsed time: 85 seconds (0d 0h 1m 25s)

