#
# A fatal error has been detected by the Java Runtime Environment:
#
#  SIGSEGV (0xb) at pc=0x000000012d558b7b, pid=76116, tid=94327
#
# JRE version: Java(TM) SE Runtime Environment (8.0_51-b16) (build 1.8.0_51-b16)
# Java VM: Java HotSpot(TM) 64-Bit Server VM (25.51-b03 mixed mode bsd-amd64 compressed oops)
# Problematic frame:
# C  [libscsynth.dylib+0x5b7b]  _Z18deviceListenerProcjjhjPv+0x1b
#
# Failed to write core dump. Core dumps have been disabled. To enable core dumping, try "ulimit -c unlimited" before starting Java again
#
# If you would like to submit a bug report, please visit:
#   http://bugreport.java.com/bugreport/crash.jsp
#

---------------  T H R E A D  ---------------

Current thread is native thread

siginfo: si_signo: 11 (SIGSEGV), si_code: 1 (SEGV_MAPERR), si_addr: 0x0000000000001010

Registers:
RAX=0x0000000000001000, RBX=0x000000013fdde000, RCX=0x0000000073737263, RDX=0x0000000000000000
RSP=0x0000700000e40b50, RBP=0x0000700000e40c40, RSI=0x0000000000000000, RDI=0x000000013fdde000
R8 =0x000000013fdde000, R9 =0x00007fc0f72b4958, R10=0x00000000ffffffff, R11=0xffffffff00000000
R12=0x0000000000000000, R13=0x0000000000000032, R14=0x00007fc0f72b48d0, R15=0x00007fc0f7373688
RIP=0x000000012d558b7b, EFLAGS=0x0000000000010246, ERR=0x0000000000000004
  TRAPNO=0x000000000000000e

Top of Stack: (sp=0x0000700000e40b50)
0x0000700000e40b50:   0000000000000001 00007fff99656382
0x0000700000e40b60:   1555555555555556 000000010000000c
0x0000700000e40b70:   000000013fdde000 000000012d558b60
0x0000700000e40b80:   1555555555555556 000000000000000c
0x0000700000e40b90:   0000700000e40bb0 0000000108f8f000
0x0000700000e40ba0:   0000700000e40c40 00007fff9c528dfc
0x0000700000e40bb0:   0000000000000000 0000700000e40c98
0x0000700000e40bc0:   0000000000000000 0000700000e40ce0
0x0000700000e40bd0:   0000700000e40c40 00007fff9964302a
0x0000700000e40be0:   00007fff7d1cb8e8 00007fff9964320c
0x0000700000e40bf0:   000000012d558b60 000000013fdde000
0x0000700000e40c00:   0000000000000000 0000000000000000
0x0000700000e40c10:   0000000000000002 00007fc0f73b5950
0x0000700000e40c20:   00007fc0f7378a08 00007fc0f72b48d0
0x0000700000e40c30:   0000000000000001 00007fc0f72b4928
0x0000700000e40c40:   0000700000e40d20 00007fff99649561
0x0000700000e40c50:   00007fc0f0cf881c 0000000000000000
0x0000700000e40c60:   00007fc0f72b4928 01007fc0f74da380
0x0000700000e40c70:   00007fc0f0ce26e0 0000000100000000
0x0000700000e40c80:   00007fc0f72b48d0 00007fff99639b1a
0x0000700000e40c90:   00007fff7d1cc058 000000012d558b60
0x0000700000e40ca0:   000000013fdde000 0000000000000000
0x0000700000e40cb0:   0000000000000000 00007f0000000002
0x0000700000e40cc0:   00007fc0f7373f10 00007fc0f7373f10
0x0000700000e40cd0:   00007fc0f7373f1c 0000000000000000
0x0000700000e40ce0:   00007fc0f73b5950 00007fc0f73b5998
0x0000700000e40cf0:   00007fc0f73b5998 0000000000000000
0x0000700000e40d00:   00007fc0f72b0e70 0000000000000001
0x0000700000e40d10:   00007fc0f72b0e70 00007fc0f72b48d0
0x0000700000e40d20:   0000700000e40d60 00007fff99657cd3
0x0000700000e40d30:   00007fc0f0ce26e0 00007fc0f74d95b0
0x0000700000e40d40:   000000010a602000 0000000000000000 

Instructions: (pc=0x000000012d558b7b)
0x000000012d558b5b:   5b 41 5e c3 90 53 81 f9 63 72 73 73 75 1e 4c 89
0x000000012d558b6b:   c3 83 bb b8 81 02 00 01 75 12 48 8b 03 48 89 df
0x000000012d558b7b:   ff 50 10 48 8b 03 48 89 df ff 50 08 31 c0 5b c3
0x000000012d558b8b:   0f 1f 44 00 00 55 41 57 41 56 41 55 41 54 53 48 

Register to memory mapping:

RAX=0x0000000000001000 is an unknown value
RBX=0x000000013fdde000 is an unknown value
RCX=0x0000000073737263 is an unknown value
RDX=0x0000000000000000 is an unknown value
RSP=0x0000700000e40b50 is an unknown value
RBP=0x0000700000e40c40 is an unknown value
RSI=0x0000000000000000 is an unknown value
RDI=0x000000013fdde000 is an unknown value
R8 =0x000000013fdde000 is an unknown value
R9 =0x00007fc0f72b4958 is an unknown value
R10=0x00000000ffffffff is an unknown value
R11=0xffffffff00000000 is an unknown value
R12=0x0000000000000000 is an unknown value
R13=0x0000000000000032 is an unknown value
R14=0x00007fc0f72b48d0 is an unknown value
R15=0x00007fc0f7373688 is an unknown value


Stack: [0x0000700000dc1000,0x0000700000e41000],  sp=0x0000700000e40b50,  free space=510k
Native frames: (J=compiled Java code, j=interpreted, Vv=VM code, C=native code)
C  [libscsynth.dylib+0x5b7b]  _Z18deviceListenerProcjjhjPv+0x1b
C  [CoreAudio+0x11561]  _ZN9HALObject17PropertiesChangedEjPK26AudioObjectPropertyAddress+0x301
C  [CoreAudio+0x1fcd3]  _ZN9HALSystem28AudioObjectPropertiesChangedEPP28AudioHardwarePlugInInterfacejjPK26AudioObjectPropertyAddress+0xb1
C  [CoreAudio+0x1fbf2]  _ZL22_SendPropertiesChangedPv+0x26
C  [libdispatch.dylib+0x233f]  _dispatch_client_callout+0x8
C  [libdispatch.dylib+0x6f6f]  _dispatch_queue_drain+0x2f2
C  [libdispatch.dylib+0xd63b]  _dispatch_queue_invoke+0x225
C  [libdispatch.dylib+0x5c87]  _dispatch_root_queue_drain+0x21a
C  [libdispatch.dylib+0x5a34]  _dispatch_worker_thread3+0x5b
C  [libsystem_pthread.dylib+0x368f]  _pthread_wqthread+0x469
C  [libsystem_pthread.dylib+0x1365]  start_wqthread+0xd


---------------  P R O C E S S  ---------------

VM state:not at safepoint (normal execution)

VM Mutex/Monitor currently owned by a thread: None

Heap:
 PSYoungGen      total 392192K, used 138166K [0x000000076ab00000, 0x000000078e600000, 0x00000007c0000000)
  eden space 381952K, 33% used [0x000000076ab00000,0x0000000772805220,0x0000000782000000)
  from space 10240K, 99% used [0x000000078dc00000,0x000000078e5e88c0,0x000000078e600000)
  to   space 23040K, 0% used [0x000000078b900000,0x000000078b900000,0x000000078cf80000)
 ParOldGen       total 201216K, used 60695K [0x00000006c0000000, 0x00000006cc480000, 0x000000076ab00000)
  object space 201216K, 30% used [0x00000006c0000000,0x00000006c3b45f58,0x00000006cc480000)
 Metaspace       used 57792K, capacity 83310K, committed 83416K, reserved 1107968K
  class space    used 15716K, capacity 25506K, committed 25600K, reserved 1048576K

Card table byte_map: [0x000000011b129000,0x000000011b92a000] byte_map_base: 0x0000000117b29000

Marking Bits: (ParMarkBitMap*) 0x000000010b6c27a0
 Begin Bits: [0x000000011be80000, 0x000000011fe80000)
 End Bits:   [0x000000011fe80000, 0x0000000123e80000)

Polling page: 0x0000000108f94000

CodeCache: size=245760Kb used=9513Kb max_used=9513Kb free=236247Kb
 bounds [0x000000010bd69000, 0x000000010c6b9000, 0x000000011ad69000]
 total_blobs=4468 nmethods=3938 adapters=443
 compilation: enabled

Compilation events (10 events):
Event: 7876.920 Thread 0x00007fc0f282a800 3949   !   1       sun.awt.AWTAutoShutdown::setToolkitBusy (124 bytes)
Event: 7876.921 Thread 0x00007fc0f282a800 nmethod 3949 0x000000010c6b2210 code [0x000000010c6b23c0, 0x000000010c6b2988]
Event: 9294.124 Thread 0x00007fc0f282a800 3950       1       java.util.IdentityHashMap$IdentityHashMapIterator::hasNext (50 bytes)
Event: 9294.125 Thread 0x00007fc0f282a800 nmethod 3950 0x000000010c6b2d50 code [0x000000010c6b2ec0, 0x000000010c6b3050]
Event: 10748.487 Thread 0x00007fc0f282a800 3951       1       java.lang.Object::wait (6 bytes)
Event: 10748.488 Thread 0x00007fc0f282a800 nmethod 3951 0x000000010c6b3110 code [0x000000010c6b3280, 0x000000010c6b33a8]
Event: 10757.696 Thread 0x00007fc0f282a800 3952       1       sun.awt.AWTAutoShutdown::notifyToolkitThreadBusy (8 bytes)
Event: 10757.697 Thread 0x00007fc0f282a800 nmethod 3952 0x000000010c6b3410 code [0x000000010c6b3580, 0x000000010c6b36a8]
Event: 10757.701 Thread 0x00007fc0f282a800 3953       1       sun.awt.AWTAutoShutdown::notifyToolkitThreadFree (8 bytes)
Event: 10757.701 Thread 0x00007fc0f282a800 nmethod 3953 0x000000010c6b3710 code [0x000000010c6b3880, 0x000000010c6b39a8]

GC Heap History (10 events):
Event: 2936.752 GC heap before
{Heap before GC invocations=29 (full 3):
 PSYoungGen      total 471552K, used 471360K [0x000000076ab00000, 0x0000000790b80000, 0x00000007c0000000)
  eden space 458240K, 100% used [0x000000076ab00000,0x0000000786a80000,0x0000000786a80000)
  from space 13312K, 98% used [0x000000078ee80000,0x000000078fb50030,0x000000078fb80000)
  to   space 16384K, 0% used [0x000000078fb80000,0x000000078fb80000,0x0000000790b80000)
 ParOldGen       total 201216K, used 47191K [0x00000006c0000000, 0x00000006cc480000, 0x000000076ab00000)
  object space 201216K, 23% used [0x00000006c0000000,0x00000006c2e15d38,0x00000006cc480000)
 Metaspace       used 57792K, capacity 83310K, committed 83416K, reserved 1107968K
  class space    used 15716K, capacity 25506K, committed 25600K, reserved 1048576K
Event: 2936.763 GC heap after
Heap after GC invocations=29 (full 3):
 PSYoungGen      total 457728K, used 16118K [0x000000076ab00000, 0x0000000790b80000, 0x00000007c0000000)
  eden space 441344K, 0% used [0x000000076ab00000,0x000000076ab00000,0x0000000785a00000)
  from space 16384K, 98% used [0x000000078fb80000,0x0000000790b3db60,0x0000000790b80000)
  to   space 21504K, 0% used [0x000000078e180000,0x000000078e180000,0x000000078f680000)
 ParOldGen       total 201216K, used 47191K [0x00000006c0000000, 0x00000006cc480000, 0x000000076ab00000)
  object space 201216K, 23% used [0x00000006c0000000,0x00000006c2e15d38,0x00000006cc480000)
 Metaspace       used 57792K, capacity 83310K, committed 83416K, reserved 1107968K
  class space    used 15716K, capacity 25506K, committed 25600K, reserved 1048576K
}
Event: 5142.710 GC heap before
{Heap before GC invocations=30 (full 3):
 PSYoungGen      total 457728K, used 457462K [0x000000076ab00000, 0x0000000790b80000, 0x00000007c0000000)
  eden space 441344K, 100% used [0x000000076ab00000,0x0000000785a00000,0x0000000785a00000)
  from space 16384K, 98% used [0x000000078fb80000,0x0000000790b3db60,0x0000000790b80000)
  to   space 21504K, 0% used [0x000000078e180000,0x000000078e180000,0x000000078f680000)
 ParOldGen       total 201216K, used 47191K [0x00000006c0000000, 0x00000006cc480000, 0x000000076ab00000)
  object space 201216K, 23% used [0x00000006c0000000,0x00000006c2e15d38,0x00000006cc480000)
 Metaspace       used 57792K, capacity 83310K, committed 83416K, reserved 1107968K
  class space    used 15716K, capacity 25506K, committed 25600K, reserved 1048576K
Event: 5142.722 GC heap after
Heap after GC invocations=30 (full 3):
 PSYoungGen      total 443392K, used 17622K [0x000000076ab00000, 0x000000078fc00000, 0x00000007c0000000)
  eden space 425472K, 0% used [0x000000076ab00000,0x000000076ab00000,0x0000000784a80000)
  from space 17920K, 98% used [0x000000078e180000,0x000000078f2b5b60,0x000000078f300000)
  to   space 9216K, 0% used [0x000000078f300000,0x000000078f300000,0x000000078fc00000)
 ParOldGen       total 201216K, used 47191K [0x00000006c0000000, 0x00000006cc480000, 0x000000076ab00000)
  object space 201216K, 23% used [0x00000006c0000000,0x00000006c2e15d38,0x00000006cc480000)
 Metaspace       used 57792K, capacity 83310K, committed 83416K, reserved 1107968K
  class space    used 15716K, capacity 25506K, committed 25600K, reserved 1048576K
}
Event: 5171.043 GC heap before
{Heap before GC invocations=31 (full 3):
 PSYoungGen      total 443392K, used 443094K [0x000000076ab00000, 0x000000078fc00000, 0x00000007c0000000)
  eden space 425472K, 100% used [0x000000076ab00000,0x0000000784a80000,0x0000000784a80000)
  from space 17920K, 98% used [0x000000078e180000,0x000000078f2b5b60,0x000000078f300000)
  to   space 9216K, 0% used [0x000000078f300000,0x000000078f300000,0x000000078fc00000)
 ParOldGen       total 201216K, used 47191K [0x00000006c0000000, 0x00000006cc480000, 0x000000076ab00000)
  object space 201216K, 23% used [0x00000006c0000000,0x00000006c2e15d38,0x00000006cc480000)
 Metaspace       used 57792K, capacity 83310K, committed 83416K, reserved 1107968K
  class space    used 15716K, capacity 25506K, committed 25600K, reserved 1048576K
Event: 5171.061 GC heap after
Heap after GC invocations=31 (full 3):
 PSYoungGen      total 419328K, used 9184K [0x000000076ab00000, 0x000000078fc00000, 0x00000007c0000000)
  eden space 410112K, 0% used [0x000000076ab00000,0x000000076ab00000,0x0000000783b80000)
  from space 9216K, 99% used [0x000000078f300000,0x000000078fbf8030,0x000000078fc00000)
  to   space 24576K, 0% used [0x000000078cc00000,0x000000078cc00000,0x000000078e400000)
 ParOldGen       total 201216K, used 57238K [0x00000006c0000000, 0x00000006cc480000, 0x000000076ab00000)
  object space 201216K, 28% used [0x00000006c0000000,0x00000006c37e5868,0x00000006cc480000)
 Metaspace       used 57792K, capacity 83310K, committed 83416K, reserved 1107968K
  class space    used 15716K, capacity 25506K, committed 25600K, reserved 1048576K
}
Event: 5685.674 GC heap before
{Heap before GC invocations=32 (full 3):
 PSYoungGen      total 419328K, used 419296K [0x000000076ab00000, 0x000000078fc00000, 0x00000007c0000000)
  eden space 410112K, 100% used [0x000000076ab00000,0x0000000783b80000,0x0000000783b80000)
  from space 9216K, 99% used [0x000000078f300000,0x000000078fbf8030,0x000000078fc00000)
  to   space 24576K, 0% used [0x000000078cc00000,0x000000078cc00000,0x000000078e400000)
 ParOldGen       total 201216K, used 57238K [0x00000006c0000000, 0x00000006cc480000, 0x000000076ab00000)
  object space 201216K, 28% used [0x00000006c0000000,0x00000006c37e5868,0x00000006cc480000)
 Metaspace       used 57792K, capacity 83310K, committed 83416K, reserved 1107968K
  class space    used 15716K, capacity 25506K, committed 25600K, reserved 1048576K
Event: 5685.684 GC heap after
Heap after GC invocations=32 (full 3):
 PSYoungGen      total 403968K, used 8162K [0x000000076ab00000, 0x000000078f380000, 0x00000007c0000000)
  eden space 395776K, 0% used [0x000000076ab00000,0x000000076ab00000,0x0000000782d80000)
  from space 8192K, 99% used [0x000000078cc00000,0x000000078d3f88c0,0x000000078d400000)
  to   space 24064K, 0% used [0x000000078dc00000,0x000000078dc00000,0x000000078f380000)
 ParOldGen       total 201216K, used 60687K [0x00000006c0000000, 0x00000006cc480000, 0x000000076ab00000)
  object space 201216K, 30% used [0x00000006c0000000,0x00000006c3b43f58,0x00000006cc480000)
 Metaspace       used 57792K, capacity 83310K, committed 83416K, reserved 1107968K
  class space    used 15716K, capacity 25506K, committed 25600K, reserved 1048576K
}
Event: 6238.838 GC heap before
{Heap before GC invocations=33 (full 3):
 PSYoungGen      total 403968K, used 403938K [0x000000076ab00000, 0x000000078f380000, 0x00000007c0000000)
  eden space 395776K, 100% used [0x000000076ab00000,0x0000000782d80000,0x0000000782d80000)
  from space 8192K, 99% used [0x000000078cc00000,0x000000078d3f88c0,0x000000078d400000)
  to   space 24064K, 0% used [0x000000078dc00000,0x000000078dc00000,0x000000078f380000)
 ParOldGen       total 201216K, used 60687K [0x00000006c0000000, 0x00000006cc480000, 0x000000076ab00000)
  object space 201216K, 30% used [0x00000006c0000000,0x00000006c3b43f58,0x00000006cc480000)
 Metaspace       used 57792K, capacity 83310K, committed 83416K, reserved 1107968K
  class space    used 15716K, capacity 25506K, committed 25600K, reserved 1048576K
Event: 6238.847 GC heap after
Heap after GC invocations=33 (full 3):
 PSYoungGen      total 392192K, used 10146K [0x000000076ab00000, 0x000000078e600000, 0x00000007c0000000)
  eden space 381952K, 0% used [0x000000076ab00000,0x000000076ab00000,0x0000000782000000)
  from space 10240K, 99% used [0x000000078dc00000,0x000000078e5e88c0,0x000000078e600000)
  to   space 23040K, 0% used [0x000000078b900000,0x000000078b900000,0x000000078cf80000)
 ParOldGen       total 201216K, used 60695K [0x00000006c0000000, 0x00000006cc480000, 0x000000076ab00000)
  object space 201216K, 30% used [0x00000006c0000000,0x00000006c3b45f58,0x00000006cc480000)
 Metaspace       used 57792K, capacity 83310K, committed 83416K, reserved 1107968K
  class space    used 15716K, capacity 25506K, committed 25600K, reserved 1048576K
}

Deoptimization events (0 events):
No events

Internal exceptions (10 events):
Event: 6459.340 Thread 0x00007fc0f1545000 Exception <a 'java/io/IOException'> (0x000000077129a9e8) thrown at [/Users/java_re/workspace/8-2-build-macosx-x86_64/jdk8u51/3951/hotspot/src/share/vm/prims/jni.cpp, line 709]
Event: 6459.340 Thread 0x00007fc0f1545000 Exception <a 'java/io/IOException'> (0x000000077129b120) thrown at [/Users/java_re/workspace/8-2-build-macosx-x86_64/jdk8u51/3951/hotspot/src/share/vm/prims/jni.cpp, line 709]
Event: 6459.340 Thread 0x00007fc0f1545000 Exception <a 'java/io/IOException'> (0x000000077129b360) thrown at [/Users/java_re/workspace/8-2-build-macosx-x86_64/jdk8u51/3951/hotspot/src/share/vm/prims/jni.cpp, line 709]
Event: 6459.340 Thread 0x00007fc0f1545000 Exception <a 'java/io/IOException'> (0x000000077129b570) thrown at [/Users/java_re/workspace/8-2-build-macosx-x86_64/jdk8u51/3951/hotspot/src/share/vm/prims/jni.cpp, line 709]
Event: 6459.340 Thread 0x00007fc0f1545000 Exception <a 'java/io/IOException'> (0x000000077129bcd8) thrown at [/Users/java_re/workspace/8-2-build-macosx-x86_64/jdk8u51/3951/hotspot/src/share/vm/prims/jni.cpp, line 709]
Event: 6459.340 Thread 0x00007fc0f1545000 Exception <a 'java/io/IOException'> (0x000000077129bf18) thrown at [/Users/java_re/workspace/8-2-build-macosx-x86_64/jdk8u51/3951/hotspot/src/share/vm/prims/jni.cpp, line 709]
Event: 6459.340 Thread 0x00007fc0f1545000 Exception <a 'java/io/IOException'> (0x000000077129c128) thrown at [/Users/java_re/workspace/8-2-build-macosx-x86_64/jdk8u51/3951/hotspot/src/share/vm/prims/jni.cpp, line 709]
Event: 6459.340 Thread 0x00007fc0f1545000 Exception <a 'java/io/IOException'> (0x000000077129c740) thrown at [/Users/java_re/workspace/8-2-build-macosx-x86_64/jdk8u51/3951/hotspot/src/share/vm/prims/jni.cpp, line 709]
Event: 6459.340 Thread 0x00007fc0f1545000 Exception <a 'java/io/IOException'> (0x000000077129c980) thrown at [/Users/java_re/workspace/8-2-build-macosx-x86_64/jdk8u51/3951/hotspot/src/share/vm/prims/jni.cpp, line 709]
Event: 6459.340 Thread 0x00007fc0f1545000 Exception <a 'java/io/IOException'> (0x000000077129cb90) thrown at [/Users/java_re/workspace/8-2-build-macosx-x86_64/jdk8u51/3951/hotspot/src/share/vm/prims/jni.cpp, line 709]

Events (10 events):
Event: 12921.570 Executing VM operation: RevokeBias done
Event: 12921.570 Thread 0x00007fc0f20f9800 Thread exited: 0x00007fc0f20f9800
Event: 12922.432 Thread 0x00007fc0f500b000 Thread added: 0x00007fc0f500b000
Event: 12923.636 Executing VM operation: RevokeBias
Event: 12923.636 Executing VM operation: RevokeBias done
Event: 12923.636 Thread 0x00007fc0f500b000 Thread exited: 0x00007fc0f500b000
Event: 13129.669 Thread 0x00007fc0f294f000 Thread added: 0x00007fc0f294f000
Event: 13130.871 Executing VM operation: RevokeBias
Event: 13130.872 Executing VM operation: RevokeBias done
Event: 13130.872 Thread 0x00007fc0f294f000 Thread exited: 0x00007fc0f294f000


Dynamic libraries:
0x0000000009858000 	/System/Library/Frameworks/Cocoa.framework/Versions/A/Cocoa
0x0000000108f95000 	/System/Library/Frameworks/Security.framework/Versions/A/Security
0x0000000009858000 	/System/Library/Frameworks/ApplicationServices.framework/Versions/A/ApplicationServices
0x0000000009858000 	/usr/lib/libz.1.dylib
0x0000000009858000 	/usr/lib/libSystem.B.dylib
0x0000000009858000 	/usr/lib/libobjc.A.dylib
0x0000000009858000 	/System/Library/Frameworks/CoreFoundation.framework/Versions/A/CoreFoundation
0x0000000009858000 	/System/Library/Frameworks/Foundation.framework/Versions/C/Foundation
0x0000000009858000 	/System/Library/Frameworks/AppKit.framework/Versions/C/AppKit
0x0000000009858000 	/System/Library/Frameworks/CoreData.framework/Versions/A/CoreData
0x0000000009858000 	/System/Library/PrivateFrameworks/RemoteViewServices.framework/Versions/A/RemoteViewServices
0x0000000009858000 	/System/Library/PrivateFrameworks/UIFoundation.framework/Versions/A/UIFoundation
0x0000000009858000 	/usr/lib/libScreenReader.dylib
0x0000000009858000 	/System/Library/Frameworks/Accelerate.framework/Versions/A/Accelerate
0x0000000009858000 	/System/Library/Frameworks/IOSurface.framework/Versions/A/IOSurface
0x0000000009858000 	/System/Library/Frameworks/AudioToolbox.framework/Versions/A/AudioToolbox
0x0000000009858000 	/System/Library/Frameworks/AudioUnit.framework/Versions/A/AudioUnit
0x0000000009858000 	/System/Library/PrivateFrameworks/DataDetectorsCore.framework/Versions/A/DataDetectorsCore
0x0000000009858000 	/System/Library/PrivateFrameworks/DesktopServicesPriv.framework/Versions/A/DesktopServicesPriv
0x0000000009858000 	/System/Library/Frameworks/Carbon.framework/Versions/A/Frameworks/HIToolbox.framework/Versions/A/HIToolbox
0x0000000009858000 	/System/Library/Frameworks/QuartzCore.framework/Versions/A/QuartzCore
0x0000000009858000 	/System/Library/Frameworks/Carbon.framework/Versions/A/Frameworks/SpeechRecognition.framework/Versions/A/SpeechRecognition
0x0000000009858000 	/usr/lib/libauto.dylib
0x0000000009858000 	/usr/lib/libicucore.A.dylib
0x0000000009858000 	/usr/lib/libxml2.2.dylib
0x0000000009858000 	/System/Library/PrivateFrameworks/CoreUI.framework/Versions/A/CoreUI
0x0000000009858000 	/System/Library/Frameworks/CoreAudio.framework/Versions/A/CoreAudio
0x0000000009858000 	/System/Library/Frameworks/DiskArbitration.framework/Versions/A/DiskArbitration
0x0000000009858000 	/usr/lib/liblangid.dylib
0x0000000009858000 	/System/Library/PrivateFrameworks/MultitouchSupport.framework/Versions/A/MultitouchSupport
0x0000000009858000 	/System/Library/Frameworks/IOKit.framework/Versions/A/IOKit
0x0000000009858000 	/usr/lib/libDiagnosticMessagesClient.dylib
0x0000000009858000 	/System/Library/Frameworks/CoreServices.framework/Versions/A/CoreServices
0x0000000009858000 	/System/Library/PrivateFrameworks/PerformanceAnalysis.framework/Versions/A/PerformanceAnalysis
0x0000000009858000 	/System/Library/PrivateFrameworks/GenerationalStorage.framework/Versions/A/GenerationalStorage
0x0000000009858000 	/System/Library/Frameworks/OpenGL.framework/Versions/A/OpenGL
0x0000000009858000 	/System/Library/PrivateFrameworks/Sharing.framework/Versions/A/Sharing
0x0000000009858000 	/System/Library/Frameworks/CoreGraphics.framework/Versions/A/CoreGraphics
0x0000000009858000 	/System/Library/Frameworks/CoreImage.framework/Versions/A/CoreImage
0x0000000009858000 	/System/Library/Frameworks/CoreText.framework/Versions/A/CoreText
0x0000000009858000 	/System/Library/Frameworks/ImageIO.framework/Versions/A/ImageIO
0x0000000009858000 	/System/Library/PrivateFrameworks/Backup.framework/Versions/A/Backup
0x0000000009858000 	/usr/lib/libextension.dylib
0x0000000009858000 	/usr/lib/libarchive.2.dylib
0x0000000109385000 	/System/Library/Frameworks/CFNetwork.framework/Versions/A/CFNetwork
0x0000000009858000 	/System/Library/Frameworks/SystemConfiguration.framework/Versions/A/SystemConfiguration
0x0000000009858000 	/usr/lib/libCRFSuite.dylib
0x0000000009858000 	/usr/lib/libc++.1.dylib
0x0000000009858000 	/usr/lib/libc++abi.dylib
0x0000000009858000 	/usr/lib/system/libcache.dylib
0x0000000009858000 	/usr/lib/system/libcommonCrypto.dylib
0x0000000009858000 	/usr/lib/system/libcompiler_rt.dylib
0x0000000009858000 	/usr/lib/system/libcopyfile.dylib
0x0000000009858000 	/usr/lib/system/libcorecrypto.dylib
0x0000000009858000 	/usr/lib/system/libdispatch.dylib
0x0000000009858000 	/usr/lib/system/libdyld.dylib
0x0000000009858000 	/usr/lib/system/libkeymgr.dylib
0x00000001097f7000 	/usr/lib/system/liblaunch.dylib
0x0000000009858000 	/usr/lib/system/libmacho.dylib
0x0000000009858000 	/usr/lib/system/libquarantine.dylib
0x0000000009858000 	/usr/lib/system/libremovefile.dylib
0x0000000009858000 	/usr/lib/system/libsystem_asl.dylib
0x0000000009858000 	/usr/lib/system/libsystem_blocks.dylib
0x0000000009858000 	/usr/lib/system/libsystem_c.dylib
0x0000000009858000 	/usr/lib/system/libsystem_configuration.dylib
0x0000000009858000 	/usr/lib/system/libsystem_coreservices.dylib
0x0000000009858000 	/usr/lib/system/libsystem_coretls.dylib
0x0000000009858000 	/usr/lib/system/libsystem_dnssd.dylib
0x0000000009858000 	/usr/lib/system/libsystem_info.dylib
0x0000000009858000 	/usr/lib/system/libsystem_kernel.dylib
0x0000000009858000 	/usr/lib/system/libsystem_m.dylib
0x0000000009858000 	/usr/lib/system/libsystem_malloc.dylib
0x0000000009858000 	/usr/lib/system/libsystem_network.dylib
0x0000000009858000 	/usr/lib/system/libsystem_networkextension.dylib
0x0000000009858000 	/usr/lib/system/libsystem_notify.dylib
0x0000000009858000 	/usr/lib/system/libsystem_platform.dylib
0x0000000009858000 	/usr/lib/system/libsystem_pthread.dylib
0x0000000109805000 	/usr/lib/system/libsystem_sandbox.dylib
0x0000000009858000 	/usr/lib/system/libsystem_secinit.dylib
0x0000000009858000 	/usr/lib/system/libsystem_trace.dylib
0x0000000009858000 	/usr/lib/system/libunc.dylib
0x0000000009858000 	/usr/lib/system/libunwind.dylib
0x0000000109811000 	/usr/lib/system/libxpc.dylib
0x0000000009858000 	/usr/lib/libenergytrace.dylib
0x0000000009858000 	/usr/lib/libbsm.0.dylib
0x0000000009858000 	/usr/lib/system/libkxld.dylib
0x0000000009858000 	/usr/lib/libxar.1.dylib
0x000000010985d000 	/usr/lib/libsqlite3.dylib
0x0000000009858000 	/usr/lib/libpam.2.dylib
0x0000000009858000 	/usr/lib/libOpenScriptingUtil.dylib
0x0000000009858000 	/usr/lib/libbz2.1.0.dylib
0x0000000009858000 	/usr/lib/liblzma.5.dylib
0x0000000009858000 	/System/Library/Frameworks/CoreServices.framework/Versions/A/Frameworks/FSEvents.framework/Versions/A/FSEvents
0x0000000009858000 	/System/Library/Frameworks/CoreServices.framework/Versions/A/Frameworks/CarbonCore.framework/Versions/A/CarbonCore
0x0000000009858000 	/System/Library/Frameworks/CoreServices.framework/Versions/A/Frameworks/Metadata.framework/Versions/A/Metadata
0x0000000009858000 	/System/Library/Frameworks/CoreServices.framework/Versions/A/Frameworks/OSServices.framework/Versions/A/OSServices
0x0000000009858000 	/System/Library/Frameworks/CoreServices.framework/Versions/A/Frameworks/SearchKit.framework/Versions/A/SearchKit
0x0000000009858000 	/System/Library/Frameworks/CoreServices.framework/Versions/A/Frameworks/AE.framework/Versions/A/AE
0x0000000009858000 	/System/Library/Frameworks/CoreServices.framework/Versions/A/Frameworks/LaunchServices.framework/Versions/A/LaunchServices
0x0000000009858000 	/System/Library/Frameworks/CoreServices.framework/Versions/A/Frameworks/DictionaryServices.framework/Versions/A/DictionaryServices
0x0000000009858000 	/System/Library/Frameworks/CoreServices.framework/Versions/A/Frameworks/SharedFileList.framework/Versions/A/SharedFileList
0x0000000009858000 	/System/Library/Frameworks/NetFS.framework/Versions/A/NetFS
0x0000000009858000 	/System/Library/PrivateFrameworks/NetAuth.framework/Versions/A/NetAuth
0x0000000009858000 	/System/Library/PrivateFrameworks/login.framework/Versions/A/Frameworks/loginsupport.framework/Versions/A/loginsupport
0x0000000009858000 	/System/Library/PrivateFrameworks/TCC.framework/Versions/A/TCC
0x0000000009858000 	/usr/lib/libmecabra.dylib
0x0000000009858000 	/System/Library/Frameworks/ApplicationServices.framework/Versions/A/Frameworks/ATS.framework/Versions/A/ATS
0x0000000009858000 	/System/Library/Frameworks/ApplicationServices.framework/Versions/A/Frameworks/ColorSync.framework/Versions/A/ColorSync
0x0000000009858000 	/System/Library/Frameworks/ApplicationServices.framework/Versions/A/Frameworks/HIServices.framework/Versions/A/HIServices
0x0000000009858000 	/System/Library/Frameworks/ApplicationServices.framework/Versions/A/Frameworks/LangAnalysis.framework/Versions/A/LangAnalysis
0x0000000009858000 	/System/Library/Frameworks/ApplicationServices.framework/Versions/A/Frameworks/PrintCore.framework/Versions/A/PrintCore
0x0000000009858000 	/System/Library/Frameworks/ApplicationServices.framework/Versions/A/Frameworks/QD.framework/Versions/A/QD
0x0000000009858000 	/System/Library/Frameworks/ApplicationServices.framework/Versions/A/Frameworks/SpeechSynthesis.framework/Versions/A/SpeechSynthesis
0x0000000009858000 	/System/Library/Frameworks/Metal.framework/Versions/A/Metal
0x0000000009858000 	/System/Library/Frameworks/Accelerate.framework/Versions/A/Frameworks/vImage.framework/Versions/A/vImage
0x0000000009858000 	/System/Library/Frameworks/Accelerate.framework/Versions/A/Frameworks/vecLib.framework/Versions/A/vecLib
0x0000000009858000 	/System/Library/Frameworks/Accelerate.framework/Versions/A/Frameworks/vecLib.framework/Versions/A/libvDSP.dylib
0x0000000009858000 	/System/Library/Frameworks/Accelerate.framework/Versions/A/Frameworks/vecLib.framework/Versions/A/libvMisc.dylib
0x0000000009858000 	/System/Library/Frameworks/Accelerate.framework/Versions/A/Frameworks/vecLib.framework/Versions/A/libLAPACK.dylib
0x0000000009858000 	/System/Library/Frameworks/Accelerate.framework/Versions/A/Frameworks/vecLib.framework/Versions/A/libBLAS.dylib
0x0000000009858000 	/System/Library/Frameworks/Accelerate.framework/Versions/A/Frameworks/vecLib.framework/Versions/A/libLinearAlgebra.dylib
0x0000000009858000 	/System/Library/Frameworks/Accelerate.framework/Versions/A/Frameworks/vecLib.framework/Versions/A/libSparseBLAS.dylib
0x0000000009858000 	/System/Library/PrivateFrameworks/GPUCompiler.framework/libmetal_timestamp.dylib
0x0000000009858000 	/System/Library/Frameworks/OpenGL.framework/Versions/A/Libraries/libCoreFSCache.dylib
0x0000000009858000 	/System/Library/PrivateFrameworks/IOAccelerator.framework/Versions/A/IOAccelerator
0x0000000009858000 	/System/Library/Frameworks/ApplicationServices.framework/Versions/A/Frameworks/ATS.framework/Versions/A/Resources/libFontParser.dylib
0x0000000009858000 	/System/Library/Frameworks/ApplicationServices.framework/Versions/A/Frameworks/ATS.framework/Versions/A/Resources/libFontRegistry.dylib
0x0000000009858000 	/System/Library/PrivateFrameworks/AppleVPA.framework/Versions/A/AppleVPA
0x0000000009858000 	/System/Library/PrivateFrameworks/AppleJPEG.framework/Versions/A/AppleJPEG
0x0000000009858000 	/System/Library/Frameworks/ImageIO.framework/Versions/A/Resources/libJPEG.dylib
0x0000000009858000 	/System/Library/Frameworks/ImageIO.framework/Versions/A/Resources/libTIFF.dylib
0x0000000009858000 	/System/Library/Frameworks/ImageIO.framework/Versions/A/Resources/libPng.dylib
0x0000000009858000 	/System/Library/Frameworks/ImageIO.framework/Versions/A/Resources/libGIF.dylib
0x0000000009858000 	/System/Library/Frameworks/ImageIO.framework/Versions/A/Resources/libJP2.dylib
0x0000000009858000 	/System/Library/Frameworks/ImageIO.framework/Versions/A/Resources/libRadiance.dylib
0x0000000009858000 	/System/Library/Frameworks/CoreVideo.framework/Versions/A/CoreVideo
0x0000000009858000 	/System/Library/Frameworks/OpenGL.framework/Versions/A/Libraries/libGLU.dylib
0x0000000009858000 	/System/Library/Frameworks/OpenGL.framework/Versions/A/Libraries/libGFXShared.dylib
0x0000000009858000 	/System/Library/Frameworks/OpenGL.framework/Versions/A/Libraries/libGL.dylib
0x0000000009858000 	/System/Library/Frameworks/OpenGL.framework/Versions/A/Libraries/libGLImage.dylib
0x0000000009858000 	/System/Library/Frameworks/OpenGL.framework/Versions/A/Libraries/libCVMSPluginSupport.dylib
0x0000000009858000 	/System/Library/Frameworks/OpenGL.framework/Versions/A/Libraries/libCoreVMClient.dylib
0x0000000009858000 	/usr/lib/libcups.2.dylib
0x0000000009858000 	/System/Library/Frameworks/Kerberos.framework/Versions/A/Kerberos
0x0000000009858000 	/System/Library/Frameworks/GSS.framework/Versions/A/GSS
0x0000000009858000 	/usr/lib/libresolv.9.dylib
0x0000000009858000 	/usr/lib/libiconv.2.dylib
0x0000000009858000 	/System/Library/PrivateFrameworks/Heimdal.framework/Versions/A/Heimdal
0x0000000009858000 	/usr/lib/libheimdal-asn1.dylib
0x0000000009858000 	/System/Library/Frameworks/OpenDirectory.framework/Versions/A/OpenDirectory
0x0000000009858000 	/System/Library/PrivateFrameworks/CommonAuth.framework/Versions/A/CommonAuth
0x0000000009858000 	/System/Library/Frameworks/OpenDirectory.framework/Versions/A/Frameworks/CFOpenDirectory.framework/Versions/A/CFOpenDirectory
0x0000000009858000 	/System/Library/Frameworks/SecurityFoundation.framework/Versions/A/SecurityFoundation
0x0000000009858000 	/System/Library/PrivateFrameworks/LanguageModeling.framework/Versions/A/LanguageModeling
0x0000000009858000 	/usr/lib/libmarisa.dylib
0x0000000009858000 	/usr/lib/libChineseTokenizer.dylib
0x0000000009858000 	/usr/lib/libcmph.dylib
0x0000000009858000 	/usr/lib/libcompression.dylib
0x00000001099a2000 	/System/Library/Frameworks/ServiceManagement.framework/Versions/A/ServiceManagement
0x0000000009858000 	/usr/lib/libxslt.1.dylib
0x0000000009858000 	/System/Library/Frameworks/Carbon.framework/Versions/A/Frameworks/Ink.framework/Versions/A/Ink
0x0000000009858000 	/usr/lib/libFosl_dynamic.dylib
0x0000000009858000 	/System/Library/PrivateFrameworks/FaceCore.framework/Versions/A/FaceCore
0x0000000009858000 	/System/Library/Frameworks/OpenCL.framework/Versions/A/OpenCL
0x0000000009858000 	/System/Library/PrivateFrameworks/CrashReporterSupport.framework/Versions/A/CrashReporterSupport
0x0000000009858000 	/System/Library/PrivateFrameworks/IconServices.framework/Versions/A/IconServices
0x0000000009858000 	/System/Library/PrivateFrameworks/Apple80211.framework/Versions/A/Apple80211
0x0000000009858000 	/System/Library/Frameworks/CoreWLAN.framework/Versions/A/CoreWLAN
0x0000000009858000 	/System/Library/Frameworks/IOBluetooth.framework/Versions/A/IOBluetooth
0x0000000009858000 	/System/Library/PrivateFrameworks/CoreWiFi.framework/Versions/A/CoreWiFi
0x0000000009858000 	/System/Library/Frameworks/CoreBluetooth.framework/Versions/A/CoreBluetooth
0x0000000009858000 	/System/Library/PrivateFrameworks/ChunkingLibrary.framework/Versions/A/ChunkingLibrary
0x0000000009858000 	/System/Library/PrivateFrameworks/DebugSymbols.framework/Versions/A/DebugSymbols
0x0000000009858000 	/System/Library/PrivateFrameworks/CoreSymbolication.framework/Versions/A/CoreSymbolication
0x0000000009858000 	/System/Library/PrivateFrameworks/Symbolication.framework/Versions/A/Symbolication
0x0000000009858000 	/System/Library/PrivateFrameworks/SpeechRecognitionCore.framework/Versions/A/SpeechRecognitionCore
0x000000010ae00000 	/Library/Java/JavaVirtualMachines/jdk1.8.0_51.jdk/Contents/Home/jre/lib/server/libjvm.dylib
0x0000000109c07000 	/usr/lib/libstdc++.6.dylib
0x0000000109cbe000 	/Library/Java/JavaVirtualMachines/jdk1.8.0_51.jdk/Contents/Home/jre/lib/libverify.dylib
0x0000000109ccc000 	/Library/Java/JavaVirtualMachines/jdk1.8.0_51.jdk/Contents/Home/jre/lib/libjava.dylib
0x0000000109d09000 	/Library/Java/JavaVirtualMachines/jdk1.8.0_51.jdk/Contents/Home/jre/lib/libzip.dylib
0x0000000109de5000 	/System/Library/Frameworks/JavaVM.framework/Frameworks/JavaRuntimeSupport.framework/JavaRuntimeSupport
0x0000000126d4c000 	/System/Library/Frameworks/JavaVM.framework/Versions/A/Frameworks/JavaNativeFoundation.framework/Versions/A/JavaNativeFoundation
0x0000000126d61000 	/System/Library/Frameworks/JavaVM.framework/Versions/A/JavaVM
0x0000000009858000 	/System/Library/Frameworks/Carbon.framework/Versions/A/Carbon
0x0000000126d6e000 	/System/Library/PrivateFrameworks/JavaLaunching.framework/Versions/A/JavaLaunching
0x0000000009858000 	/System/Library/Frameworks/Carbon.framework/Versions/A/Frameworks/CommonPanels.framework/Versions/A/CommonPanels
0x0000000009858000 	/System/Library/Frameworks/Carbon.framework/Versions/A/Frameworks/Help.framework/Versions/A/Help
0x0000000009858000 	/System/Library/Frameworks/Carbon.framework/Versions/A/Frameworks/ImageCapture.framework/Versions/A/ImageCapture
0x0000000009858000 	/System/Library/Frameworks/Carbon.framework/Versions/A/Frameworks/OpenScripting.framework/Versions/A/OpenScripting
0x0000000009858000 	/System/Library/Frameworks/Carbon.framework/Versions/A/Frameworks/Print.framework/Versions/A/Print
0x0000000009858000 	/System/Library/Frameworks/Carbon.framework/Versions/A/Frameworks/SecurityHI.framework/Versions/A/SecurityHI
0x00000001291f9000 	/Library/Java/JavaVirtualMachines/jdk1.8.0_51.jdk/Contents/Home/jre/lib/libnet.dylib
0x0000000129414000 	/Library/Java/JavaVirtualMachines/jdk1.8.0_51.jdk/Contents/Home/jre/lib/libawt.dylib
0x00000001294bc000 	/Library/Java/JavaVirtualMachines/jdk1.8.0_51.jdk/Contents/Home/jre/lib/./libmlib_image.dylib
0x0000000129588000 	/Library/Java/JavaVirtualMachines/jdk1.8.0_51.jdk/Contents/Home/jre/lib/libawt_lwawt.dylib
0x000000012963c000 	/Library/Java/JavaVirtualMachines/jdk1.8.0_51.jdk/Contents/Home/jre/lib/./libosxapp.dylib
0x0000000009858000 	/System/Library/Frameworks/ExceptionHandling.framework/Versions/A/ExceptionHandling
0x0000000009858000 	/System/Library/PrivateFrameworks/CoreServicesInternal.framework/Versions/A/CoreServicesInternal
0x0000000009858000 	/System/Library/Frameworks/CoreGraphics.framework/Versions/A/Resources/libRIP.A.dylib
0x000000012a6ef000 	/System/Library/Frameworks/Accelerate.framework/Frameworks/vImage.framework/Versions/A/Libraries/libCGInterfaces.dylib
0x0000000009858000 	/System/Library/Frameworks/CoreGraphics.framework/Versions/A/Resources/libCGXType.A.dylib
0x0000000009858000 	/System/Library/Frameworks/OpenCL.framework/Versions/A/Libraries/libcldcpuengine.dylib
0x0000000009858000 	/System/Library/PrivateFrameworks/DiskImages.framework/Versions/A/DiskImages
0x0000000009858000 	/System/Library/Frameworks/DiscRecording.framework/Versions/A/DiscRecording
0x0000000009858000 	/usr/lib/libcsfde.dylib
0x0000000009858000 	/usr/lib/libcurl.4.dylib
0x0000000009858000 	/System/Library/PrivateFrameworks/MediaKit.framework/Versions/A/MediaKit
0x0000000009858000 	/System/Library/PrivateFrameworks/ProtectedCloudStorage.framework/Versions/A/ProtectedCloudStorage
0x0000000009858000 	/usr/lib/libCoreStorage.dylib
0x0000000009858000 	/System/Library/PrivateFrameworks/EFILogin.framework/Versions/A/EFILogin
0x0000000009858000 	/usr/lib/libutil.dylib
0x0000000009858000 	/System/Library/PrivateFrameworks/FindMyDevice.framework/Versions/A/FindMyDevice
0x0000000009858000 	/System/Library/Frameworks/LDAP.framework/Versions/A/LDAP
0x0000000009858000 	/usr/lib/libsasl2.2.dylib
0x0000000009858000 	/System/Library/PrivateFrameworks/CoreDaemon.framework/Versions/B/CoreDaemon
0x0000000009858000 	/usr/lib/libcrypto.0.9.8.dylib
0x0000000009858000 	/System/Library/PrivateFrameworks/AppleSRP.framework/Versions/A/AppleSRP
0x0000000009858000 	/System/Library/PrivateFrameworks/TrustEvaluationAgent.framework/Versions/A/TrustEvaluationAgent
0x000000012b752000 	cl_kernels
0x0000000009858000 	/System/Library/Frameworks/OpenCL.framework/Versions/A/Libraries/ImageFormats/unorm8_bgra.dylib
0x0000000009858000 	/System/Library/Frameworks/OpenCL.framework/Versions/A/Libraries/ImageFormats/unorm8_rgba.dylib
0x0000000009858000 	/System/Library/PrivateFrameworks/FamilyControls.framework/Versions/A/FamilyControls
0x0000000009858000 	/System/Library/PrivateFrameworks/CommerceKit.framework/Versions/A/Frameworks/CommerceCore.framework/Versions/A/CommerceCore
0x0000000009858000 	/System/Library/PrivateFrameworks/SystemAdministration.framework/Versions/A/SystemAdministration
0x0000000009858000 	/System/Library/PrivateFrameworks/AppContainer.framework/Versions/A/AppContainer
0x0000000009858000 	/System/Library/PrivateFrameworks/SecCodeWrapper.framework/Versions/A/SecCodeWrapper
0x0000000009858000 	/System/Library/Frameworks/DirectoryService.framework/Versions/A/DirectoryService
0x0000000009858000 	/System/Library/PrivateFrameworks/LoginUIKit.framework/Versions/A/Frameworks/LoginUICore.framework/Versions/A/LoginUICore
0x0000000009858000 	/usr/lib/libodfde.dylib
0x000000012c8a0000 	/Library/Java/JavaVirtualMachines/jdk1.8.0_51.jdk/Contents/Home/jre/lib/libfontmanager.dylib
0x000000012cb07000 	/System/Library/Frameworks/OpenGL.framework/Resources/GLEngine.bundle/GLEngine
0x0000000009858000 	/System/Library/Frameworks/OpenGL.framework/Versions/A/Libraries/libGLProgrammability.dylib
0x000000012ccef000 	/System/Library/Extensions/AppleIntelHD5000GraphicsGLDriver.bundle/Contents/MacOS/AppleIntelHD5000GraphicsGLDriver
0x0000000009858000 	/System/Library/PrivateFrameworks/GPUSupport.framework/Versions/A/Libraries/libGPUSupportMercury.dylib
0x0000000009858000 	/System/Library/Extensions/GeForceGLDriver.bundle/Contents/MacOS/GeForceGLDriver
0x0000000009858000 	/System/Library/Extensions/GeForceGLDriver.bundle/Contents/MacOS/libclh.dylib
0x0000000128b45000 	/System/Library/Frameworks/OpenGL.framework/Resources//GLRendererFloat.bundle/GLRendererFloat
0x000000012e3e1000 	/Library/Java/JavaVirtualMachines/jdk1.8.0_51.jdk/Contents/Home/jre/lib/libnio.dylib
0x000000012d53f000 	/private/var/folders/8t/15tm31s13l7_hyd5ns7q7dmw0000gn/T/jna/jna1422541306407702169.tmp
0x000000012d553000 	/Users/nspotrepka/Code/Clojure/supertone/target/native/macosx/x86_64/libscsynth.dylib
0x0000000128a3f000 	/Library/Java/JavaVirtualMachines/jdk1.8.0_51.jdk/Contents/Home/jre/lib/libjsound.dylib
0x000000012d971000 	/System/Library/Frameworks/CoreMIDI.framework/Versions/A/CoreMIDI
0x000000012d677000 	/usr/lib/libexpat.1.dylib
0x0000000128a52000 	/System/Library/Extensions/AppleHDA.kext/Contents/PlugIns/AppleHDAHALPlugIn.bundle/Contents/MacOS/AppleHDAHALPlugIn
0x000000012d9d1000 	/Library/Audio/Plug-Ins/HAL/JackRouter.plugin/Contents/MacOS/JackRouter
0x000000012da13000 	/System/Library/Frameworks/Jackmp.framework/Versions/A/Jackmp
0x000000012daab000 	/Library/Java/JavaVirtualMachines/jdk1.8.0_51.jdk/Contents/Home/jre/lib/libmanagement.dylib
0x000000012db41000 	/Users/nspotrepka/Code/Clojure/supertone/target/native/macosx/x86_64/AmbisonicUGens.scx
0x000000012db47000 	/Users/nspotrepka/Code/Clojure/supertone/target/native/macosx/x86_64/AtkUGens.scx
0x000000012f84f000 	/Users/nspotrepka/Code/Clojure/supertone/target/native/macosx/x86_64/AY_UGen.scx
0x000000012f856000 	/Users/nspotrepka/Code/Clojure/supertone/target/native/macosx/x86_64/BatPVUgens.scx
0x000000012d69a000 	/Users/nspotrepka/Code/Clojure/supertone/target/native/macosx/x86_64/BatUGens.scx
0x000000012f85e000 	/Users/nspotrepka/Code/Clojure/supertone/target/native/macosx/x86_64/BBCut2UGens.scx
0x000000012f866000 	/Users/nspotrepka/Code/Clojure/supertone/target/native/macosx/x86_64/BerlachUGens.scx
0x000000012f877000 	/Users/nspotrepka/Code/Clojure/supertone/target/native/macosx/x86_64/BetablockerUGens.scx
0x000000012f87f000 	/Users/nspotrepka/Code/Clojure/supertone/target/native/macosx/x86_64/BhobChaos.scx
0x000000012f88a000 	/Users/nspotrepka/Code/Clojure/supertone/target/native/macosx/x86_64/BhobFFT.scx
0x000000012f89d000 	/Users/nspotrepka/Code/Clojure/supertone/target/native/macosx/x86_64/BhobFilt.scx
0x000000012f8af000 	/Users/nspotrepka/Code/Clojure/supertone/target/native/macosx/x86_64/BhobGrain.scx
0x000000012f8b6000 	/Users/nspotrepka/Code/Clojure/supertone/target/native/macosx/x86_64/BhobNoise.scx
0x000000012f8bf000 	/Users/nspotrepka/Code/Clojure/supertone/target/native/macosx/x86_64/BinaryOpUGens.scx
0x000000012f8e8000 	/Users/nspotrepka/Code/Clojure/supertone/target/native/macosx/x86_64/BlackrainUGens.scx
0x000000012f8ed000 	/Users/nspotrepka/Code/Clojure/supertone/target/native/macosx/x86_64/ChaosUGens.scx
0x000000012f8f6000 	/Users/nspotrepka/Code/Clojure/supertone/target/native/macosx/x86_64/Concat.scx
0x000000012f8fd000 	/Users/nspotrepka/Code/Clojure/supertone/target/native/macosx/x86_64/DelayUGens.scx
0x000000012f928000 	/Users/nspotrepka/Code/Clojure/supertone/target/native/macosx/x86_64/DemandUGens.scx
0x000000012f933000 	/Users/nspotrepka/Code/Clojure/supertone/target/native/macosx/x86_64/DiskIO_UGens.scx
0x000000012f9a9000 	/Users/nspotrepka/Code/Clojure/supertone/target/native/macosx/x86_64/DistortionUGens.scx
0x000000012f9ad000 	/Users/nspotrepka/Code/Clojure/supertone/target/native/macosx/x86_64/DynNoiseUGens.scx
0x000000012f9b2000 	/Users/nspotrepka/Code/Clojure/supertone/target/native/macosx/x86_64/FFT_UGens.scx
0x000000012f9d2000 	/Users/nspotrepka/Code/Clojure/supertone/target/native/macosx/x86_64/FilterUGens.scx
0x000000012f9ee000 	/Users/nspotrepka/Code/Clojure/supertone/target/native/macosx/x86_64/GendynUGens.scx
0x000000012f9f3000 	/Users/nspotrepka/Code/Clojure/supertone/target/native/macosx/x86_64/GlitchUGens.scx
0x000000012f9f8000 	/Users/nspotrepka/Code/Clojure/supertone/target/native/macosx/x86_64/GrainUGens.scx
0x000000012fa0b000 	/Users/nspotrepka/Code/Clojure/supertone/target/native/macosx/x86_64/IOUGens.scx
0x000000012fa13000 	/Users/nspotrepka/Code/Clojure/supertone/target/native/macosx/x86_64/JoshAmbiUGens.scx
0x000000012fa20000 	/Users/nspotrepka/Code/Clojure/supertone/target/native/macosx/x86_64/JoshGrainUGens.scx
0x000000012fa4b000 	/Users/nspotrepka/Code/Clojure/supertone/target/native/macosx/x86_64/JoshPVUGens.scx
0x000000012fa68000 	/Users/nspotrepka/Code/Clojure/supertone/target/native/macosx/x86_64/JoshUGens.scx
0x000000012fa82000 	/Users/nspotrepka/Code/Clojure/supertone/target/native/macosx/x86_64/KeyboardUGens.scx
0x000000012fa87000 	/Users/nspotrepka/Code/Clojure/supertone/target/native/macosx/x86_64/LadspaUGen.scx
0x000000012fa8b000 	/Users/nspotrepka/Code/Clojure/supertone/target/native/macosx/x86_64/LFUGens.scx
0x000000012fa9e000 	/Users/nspotrepka/Code/Clojure/supertone/target/native/macosx/x86_64/LoopBuf.scx
0x000000012faa3000 	/Users/nspotrepka/Code/Clojure/supertone/target/native/macosx/x86_64/MCLDBufferUGens.scx
0x000000012faa8000 	/Users/nspotrepka/Code/Clojure/supertone/target/native/macosx/x86_64/MCLDCepstrumUGens.scx
0x000000012fab8000 	/Users/nspotrepka/Code/Clojure/supertone/target/native/macosx/x86_64/MCLDChaosUGens.scx
0x000000012fabe000 	/Users/nspotrepka/Code/Clojure/supertone/target/native/macosx/x86_64/MCLDDistortionUGens.scx
0x000000012fac2000 	/Users/nspotrepka/Code/Clojure/supertone/target/native/macosx/x86_64/MCLDFFTUGens.scx
0x000000012fad7000 	/Users/nspotrepka/Code/Clojure/supertone/target/native/macosx/x86_64/MCLDFilterUGens.scx
0x000000012fadb000 	/Users/nspotrepka/Code/Clojure/supertone/target/native/macosx/x86_64/MCLDGetenvUGen.scx
0x000000012fadf000 	/Users/nspotrepka/Code/Clojure/supertone/target/native/macosx/x86_64/MCLDOscUGens.scx
0x000000012fae3000 	/Users/nspotrepka/Code/Clojure/supertone/target/native/macosx/x86_64/MCLDPollUGens.scx
0x000000012fae7000 	/Users/nspotrepka/Code/Clojure/supertone/target/native/macosx/x86_64/MCLDSOMUGens.scx
0x000000012faed000 	/Users/nspotrepka/Code/Clojure/supertone/target/native/macosx/x86_64/MCLDTreeUGens.scx
0x000000012faf2000 	/Users/nspotrepka/Code/Clojure/supertone/target/native/macosx/x86_64/MCLDTriggeredStatsUgens.scx
0x000000012faf6000 	/Users/nspotrepka/Code/Clojure/supertone/target/native/macosx/x86_64/MdaUGens.scx
0x000000012fc18000 	/Users/nspotrepka/Code/Clojure/supertone/target/native/macosx/x86_64/MembraneUGens.scx
0x000000012fc1d000 	/Users/nspotrepka/Code/Clojure/supertone/target/native/macosx/x86_64/ML_UGens.scx
0x000000012fc50000 	/Users/nspotrepka/Code/Clojure/supertone/target/native/macosx/x86_64/MouseUGens.scx
0x000000012fc56000 	/Users/nspotrepka/Code/Clojure/supertone/target/native/macosx/x86_64/MulAddUGens.scx
0x000000012fc5d000 	/Users/nspotrepka/Code/Clojure/supertone/target/native/macosx/x86_64/NCAnalysisUGens.scx
0x000000012fc7c000 	/Users/nspotrepka/Code/Clojure/supertone/target/native/macosx/x86_64/NoiseUGens.scx
0x000000012fc83000 	/Users/nspotrepka/Code/Clojure/supertone/target/native/macosx/x86_64/OscUGens.scx
0x000000012fc93000 	/Users/nspotrepka/Code/Clojure/supertone/target/native/macosx/x86_64/PanUGens.scx
0x000000012fc9c000 	/Users/nspotrepka/Code/Clojure/supertone/target/native/macosx/x86_64/PhysicalModelingUGens.scx
0x000000012fca0000 	/Users/nspotrepka/Code/Clojure/supertone/target/native/macosx/x86_64/PitchDetection.scx
0x000000012fca7000 	/Users/nspotrepka/Code/Clojure/supertone/target/native/macosx/x86_64/PV_ThirdParty.scx
0x000000012fcbb000 	/Users/nspotrepka/Code/Clojure/supertone/target/native/macosx/x86_64/ReverbUGens.scx
0x000000012fcc3000 	/Users/nspotrepka/Code/Clojure/supertone/target/native/macosx/x86_64/RFWUGens.scx
0x000000012fcc7000 	/Users/nspotrepka/Code/Clojure/supertone/target/native/macosx/x86_64/RMEQSuite.scx
0x000000012fccf000 	/Users/nspotrepka/Code/Clojure/supertone/target/native/macosx/x86_64/SLUGens.scx
0x000000012fcde000 	/Users/nspotrepka/Code/Clojure/supertone/target/native/macosx/x86_64/StkUGens.scx
0x000000012fd8b000 	/Users/nspotrepka/Code/Clojure/supertone/target/native/macosx/x86_64/SummerUGens.scx
0x000000012fd90000 	/Users/nspotrepka/Code/Clojure/supertone/target/native/macosx/x86_64/TagSystemUgens.scx
0x000000012fd96000 	/Users/nspotrepka/Code/Clojure/supertone/target/native/macosx/x86_64/TestUGens.scx
0x000000012fd9a000 	/Users/nspotrepka/Code/Clojure/supertone/target/native/macosx/x86_64/TJUGens.scx
0x000000012fda4000 	/Users/nspotrepka/Code/Clojure/supertone/target/native/macosx/x86_64/TriggerUGens.scx
0x000000012fdb0000 	/Users/nspotrepka/Code/Clojure/supertone/target/native/macosx/x86_64/UnaryOpUGens.scx
0x000000012fdc6000 	/Users/nspotrepka/Code/Clojure/supertone/target/native/macosx/x86_64/UnpackFFTUGens.scx
0x000000012fdd2000 	/Users/nspotrepka/Code/Clojure/supertone/target/native/macosx/x86_64/VBAP.scx
0x000000012fdd8000 	/Users/nspotrepka/Code/Clojure/supertone/target/native/macosx/x86_64/VOSIM.scx

VM Arguments:
jvm_args: -Dfile.encoding=UTF-8 -XX:+TieredCompilation -XX:TieredStopAtLevel=1 -XX:-OmitStackTraceInFastThrow -Dclojure.compile.path=/Users/nspotrepka/Code/Clojure/supertone/target/classes -Dsupertone.version=0.1.0-SNAPSHOT -Dclojure.debug=false -Djava.library.path=/Users/nspotrepka/Code/Clojure/supertone/target/native/macosx/x86_64 
java_command: clojure.main -i /private/var/folders/8t/15tm31s13l7_hyd5ns7q7dmw0000gn/T/form-init5279493760383007437.clj
java_class_path (initial): /Users/nspotrepka/Code/Clojure/supertone/test:/Users/nspotrepka/Code/Clojure/supertone/dev:/Users/nspotrepka/Code/Clojure/supertone/live:/Users/nspotrepka/Code/Clojure/supertone/src:/Users/nspotrepka/Code/Clojure/supertone/dev-resources:/Users/nspotrepka/Code/Clojure/supertone/resources:/Users/nspotrepka/Code/Clojure/supertone/target/classes:/Users/nspotrepka/.m2/repository/overtone/scsynth-extras/3.5.7.0/scsynth-extras-3.5.7.0.jar:/Users/nspotrepka/.m2/repository/net/java/dev/jna/jna/3.4.0/jna-3.4.0.jar:/Users/nspotrepka/.m2/repository/com/miglayout/miglayout/3.7.4/miglayout-3.7.4.jar:/Users/nspotrepka/.m2/repository/overtone/at-at/1.2.0/at-at-1.2.0.jar:/Users/nspotrepka/.m2/repository/org/clojure/tools.nrepl/0.2.12/tools.nrepl-0.2.12.jar:/Users/nspotrepka/.m2/repository/clojure-complete/clojure-complete/0.2.4/clojure-complete-0.2.4.jar:/Users/nspotrepka/.m2/repository/overtone/byte-spec/0.3.1/byte-spec-0.3.1.jar:/Users/nspotrepka/.m2/repository/overtone/osc-clj/0.9.0/osc-clj-0.9.0.jar:/Users/nspotrepka/.m2/repository/com/fifesoft/rsyntaxtextarea/2.5.6/rsyntaxtextarea-2.5.6.jar:/Users/nspotrepka/.m2/repository/overtone/libs.handlers/0.2.0/libs.handlers-0.2.0.jar:/Users/nspotrepka/.m2/repository/org/swinglabs/swingx/swingx-autocomplete/1.6.3/swingx-autocomplete-1.6.3.jar:/Users/nspotrepka/.m2/repository/j18n/j18n/1.0.2/j18n-1.0.2.jar:/Users/nspotrepka/.m2/repository/org/swinglabs/swingx/swingx-plaf/1.6.3/swingx-plaf-1.6.3.jar:/Users/nspotrepka/.m2/repository/org/swinglabs/swingx/swingx-painters/1.6.3/swingx-painters-1.6.3.jar:/Users/nspotrepka/.m2/repository/com/jgoodies/forms/1.2.1/forms-1.2.1.jar:/Users/nspotrepka/.m2/repository/org/clojure/tools.namespace/0.2.11/tools.namespace-0.2.11.jar:/Users/nspotrepka/.m2/repository/org/clojure/clojure/1.7.0/clojure-1.7.0.jar:/Users/nspotrepka/.m2/repository/overtone/scsynth/3.5.7.0/scsynth-3.5.7.0.jar:/Users/nspotrepka/.m2/repository/commons-net/commons-net/3.0.1/commons-net-3.0.1.jar:/Users/nsp
Launcher Type: SUN_STANDARD

Environment Variables:
PATH=/Users/nspotrepka/.rvm/gems/ruby-2.2.1/bin:/Users/nspotrepka/.rvm/gems/ruby-2.2.1@global/bin:/Users/nspotrepka/.rvm/rubies/ruby-2.2.1/bin:/Library/Frameworks/Python.framework/Versions/3.5/bin:/Developer/NVIDIA/CUDA-7.0/bin:/Users/nspotrepka/Code/torch/install/bin:/usr/local/bin:/Library/Frameworks/Python.framework/Versions/3.4/bin:/usr/local/bin:/usr/bin:/bin:/usr/sbin:/sbin:/opt/X11/bin:/Applications/SuperCollider/SuperCollider.app/Contents/Resources:/Users/nspotrepka/.rvm/bin
SHELL=/bin/bash
DISPLAY=/private/tmp/com.apple.launchd.GHndq4qf4o/org.macosforge.xquartz:0

Signal Handlers:
SIGSEGV: [libjvm.dylib+0x58ef35], sa_mask[0]=11111111011111110111111111111111, sa_flags=SA_ONSTACK|SA_RESTART|SA_SIGINFO
SIGBUS: [libjvm.dylib+0x58ef35], sa_mask[0]=11111111011111110111111111111111, sa_flags=SA_RESTART|SA_SIGINFO
SIGFPE: [libjvm.dylib+0x46c028], sa_mask[0]=11111111011111110111111111111111, sa_flags=SA_RESTART|SA_SIGINFO
SIGPIPE: [libjvm.dylib+0x46c028], sa_mask[0]=11111111011111110111111111111111, sa_flags=SA_RESTART|SA_SIGINFO
SIGXFSZ: [libjvm.dylib+0x46c028], sa_mask[0]=11111111011111110111111111111111, sa_flags=SA_RESTART|SA_SIGINFO
SIGILL: [libjvm.dylib+0x46c028], sa_mask[0]=11111111011111110111111111111111, sa_flags=SA_RESTART|SA_SIGINFO
SIGUSR1: SIG_DFL, sa_mask[0]=11011111011111100000000111000110, sa_flags=none
SIGUSR2: [libjvm.dylib+0x46bb46], sa_mask[0]=00100000000000000000000000000000, sa_flags=SA_RESTART|SA_SIGINFO
SIGHUP: [libjvm.dylib+0x46a119], sa_mask[0]=11111111011111110111111111111111, sa_flags=SA_RESTART|SA_SIGINFO
SIGINT: [libjvm.dylib+0x46a119], sa_mask[0]=11111111011111110111111111111111, sa_flags=SA_RESTART|SA_SIGINFO
SIGTERM: [libjvm.dylib+0x46a119], sa_mask[0]=11111111011111110111111111111111, sa_flags=SA_RESTART|SA_SIGINFO
SIGQUIT: [libjvm.dylib+0x46a119], sa_mask[0]=11111111011111110111111111111111, sa_flags=SA_RESTART|SA_SIGINFO


---------------  S Y S T E M  ---------------

OS:Bsduname:Darwin 15.3.0 Darwin Kernel Version 15.3.0: Thu Dec 10 18:40:58 PST 2015; root:xnu-3248.30.4~1/RELEASE_X86_64 x86_64
rlimit: STACK 8192k, CORE 0k, NPROC 709, NOFILE 10240, AS infinity
load average:2.91 2.47 2.35

CPU:total 8 (4 cores per cpu, 2 threads per core) family 6 model 70 stepping 1, cmov, cx8, fxsr, mmx, sse, sse2, sse3, ssse3, sse4.1, sse4.2, popcnt, avx, avx2, aes, clmul, erms, rtm, lzcnt, ht, tsc, tscinvbit, bmi1, bmi2

Memory: 4k page, physical 16777216k(101016k free)

/proc/meminfo:


vm_info: Java HotSpot(TM) 64-Bit Server VM (25.51-b03) for bsd-amd64 JRE (1.8.0_51-b16), built on Jun  8 2015 18:01:11 by "java_re" with gcc 4.2.1 (Based on Apple Inc. build 5658) (LLVM build 2336.11.00)

time: Wed Apr 13 02:51:54 2016
elapsed time: 13422 seconds (0d 3h 43m 42s)

