#
# A fatal error has been detected by the Java Runtime Environment:
#
#  SIGSEGV (0xb) at pc=0x0000000128c0f57c, pid=77907, tid=87563
#
# JRE version: Java(TM) SE Runtime Environment (8.0_51-b16) (build 1.8.0_51-b16)
# Java VM: Java HotSpot(TM) 64-Bit Server VM (25.51-b03 mixed mode bsd-amd64 compressed oops)
# Problematic frame:
# C  [libscsynth.dylib+0x557c]  _ZN12SC_UdpInPortC2EP5Worldi+0x1be
#
# Failed to write core dump. Core dumps have been disabled. To enable core dumping, try "ulimit -c unlimited" before starting Java again
#
# If you would like to submit a bug report, please visit:
#   http://bugreport.java.com/bugreport/crash.jsp
# The crash happened outside the Java Virtual Machine in native code.
# See problematic frame for where to report the bug.
#

---------------  T H R E A D  ---------------

Current thread (0x00007fb50c085000):  JavaThread "Thread-14" daemon [_thread_in_native, id=87563, stack(0x00007000034bf000,0x00007000035bf000)]

siginfo: si_signo: 11 (SIGSEGV), si_code: 1 (SEGV_MAPERR), si_addr: 0x0000000000000160

Registers:
RAX=0x0000000000000000, RBX=0x0000000000000000, RCX=0x00000000ffffffff, RDX=0x0000000000000000
RSP=0x00007000035bde00, RBP=0x00007000035bde80, RSI=0x0000000000000003, RDI=0x00007fff7cb6f118
R8 =0x000000000001520b, R9 =0x0000000000000000, R10=0x000000000000002c, R11=0x0000000000000206
R12=0x0000000000000004, R13=0x0000000000000002, R14=0x00007fb50ba12c00, R15=0x00007000039d4000
RIP=0x0000000128c0f57c, EFLAGS=0x0000000000010202, ERR=0x0000000000000004
  TRAPNO=0x000000000000000e

Top of Stack: (sp=0x00007000035bde00)
0x00007000035bde00:   0000000000000000 00010000035bde80
0x00007000035bde10:   00007000035bde30 00007fff9c5250dc
0x00007000035bde20:   0000000000000000 0000000000010048
0x00007000035bde30:   0000000a0000003f 000000028d93e7de
0x00007000035bde40:   00007fb50ba12c00 0000000000000000
0x00007000035bde50:   00007000035bde80 0000000128c2e614
0x00007000035bde60:   0000000000000001 00007000035be5e8
0x00007000035bde70:   00007000035bde80 0000000128c02d1c
0x00007000035bde80:   000000000000000a 00007000035be680
0x00007000035bde90:   00007000035bdf80 0000000128c02884
0x00007000035bdea0:   ffffffffffffffff 00000000ffffffff
0x00007000035bdeb0:   0000000106cac650 00007000035bdf30
0x00007000035bdec0:   00007000035be650 00007000035bdf40
0x00007000035bded0:   00007000035bdf30 00007000035bdf44
0x00007000035bdee0:   00007000035be4f0 00007000035be680
0x00007000035bdef0:   0000000128c2e5f0 00007fb50d6154d0
0x00007000035bdf00:   00007000035bddd0 00007fb50d60f390
0x00007000035bdf10:   0000000000000002 0000000200000002
0x00007000035bdf20:   00007000035bddd0 000000010c085000
0x00007000035bdf30:   00007fb500000002 00007fb50d616260
0x00007000035bdf40:   0000000100000000 98007ad3afdcf523
0x00007000035bdf50:   00007000035bdf80 00007000035be680
0x00007000035bdf60:   00007fb50d611360 0000000000000000
0x00007000035bdf70:   00007fb50d6154d0 0000000000000001
0x00007000035bdf80:   00007000035be4d0 0000000128bfcf5c
0x00007000035bdf90:   0000000100000000 00007fb50b7cb750
0x00007000035bdfa0:   00007000035be4d0 0000000128bfcd55
0x00007000035bdfb0:   0000000000000000 0000000000000000
0x00007000035bdfc0:   00007000035be4d0 0000000128bfcd29
0x00007000035bdfd0:   0000000000000000 0000000000000000
0x00007000035bdfe0:   00007000035be1b0 00000001067b3169
0x00007000035bdff0:   00007fb50c085000 00007fb50d6154f0 

Instructions: (pc=0x0000000128c0f57c)
0x0000000128c0f55c:   24 3c 02 00 00 00 c7 44 24 30 3f 00 00 00 be 02
0x0000000128c0f56c:   00 00 00 48 8d 54 24 30 4c 89 ff e8 5c 13 07 00
0x0000000128c0f57c:   80 bb 60 01 00 00 00 74 15 49 8d 7e 30 31 f6 48
0x0000000128c0f58c:   8d 15 3e ed ff ff 4c 89 f1 e8 08 13 07 00 48 83 

Register to memory mapping:

RAX=0x0000000000000000 is an unknown value
RBX=0x0000000000000000 is an unknown value
RCX=0x00000000ffffffff is an unknown value
RDX=0x0000000000000000 is an unknown value
RSP=0x00007000035bde00 is pointing into the stack for thread: 0x00007fb50c085000
RBP=0x00007000035bde80 is pointing into the stack for thread: 0x00007fb50c085000
RSI=0x0000000000000003 is an unknown value
RDI=0x00007fff7cb6f118: _pthread_list_lock+0 in /usr/lib/system/libsystem_pthread.dylib at 0x00007fff97c29000
R8 =0x000000000001520b is an unknown value
R9 =0x0000000000000000 is an unknown value
R10=0x000000000000002c is an unknown value
R11=0x0000000000000206 is an unknown value
R12=0x0000000000000004 is an unknown value
R13=0x0000000000000002 is an unknown value
R14=0x00007fb50ba12c00 is an unknown value
R15=0x00007000039d4000 is an unknown value


Stack: [0x00007000034bf000,0x00007000035bf000],  sp=0x00007000035bde00,  free space=1019k
Native frames: (J=compiled Java code, j=interpreted, Vv=VM code, C=native code)
C  [libscsynth.dylib+0x557c]  _ZN12SC_UdpInPortC2EP5Worldi+0x1be
C  0x00007000035be680

Java frames: (J=compiled Java code, j=interpreted, Vv=VM code)
j  overtone.sc.machinery.server.native.lib_8ef5e0a6_5a69_4a9c_8207_63ab812cdcb0.World_OpenUDP(Lcom/sun/jna/Pointer;I)I+0
j  overtone.sc.machinery.server.native$eval4510$fn__4511.invoke(Ljava/lang/Object;Ljava/lang/Object;)Ljava/lang/Object;+15
j  overtone.sc.machinery.server.native$scsynth_listen_udp.invoke(Ljava/lang/Object;Ljava/lang/Object;)Ljava/lang/Object;+55
j  overtone.sc.machinery.server.connection$internal_booter.invoke(Ljava/lang/Object;)Ljava/lang/Object;+201
j  overtone.sc.machinery.server.connection$boot_internal_server$fn__4603.invoke()Ljava/lang/Object;+13
j  clojure.lang.AFn.run()V+1
j  java.lang.Thread.run()V+11
v  ~StubRoutines::call_stub

---------------  P R O C E S S  ---------------

Java Threads: ( => current thread )
=>0x00007fb50c085000 JavaThread "Thread-14" daemon [_thread_in_native, id=87563, stack(0x00007000034bf000,0x00007000035bf000)]
  0x00007fb50c994000 JavaThread "pool-3-thread-10" [_thread_blocked, id=47643, stack(0x0000700001f7d000,0x000070000207d000)]
  0x00007fb50cad1800 JavaThread "pool-3-thread-9" [_thread_blocked, id=86799, stack(0x00007000035c2000,0x00007000036c2000)]
  0x00007fb50c4f7800 JavaThread "pool-3-thread-8" [_thread_blocked, id=69635, stack(0x00007000032b6000,0x00007000033b6000)]
  0x00007fb50bc87000 JavaThread "pool-3-thread-7" [_thread_blocked, id=69123, stack(0x00007000031b3000,0x00007000032b3000)]
  0x00007fb50d96e800 JavaThread "pool-2-thread-10" [_thread_blocked, id=68611, stack(0x00007000030b0000,0x00007000031b0000)]
  0x00007fb50d9a1000 JavaThread "pool-2-thread-9" [_thread_blocked, id=68099, stack(0x0000700002fad000,0x00007000030ad000)]
  0x00007fb50d99f800 JavaThread "pool-2-thread-8" [_thread_blocked, id=67587, stack(0x0000700002eaa000,0x0000700002faa000)]
  0x00007fb50d96c800 JavaThread "pool-2-thread-7" [_thread_blocked, id=67075, stack(0x0000700002da7000,0x0000700002ea7000)]
  0x00007fb50d96d800 JavaThread "pool-2-thread-6" [_thread_blocked, id=66563, stack(0x0000700002ca4000,0x0000700002da4000)]
  0x00007fb50daad800 JavaThread "pool-2-thread-5" [_thread_blocked, id=66051, stack(0x0000700002ba1000,0x0000700002ca1000)]
  0x00007fb50d988800 JavaThread "pool-2-thread-4" [_thread_blocked, id=65539, stack(0x0000700002a9e000,0x0000700002b9e000)]
  0x00007fb50d99b000 JavaThread "pool-2-thread-3" [_thread_blocked, id=65027, stack(0x000070000299b000,0x0000700002a9b000)]
  0x00007fb50c3e6800 JavaThread "pool-3-thread-6" [_thread_blocked, id=64515, stack(0x0000700002898000,0x0000700002998000)]
  0x00007fb50bc7c000 JavaThread "pool-2-thread-2" [_thread_blocked, id=64003, stack(0x0000700002795000,0x0000700002895000)]
  0x00007fb50bc7c800 JavaThread "pool-2-thread-1" [_thread_blocked, id=63491, stack(0x0000700002692000,0x0000700002792000)]
  0x00007fb50c3e5000 JavaThread "pool-3-thread-5" [_thread_blocked, id=62979, stack(0x000070000258f000,0x000070000268f000)]
  0x00007fb50caa6800 JavaThread "pool-3-thread-4" [_thread_blocked, id=34839, stack(0x0000700001c6e000,0x0000700001d6e000)]
  0x00007fb50ca78000 JavaThread "pool-3-thread-3" [_thread_blocked, id=62467, stack(0x000070000248c000,0x000070000258c000)]
  0x00007fb50bc72000 JavaThread "pool-3-thread-2" [_thread_blocked, id=61955, stack(0x0000700002389000,0x0000700002489000)]
  0x00007fb50bc71800 JavaThread "pool-3-thread-1" [_thread_blocked, id=60943, stack(0x0000700002286000,0x0000700002386000)]
  0x00007fb50d8af000 JavaThread "Java2D Disposer" daemon [_thread_blocked, id=57099, stack(0x0000700002183000,0x0000700002283000)]
  0x00007fb50c99f000 JavaThread "Java2D Queue Flusher" daemon [_thread_blocked, id=56839, stack(0x0000700002080000,0x0000700002180000)]
  0x00007fb50c078000 JavaThread "AppKit Thread" daemon [_thread_in_native, id=8715, stack(0x00007fff5addb000,0x00007fff5b5db000)]
  0x00007fb50bb83800 JavaThread "nREPL-worker-6" daemon [_thread_blocked, id=22299, stack(0x0000700001559000,0x0000700001659000)]
  0x00007fb50c95e000 JavaThread "clojure-agent-send-off-pool-10" [_thread_blocked, id=25111, stack(0x0000700000d3e000,0x0000700000e3e000)]
  0x00007fb50f002000 JavaThread "clojure-agent-send-off-pool-6" [_thread_in_native, id=26371, stack(0x0000700001b6b000,0x0000700001c6b000)]
  0x00007fb50c8d6000 JavaThread "clojure-agent-send-off-pool-5" [_thread_in_native, id=25859, stack(0x0000700001a68000,0x0000700001b68000)]
  0x00007fb50dae2800 JavaThread "clojure-agent-send-off-pool-4" [_thread_blocked, id=25347, stack(0x0000700001965000,0x0000700001a65000)]
  0x00007fb50c07b000 JavaThread "Service Thread" daemon [_thread_blocked, id=21251, stack(0x0000700001353000,0x0000700001453000)]
  0x00007fb50c840000 JavaThread "C1 CompilerThread3" daemon [_thread_blocked, id=20739, stack(0x0000700001250000,0x0000700001350000)]
  0x00007fb50d81b800 JavaThread "C2 CompilerThread2" daemon [_thread_blocked, id=20227, stack(0x000070000114d000,0x000070000124d000)]
  0x00007fb50b812000 JavaThread "C2 CompilerThread1" daemon [_thread_blocked, id=19715, stack(0x000070000104a000,0x000070000114a000)]
  0x00007fb50c047800 JavaThread "C2 CompilerThread0" daemon [_thread_blocked, id=19203, stack(0x0000700000f47000,0x0000700001047000)]
  0x00007fb50c047000 JavaThread "Signal Dispatcher" daemon [_thread_blocked, id=14863, stack(0x0000700000e44000,0x0000700000f44000)]
  0x00007fb50b810800 JavaThread "Finalizer" daemon [_thread_blocked, id=14339, stack(0x0000700000c3b000,0x0000700000d3b000)]
  0x00007fb50b80f800 JavaThread "Reference Handler" daemon [_thread_blocked, id=13827, stack(0x0000700000b38000,0x0000700000c38000)]
  0x00007fb50c802800 JavaThread "main" [_thread_blocked, id=2827, stack(0x000070000011a000,0x000070000021a000)]

Other Threads:
  0x00007fb50c839800 VMThread [stack: 0x0000700000a35000,0x0000700000b35000] [id=13315]
  0x00007fb50c841800 WatcherThread [stack: 0x0000700001456000,0x0000700001556000] [id=21763]

VM state:not at safepoint (normal execution)

VM Mutex/Monitor currently owned by a thread: None

Heap:
 PSYoungGen      total 521728K, used 176841K [0x000000076ab00000, 0x0000000791d80000, 0x00000007c0000000)
  eden space 504832K, 32% used [0x000000076ab00000,0x00000007748f8478,0x0000000789800000)
  from space 16896K, 89% used [0x0000000789800000,0x000000078a6ba308,0x000000078a880000)
  to   space 18432K, 0% used [0x0000000790b80000,0x0000000790b80000,0x0000000791d80000)
 ParOldGen       total 128512K, used 23214K [0x00000006c0000000, 0x00000006c7d80000, 0x000000076ab00000)
  object space 128512K, 18% used [0x00000006c0000000,0x00000006c16abb68,0x00000006c7d80000)
 Metaspace       used 40141K, capacity 54388K, committed 54616K, reserved 1089536K
  class space    used 10553K, capacity 15344K, committed 15448K, reserved 1048576K

Card table byte_map: [0x0000000116729000,0x0000000116f2a000] byte_map_base: 0x0000000113129000

Marking Bits: (ParMarkBitMap*) 0x0000000106cc27a0
 Begin Bits: [0x0000000117480000, 0x000000011b480000)
 End Bits:   [0x000000011b480000, 0x000000011f480000)

Polling page: 0x0000000104ea2000

CodeCache: size=245760Kb used=7444Kb max_used=7444Kb free=238315Kb
 bounds [0x0000000107369000, 0x0000000107ab9000, 0x0000000116369000]
 total_blobs=3538 nmethods=3042 adapters=409
 compilation: enabled

Compilation events (10 events):
Event: 500.740 Thread 0x00007fb50c840000 3039       1       clojure.lang.RT::intCast (2 bytes)
Event: 500.740 Thread 0x00007fb50c840000 nmethod 3039 0x0000000107aad490 code [0x0000000107aad5e0, 0x0000000107aad6d0]
Event: 500.747 Thread 0x00007fb50c840000 3040       1       clojure.lang.BigInt::toBigInteger (20 bytes)
Event: 500.747 Thread 0x00007fb50c840000 nmethod 3040 0x0000000107aad750 code [0x0000000107aad8c0, 0x0000000107aada08]
Event: 500.749 Thread 0x00007fb50c840000 3041       1       java.lang.reflect.Field::getDeclaringClass (5 bytes)
Event: 500.749 Thread 0x00007fb50c840000 nmethod 3041 0x0000000107aada90 code [0x0000000107aadbe0, 0x0000000107aadcf0]
Event: 500.869 Thread 0x00007fb50c840000 3043       1       java.math.BigInteger::valueOf (62 bytes)
Event: 500.870 Thread 0x00007fb50c840000 nmethod 3043 0x0000000107aadd50 code [0x0000000107aadec0, 0x0000000107aae168]
Event: 500.870 Thread 0x00007fb50c840000 3042       1       clojure.lang.Numbers$BigIntOps::combine (8 bytes)
Event: 500.870 Thread 0x00007fb50c840000 nmethod 3042 0x0000000107aae2d0 code [0x0000000107aae440, 0x0000000107aae588]

GC Heap History (10 events):
Event: 496.018 GC heap before
{Heap before GC invocations=9 (full 2):
 PSYoungGen      total 279040K, used 7360K [0x000000076ab00000, 0x000000078c900000, 0x00000007c0000000)
  eden space 261120K, 0% used [0x000000076ab00000,0x000000076ab00000,0x000000077aa00000)
  from space 17920K, 41% used [0x000000077aa00000,0x000000077b130120,0x000000077bb80000)
  to   space 16896K, 0% used [0x000000078b880000,0x000000078b880000,0x000000078c900000)
 ParOldGen       total 86528K, used 16526K [0x00000006c0000000, 0x00000006c5480000, 0x000000076ab00000)
  object space 86528K, 19% used [0x00000006c0000000,0x00000006c1023af8,0x00000006c5480000)
 Metaspace       used 28780K, capacity 35316K, committed 35416K, reserved 1075200K
  class space    used 7025K, capacity 9303K, committed 9304K, reserved 1048576K
Event: 496.139 GC heap after
Heap after GC invocations=9 (full 2):
 PSYoungGen      total 279040K, used 0K [0x000000076ab00000, 0x000000078c900000, 0x00000007c0000000)
  eden space 261120K, 0% used [0x000000076ab00000,0x000000076ab00000,0x000000077aa00000)
  from space 17920K, 0% used [0x000000077aa00000,0x000000077aa00000,0x000000077bb80000)
  to   space 16896K, 0% used [0x000000078b880000,0x000000078b880000,0x000000078c900000)
 ParOldGen       total 128512K, used 23182K [0x00000006c0000000, 0x00000006c7d80000, 0x000000076ab00000)
  object space 128512K, 18% used [0x00000006c0000000,0x00000006c16a3b68,0x00000006c7d80000)
 Metaspace       used 28780K, capacity 35316K, committed 35416K, reserved 1075200K
  class space    used 7025K, capacity 9303K, committed 9304K, reserved 1048576K
}
Event: 496.559 GC heap before
{Heap before GC invocations=10 (full 2):
 PSYoungGen      total 279040K, used 261120K [0x000000076ab00000, 0x000000078c900000, 0x00000007c0000000)
  eden space 261120K, 100% used [0x000000076ab00000,0x000000077aa00000,0x000000077aa00000)
  from space 17920K, 0% used [0x000000077aa00000,0x000000077aa00000,0x000000077bb80000)
  to   space 16896K, 0% used [0x000000078b880000,0x000000078b880000,0x000000078c900000)
 ParOldGen       total 128512K, used 23182K [0x00000006c0000000, 0x00000006c7d80000, 0x000000076ab00000)
  object space 128512K, 18% used [0x00000006c0000000,0x00000006c16a3b68,0x00000006c7d80000)
 Metaspace       used 29732K, capacity 36708K, committed 36824K, reserved 1077248K
  class space    used 7443K, capacity 9943K, committed 9944K, reserved 1048576K
Event: 496.562 GC heap after
Heap after GC invocations=10 (full 2):
 PSYoungGen      total 372736K, used 3367K [0x000000076ab00000, 0x000000078bc00000, 0x00000007c0000000)
  eden space 369152K, 0% used [0x000000076ab00000,0x000000076ab00000,0x0000000781380000)
  from space 3584K, 93% used [0x000000078b880000,0x000000078bbc9f90,0x000000078bc00000)
  to   space 16896K, 0% used [0x0000000789b00000,0x0000000789b00000,0x000000078ab80000)
 ParOldGen       total 128512K, used 23190K [0x00000006c0000000, 0x00000006c7d80000, 0x000000076ab00000)
  object space 128512K, 18% used [0x00000006c0000000,0x00000006c16a5b68,0x00000006c7d80000)
 Metaspace       used 29732K, capacity 36708K, committed 36824K, reserved 1077248K
  class space    used 7443K, capacity 9943K, committed 9944K, reserved 1048576K
}
Event: 496.857 GC heap before
{Heap before GC invocations=11 (full 2):
 PSYoungGen      total 372736K, used 372519K [0x000000076ab00000, 0x000000078bc00000, 0x00000007c0000000)
  eden space 369152K, 100% used [0x000000076ab00000,0x0000000781380000,0x0000000781380000)
  from space 3584K, 93% used [0x000000078b880000,0x000000078bbc9f90,0x000000078bc00000)
  to   space 16896K, 0% used [0x0000000789b00000,0x0000000789b00000,0x000000078ab80000)
 ParOldGen       total 128512K, used 23190K [0x00000006c0000000, 0x00000006c7d80000, 0x000000076ab00000)
  object space 128512K, 18% used [0x00000006c0000000,0x00000006c16a5b68,0x00000006c7d80000)
 Metaspace       used 29732K, capacity 36708K, committed 36824K, reserved 1077248K
  class space    used 7443K, capacity 9943K, committed 9944K, reserved 1048576K
Event: 496.861 GC heap after
Heap after GC invocations=11 (full 2):
 PSYoungGen      total 458752K, used 3872K [0x000000076ab00000, 0x000000078b900000, 0x00000007c0000000)
  eden space 454656K, 0% used [0x000000076ab00000,0x000000076ab00000,0x0000000786700000)
  from space 4096K, 94% used [0x0000000789b00000,0x0000000789ec8000,0x0000000789f00000)
  to   space 16896K, 0% used [0x000000078a880000,0x000000078a880000,0x000000078b900000)
 ParOldGen       total 128512K, used 23198K [0x00000006c0000000, 0x00000006c7d80000, 0x000000076ab00000)
  object space 128512K, 18% used [0x00000006c0000000,0x00000006c16a7b68,0x00000006c7d80000)
 Metaspace       used 29732K, capacity 36708K, committed 36824K, reserved 1077248K
  class space    used 7443K, capacity 9943K, committed 9944K, reserved 1048576K
}
Event: 497.668 GC heap before
{Heap before GC invocations=12 (full 2):
 PSYoungGen      total 458752K, used 458528K [0x000000076ab00000, 0x000000078b900000, 0x00000007c0000000)
  eden space 454656K, 100% used [0x000000076ab00000,0x0000000786700000,0x0000000786700000)
  from space 4096K, 94% used [0x0000000789b00000,0x0000000789ec8000,0x0000000789f00000)
  to   space 16896K, 0% used [0x000000078a880000,0x000000078a880000,0x000000078b900000)
 ParOldGen       total 128512K, used 23198K [0x00000006c0000000, 0x00000006c7d80000, 0x000000076ab00000)
  object space 128512K, 18% used [0x00000006c0000000,0x00000006c16a7b68,0x00000006c7d80000)
 Metaspace       used 32385K, capacity 41106K, committed 41432K, reserved 1079296K
  class space    used 8265K, capacity 11377K, committed 11480K, reserved 1048576K
Event: 497.677 GC heap after
Heap after GC invocations=12 (full 2):
 PSYoungGen      total 521728K, used 9968K [0x000000076ab00000, 0x000000078e680000, 0x00000007c0000000)
  eden space 504832K, 0% used [0x000000076ab00000,0x000000076ab00000,0x0000000789800000)
  from space 16896K, 58% used [0x000000078a880000,0x000000078b23c020,0x000000078b900000)
  to   space 16896K, 0% used [0x0000000789800000,0x0000000789800000,0x000000078a880000)
 ParOldGen       total 128512K, used 23206K [0x00000006c0000000, 0x00000006c7d80000, 0x000000076ab00000)
  object space 128512K, 18% used [0x00000006c0000000,0x00000006c16a9b68,0x00000006c7d80000)
 Metaspace       used 32385K, capacity 41106K, committed 41432K, reserved 1079296K
  class space    used 8265K, capacity 11377K, committed 11480K, reserved 1048576K
}
Event: 498.902 GC heap before
{Heap before GC invocations=13 (full 2):
 PSYoungGen      total 521728K, used 514800K [0x000000076ab00000, 0x000000078e680000, 0x00000007c0000000)
  eden space 504832K, 100% used [0x000000076ab00000,0x0000000789800000,0x0000000789800000)
  from space 16896K, 58% used [0x000000078a880000,0x000000078b23c020,0x000000078b900000)
  to   space 16896K, 0% used [0x0000000789800000,0x0000000789800000,0x000000078a880000)
 ParOldGen       total 128512K, used 23206K [0x00000006c0000000, 0x00000006c7d80000, 0x000000076ab00000)
  object space 128512K, 18% used [0x00000006c0000000,0x00000006c16a9b68,0x00000006c7d80000)
 Metaspace       used 37507K, capacity 50422K, committed 50776K, reserved 1085440K
  class space    used 9720K, capacity 14048K, committed 14168K, reserved 1048576K
Event: 498.914 GC heap after
Heap after GC invocations=13 (full 2):
 PSYoungGen      total 521728K, used 15080K [0x000000076ab00000, 0x0000000791d80000, 0x00000007c0000000)
  eden space 504832K, 0% used [0x000000076ab00000,0x000000076ab00000,0x0000000789800000)
  from space 16896K, 89% used [0x0000000789800000,0x000000078a6ba308,0x000000078a880000)
  to   space 18432K, 0% used [0x0000000790b80000,0x0000000790b80000,0x0000000791d80000)
 ParOldGen       total 128512K, used 23214K [0x00000006c0000000, 0x00000006c7d80000, 0x000000076ab00000)
  object space 128512K, 18% used [0x00000006c0000000,0x00000006c16abb68,0x00000006c7d80000)
 Metaspace       used 37507K, capacity 50422K, committed 50776K, reserved 1085440K
  class space    used 9720K, capacity 14048K, committed 14168K, reserved 1048576K
}

Deoptimization events (0 events):
No events

Internal exceptions (10 events):
Event: 0.178 Thread 0x00007fb50c802800 Exception <a 'java/security/PrivilegedActionException'> (0x000000076b43c2c8) thrown at [/Users/java_re/workspace/8-2-build-macosx-x86_64/jdk8u51/3951/hotspot/src/share/vm/prims/jvm.cpp, line 1382]
Event: 0.178 Thread 0x00007fb50c802800 Exception <a 'java/security/PrivilegedActionException'> (0x000000076b43c480) thrown at [/Users/java_re/workspace/8-2-build-macosx-x86_64/jdk8u51/3951/hotspot/src/share/vm/prims/jvm.cpp, line 1382]
Event: 1.610 Thread 0x00007fb50bab4000 Exception <a 'java/io/FileNotFoundException'> (0x000000076df8a220) thrown at [/Users/java_re/workspace/8-2-build-macosx-x86_64/jdk8u51/3951/hotspot/src/share/vm/prims/jni.cpp, line 709]
Event: 2.566 Thread 0x00007fb50da3d800 Exception <a 'java/net/SocketException': Socket closed> (0x000000076c161928) thrown at [/Users/java_re/workspace/8-2-build-macosx-x86_64/jdk8u51/3951/hotspot/src/share/vm/prims/jni.cpp, line 735]
Event: 494.083 Thread 0x00007fb50bb83800 Exception <a 'java/io/FileNotFoundException'> (0x000000076fd97150) thrown at [/Users/java_re/workspace/8-2-build-macosx-x86_64/jdk8u51/3951/hotspot/src/share/vm/prims/jni.cpp, line 709]
Event: 494.083 Thread 0x00007fb50bb83800 Exception <a 'java/io/FileNotFoundException'> (0x000000076fd98270) thrown at [/Users/java_re/workspace/8-2-build-macosx-x86_64/jdk8u51/3951/hotspot/src/share/vm/prims/jni.cpp, line 709]
Event: 494.198 Thread 0x00007fb50c078000 Exception <a 'java/lang/NoSuchFieldError': method resolution failed> (0x000000076ae44358) thrown at [/Users/java_re/workspace/8-2-build-macosx-x86_64/jdk8u51/3951/hotspot/src/share/vm/prims/methodHandles.cpp, line 1125]
Event: 494.199 Thread 0x00007fb50c078000 Exception <a 'java/lang/NoSuchFieldError': method resolution failed> (0x000000076ae52928) thrown at [/Users/java_re/workspace/8-2-build-macosx-x86_64/jdk8u51/3951/hotspot/src/share/vm/prims/methodHandles.cpp, line 1125]
Event: 500.568 Thread 0x00007fb50bb83800 Implicit null exception at 0x00000001075d9adf to 0x00000001075d9af2
Event: 500.568 Thread 0x00007fb50bb83800 Exception <a 'java/lang/NullPointerException'> (0x00000007708f44f8) thrown at [/Users/java_re/workspace/8-2-build-macosx-x86_64/jdk8u51/3951/hotspot/src/share/vm/runtime/sharedRuntime.cpp, line 605]

Events (10 events):
Event: 500.743 loading class sun/reflect/UnsafeByteFieldAccessorImpl
Event: 500.743 loading class sun/reflect/UnsafeByteFieldAccessorImpl done
Event: 500.743 loading class com/sun/jna/Memory$SharedMemory
Event: 500.743 loading class com/sun/jna/Memory$SharedMemory done
Event: 500.744 loading class com/sun/jna/WeakIdentityHashMap
Event: 500.744 loading class com/sun/jna/WeakIdentityHashMap done
Event: 500.748 loading class com/sun/jna/Structure$2$StructureSet
Event: 500.748 loading class com/sun/jna/Structure$2$StructureSet done
Event: 500.749 loading class com/sun/jna/NativeString
Event: 500.749 loading class com/sun/jna/NativeString done


Dynamic libraries:
0x0000000009858000 	/System/Library/Frameworks/Cocoa.framework/Versions/A/Cocoa
0x0000000104640000 	/System/Library/Frameworks/Security.framework/Versions/A/Security
0x0000000009858000 	/System/Library/Frameworks/ApplicationServices.framework/Versions/A/ApplicationServices
0x0000000009858000 	/usr/lib/libz.1.dylib
0x0000000009858000 	/usr/lib/libSystem.B.dylib
0x0000000009858000 	/usr/lib/libobjc.A.dylib
0x0000000009858000 	/System/Library/Frameworks/CoreFoundation.framework/Versions/A/CoreFoundation
0x0000000009858000 	/System/Library/Frameworks/Foundation.framework/Versions/C/Foundation
0x0000000009858000 	/System/Library/Frameworks/AppKit.framework/Versions/C/AppKit
0x0000000009858000 	/System/Library/Frameworks/CoreData.framework/Versions/A/CoreData
0x0000000009858000 	/System/Library/PrivateFrameworks/RemoteViewServices.framework/Versions/A/RemoteViewServices
0x0000000009858000 	/System/Library/PrivateFrameworks/UIFoundation.framework/Versions/A/UIFoundation
0x0000000009858000 	/usr/lib/libScreenReader.dylib
0x0000000009858000 	/System/Library/Frameworks/Accelerate.framework/Versions/A/Accelerate
0x0000000009858000 	/System/Library/Frameworks/IOSurface.framework/Versions/A/IOSurface
0x0000000009858000 	/System/Library/Frameworks/AudioToolbox.framework/Versions/A/AudioToolbox
0x0000000009858000 	/System/Library/Frameworks/AudioUnit.framework/Versions/A/AudioUnit
0x0000000009858000 	/System/Library/PrivateFrameworks/DataDetectorsCore.framework/Versions/A/DataDetectorsCore
0x0000000009858000 	/System/Library/PrivateFrameworks/DesktopServicesPriv.framework/Versions/A/DesktopServicesPriv
0x0000000009858000 	/System/Library/Frameworks/Carbon.framework/Versions/A/Frameworks/HIToolbox.framework/Versions/A/HIToolbox
0x0000000009858000 	/System/Library/Frameworks/QuartzCore.framework/Versions/A/QuartzCore
0x0000000009858000 	/System/Library/Frameworks/Carbon.framework/Versions/A/Frameworks/SpeechRecognition.framework/Versions/A/SpeechRecognition
0x0000000009858000 	/usr/lib/libauto.dylib
0x0000000009858000 	/usr/lib/libicucore.A.dylib
0x0000000009858000 	/usr/lib/libxml2.2.dylib
0x0000000009858000 	/System/Library/PrivateFrameworks/CoreUI.framework/Versions/A/CoreUI
0x0000000009858000 	/System/Library/Frameworks/CoreAudio.framework/Versions/A/CoreAudio
0x0000000009858000 	/System/Library/Frameworks/DiskArbitration.framework/Versions/A/DiskArbitration
0x0000000009858000 	/usr/lib/liblangid.dylib
0x0000000009858000 	/System/Library/PrivateFrameworks/MultitouchSupport.framework/Versions/A/MultitouchSupport
0x0000000009858000 	/System/Library/Frameworks/IOKit.framework/Versions/A/IOKit
0x0000000009858000 	/usr/lib/libDiagnosticMessagesClient.dylib
0x0000000009858000 	/System/Library/Frameworks/CoreServices.framework/Versions/A/CoreServices
0x0000000009858000 	/System/Library/PrivateFrameworks/PerformanceAnalysis.framework/Versions/A/PerformanceAnalysis
0x0000000009858000 	/System/Library/PrivateFrameworks/GenerationalStorage.framework/Versions/A/GenerationalStorage
0x0000000009858000 	/System/Library/Frameworks/OpenGL.framework/Versions/A/OpenGL
0x0000000009858000 	/System/Library/PrivateFrameworks/Sharing.framework/Versions/A/Sharing
0x0000000009858000 	/System/Library/Frameworks/CoreGraphics.framework/Versions/A/CoreGraphics
0x0000000009858000 	/System/Library/Frameworks/CoreImage.framework/Versions/A/CoreImage
0x0000000009858000 	/System/Library/Frameworks/CoreText.framework/Versions/A/CoreText
0x0000000009858000 	/System/Library/Frameworks/ImageIO.framework/Versions/A/ImageIO
0x0000000009858000 	/System/Library/PrivateFrameworks/Backup.framework/Versions/A/Backup
0x0000000009858000 	/usr/lib/libextension.dylib
0x0000000009858000 	/usr/lib/libarchive.2.dylib
0x0000000104a2e000 	/System/Library/Frameworks/CFNetwork.framework/Versions/A/CFNetwork
0x0000000009858000 	/System/Library/Frameworks/SystemConfiguration.framework/Versions/A/SystemConfiguration
0x0000000009858000 	/usr/lib/libCRFSuite.dylib
0x0000000009858000 	/usr/lib/libc++.1.dylib
0x0000000009858000 	/usr/lib/libc++abi.dylib
0x0000000009858000 	/usr/lib/system/libcache.dylib
0x0000000009858000 	/usr/lib/system/libcommonCrypto.dylib
0x0000000009858000 	/usr/lib/system/libcompiler_rt.dylib
0x0000000009858000 	/usr/lib/system/libcopyfile.dylib
0x0000000009858000 	/usr/lib/system/libcorecrypto.dylib
0x0000000009858000 	/usr/lib/system/libdispatch.dylib
0x0000000009858000 	/usr/lib/system/libdyld.dylib
0x0000000009858000 	/usr/lib/system/libkeymgr.dylib
0x0000000104ea5000 	/usr/lib/system/liblaunch.dylib
0x0000000009858000 	/usr/lib/system/libmacho.dylib
0x0000000009858000 	/usr/lib/system/libquarantine.dylib
0x0000000009858000 	/usr/lib/system/libremovefile.dylib
0x0000000009858000 	/usr/lib/system/libsystem_asl.dylib
0x0000000009858000 	/usr/lib/system/libsystem_blocks.dylib
0x0000000009858000 	/usr/lib/system/libsystem_c.dylib
0x0000000009858000 	/usr/lib/system/libsystem_configuration.dylib
0x0000000009858000 	/usr/lib/system/libsystem_coreservices.dylib
0x0000000009858000 	/usr/lib/system/libsystem_coretls.dylib
0x0000000009858000 	/usr/lib/system/libsystem_dnssd.dylib
0x0000000009858000 	/usr/lib/system/libsystem_info.dylib
0x0000000009858000 	/usr/lib/system/libsystem_kernel.dylib
0x0000000009858000 	/usr/lib/system/libsystem_m.dylib
0x0000000009858000 	/usr/lib/system/libsystem_malloc.dylib
0x0000000009858000 	/usr/lib/system/libsystem_network.dylib
0x0000000009858000 	/usr/lib/system/libsystem_networkextension.dylib
0x0000000009858000 	/usr/lib/system/libsystem_notify.dylib
0x0000000009858000 	/usr/lib/system/libsystem_platform.dylib
0x0000000009858000 	/usr/lib/system/libsystem_pthread.dylib
0x0000000104eae000 	/usr/lib/system/libsystem_sandbox.dylib
0x0000000009858000 	/usr/lib/system/libsystem_secinit.dylib
0x0000000009858000 	/usr/lib/system/libsystem_trace.dylib
0x0000000009858000 	/usr/lib/system/libunc.dylib
0x0000000009858000 	/usr/lib/system/libunwind.dylib
0x0000000104ebb000 	/usr/lib/system/libxpc.dylib
0x0000000009858000 	/usr/lib/libenergytrace.dylib
0x0000000009858000 	/usr/lib/libbsm.0.dylib
0x0000000009858000 	/usr/lib/system/libkxld.dylib
0x0000000009858000 	/usr/lib/libxar.1.dylib
0x0000000104f06000 	/usr/lib/libsqlite3.dylib
0x0000000009858000 	/usr/lib/libpam.2.dylib
0x0000000009858000 	/usr/lib/libOpenScriptingUtil.dylib
0x0000000009858000 	/usr/lib/libbz2.1.0.dylib
0x0000000009858000 	/usr/lib/liblzma.5.dylib
0x0000000009858000 	/System/Library/Frameworks/CoreServices.framework/Versions/A/Frameworks/FSEvents.framework/Versions/A/FSEvents
0x0000000009858000 	/System/Library/Frameworks/CoreServices.framework/Versions/A/Frameworks/CarbonCore.framework/Versions/A/CarbonCore
0x0000000009858000 	/System/Library/Frameworks/CoreServices.framework/Versions/A/Frameworks/Metadata.framework/Versions/A/Metadata
0x0000000009858000 	/System/Library/Frameworks/CoreServices.framework/Versions/A/Frameworks/OSServices.framework/Versions/A/OSServices
0x0000000009858000 	/System/Library/Frameworks/CoreServices.framework/Versions/A/Frameworks/SearchKit.framework/Versions/A/SearchKit
0x0000000009858000 	/System/Library/Frameworks/CoreServices.framework/Versions/A/Frameworks/AE.framework/Versions/A/AE
0x0000000009858000 	/System/Library/Frameworks/CoreServices.framework/Versions/A/Frameworks/LaunchServices.framework/Versions/A/LaunchServices
0x0000000009858000 	/System/Library/Frameworks/CoreServices.framework/Versions/A/Frameworks/DictionaryServices.framework/Versions/A/DictionaryServices
0x0000000009858000 	/System/Library/Frameworks/CoreServices.framework/Versions/A/Frameworks/SharedFileList.framework/Versions/A/SharedFileList
0x0000000009858000 	/System/Library/Frameworks/NetFS.framework/Versions/A/NetFS
0x0000000009858000 	/System/Library/PrivateFrameworks/NetAuth.framework/Versions/A/NetAuth
0x0000000009858000 	/System/Library/PrivateFrameworks/login.framework/Versions/A/Frameworks/loginsupport.framework/Versions/A/loginsupport
0x0000000009858000 	/System/Library/PrivateFrameworks/TCC.framework/Versions/A/TCC
0x0000000009858000 	/usr/lib/libmecabra.dylib
0x0000000009858000 	/System/Library/Frameworks/ApplicationServices.framework/Versions/A/Frameworks/ATS.framework/Versions/A/ATS
0x0000000009858000 	/System/Library/Frameworks/ApplicationServices.framework/Versions/A/Frameworks/ColorSync.framework/Versions/A/ColorSync
0x0000000009858000 	/System/Library/Frameworks/ApplicationServices.framework/Versions/A/Frameworks/HIServices.framework/Versions/A/HIServices
0x0000000009858000 	/System/Library/Frameworks/ApplicationServices.framework/Versions/A/Frameworks/LangAnalysis.framework/Versions/A/LangAnalysis
0x0000000009858000 	/System/Library/Frameworks/ApplicationServices.framework/Versions/A/Frameworks/PrintCore.framework/Versions/A/PrintCore
0x0000000009858000 	/System/Library/Frameworks/ApplicationServices.framework/Versions/A/Frameworks/QD.framework/Versions/A/QD
0x0000000009858000 	/System/Library/Frameworks/ApplicationServices.framework/Versions/A/Frameworks/SpeechSynthesis.framework/Versions/A/SpeechSynthesis
0x0000000009858000 	/System/Library/Frameworks/Metal.framework/Versions/A/Metal
0x0000000009858000 	/System/Library/Frameworks/Accelerate.framework/Versions/A/Frameworks/vImage.framework/Versions/A/vImage
0x0000000009858000 	/System/Library/Frameworks/Accelerate.framework/Versions/A/Frameworks/vecLib.framework/Versions/A/vecLib
0x0000000009858000 	/System/Library/Frameworks/Accelerate.framework/Versions/A/Frameworks/vecLib.framework/Versions/A/libvDSP.dylib
0x0000000009858000 	/System/Library/Frameworks/Accelerate.framework/Versions/A/Frameworks/vecLib.framework/Versions/A/libvMisc.dylib
0x0000000009858000 	/System/Library/Frameworks/Accelerate.framework/Versions/A/Frameworks/vecLib.framework/Versions/A/libLAPACK.dylib
0x0000000009858000 	/System/Library/Frameworks/Accelerate.framework/Versions/A/Frameworks/vecLib.framework/Versions/A/libBLAS.dylib
0x0000000009858000 	/System/Library/Frameworks/Accelerate.framework/Versions/A/Frameworks/vecLib.framework/Versions/A/libLinearAlgebra.dylib
0x0000000009858000 	/System/Library/Frameworks/Accelerate.framework/Versions/A/Frameworks/vecLib.framework/Versions/A/libSparseBLAS.dylib
0x0000000009858000 	/System/Library/PrivateFrameworks/GPUCompiler.framework/libmetal_timestamp.dylib
0x0000000009858000 	/System/Library/Frameworks/OpenGL.framework/Versions/A/Libraries/libCoreFSCache.dylib
0x0000000009858000 	/System/Library/PrivateFrameworks/IOAccelerator.framework/Versions/A/IOAccelerator
0x0000000009858000 	/System/Library/Frameworks/ApplicationServices.framework/Versions/A/Frameworks/ATS.framework/Versions/A/Resources/libFontParser.dylib
0x0000000009858000 	/System/Library/Frameworks/ApplicationServices.framework/Versions/A/Frameworks/ATS.framework/Versions/A/Resources/libFontRegistry.dylib
0x0000000009858000 	/System/Library/PrivateFrameworks/AppleVPA.framework/Versions/A/AppleVPA
0x0000000009858000 	/System/Library/PrivateFrameworks/AppleJPEG.framework/Versions/A/AppleJPEG
0x0000000009858000 	/System/Library/Frameworks/ImageIO.framework/Versions/A/Resources/libJPEG.dylib
0x0000000009858000 	/System/Library/Frameworks/ImageIO.framework/Versions/A/Resources/libTIFF.dylib
0x0000000009858000 	/System/Library/Frameworks/ImageIO.framework/Versions/A/Resources/libPng.dylib
0x0000000009858000 	/System/Library/Frameworks/ImageIO.framework/Versions/A/Resources/libGIF.dylib
0x0000000009858000 	/System/Library/Frameworks/ImageIO.framework/Versions/A/Resources/libJP2.dylib
0x0000000009858000 	/System/Library/Frameworks/ImageIO.framework/Versions/A/Resources/libRadiance.dylib
0x0000000009858000 	/System/Library/Frameworks/CoreVideo.framework/Versions/A/CoreVideo
0x0000000009858000 	/System/Library/Frameworks/OpenGL.framework/Versions/A/Libraries/libGLU.dylib
0x0000000009858000 	/System/Library/Frameworks/OpenGL.framework/Versions/A/Libraries/libGFXShared.dylib
0x0000000009858000 	/System/Library/Frameworks/OpenGL.framework/Versions/A/Libraries/libGL.dylib
0x0000000009858000 	/System/Library/Frameworks/OpenGL.framework/Versions/A/Libraries/libGLImage.dylib
0x0000000009858000 	/System/Library/Frameworks/OpenGL.framework/Versions/A/Libraries/libCVMSPluginSupport.dylib
0x0000000009858000 	/System/Library/Frameworks/OpenGL.framework/Versions/A/Libraries/libCoreVMClient.dylib
0x0000000009858000 	/usr/lib/libcups.2.dylib
0x0000000009858000 	/System/Library/Frameworks/Kerberos.framework/Versions/A/Kerberos
0x0000000009858000 	/System/Library/Frameworks/GSS.framework/Versions/A/GSS
0x0000000009858000 	/usr/lib/libresolv.9.dylib
0x0000000009858000 	/usr/lib/libiconv.2.dylib
0x0000000009858000 	/System/Library/PrivateFrameworks/Heimdal.framework/Versions/A/Heimdal
0x0000000009858000 	/usr/lib/libheimdal-asn1.dylib
0x0000000009858000 	/System/Library/Frameworks/OpenDirectory.framework/Versions/A/OpenDirectory
0x0000000009858000 	/System/Library/PrivateFrameworks/CommonAuth.framework/Versions/A/CommonAuth
0x0000000009858000 	/System/Library/Frameworks/OpenDirectory.framework/Versions/A/Frameworks/CFOpenDirectory.framework/Versions/A/CFOpenDirectory
0x0000000009858000 	/System/Library/Frameworks/SecurityFoundation.framework/Versions/A/SecurityFoundation
0x0000000009858000 	/System/Library/PrivateFrameworks/LanguageModeling.framework/Versions/A/LanguageModeling
0x0000000009858000 	/usr/lib/libmarisa.dylib
0x0000000009858000 	/usr/lib/libChineseTokenizer.dylib
0x0000000009858000 	/usr/lib/libcmph.dylib
0x0000000009858000 	/usr/lib/libcompression.dylib
0x000000010504a000 	/System/Library/Frameworks/ServiceManagement.framework/Versions/A/ServiceManagement
0x0000000009858000 	/usr/lib/libxslt.1.dylib
0x0000000009858000 	/System/Library/Frameworks/Carbon.framework/Versions/A/Frameworks/Ink.framework/Versions/A/Ink
0x0000000009858000 	/usr/lib/libFosl_dynamic.dylib
0x0000000009858000 	/System/Library/PrivateFrameworks/FaceCore.framework/Versions/A/FaceCore
0x0000000009858000 	/System/Library/Frameworks/OpenCL.framework/Versions/A/OpenCL
0x0000000009858000 	/System/Library/PrivateFrameworks/CrashReporterSupport.framework/Versions/A/CrashReporterSupport
0x0000000009858000 	/System/Library/PrivateFrameworks/IconServices.framework/Versions/A/IconServices
0x0000000009858000 	/System/Library/PrivateFrameworks/Apple80211.framework/Versions/A/Apple80211
0x0000000009858000 	/System/Library/Frameworks/CoreWLAN.framework/Versions/A/CoreWLAN
0x0000000009858000 	/System/Library/Frameworks/IOBluetooth.framework/Versions/A/IOBluetooth
0x0000000009858000 	/System/Library/PrivateFrameworks/CoreWiFi.framework/Versions/A/CoreWiFi
0x0000000009858000 	/System/Library/Frameworks/CoreBluetooth.framework/Versions/A/CoreBluetooth
0x0000000009858000 	/System/Library/PrivateFrameworks/ChunkingLibrary.framework/Versions/A/ChunkingLibrary
0x0000000009858000 	/System/Library/PrivateFrameworks/DebugSymbols.framework/Versions/A/DebugSymbols
0x0000000009858000 	/System/Library/PrivateFrameworks/CoreSymbolication.framework/Versions/A/CoreSymbolication
0x0000000009858000 	/System/Library/PrivateFrameworks/Symbolication.framework/Versions/A/Symbolication
0x0000000009858000 	/System/Library/PrivateFrameworks/SpeechRecognitionCore.framework/Versions/A/SpeechRecognitionCore
0x0000000106400000 	/Library/Java/JavaVirtualMachines/jdk1.8.0_51.jdk/Contents/Home/jre/lib/server/libjvm.dylib
0x00000001052af000 	/usr/lib/libstdc++.6.dylib
0x0000000105366000 	/Library/Java/JavaVirtualMachines/jdk1.8.0_51.jdk/Contents/Home/jre/lib/libverify.dylib
0x0000000105374000 	/Library/Java/JavaVirtualMachines/jdk1.8.0_51.jdk/Contents/Home/jre/lib/libjava.dylib
0x00000001053b1000 	/Library/Java/JavaVirtualMachines/jdk1.8.0_51.jdk/Contents/Home/jre/lib/libzip.dylib
0x00000001053e2000 	/System/Library/Frameworks/JavaVM.framework/Frameworks/JavaRuntimeSupport.framework/JavaRuntimeSupport
0x00000001223f7000 	/System/Library/Frameworks/JavaVM.framework/Versions/A/Frameworks/JavaNativeFoundation.framework/Versions/A/JavaNativeFoundation
0x000000012240c000 	/System/Library/Frameworks/JavaVM.framework/Versions/A/JavaVM
0x0000000009858000 	/System/Library/Frameworks/Carbon.framework/Versions/A/Carbon
0x0000000122419000 	/System/Library/PrivateFrameworks/JavaLaunching.framework/Versions/A/JavaLaunching
0x0000000009858000 	/System/Library/Frameworks/Carbon.framework/Versions/A/Frameworks/CommonPanels.framework/Versions/A/CommonPanels
0x0000000009858000 	/System/Library/Frameworks/Carbon.framework/Versions/A/Frameworks/Help.framework/Versions/A/Help
0x0000000009858000 	/System/Library/Frameworks/Carbon.framework/Versions/A/Frameworks/ImageCapture.framework/Versions/A/ImageCapture
0x0000000009858000 	/System/Library/Frameworks/Carbon.framework/Versions/A/Frameworks/OpenScripting.framework/Versions/A/OpenScripting
0x0000000009858000 	/System/Library/Frameworks/Carbon.framework/Versions/A/Frameworks/Print.framework/Versions/A/Print
0x0000000009858000 	/System/Library/Frameworks/Carbon.framework/Versions/A/Frameworks/SecurityHI.framework/Versions/A/SecurityHI
0x00000001248b0000 	/Library/Java/JavaVirtualMachines/jdk1.8.0_51.jdk/Contents/Home/jre/lib/libnet.dylib
0x0000000124acb000 	/Library/Java/JavaVirtualMachines/jdk1.8.0_51.jdk/Contents/Home/jre/lib/libawt.dylib
0x0000000124b73000 	/Library/Java/JavaVirtualMachines/jdk1.8.0_51.jdk/Contents/Home/jre/lib/./libmlib_image.dylib
0x0000000124c3f000 	/Library/Java/JavaVirtualMachines/jdk1.8.0_51.jdk/Contents/Home/jre/lib/libawt_lwawt.dylib
0x0000000124cf3000 	/Library/Java/JavaVirtualMachines/jdk1.8.0_51.jdk/Contents/Home/jre/lib/./libosxapp.dylib
0x0000000009858000 	/System/Library/Frameworks/ExceptionHandling.framework/Versions/A/ExceptionHandling
0x0000000009858000 	/System/Library/PrivateFrameworks/CoreServicesInternal.framework/Versions/A/CoreServicesInternal
0x0000000009858000 	/System/Library/Frameworks/CoreGraphics.framework/Versions/A/Resources/libRIP.A.dylib
0x0000000125da6000 	/System/Library/Frameworks/Accelerate.framework/Frameworks/vImage.framework/Versions/A/Libraries/libCGInterfaces.dylib
0x0000000009858000 	/System/Library/Frameworks/CoreGraphics.framework/Versions/A/Resources/libCGXType.A.dylib
0x0000000009858000 	/System/Library/Frameworks/OpenCL.framework/Versions/A/Libraries/libcldcpuengine.dylib
0x0000000009858000 	/System/Library/PrivateFrameworks/DiskImages.framework/Versions/A/DiskImages
0x0000000009858000 	/System/Library/Frameworks/DiscRecording.framework/Versions/A/DiscRecording
0x0000000009858000 	/usr/lib/libcsfde.dylib
0x0000000009858000 	/usr/lib/libcurl.4.dylib
0x0000000009858000 	/System/Library/PrivateFrameworks/MediaKit.framework/Versions/A/MediaKit
0x0000000009858000 	/System/Library/PrivateFrameworks/ProtectedCloudStorage.framework/Versions/A/ProtectedCloudStorage
0x0000000009858000 	/usr/lib/libCoreStorage.dylib
0x0000000009858000 	/System/Library/PrivateFrameworks/EFILogin.framework/Versions/A/EFILogin
0x0000000009858000 	/usr/lib/libutil.dylib
0x0000000009858000 	/System/Library/PrivateFrameworks/FindMyDevice.framework/Versions/A/FindMyDevice
0x0000000009858000 	/System/Library/Frameworks/LDAP.framework/Versions/A/LDAP
0x0000000009858000 	/usr/lib/libsasl2.2.dylib
0x0000000009858000 	/System/Library/PrivateFrameworks/CoreDaemon.framework/Versions/B/CoreDaemon
0x0000000009858000 	/usr/lib/libcrypto.0.9.8.dylib
0x0000000009858000 	/System/Library/PrivateFrameworks/AppleSRP.framework/Versions/A/AppleSRP
0x0000000009858000 	/System/Library/PrivateFrameworks/TrustEvaluationAgent.framework/Versions/A/TrustEvaluationAgent
0x0000000126e09000 	cl_kernels
0x0000000009858000 	/System/Library/Frameworks/OpenCL.framework/Versions/A/Libraries/ImageFormats/unorm8_bgra.dylib
0x0000000009858000 	/System/Library/Frameworks/OpenCL.framework/Versions/A/Libraries/ImageFormats/unorm8_rgba.dylib
0x0000000009858000 	/System/Library/PrivateFrameworks/FamilyControls.framework/Versions/A/FamilyControls
0x0000000009858000 	/System/Library/PrivateFrameworks/CommerceKit.framework/Versions/A/Frameworks/CommerceCore.framework/Versions/A/CommerceCore
0x0000000009858000 	/System/Library/PrivateFrameworks/SystemAdministration.framework/Versions/A/SystemAdministration
0x0000000009858000 	/System/Library/PrivateFrameworks/AppContainer.framework/Versions/A/AppContainer
0x0000000009858000 	/System/Library/PrivateFrameworks/SecCodeWrapper.framework/Versions/A/SecCodeWrapper
0x0000000009858000 	/System/Library/Frameworks/DirectoryService.framework/Versions/A/DirectoryService
0x0000000009858000 	/System/Library/PrivateFrameworks/LoginUIKit.framework/Versions/A/Frameworks/LoginUICore.framework/Versions/A/LoginUICore
0x0000000009858000 	/usr/lib/libodfde.dylib
0x0000000127f57000 	/Library/Java/JavaVirtualMachines/jdk1.8.0_51.jdk/Contents/Home/jre/lib/libfontmanager.dylib
0x00000001281be000 	/System/Library/Frameworks/OpenGL.framework/Resources/GLEngine.bundle/GLEngine
0x0000000009858000 	/System/Library/Frameworks/OpenGL.framework/Versions/A/Libraries/libGLProgrammability.dylib
0x00000001283a6000 	/System/Library/Extensions/AppleIntelHD5000GraphicsGLDriver.bundle/Contents/MacOS/AppleIntelHD5000GraphicsGLDriver
0x0000000009858000 	/System/Library/PrivateFrameworks/GPUSupport.framework/Versions/A/Libraries/libGPUSupportMercury.dylib
0x0000000009858000 	/System/Library/Extensions/GeForceGLDriver.bundle/Contents/MacOS/GeForceGLDriver
0x0000000009858000 	/System/Library/Extensions/GeForceGLDriver.bundle/Contents/MacOS/libclh.dylib
0x00000001241fc000 	/System/Library/Frameworks/OpenGL.framework/Resources//GLRendererFloat.bundle/GLRendererFloat
0x0000000129c98000 	/Library/Java/JavaVirtualMachines/jdk1.8.0_51.jdk/Contents/Home/jre/lib/libnio.dylib
0x0000000128bf6000 	/private/var/folders/8t/15tm31s13l7_hyd5ns7q7dmw0000gn/T/jna/jna8322338576031325641.tmp
0x0000000128c0a000 	/Users/nspotrepka/Code/Clojure/supertone/target/native/macosx/x86_64/libscsynth.dylib
0x00000001240f6000 	/Library/Java/JavaVirtualMachines/jdk1.8.0_51.jdk/Contents/Home/jre/lib/libjsound.dylib
0x0000000129028000 	/System/Library/Frameworks/CoreMIDI.framework/Versions/A/CoreMIDI
0x0000000128d2e000 	/usr/lib/libexpat.1.dylib
0x0000000124109000 	/System/Library/Extensions/AppleHDA.kext/Contents/PlugIns/AppleHDAHALPlugIn.bundle/Contents/MacOS/AppleHDAHALPlugIn
0x0000000129088000 	/Library/Audio/Plug-Ins/HAL/JackRouter.plugin/Contents/MacOS/JackRouter
0x00000001290ca000 	/System/Library/Frameworks/Jackmp.framework/Versions/A/Jackmp
0x00000001291fe000 	/Library/Java/JavaVirtualMachines/jdk1.8.0_51.jdk/Contents/Home/jre/lib/libmanagement.dylib
0x0000000129165000 	/Users/nspotrepka/Code/Clojure/supertone/target/native/macosx/x86_64/AmbisonicUGens.scx
0x000000012af3e000 	/Users/nspotrepka/Code/Clojure/supertone/target/native/macosx/x86_64/AtkUGens.scx
0x000000012920b000 	/Users/nspotrepka/Code/Clojure/supertone/target/native/macosx/x86_64/AY_UGen.scx
0x0000000129212000 	/Users/nspotrepka/Code/Clojure/supertone/target/native/macosx/x86_64/BatPVUgens.scx
0x0000000128d51000 	/Users/nspotrepka/Code/Clojure/supertone/target/native/macosx/x86_64/BatUGens.scx
0x000000012af57000 	/Users/nspotrepka/Code/Clojure/supertone/target/native/macosx/x86_64/BBCut2UGens.scx
0x000000012af5f000 	/Users/nspotrepka/Code/Clojure/supertone/target/native/macosx/x86_64/BerlachUGens.scx
0x000000012af70000 	/Users/nspotrepka/Code/Clojure/supertone/target/native/macosx/x86_64/BetablockerUGens.scx
0x000000012af78000 	/Users/nspotrepka/Code/Clojure/supertone/target/native/macosx/x86_64/BhobChaos.scx
0x000000012af83000 	/Users/nspotrepka/Code/Clojure/supertone/target/native/macosx/x86_64/BhobFFT.scx
0x000000012af96000 	/Users/nspotrepka/Code/Clojure/supertone/target/native/macosx/x86_64/BhobFilt.scx
0x000000012afa8000 	/Users/nspotrepka/Code/Clojure/supertone/target/native/macosx/x86_64/BhobGrain.scx
0x000000012afaf000 	/Users/nspotrepka/Code/Clojure/supertone/target/native/macosx/x86_64/BhobNoise.scx
0x000000012afb8000 	/Users/nspotrepka/Code/Clojure/supertone/target/native/macosx/x86_64/BinaryOpUGens.scx
0x000000012916b000 	/Users/nspotrepka/Code/Clojure/supertone/target/native/macosx/x86_64/BlackrainUGens.scx
0x000000012afe1000 	/Users/nspotrepka/Code/Clojure/supertone/target/native/macosx/x86_64/ChaosUGens.scx
0x000000012afea000 	/Users/nspotrepka/Code/Clojure/supertone/target/native/macosx/x86_64/Concat.scx
0x000000012aff1000 	/Users/nspotrepka/Code/Clojure/supertone/target/native/macosx/x86_64/DelayUGens.scx
0x000000012b01c000 	/Users/nspotrepka/Code/Clojure/supertone/target/native/macosx/x86_64/DemandUGens.scx
0x000000012b027000 	/Users/nspotrepka/Code/Clojure/supertone/target/native/macosx/x86_64/DiskIO_UGens.scx
0x000000012b09d000 	/Users/nspotrepka/Code/Clojure/supertone/target/native/macosx/x86_64/DistortionUGens.scx
0x000000012b0a1000 	/Users/nspotrepka/Code/Clojure/supertone/target/native/macosx/x86_64/DynNoiseUGens.scx
0x000000012b0a6000 	/Users/nspotrepka/Code/Clojure/supertone/target/native/macosx/x86_64/FFT_UGens.scx
0x000000012b0c6000 	/Users/nspotrepka/Code/Clojure/supertone/target/native/macosx/x86_64/FilterUGens.scx
0x000000012b0e2000 	/Users/nspotrepka/Code/Clojure/supertone/target/native/macosx/x86_64/GendynUGens.scx
0x000000012b0e7000 	/Users/nspotrepka/Code/Clojure/supertone/target/native/macosx/x86_64/GlitchUGens.scx
0x000000012b0ec000 	/Users/nspotrepka/Code/Clojure/supertone/target/native/macosx/x86_64/GrainUGens.scx
0x000000012b0ff000 	/Users/nspotrepka/Code/Clojure/supertone/target/native/macosx/x86_64/IOUGens.scx
0x000000012b107000 	/Users/nspotrepka/Code/Clojure/supertone/target/native/macosx/x86_64/JoshAmbiUGens.scx
0x000000012b114000 	/Users/nspotrepka/Code/Clojure/supertone/target/native/macosx/x86_64/JoshGrainUGens.scx
0x000000012b13f000 	/Users/nspotrepka/Code/Clojure/supertone/target/native/macosx/x86_64/JoshPVUGens.scx
0x000000012b15c000 	/Users/nspotrepka/Code/Clojure/supertone/target/native/macosx/x86_64/JoshUGens.scx
0x000000012b176000 	/Users/nspotrepka/Code/Clojure/supertone/target/native/macosx/x86_64/KeyboardUGens.scx
0x000000012b17b000 	/Users/nspotrepka/Code/Clojure/supertone/target/native/macosx/x86_64/LadspaUGen.scx
0x000000012b17f000 	/Users/nspotrepka/Code/Clojure/supertone/target/native/macosx/x86_64/LFUGens.scx
0x000000012b192000 	/Users/nspotrepka/Code/Clojure/supertone/target/native/macosx/x86_64/LoopBuf.scx
0x000000012b197000 	/Users/nspotrepka/Code/Clojure/supertone/target/native/macosx/x86_64/MCLDBufferUGens.scx
0x000000012b19c000 	/Users/nspotrepka/Code/Clojure/supertone/target/native/macosx/x86_64/MCLDCepstrumUGens.scx
0x000000012b1ac000 	/Users/nspotrepka/Code/Clojure/supertone/target/native/macosx/x86_64/MCLDChaosUGens.scx
0x000000012b1b2000 	/Users/nspotrepka/Code/Clojure/supertone/target/native/macosx/x86_64/MCLDDistortionUGens.scx
0x000000012b1b6000 	/Users/nspotrepka/Code/Clojure/supertone/target/native/macosx/x86_64/MCLDFFTUGens.scx
0x000000012b1cb000 	/Users/nspotrepka/Code/Clojure/supertone/target/native/macosx/x86_64/MCLDFilterUGens.scx
0x000000012b1cf000 	/Users/nspotrepka/Code/Clojure/supertone/target/native/macosx/x86_64/MCLDGetenvUGen.scx
0x000000012b1d3000 	/Users/nspotrepka/Code/Clojure/supertone/target/native/macosx/x86_64/MCLDOscUGens.scx
0x000000012b1d7000 	/Users/nspotrepka/Code/Clojure/supertone/target/native/macosx/x86_64/MCLDPollUGens.scx
0x000000012b1db000 	/Users/nspotrepka/Code/Clojure/supertone/target/native/macosx/x86_64/MCLDSOMUGens.scx
0x000000012b1e1000 	/Users/nspotrepka/Code/Clojure/supertone/target/native/macosx/x86_64/MCLDTreeUGens.scx
0x000000012b1e6000 	/Users/nspotrepka/Code/Clojure/supertone/target/native/macosx/x86_64/MCLDTriggeredStatsUgens.scx
0x000000012b1ea000 	/Users/nspotrepka/Code/Clojure/supertone/target/native/macosx/x86_64/MdaUGens.scx
0x000000012b30c000 	/Users/nspotrepka/Code/Clojure/supertone/target/native/macosx/x86_64/MembraneUGens.scx
0x000000012b311000 	/Users/nspotrepka/Code/Clojure/supertone/target/native/macosx/x86_64/ML_UGens.scx
0x000000012b344000 	/Users/nspotrepka/Code/Clojure/supertone/target/native/macosx/x86_64/MouseUGens.scx
0x000000012b34a000 	/Users/nspotrepka/Code/Clojure/supertone/target/native/macosx/x86_64/MulAddUGens.scx
0x000000012b351000 	/Users/nspotrepka/Code/Clojure/supertone/target/native/macosx/x86_64/NCAnalysisUGens.scx
0x000000012b370000 	/Users/nspotrepka/Code/Clojure/supertone/target/native/macosx/x86_64/NoiseUGens.scx
0x000000012b377000 	/Users/nspotrepka/Code/Clojure/supertone/target/native/macosx/x86_64/OscUGens.scx
0x000000012b387000 	/Users/nspotrepka/Code/Clojure/supertone/target/native/macosx/x86_64/PanUGens.scx
0x000000012b390000 	/Users/nspotrepka/Code/Clojure/supertone/target/native/macosx/x86_64/PhysicalModelingUGens.scx
0x000000012b394000 	/Users/nspotrepka/Code/Clojure/supertone/target/native/macosx/x86_64/PitchDetection.scx
0x000000012b39b000 	/Users/nspotrepka/Code/Clojure/supertone/target/native/macosx/x86_64/PV_ThirdParty.scx
0x000000012b3af000 	/Users/nspotrepka/Code/Clojure/supertone/target/native/macosx/x86_64/ReverbUGens.scx
0x000000012b3b7000 	/Users/nspotrepka/Code/Clojure/supertone/target/native/macosx/x86_64/RFWUGens.scx
0x000000012b3bb000 	/Users/nspotrepka/Code/Clojure/supertone/target/native/macosx/x86_64/RMEQSuite.scx
0x000000012b3c3000 	/Users/nspotrepka/Code/Clojure/supertone/target/native/macosx/x86_64/SLUGens.scx
0x000000012b3d2000 	/Users/nspotrepka/Code/Clojure/supertone/target/native/macosx/x86_64/StkUGens.scx
0x000000012b47f000 	/Users/nspotrepka/Code/Clojure/supertone/target/native/macosx/x86_64/SummerUGens.scx
0x000000012b484000 	/Users/nspotrepka/Code/Clojure/supertone/target/native/macosx/x86_64/TagSystemUgens.scx
0x000000012b48a000 	/Users/nspotrepka/Code/Clojure/supertone/target/native/macosx/x86_64/TestUGens.scx
0x000000012b48e000 	/Users/nspotrepka/Code/Clojure/supertone/target/native/macosx/x86_64/TJUGens.scx
0x000000012b498000 	/Users/nspotrepka/Code/Clojure/supertone/target/native/macosx/x86_64/TriggerUGens.scx
0x000000012b4a4000 	/Users/nspotrepka/Code/Clojure/supertone/target/native/macosx/x86_64/UnaryOpUGens.scx
0x000000012b4ba000 	/Users/nspotrepka/Code/Clojure/supertone/target/native/macosx/x86_64/UnpackFFTUGens.scx
0x000000012b4c6000 	/Users/nspotrepka/Code/Clojure/supertone/target/native/macosx/x86_64/VBAP.scx
0x000000012b4cc000 	/Users/nspotrepka/Code/Clojure/supertone/target/native/macosx/x86_64/VOSIM.scx

VM Arguments:
jvm_args: -Dfile.encoding=UTF-8 -XX:+TieredCompilation -XX:TieredStopAtLevel=1 -XX:-OmitStackTraceInFastThrow -Dclojure.compile.path=/Users/nspotrepka/Code/Clojure/supertone/target/classes -Dsupertone.version=0.1.0-SNAPSHOT -Dclojure.debug=false -Djava.library.path=/Users/nspotrepka/Code/Clojure/supertone/target/native/macosx/x86_64 
java_command: clojure.main -i /private/var/folders/8t/15tm31s13l7_hyd5ns7q7dmw0000gn/T/form-init1830557426148638989.clj
java_class_path (initial): /Users/nspotrepka/Code/Clojure/supertone/test:/Users/nspotrepka/Code/Clojure/supertone/dev:/Users/nspotrepka/Code/Clojure/supertone/live:/Users/nspotrepka/Code/Clojure/supertone/src:/Users/nspotrepka/Code/Clojure/supertone/dev-resources:/Users/nspotrepka/Code/Clojure/supertone/resources:/Users/nspotrepka/Code/Clojure/supertone/target/classes:/Users/nspotrepka/.m2/repository/overtone/scsynth-extras/3.5.7.0/scsynth-extras-3.5.7.0.jar:/Users/nspotrepka/.m2/repository/net/java/dev/jna/jna/3.4.0/jna-3.4.0.jar:/Users/nspotrepka/.m2/repository/com/miglayout/miglayout/3.7.4/miglayout-3.7.4.jar:/Users/nspotrepka/.m2/repository/com/evocomputing/colors/1.0.3/colors-1.0.3.jar:/Users/nspotrepka/.m2/repository/overtone/at-at/1.2.0/at-at-1.2.0.jar:/Users/nspotrepka/.m2/repository/org/clojure/tools.nrepl/0.2.12/tools.nrepl-0.2.12.jar:/Users/nspotrepka/.m2/repository/clojure-complete/clojure-complete/0.2.4/clojure-complete-0.2.4.jar:/Users/nspotrepka/.m2/repository/overtone/byte-spec/0.3.1/byte-spec-0.3.1.jar:/Users/nspotrepka/.m2/repository/overtone/osc-clj/0.9.0/osc-clj-0.9.0.jar:/Users/nspotrepka/.m2/repository/org/clojure/math.numeric-tower/0.0.4/math.numeric-tower-0.0.4.jar:/Users/nspotrepka/.m2/repository/com/fifesoft/rsyntaxtextarea/2.5.6/rsyntaxtextarea-2.5.6.jar:/Users/nspotrepka/.m2/repository/overtone/libs.handlers/0.2.0/libs.handlers-0.2.0.jar:/Users/nspotrepka/.m2/repository/org/swinglabs/swingx/swingx-autocomplete/1.6.3/swingx-autocomplete-1.6.3.jar:/Users/nspotrepka/.m2/repository/j18n/j18n/1.0.2/j18n-1.0.2.jar:/Users/nspotrepka/.m2/repository/org/swinglabs/swingx/swingx-plaf/1.6.3/swingx-plaf-1.6.3.jar:/Users/nspotrepka/.m2/repository/org/clojure/core.incubator/0.1.3/core.incubator-0.1.3.jar:/Users/nspotrepka/.m2/repository/org/swinglabs/swingx/swingx-painters/1.6.3/swingx-painters-1.6.3.jar:/Users/nspotrepka/.m2/repository/com/jgoodies/forms/1.2.1/forms-1.2.1.jar:/Users/nspotrepka/.m2/repository/org/clojure/tools.namespace/0.2.11/tools.n
Launcher Type: SUN_STANDARD

Environment Variables:
PATH=/Users/nspotrepka/.rvm/gems/ruby-2.2.1/bin:/Users/nspotrepka/.rvm/gems/ruby-2.2.1@global/bin:/Users/nspotrepka/.rvm/rubies/ruby-2.2.1/bin:/Library/Frameworks/Python.framework/Versions/3.5/bin:/Developer/NVIDIA/CUDA-7.0/bin:/Users/nspotrepka/Code/torch/install/bin:/usr/local/bin:/Library/Frameworks/Python.framework/Versions/3.4/bin:/usr/local/bin:/usr/bin:/bin:/usr/sbin:/sbin:/opt/X11/bin:/Applications/SuperCollider/SuperCollider.app/Contents/Resources:/Users/nspotrepka/.rvm/bin
SHELL=/bin/bash
DISPLAY=/private/tmp/com.apple.launchd.GHndq4qf4o/org.macosforge.xquartz:0

Signal Handlers:
SIGSEGV: [libjvm.dylib+0x58ef35], sa_mask[0]=11111111011111110111111111111111, sa_flags=SA_ONSTACK|SA_RESTART|SA_SIGINFO
SIGBUS: [libjvm.dylib+0x58ef35], sa_mask[0]=11111111011111110111111111111111, sa_flags=SA_RESTART|SA_SIGINFO
SIGFPE: [libjvm.dylib+0x46c028], sa_mask[0]=11111111011111110111111111111111, sa_flags=SA_RESTART|SA_SIGINFO
SIGPIPE: [libjvm.dylib+0x46c028], sa_mask[0]=11111111011111110111111111111111, sa_flags=SA_RESTART|SA_SIGINFO
SIGXFSZ: [libjvm.dylib+0x46c028], sa_mask[0]=11111111011111110111111111111111, sa_flags=SA_RESTART|SA_SIGINFO
SIGILL: [libjvm.dylib+0x46c028], sa_mask[0]=11111111011111110111111111111111, sa_flags=SA_RESTART|SA_SIGINFO
SIGUSR1: SIG_DFL, sa_mask[0]=11011111011111100000000111000110, sa_flags=none
SIGUSR2: [libjvm.dylib+0x46bb46], sa_mask[0]=00100000000000000000000000000000, sa_flags=SA_RESTART|SA_SIGINFO
SIGHUP: [libjvm.dylib+0x46a119], sa_mask[0]=11111111011111110111111111111111, sa_flags=SA_RESTART|SA_SIGINFO
SIGINT: [libjvm.dylib+0x46a119], sa_mask[0]=11111111011111110111111111111111, sa_flags=SA_RESTART|SA_SIGINFO
SIGTERM: [libjvm.dylib+0x46a119], sa_mask[0]=11111111011111110111111111111111, sa_flags=SA_RESTART|SA_SIGINFO
SIGQUIT: [libjvm.dylib+0x46a119], sa_mask[0]=11111111011111110111111111111111, sa_flags=SA_RESTART|SA_SIGINFO


---------------  S Y S T E M  ---------------

OS:Bsduname:Darwin 15.3.0 Darwin Kernel Version 15.3.0: Thu Dec 10 18:40:58 PST 2015; root:xnu-3248.30.4~1/RELEASE_X86_64 x86_64
rlimit: STACK 8192k, CORE 0k, NPROC 709, NOFILE 10240, AS infinity
load average:1.52 1.40 1.47

CPU:total 8 (4 cores per cpu, 2 threads per core) family 6 model 70 stepping 1, cmov, cx8, fxsr, mmx, sse, sse2, sse3, ssse3, sse4.1, sse4.2, popcnt, avx, avx2, aes, clmul, erms, rtm, lzcnt, ht, tsc, tscinvbit, bmi1, bmi2

Memory: 4k page, physical 16777216k(20920k free)

/proc/meminfo:


vm_info: Java HotSpot(TM) 64-Bit Server VM (25.51-b03) for bsd-amd64 JRE (1.8.0_51-b16), built on Jun  8 2015 18:01:11 by "java_re" with gcc 4.2.1 (Based on Apple Inc. build 5658) (LLVM build 2336.11.00)

time: Wed Apr 13 12:40:32 2016
elapsed time: 500 seconds (0d 0h 8m 20s)

