#
# A fatal error has been detected by the Java Runtime Environment:
#
#  SIGSEGV (0xb) at pc=0x000000013269657c, pid=22836, tid=50715
#
# JRE version: Java(TM) SE Runtime Environment (8.0_51-b16) (build 1.8.0_51-b16)
# Java VM: Java HotSpot(TM) 64-Bit Server VM (25.51-b03 mixed mode bsd-amd64 compressed oops)
# Problematic frame:
# C  [libscsynth.dylib+0x557c]  _ZN12SC_UdpInPortC2EP5Worldi+0x1be
#
# Failed to write core dump. Core dumps have been disabled. To enable core dumping, try "ulimit -c unlimited" before starting Java again
#
# If you would like to submit a bug report, please visit:
#   http://bugreport.java.com/bugreport/crash.jsp
# The crash happened outside the Java Virtual Machine in native code.
# See problematic frame for where to report the bug.
#

---------------  T H R E A D  ---------------

Current thread (0x00007f8116007800):  JavaThread "Thread-11" daemon [_thread_in_native, id=50715, stack(0x0000700002209000,0x0000700002309000)]

siginfo: si_signo: 11 (SIGSEGV), si_code: 1 (SEGV_MAPERR), si_addr: 0x0000000000000160

Registers:
RAX=0x0000000000000000, RBX=0x0000000000000000, RCX=0x00000000ffffffff, RDX=0x0000000000000000
RSP=0x0000700002307e00, RBP=0x0000700002307e80, RSI=0x0000000000000003, RDI=0x00007fff7cb6f118
R8 =0x000000000000e307, R9 =0x0000000000000000, R10=0x000000000000002c, R11=0x0000000000000206
R12=0x0000000000000004, R13=0x0000000000000002, R14=0x00007f8114e3d000, R15=0x0000700003d63000
RIP=0x000000013269657c, EFLAGS=0x0000000000010202, ERR=0x0000000000000004
  TRAPNO=0x000000000000000e

Top of Stack: (sp=0x0000700002307e00)
0x0000700002307e00:   0000000000000000 0001000002307e80
0x0000700002307e10:   0000700002307e30 00007fff9c5250dc
0x0000700002307e20:   0000000000000000 0000000000010048
0x0000700002307e30:   0000000a0000003f 000000028d93e7de
0x0000700002307e40:   00007f8114e3d000 0000000000000000
0x0000700002307e50:   0000700002307e80 00000001326b5614
0x0000700002307e60:   0000000000000001 00007000023085e8
0x0000700002307e70:   0000700002307e80 0000000132689d1c
0x0000700002307e80:   000000000000000a 0000700002308680
0x0000700002307e90:   0000700002307f80 0000000132689884
0x0000700002307ea0:   ffffffffffffffff 00000000ffffffff
0x0000700002307eb0:   00000001106ac650 0000700002307f30
0x0000700002307ec0:   0000700002308650 0000700002307f40
0x0000700002307ed0:   0000700002307f30 0000700002307f44
0x0000700002307ee0:   00007000023084f0 0000700002308680
0x0000700002307ef0:   00000001326b55f0 00007f81136d3e50
0x0000700002307f00:   0000700002307dd0 00007f81136d3ee0
0x0000700002307f10:   0000000000000002 0000000200000002
0x0000700002307f20:   0000700002307dd0 0000000116007800
0x0000700002307f30:   00007f8100000002 00007f81136d4f20
0x0000700002307f40:   0000000100000000 d400ea914060cd50
0x0000700002307f50:   0000700002307f80 0000700002308680
0x0000700002307f60:   00007f81136d3ef0 0000000000000000
0x0000700002307f70:   00007f81136d3e50 0000000000000001
0x0000700002307f80:   00007000023084d0 0000000132683f5c
0x0000700002307f90:   0000000100000000 00007f81136d2bf0
0x0000700002307fa0:   00007000023084d0 0000000132683d55
0x0000700002307fb0:   0000000000000000 0000000000000000
0x0000700002307fc0:   00007000023084d0 0000000132683d29
0x0000700002307fd0:   0000000000000000 0000000000000000
0x0000700002307fe0:   00007000023081b0 00000001101b3169
0x0000700002307ff0:   00007f8116007800 00007f81136d3e70 

Instructions: (pc=0x000000013269657c)
0x000000013269655c:   24 3c 02 00 00 00 c7 44 24 30 3f 00 00 00 be 02
0x000000013269656c:   00 00 00 48 8d 54 24 30 4c 89 ff e8 5c 13 07 00
0x000000013269657c:   80 bb 60 01 00 00 00 74 15 49 8d 7e 30 31 f6 48
0x000000013269658c:   8d 15 3e ed ff ff 4c 89 f1 e8 08 13 07 00 48 83 

Register to memory mapping:

RAX=0x0000000000000000 is an unknown value
RBX=0x0000000000000000 is an unknown value
RCX=0x00000000ffffffff is an unknown value
RDX=0x0000000000000000 is an unknown value
RSP=0x0000700002307e00 is pointing into the stack for thread: 0x00007f8116007800
RBP=0x0000700002307e80 is pointing into the stack for thread: 0x00007f8116007800
RSI=0x0000000000000003 is an unknown value
RDI=0x00007fff7cb6f118: _pthread_list_lock+0 in /usr/lib/system/libsystem_pthread.dylib at 0x00007fff97c29000
R8 =0x000000000000e307 is an unknown value
R9 =0x0000000000000000 is an unknown value
R10=0x000000000000002c is an unknown value
R11=0x0000000000000206 is an unknown value
R12=0x0000000000000004 is an unknown value
R13=0x0000000000000002 is an unknown value
R14=0x00007f8114e3d000 is an unknown value
R15=0x0000700003d63000 is an unknown value


Stack: [0x0000700002209000,0x0000700002309000],  sp=0x0000700002307e00,  free space=1019k
Native frames: (J=compiled Java code, j=interpreted, Vv=VM code, C=native code)
C  [libscsynth.dylib+0x557c]  _ZN12SC_UdpInPortC2EP5Worldi+0x1be
C  0x0000700002308680

Java frames: (J=compiled Java code, j=interpreted, Vv=VM code)
j  overtone.sc.machinery.server.native.lib_4314b377_045a_4f57_b003_b3b3f5e51455.World_OpenUDP(Lcom/sun/jna/Pointer;I)I+0
j  overtone.sc.machinery.server.native$eval4494$fn__4495.invoke(Ljava/lang/Object;Ljava/lang/Object;)Ljava/lang/Object;+15
j  overtone.sc.machinery.server.native$scsynth_listen_udp.invoke(Ljava/lang/Object;Ljava/lang/Object;)Ljava/lang/Object;+55
j  overtone.sc.machinery.server.connection$internal_booter.invoke(Ljava/lang/Object;)Ljava/lang/Object;+201
j  overtone.sc.machinery.server.connection$boot_internal_server$fn__4587.invoke()Ljava/lang/Object;+13
j  clojure.lang.AFn.run()V+1
j  java.lang.Thread.run()V+11
v  ~StubRoutines::call_stub

---------------  P R O C E S S  ---------------

Java Threads: ( => current thread )
=>0x00007f8116007800 JavaThread "Thread-11" daemon [_thread_in_native, id=50715, stack(0x0000700002209000,0x0000700002309000)]
  0x00007f8114c24000 JavaThread "pool-3-thread-9" [_thread_blocked, id=89347, stack(0x0000700003951000,0x0000700003a51000)]
  0x00007f81141f0000 JavaThread "Java Sound MidiInDevice Thread" [_thread_in_native, id=88587, stack(0x000070000384e000,0x000070000394e000)]
  0x00007f8114c24800 JavaThread "AWT-Shutdown" [_thread_blocked, id=88843, stack(0x000070000374b000,0x000070000384b000)]
  0x00007f81153bb000 JavaThread "pool-3-thread-8" [_thread_blocked, id=72195, stack(0x0000700003542000,0x0000700003642000)]
  0x00007f811412d800 JavaThread "pool-3-thread-7" [_thread_blocked, id=71683, stack(0x000070000343f000,0x000070000353f000)]
  0x00007f811497a800 JavaThread "pool-2-thread-10" [_thread_blocked, id=71171, stack(0x000070000333c000,0x000070000343c000)]
  0x00007f8114c23000 JavaThread "pool-2-thread-9" [_thread_blocked, id=70659, stack(0x0000700003239000,0x0000700003339000)]
  0x00007f81153b9800 JavaThread "pool-2-thread-8" [_thread_blocked, id=70147, stack(0x0000700003136000,0x0000700003236000)]
  0x00007f81152fa800 JavaThread "pool-2-thread-7" [_thread_blocked, id=69635, stack(0x0000700003033000,0x0000700003133000)]
  0x00007f8113c4a800 JavaThread "pool-2-thread-6" [_thread_blocked, id=69123, stack(0x0000700002f30000,0x0000700003030000)]
  0x00007f8113c27000 JavaThread "pool-2-thread-5" [_thread_blocked, id=68611, stack(0x0000700002e2d000,0x0000700002f2d000)]
  0x00007f8113c49800 JavaThread "pool-2-thread-4" [_thread_blocked, id=68099, stack(0x0000700002d2a000,0x0000700002e2a000)]
  0x00007f8113c3f800 JavaThread "pool-2-thread-3" [_thread_blocked, id=67587, stack(0x0000700002c27000,0x0000700002d27000)]
  0x00007f8116003800 JavaThread "pool-3-thread-6" [_thread_blocked, id=67075, stack(0x0000700002b24000,0x0000700002c24000)]
  0x00007f8114bfd800 JavaThread "pool-2-thread-2" [_thread_blocked, id=66563, stack(0x0000700002a21000,0x0000700002b21000)]
  0x00007f8114bfc800 JavaThread "pool-2-thread-1" [_thread_blocked, id=66051, stack(0x000070000291e000,0x0000700002a1e000)]
  0x00007f811415b800 JavaThread "pool-3-thread-5" [_thread_blocked, id=65539, stack(0x000070000281b000,0x000070000291b000)]
  0x00007f8114c14800 JavaThread "pool-3-thread-4" [_thread_blocked, id=37143, stack(0x0000700001e77000,0x0000700001f77000)]
  0x00007f8114b9b000 JavaThread "pool-3-thread-3" [_thread_blocked, id=65027, stack(0x0000700002718000,0x0000700002818000)]
  0x00007f8114277800 JavaThread "pool-3-thread-2" [_thread_blocked, id=64515, stack(0x0000700002615000,0x0000700002715000)]
  0x00007f81150b9800 JavaThread "pool-3-thread-1" [_thread_blocked, id=62731, stack(0x0000700002512000,0x0000700002612000)]
  0x00007f811385c000 JavaThread "Java2D Disposer" daemon [_thread_blocked, id=59659, stack(0x000070000240f000,0x000070000250f000)]
  0x00007f8113a05000 JavaThread "Java2D Queue Flusher" daemon [_thread_blocked, id=59399, stack(0x000070000230c000,0x000070000240c000)]
  0x00007f8114a4e000 JavaThread "AppKit Thread" daemon [_thread_in_native, id=8715, stack(0x00007fff513aa000,0x00007fff51baa000)]
  0x00007f81142a3000 JavaThread "nREPL-worker-0" daemon [_thread_blocked, id=26883, stack(0x0000700001c6e000,0x0000700001d6e000)]
  0x00007f81138f9000 JavaThread "clojure-agent-send-off-pool-5" [_thread_in_native, id=26371, stack(0x0000700001b6b000,0x0000700001c6b000)]
  0x00007f8115269000 JavaThread "clojure-agent-send-off-pool-6" [_thread_in_native, id=25859, stack(0x0000700001a68000,0x0000700001b68000)]
  0x00007f8117801000 JavaThread "clojure-agent-send-off-pool-4" [_thread_blocked, id=25347, stack(0x0000700001965000,0x0000700001a65000)]
  0x00007f8114119000 JavaThread "clojure-agent-send-off-pool-3" [_thread_blocked, id=25095, stack(0x0000700001862000,0x0000700001962000)]
  0x00007f8115267800 JavaThread "clojure-agent-send-off-pool-2" [_thread_blocked, id=23299, stack(0x000070000175f000,0x000070000185f000)]
  0x00007f81149be000 JavaThread "clojure-agent-send-off-pool-1" [_thread_blocked, id=22787, stack(0x000070000165c000,0x000070000175c000)]
  0x00007f8115153800 JavaThread "clojure-agent-send-off-pool-0" [_thread_blocked, id=22275, stack(0x0000700001559000,0x0000700001659000)]
  0x00007f8114028800 JavaThread "Service Thread" daemon [_thread_blocked, id=21251, stack(0x0000700001353000,0x0000700001453000)]
  0x00007f8114846000 JavaThread "C1 CompilerThread3" daemon [_thread_blocked, id=20739, stack(0x0000700001250000,0x0000700001350000)]
  0x00007f8115012800 JavaThread "C2 CompilerThread2" daemon [_thread_blocked, id=20227, stack(0x000070000114d000,0x000070000124d000)]
  0x00007f8115012000 JavaThread "C2 CompilerThread1" daemon [_thread_blocked, id=19715, stack(0x000070000104a000,0x000070000114a000)]
  0x00007f8114845800 JavaThread "C2 CompilerThread0" daemon [_thread_blocked, id=19203, stack(0x0000700000f47000,0x0000700001047000)]
  0x00007f8114842800 JavaThread "Signal Dispatcher" daemon [_thread_blocked, id=14863, stack(0x0000700000e44000,0x0000700000f44000)]
  0x00007f8114013800 JavaThread "Finalizer" daemon [_thread_blocked, id=14339, stack(0x0000700000c3b000,0x0000700000d3b000)]
  0x00007f811382e000 JavaThread "Reference Handler" daemon [_thread_blocked, id=13827, stack(0x0000700000b38000,0x0000700000c38000)]
  0x00007f8114802800 JavaThread "main" [_thread_blocked, id=3083, stack(0x000070000011a000,0x000070000021a000)]

Other Threads:
  0x00007f8114835800 VMThread [stack: 0x0000700000a35000,0x0000700000b35000] [id=13315]
  0x00007f8114029800 WatcherThread [stack: 0x0000700001456000,0x0000700001556000] [id=21763]

VM state:not at safepoint (normal execution)

VM Mutex/Monitor currently owned by a thread: None

Heap:
 PSYoungGen      total 483840K, used 277220K [0x000000076ab00000, 0x000000078e780000, 0x00000007c0000000)
  eden space 466944K, 56% used [0x000000076ab00000,0x000000077abfc5d8,0x0000000787300000)
  from space 16896K, 83% used [0x0000000787300000,0x00000007880bccd0,0x0000000788380000)
  to   space 18432K, 0% used [0x000000078d580000,0x000000078d580000,0x000000078e780000)
 ParOldGen       total 138240K, used 24674K [0x00000006c0000000, 0x00000006c8700000, 0x000000076ab00000)
  object space 138240K, 17% used [0x00000006c0000000,0x00000006c1818bb8,0x00000006c8700000)
 Metaspace       used 40138K, capacity 54280K, committed 54528K, reserved 1089536K
  class space    used 10549K, capacity 15328K, committed 15360K, reserved 1048576K

Card table byte_map: [0x0000000120129000,0x000000012092a000] byte_map_base: 0x000000011cb29000

Marking Bits: (ParMarkBitMap*) 0x00000001106c27a0
 Begin Bits: [0x0000000120e80000, 0x0000000124e80000)
 End Bits:   [0x0000000124e80000, 0x0000000128e80000)

Polling page: 0x000000010e8de000

CodeCache: size=245760Kb used=7380Kb max_used=7380Kb free=238379Kb
 bounds [0x0000000110d69000, 0x00000001114a9000, 0x000000011fd69000]
 total_blobs=3508 nmethods=3011 adapters=410
 compilation: enabled

Compilation events (10 events):
Event: 32.773 Thread 0x00007f8114846000 3009       1       java.util.LinkedHashMap$LinkedHashIterator::nextNode (54 bytes)
Event: 32.773 Thread 0x00007f8114846000 nmethod 3009 0x000000011149d050 code [0x000000011149d1e0, 0x000000011149d458]
Event: 32.773 Thread 0x00007f8114846000 3010       1       java.lang.reflect.Field::getDeclaringClass (5 bytes)
Event: 32.773 Thread 0x00007f8114846000 nmethod 3010 0x000000011149d5d0 code [0x000000011149d720, 0x000000011149d830]
Event: 32.805 Thread 0x00007f8114846000 3011       1       java.util.LinkedHashMap$LinkedHashIterator::hasNext (13 bytes)
Event: 32.806 Thread 0x00007f8114846000 nmethod 3011 0x000000011149d890 code [0x000000011149d9e0, 0x000000011149db10]
Event: 32.806 Thread 0x00007f8114846000 3012       1       clojure.lang.Numbers$BigIntOps::combine (8 bytes)
Event: 32.807 Thread 0x00007f8114846000 nmethod 3012 0x000000011149db50 code [0x000000011149dcc0, 0x000000011149de08]
Event: 32.807 Thread 0x00007f8114846000 3013       1       java.math.BigInteger::valueOf (62 bytes)
Event: 32.808 Thread 0x00007f8114846000 nmethod 3013 0x000000011149de90 code [0x000000011149e000, 0x000000011149e2a8]

GC Heap History (10 events):
Event: 29.313 GC heap before
{Heap before GC invocations=9 (full 2):
 PSYoungGen      total 271360K, used 8024K [0x000000076ab00000, 0x000000078a500000, 0x00000007c0000000)
  eden space 252928K, 0% used [0x000000076ab00000,0x000000076ab00000,0x000000077a200000)
  from space 18432K, 43% used [0x000000077a200000,0x000000077a9d62c8,0x000000077b400000)
  to   space 17408K, 0% used [0x0000000789400000,0x0000000789400000,0x000000078a500000)
 ParOldGen       total 92672K, used 18002K [0x00000006c0000000, 0x00000006c5a80000, 0x000000076ab00000)
  object space 92672K, 19% used [0x00000006c0000000,0x00000006c1194898,0x00000006c5a80000)
 Metaspace       used 28761K, capacity 35296K, committed 35416K, reserved 1075200K
  class space    used 7035K, capacity 9343K, committed 9344K, reserved 1048576K
Event: 29.435 GC heap after
Heap after GC invocations=9 (full 2):
 PSYoungGen      total 271360K, used 0K [0x000000076ab00000, 0x000000078a500000, 0x00000007c0000000)
  eden space 252928K, 0% used [0x000000076ab00000,0x000000076ab00000,0x000000077a200000)
  from space 18432K, 0% used [0x000000077a200000,0x000000077a200000,0x000000077b400000)
  to   space 17408K, 0% used [0x0000000789400000,0x0000000789400000,0x000000078a500000)
 ParOldGen       total 138240K, used 24642K [0x00000006c0000000, 0x00000006c8700000, 0x000000076ab00000)
  object space 138240K, 17% used [0x00000006c0000000,0x00000006c1810bb8,0x00000006c8700000)
 Metaspace       used 28761K, capacity 35296K, committed 35416K, reserved 1075200K
  class space    used 7035K, capacity 9343K, committed 9344K, reserved 1048576K
}
Event: 29.833 GC heap before
{Heap before GC invocations=10 (full 2):
 PSYoungGen      total 271360K, used 252928K [0x000000076ab00000, 0x000000078a500000, 0x00000007c0000000)
  eden space 252928K, 100% used [0x000000076ab00000,0x000000077a200000,0x000000077a200000)
  from space 18432K, 0% used [0x000000077a200000,0x000000077a200000,0x000000077b400000)
  to   space 17408K, 0% used [0x0000000789400000,0x0000000789400000,0x000000078a500000)
 ParOldGen       total 138240K, used 24642K [0x00000006c0000000, 0x00000006c8700000, 0x000000076ab00000)
  object space 138240K, 17% used [0x00000006c0000000,0x00000006c1810bb8,0x00000006c8700000)
 Metaspace       used 29661K, capacity 36596K, committed 36864K, reserved 1077248K
  class space    used 7427K, capacity 9927K, committed 9984K, reserved 1048576K
Event: 29.835 GC heap after
Heap after GC invocations=10 (full 2):
 PSYoungGen      total 353792K, used 3325K [0x000000076ab00000, 0x0000000789780000, 0x00000007c0000000)
  eden space 350208K, 0% used [0x000000076ab00000,0x000000076ab00000,0x0000000780100000)
  from space 3584K, 92% used [0x0000000789400000,0x000000078973f748,0x0000000789780000)
  to   space 17408K, 0% used [0x0000000787580000,0x0000000787580000,0x0000000788680000)
 ParOldGen       total 138240K, used 24650K [0x00000006c0000000, 0x00000006c8700000, 0x000000076ab00000)
  object space 138240K, 17% used [0x00000006c0000000,0x00000006c1812bb8,0x00000006c8700000)
 Metaspace       used 29661K, capacity 36596K, committed 36864K, reserved 1077248K
  class space    used 7427K, capacity 9927K, committed 9984K, reserved 1048576K
}
Event: 30.121 GC heap before
{Heap before GC invocations=11 (full 2):
 PSYoungGen      total 353792K, used 353533K [0x000000076ab00000, 0x0000000789780000, 0x00000007c0000000)
  eden space 350208K, 100% used [0x000000076ab00000,0x0000000780100000,0x0000000780100000)
  from space 3584K, 92% used [0x0000000789400000,0x000000078973f748,0x0000000789780000)
  to   space 17408K, 0% used [0x0000000787580000,0x0000000787580000,0x0000000788680000)
 ParOldGen       total 138240K, used 24650K [0x00000006c0000000, 0x00000006c8700000, 0x000000076ab00000)
  object space 138240K, 17% used [0x00000006c0000000,0x00000006c1812bb8,0x00000006c8700000)
 Metaspace       used 29661K, capacity 36596K, committed 36864K, reserved 1077248K
  class space    used 7427K, capacity 9927K, committed 9984K, reserved 1048576K
Event: 30.124 GC heap after
Heap after GC invocations=11 (full 2):
 PSYoungGen      total 427520K, used 3776K [0x000000076ab00000, 0x0000000789480000, 0x00000007c0000000)
  eden space 423424K, 0% used [0x000000076ab00000,0x000000076ab00000,0x0000000784880000)
  from space 4096K, 92% used [0x0000000787580000,0x0000000787930000,0x0000000787980000)
  to   space 17408K, 0% used [0x0000000788380000,0x0000000788380000,0x0000000789480000)
 ParOldGen       total 138240K, used 24658K [0x00000006c0000000, 0x00000006c8700000, 0x000000076ab00000)
  object space 138240K, 17% used [0x00000006c0000000,0x00000006c1814bb8,0x00000006c8700000)
 Metaspace       used 29661K, capacity 36596K, committed 36864K, reserved 1077248K
  class space    used 7427K, capacity 9927K, committed 9984K, reserved 1048576K
}
Event: 30.800 GC heap before
{Heap before GC invocations=12 (full 2):
 PSYoungGen      total 427520K, used 427200K [0x000000076ab00000, 0x0000000789480000, 0x00000007c0000000)
  eden space 423424K, 100% used [0x000000076ab00000,0x0000000784880000,0x0000000784880000)
  from space 4096K, 92% used [0x0000000787580000,0x0000000787930000,0x0000000787980000)
  to   space 17408K, 0% used [0x0000000788380000,0x0000000788380000,0x0000000789480000)
 ParOldGen       total 138240K, used 24658K [0x00000006c0000000, 0x00000006c8700000, 0x000000076ab00000)
  object space 138240K, 17% used [0x00000006c0000000,0x00000006c1814bb8,0x00000006c8700000)
 Metaspace       used 31739K, capacity 40058K, committed 40320K, reserved 1079296K
  class space    used 8083K, capacity 11073K, committed 11136K, reserved 1048576K
Event: 30.807 GC heap after
Heap after GC invocations=12 (full 2):
 PSYoungGen      total 484352K, used 9491K [0x000000076ab00000, 0x000000078b900000, 0x00000007c0000000)
  eden space 466944K, 0% used [0x000000076ab00000,0x000000076ab00000,0x0000000787300000)
  from space 17408K, 54% used [0x0000000788380000,0x0000000788cc4cd0,0x0000000789480000)
  to   space 16896K, 0% used [0x0000000787300000,0x0000000787300000,0x0000000788380000)
 ParOldGen       total 138240K, used 24666K [0x00000006c0000000, 0x00000006c8700000, 0x000000076ab00000)
  object space 138240K, 17% used [0x00000006c0000000,0x00000006c1816bb8,0x00000006c8700000)
 Metaspace       used 31739K, capacity 40058K, committed 40320K, reserved 1079296K
  class space    used 8083K, capacity 11073K, committed 11136K, reserved 1048576K
}
Event: 31.835 GC heap before
{Heap before GC invocations=13 (full 2):
 PSYoungGen      total 484352K, used 476435K [0x000000076ab00000, 0x000000078b900000, 0x00000007c0000000)
  eden space 466944K, 100% used [0x000000076ab00000,0x0000000787300000,0x0000000787300000)
  from space 17408K, 54% used [0x0000000788380000,0x0000000788cc4cd0,0x0000000789480000)
  to   space 16896K, 0% used [0x0000000787300000,0x0000000787300000,0x0000000788380000)
 ParOldGen       total 138240K, used 24666K [0x00000006c0000000, 0x00000006c8700000, 0x000000076ab00000)
  object space 138240K, 17% used [0x00000006c0000000,0x00000006c1816bb8,0x00000006c8700000)
 Metaspace       used 35678K, capacity 46980K, committed 47104K, reserved 1083392K
  class space    used 9208K, capacity 12938K, committed 13056K, reserved 1048576K
Event: 31.843 GC heap after
Heap after GC invocations=13 (full 2):
 PSYoungGen      total 483840K, used 14067K [0x000000076ab00000, 0x000000078e780000, 0x00000007c0000000)
  eden space 466944K, 0% used [0x000000076ab00000,0x000000076ab00000,0x0000000787300000)
  from space 16896K, 83% used [0x0000000787300000,0x00000007880bccd0,0x0000000788380000)
  to   space 18432K, 0% used [0x000000078d580000,0x000000078d580000,0x000000078e780000)
 ParOldGen       total 138240K, used 24674K [0x00000006c0000000, 0x00000006c8700000, 0x000000076ab00000)
  object space 138240K, 17% used [0x00000006c0000000,0x00000006c1818bb8,0x00000006c8700000)
 Metaspace       used 35678K, capacity 46980K, committed 47104K, reserved 1083392K
  class space    used 9208K, capacity 12938K, committed 13056K, reserved 1048576K
}

Deoptimization events (0 events):
No events

Internal exceptions (10 events):
Event: 0.175 Thread 0x00007f8114802800 Exception <a 'java/security/PrivilegedActionException'> (0x000000076b4d7710) thrown at [/Users/java_re/workspace/8-2-build-macosx-x86_64/jdk8u51/3951/hotspot/src/share/vm/prims/jvm.cpp, line 1382]
Event: 0.175 Thread 0x00007f8114802800 Exception <a 'java/security/PrivilegedActionException'> (0x000000076b4d78c8) thrown at [/Users/java_re/workspace/8-2-build-macosx-x86_64/jdk8u51/3951/hotspot/src/share/vm/prims/jvm.cpp, line 1382]
Event: 1.614 Thread 0x00007f81149be000 Exception <a 'java/io/FileNotFoundException'> (0x000000076e1766e8) thrown at [/Users/java_re/workspace/8-2-build-macosx-x86_64/jdk8u51/3951/hotspot/src/share/vm/prims/jni.cpp, line 709]
Event: 2.561 Thread 0x00007f8114119000 Exception <a 'java/net/SocketException': Socket closed> (0x000000076d31e2c0) thrown at [/Users/java_re/workspace/8-2-build-macosx-x86_64/jdk8u51/3951/hotspot/src/share/vm/prims/jni.cpp, line 735]
Event: 27.384 Thread 0x00007f81142a3000 Exception <a 'java/io/FileNotFoundException'> (0x00000007709bf9c8) thrown at [/Users/java_re/workspace/8-2-build-macosx-x86_64/jdk8u51/3951/hotspot/src/share/vm/prims/jni.cpp, line 709]
Event: 27.384 Thread 0x00007f81142a3000 Exception <a 'java/io/FileNotFoundException'> (0x00000007709c0ae8) thrown at [/Users/java_re/workspace/8-2-build-macosx-x86_64/jdk8u51/3951/hotspot/src/share/vm/prims/jni.cpp, line 709]
Event: 27.510 Thread 0x00007f8114a4e000 Exception <a 'java/lang/NoSuchFieldError': method resolution failed> (0x000000076ae11800) thrown at [/Users/java_re/workspace/8-2-build-macosx-x86_64/jdk8u51/3951/hotspot/src/share/vm/prims/methodHandles.cpp, line 1125]
Event: 27.512 Thread 0x00007f8114a4e000 Exception <a 'java/lang/NoSuchFieldError': method resolution failed> (0x000000076ae1fdd0) thrown at [/Users/java_re/workspace/8-2-build-macosx-x86_64/jdk8u51/3951/hotspot/src/share/vm/prims/methodHandles.cpp, line 1125]
Event: 32.589 Thread 0x00007f81142a3000 Implicit null exception at 0x0000000110fd7ddf to 0x0000000110fd7df2
Event: 32.589 Thread 0x00007f81142a3000 Exception <a 'java/lang/NullPointerException'> (0x0000000776ad9500) thrown at [/Users/java_re/workspace/8-2-build-macosx-x86_64/jdk8u51/3951/hotspot/src/share/vm/runtime/sharedRuntime.cpp, line 605]

Events (10 events):
Event: 32.766 loading class sun/reflect/UnsafeByteFieldAccessorImpl
Event: 32.766 loading class sun/reflect/UnsafeByteFieldAccessorImpl done
Event: 32.767 loading class com/sun/jna/Memory$SharedMemory
Event: 32.767 loading class com/sun/jna/Memory$SharedMemory done
Event: 32.767 loading class com/sun/jna/WeakIdentityHashMap
Event: 32.767 loading class com/sun/jna/WeakIdentityHashMap done
Event: 32.772 loading class com/sun/jna/Structure$2$StructureSet
Event: 32.772 loading class com/sun/jna/Structure$2$StructureSet done
Event: 32.773 loading class com/sun/jna/NativeString
Event: 32.773 loading class com/sun/jna/NativeString done


Dynamic libraries:
0x0000000009858000 	/System/Library/Frameworks/Cocoa.framework/Versions/A/Cocoa
0x000000010e070000 	/System/Library/Frameworks/Security.framework/Versions/A/Security
0x0000000009858000 	/System/Library/Frameworks/ApplicationServices.framework/Versions/A/ApplicationServices
0x0000000009858000 	/usr/lib/libz.1.dylib
0x0000000009858000 	/usr/lib/libSystem.B.dylib
0x0000000009858000 	/usr/lib/libobjc.A.dylib
0x0000000009858000 	/System/Library/Frameworks/CoreFoundation.framework/Versions/A/CoreFoundation
0x0000000009858000 	/System/Library/Frameworks/Foundation.framework/Versions/C/Foundation
0x0000000009858000 	/System/Library/Frameworks/AppKit.framework/Versions/C/AppKit
0x0000000009858000 	/System/Library/Frameworks/CoreData.framework/Versions/A/CoreData
0x0000000009858000 	/System/Library/PrivateFrameworks/RemoteViewServices.framework/Versions/A/RemoteViewServices
0x0000000009858000 	/System/Library/PrivateFrameworks/UIFoundation.framework/Versions/A/UIFoundation
0x0000000009858000 	/usr/lib/libScreenReader.dylib
0x0000000009858000 	/System/Library/Frameworks/Accelerate.framework/Versions/A/Accelerate
0x0000000009858000 	/System/Library/Frameworks/IOSurface.framework/Versions/A/IOSurface
0x0000000009858000 	/System/Library/Frameworks/AudioToolbox.framework/Versions/A/AudioToolbox
0x0000000009858000 	/System/Library/Frameworks/AudioUnit.framework/Versions/A/AudioUnit
0x0000000009858000 	/System/Library/PrivateFrameworks/DataDetectorsCore.framework/Versions/A/DataDetectorsCore
0x0000000009858000 	/System/Library/PrivateFrameworks/DesktopServicesPriv.framework/Versions/A/DesktopServicesPriv
0x0000000009858000 	/System/Library/Frameworks/Carbon.framework/Versions/A/Frameworks/HIToolbox.framework/Versions/A/HIToolbox
0x0000000009858000 	/System/Library/Frameworks/QuartzCore.framework/Versions/A/QuartzCore
0x0000000009858000 	/System/Library/Frameworks/Carbon.framework/Versions/A/Frameworks/SpeechRecognition.framework/Versions/A/SpeechRecognition
0x0000000009858000 	/usr/lib/libauto.dylib
0x0000000009858000 	/usr/lib/libicucore.A.dylib
0x0000000009858000 	/usr/lib/libxml2.2.dylib
0x0000000009858000 	/System/Library/PrivateFrameworks/CoreUI.framework/Versions/A/CoreUI
0x0000000009858000 	/System/Library/Frameworks/CoreAudio.framework/Versions/A/CoreAudio
0x0000000009858000 	/System/Library/Frameworks/DiskArbitration.framework/Versions/A/DiskArbitration
0x0000000009858000 	/usr/lib/liblangid.dylib
0x0000000009858000 	/System/Library/PrivateFrameworks/MultitouchSupport.framework/Versions/A/MultitouchSupport
0x0000000009858000 	/System/Library/Frameworks/IOKit.framework/Versions/A/IOKit
0x0000000009858000 	/usr/lib/libDiagnosticMessagesClient.dylib
0x0000000009858000 	/System/Library/Frameworks/CoreServices.framework/Versions/A/CoreServices
0x0000000009858000 	/System/Library/PrivateFrameworks/PerformanceAnalysis.framework/Versions/A/PerformanceAnalysis
0x0000000009858000 	/System/Library/PrivateFrameworks/GenerationalStorage.framework/Versions/A/GenerationalStorage
0x0000000009858000 	/System/Library/Frameworks/OpenGL.framework/Versions/A/OpenGL
0x0000000009858000 	/System/Library/PrivateFrameworks/Sharing.framework/Versions/A/Sharing
0x0000000009858000 	/System/Library/Frameworks/CoreGraphics.framework/Versions/A/CoreGraphics
0x0000000009858000 	/System/Library/Frameworks/CoreImage.framework/Versions/A/CoreImage
0x0000000009858000 	/System/Library/Frameworks/CoreText.framework/Versions/A/CoreText
0x0000000009858000 	/System/Library/Frameworks/ImageIO.framework/Versions/A/ImageIO
0x0000000009858000 	/System/Library/PrivateFrameworks/Backup.framework/Versions/A/Backup
0x0000000009858000 	/usr/lib/libextension.dylib
0x0000000009858000 	/usr/lib/libarchive.2.dylib
0x000000010e462000 	/System/Library/Frameworks/CFNetwork.framework/Versions/A/CFNetwork
0x0000000009858000 	/System/Library/Frameworks/SystemConfiguration.framework/Versions/A/SystemConfiguration
0x0000000009858000 	/usr/lib/libCRFSuite.dylib
0x0000000009858000 	/usr/lib/libc++.1.dylib
0x0000000009858000 	/usr/lib/libc++abi.dylib
0x0000000009858000 	/usr/lib/system/libcache.dylib
0x0000000009858000 	/usr/lib/system/libcommonCrypto.dylib
0x0000000009858000 	/usr/lib/system/libcompiler_rt.dylib
0x0000000009858000 	/usr/lib/system/libcopyfile.dylib
0x0000000009858000 	/usr/lib/system/libcorecrypto.dylib
0x0000000009858000 	/usr/lib/system/libdispatch.dylib
0x0000000009858000 	/usr/lib/system/libdyld.dylib
0x0000000009858000 	/usr/lib/system/libkeymgr.dylib
0x000000010e8d3000 	/usr/lib/system/liblaunch.dylib
0x0000000009858000 	/usr/lib/system/libmacho.dylib
0x0000000009858000 	/usr/lib/system/libquarantine.dylib
0x0000000009858000 	/usr/lib/system/libremovefile.dylib
0x0000000009858000 	/usr/lib/system/libsystem_asl.dylib
0x0000000009858000 	/usr/lib/system/libsystem_blocks.dylib
0x0000000009858000 	/usr/lib/system/libsystem_c.dylib
0x0000000009858000 	/usr/lib/system/libsystem_configuration.dylib
0x0000000009858000 	/usr/lib/system/libsystem_coreservices.dylib
0x0000000009858000 	/usr/lib/system/libsystem_coretls.dylib
0x0000000009858000 	/usr/lib/system/libsystem_dnssd.dylib
0x0000000009858000 	/usr/lib/system/libsystem_info.dylib
0x0000000009858000 	/usr/lib/system/libsystem_kernel.dylib
0x0000000009858000 	/usr/lib/system/libsystem_m.dylib
0x0000000009858000 	/usr/lib/system/libsystem_malloc.dylib
0x0000000009858000 	/usr/lib/system/libsystem_network.dylib
0x0000000009858000 	/usr/lib/system/libsystem_networkextension.dylib
0x0000000009858000 	/usr/lib/system/libsystem_notify.dylib
0x0000000009858000 	/usr/lib/system/libsystem_platform.dylib
0x0000000009858000 	/usr/lib/system/libsystem_pthread.dylib
0x000000010e8df000 	/usr/lib/system/libsystem_sandbox.dylib
0x0000000009858000 	/usr/lib/system/libsystem_secinit.dylib
0x0000000009858000 	/usr/lib/system/libsystem_trace.dylib
0x0000000009858000 	/usr/lib/system/libunc.dylib
0x0000000009858000 	/usr/lib/system/libunwind.dylib
0x000000010e8ec000 	/usr/lib/system/libxpc.dylib
0x0000000009858000 	/usr/lib/libenergytrace.dylib
0x0000000009858000 	/usr/lib/libbsm.0.dylib
0x0000000009858000 	/usr/lib/system/libkxld.dylib
0x0000000009858000 	/usr/lib/libxar.1.dylib
0x000000010e93a000 	/usr/lib/libsqlite3.dylib
0x0000000009858000 	/usr/lib/libpam.2.dylib
0x0000000009858000 	/usr/lib/libOpenScriptingUtil.dylib
0x0000000009858000 	/usr/lib/libbz2.1.0.dylib
0x0000000009858000 	/usr/lib/liblzma.5.dylib
0x0000000009858000 	/System/Library/Frameworks/CoreServices.framework/Versions/A/Frameworks/FSEvents.framework/Versions/A/FSEvents
0x0000000009858000 	/System/Library/Frameworks/CoreServices.framework/Versions/A/Frameworks/CarbonCore.framework/Versions/A/CarbonCore
0x0000000009858000 	/System/Library/Frameworks/CoreServices.framework/Versions/A/Frameworks/Metadata.framework/Versions/A/Metadata
0x0000000009858000 	/System/Library/Frameworks/CoreServices.framework/Versions/A/Frameworks/OSServices.framework/Versions/A/OSServices
0x0000000009858000 	/System/Library/Frameworks/CoreServices.framework/Versions/A/Frameworks/SearchKit.framework/Versions/A/SearchKit
0x0000000009858000 	/System/Library/Frameworks/CoreServices.framework/Versions/A/Frameworks/AE.framework/Versions/A/AE
0x0000000009858000 	/System/Library/Frameworks/CoreServices.framework/Versions/A/Frameworks/LaunchServices.framework/Versions/A/LaunchServices
0x0000000009858000 	/System/Library/Frameworks/CoreServices.framework/Versions/A/Frameworks/DictionaryServices.framework/Versions/A/DictionaryServices
0x0000000009858000 	/System/Library/Frameworks/CoreServices.framework/Versions/A/Frameworks/SharedFileList.framework/Versions/A/SharedFileList
0x0000000009858000 	/System/Library/Frameworks/NetFS.framework/Versions/A/NetFS
0x0000000009858000 	/System/Library/PrivateFrameworks/NetAuth.framework/Versions/A/NetAuth
0x0000000009858000 	/System/Library/PrivateFrameworks/login.framework/Versions/A/Frameworks/loginsupport.framework/Versions/A/loginsupport
0x0000000009858000 	/System/Library/PrivateFrameworks/TCC.framework/Versions/A/TCC
0x0000000009858000 	/usr/lib/libmecabra.dylib
0x0000000009858000 	/System/Library/Frameworks/ApplicationServices.framework/Versions/A/Frameworks/ATS.framework/Versions/A/ATS
0x0000000009858000 	/System/Library/Frameworks/ApplicationServices.framework/Versions/A/Frameworks/ColorSync.framework/Versions/A/ColorSync
0x0000000009858000 	/System/Library/Frameworks/ApplicationServices.framework/Versions/A/Frameworks/HIServices.framework/Versions/A/HIServices
0x0000000009858000 	/System/Library/Frameworks/ApplicationServices.framework/Versions/A/Frameworks/LangAnalysis.framework/Versions/A/LangAnalysis
0x0000000009858000 	/System/Library/Frameworks/ApplicationServices.framework/Versions/A/Frameworks/PrintCore.framework/Versions/A/PrintCore
0x0000000009858000 	/System/Library/Frameworks/ApplicationServices.framework/Versions/A/Frameworks/QD.framework/Versions/A/QD
0x0000000009858000 	/System/Library/Frameworks/ApplicationServices.framework/Versions/A/Frameworks/SpeechSynthesis.framework/Versions/A/SpeechSynthesis
0x0000000009858000 	/System/Library/Frameworks/Metal.framework/Versions/A/Metal
0x0000000009858000 	/System/Library/Frameworks/Accelerate.framework/Versions/A/Frameworks/vImage.framework/Versions/A/vImage
0x0000000009858000 	/System/Library/Frameworks/Accelerate.framework/Versions/A/Frameworks/vecLib.framework/Versions/A/vecLib
0x0000000009858000 	/System/Library/Frameworks/Accelerate.framework/Versions/A/Frameworks/vecLib.framework/Versions/A/libvDSP.dylib
0x0000000009858000 	/System/Library/Frameworks/Accelerate.framework/Versions/A/Frameworks/vecLib.framework/Versions/A/libvMisc.dylib
0x0000000009858000 	/System/Library/Frameworks/Accelerate.framework/Versions/A/Frameworks/vecLib.framework/Versions/A/libLAPACK.dylib
0x0000000009858000 	/System/Library/Frameworks/Accelerate.framework/Versions/A/Frameworks/vecLib.framework/Versions/A/libBLAS.dylib
0x0000000009858000 	/System/Library/Frameworks/Accelerate.framework/Versions/A/Frameworks/vecLib.framework/Versions/A/libLinearAlgebra.dylib
0x0000000009858000 	/System/Library/Frameworks/Accelerate.framework/Versions/A/Frameworks/vecLib.framework/Versions/A/libSparseBLAS.dylib
0x0000000009858000 	/System/Library/PrivateFrameworks/GPUCompiler.framework/libmetal_timestamp.dylib
0x0000000009858000 	/System/Library/Frameworks/OpenGL.framework/Versions/A/Libraries/libCoreFSCache.dylib
0x0000000009858000 	/System/Library/PrivateFrameworks/IOAccelerator.framework/Versions/A/IOAccelerator
0x0000000009858000 	/System/Library/Frameworks/ApplicationServices.framework/Versions/A/Frameworks/ATS.framework/Versions/A/Resources/libFontParser.dylib
0x0000000009858000 	/System/Library/Frameworks/ApplicationServices.framework/Versions/A/Frameworks/ATS.framework/Versions/A/Resources/libFontRegistry.dylib
0x0000000009858000 	/System/Library/PrivateFrameworks/AppleVPA.framework/Versions/A/AppleVPA
0x0000000009858000 	/System/Library/PrivateFrameworks/AppleJPEG.framework/Versions/A/AppleJPEG
0x0000000009858000 	/System/Library/Frameworks/ImageIO.framework/Versions/A/Resources/libJPEG.dylib
0x0000000009858000 	/System/Library/Frameworks/ImageIO.framework/Versions/A/Resources/libTIFF.dylib
0x0000000009858000 	/System/Library/Frameworks/ImageIO.framework/Versions/A/Resources/libPng.dylib
0x0000000009858000 	/System/Library/Frameworks/ImageIO.framework/Versions/A/Resources/libGIF.dylib
0x0000000009858000 	/System/Library/Frameworks/ImageIO.framework/Versions/A/Resources/libJP2.dylib
0x0000000009858000 	/System/Library/Frameworks/ImageIO.framework/Versions/A/Resources/libRadiance.dylib
0x0000000009858000 	/System/Library/Frameworks/CoreVideo.framework/Versions/A/CoreVideo
0x0000000009858000 	/System/Library/Frameworks/OpenGL.framework/Versions/A/Libraries/libGLU.dylib
0x0000000009858000 	/System/Library/Frameworks/OpenGL.framework/Versions/A/Libraries/libGFXShared.dylib
0x0000000009858000 	/System/Library/Frameworks/OpenGL.framework/Versions/A/Libraries/libGL.dylib
0x0000000009858000 	/System/Library/Frameworks/OpenGL.framework/Versions/A/Libraries/libGLImage.dylib
0x0000000009858000 	/System/Library/Frameworks/OpenGL.framework/Versions/A/Libraries/libCVMSPluginSupport.dylib
0x0000000009858000 	/System/Library/Frameworks/OpenGL.framework/Versions/A/Libraries/libCoreVMClient.dylib
0x0000000009858000 	/usr/lib/libcups.2.dylib
0x0000000009858000 	/System/Library/Frameworks/Kerberos.framework/Versions/A/Kerberos
0x0000000009858000 	/System/Library/Frameworks/GSS.framework/Versions/A/GSS
0x0000000009858000 	/usr/lib/libresolv.9.dylib
0x0000000009858000 	/usr/lib/libiconv.2.dylib
0x0000000009858000 	/System/Library/PrivateFrameworks/Heimdal.framework/Versions/A/Heimdal
0x0000000009858000 	/usr/lib/libheimdal-asn1.dylib
0x0000000009858000 	/System/Library/Frameworks/OpenDirectory.framework/Versions/A/OpenDirectory
0x0000000009858000 	/System/Library/PrivateFrameworks/CommonAuth.framework/Versions/A/CommonAuth
0x0000000009858000 	/System/Library/Frameworks/OpenDirectory.framework/Versions/A/Frameworks/CFOpenDirectory.framework/Versions/A/CFOpenDirectory
0x0000000009858000 	/System/Library/Frameworks/SecurityFoundation.framework/Versions/A/SecurityFoundation
0x0000000009858000 	/System/Library/PrivateFrameworks/LanguageModeling.framework/Versions/A/LanguageModeling
0x0000000009858000 	/usr/lib/libmarisa.dylib
0x0000000009858000 	/usr/lib/libChineseTokenizer.dylib
0x0000000009858000 	/usr/lib/libcmph.dylib
0x0000000009858000 	/usr/lib/libcompression.dylib
0x000000010ea7f000 	/System/Library/Frameworks/ServiceManagement.framework/Versions/A/ServiceManagement
0x0000000009858000 	/usr/lib/libxslt.1.dylib
0x0000000009858000 	/System/Library/Frameworks/Carbon.framework/Versions/A/Frameworks/Ink.framework/Versions/A/Ink
0x0000000009858000 	/usr/lib/libFosl_dynamic.dylib
0x0000000009858000 	/System/Library/PrivateFrameworks/FaceCore.framework/Versions/A/FaceCore
0x0000000009858000 	/System/Library/Frameworks/OpenCL.framework/Versions/A/OpenCL
0x0000000009858000 	/System/Library/PrivateFrameworks/CrashReporterSupport.framework/Versions/A/CrashReporterSupport
0x0000000009858000 	/System/Library/PrivateFrameworks/IconServices.framework/Versions/A/IconServices
0x0000000009858000 	/System/Library/PrivateFrameworks/Apple80211.framework/Versions/A/Apple80211
0x0000000009858000 	/System/Library/Frameworks/CoreWLAN.framework/Versions/A/CoreWLAN
0x0000000009858000 	/System/Library/Frameworks/IOBluetooth.framework/Versions/A/IOBluetooth
0x0000000009858000 	/System/Library/PrivateFrameworks/CoreWiFi.framework/Versions/A/CoreWiFi
0x0000000009858000 	/System/Library/Frameworks/CoreBluetooth.framework/Versions/A/CoreBluetooth
0x0000000009858000 	/System/Library/PrivateFrameworks/ChunkingLibrary.framework/Versions/A/ChunkingLibrary
0x0000000009858000 	/System/Library/PrivateFrameworks/DebugSymbols.framework/Versions/A/DebugSymbols
0x0000000009858000 	/System/Library/PrivateFrameworks/CoreSymbolication.framework/Versions/A/CoreSymbolication
0x0000000009858000 	/System/Library/PrivateFrameworks/Symbolication.framework/Versions/A/Symbolication
0x0000000009858000 	/System/Library/PrivateFrameworks/SpeechRecognitionCore.framework/Versions/A/SpeechRecognitionCore
0x000000010fe00000 	/Library/Java/JavaVirtualMachines/jdk1.8.0_51.jdk/Contents/Home/jre/lib/server/libjvm.dylib
0x000000010ece4000 	/usr/lib/libstdc++.6.dylib
0x000000010ed9b000 	/Library/Java/JavaVirtualMachines/jdk1.8.0_51.jdk/Contents/Home/jre/lib/libverify.dylib
0x000000010eda9000 	/Library/Java/JavaVirtualMachines/jdk1.8.0_51.jdk/Contents/Home/jre/lib/libjava.dylib
0x000000010ede6000 	/Library/Java/JavaVirtualMachines/jdk1.8.0_51.jdk/Contents/Home/jre/lib/libzip.dylib
0x000000012be1f000 	/System/Library/Frameworks/JavaVM.framework/Frameworks/JavaRuntimeSupport.framework/JavaRuntimeSupport
0x000000012be3a000 	/System/Library/Frameworks/JavaVM.framework/Versions/A/Frameworks/JavaNativeFoundation.framework/Versions/A/JavaNativeFoundation
0x000000010edef000 	/System/Library/Frameworks/JavaVM.framework/Versions/A/JavaVM
0x0000000009858000 	/System/Library/Frameworks/Carbon.framework/Versions/A/Carbon
0x000000012be4f000 	/System/Library/PrivateFrameworks/JavaLaunching.framework/Versions/A/JavaLaunching
0x0000000009858000 	/System/Library/Frameworks/Carbon.framework/Versions/A/Frameworks/CommonPanels.framework/Versions/A/CommonPanels
0x0000000009858000 	/System/Library/Frameworks/Carbon.framework/Versions/A/Frameworks/Help.framework/Versions/A/Help
0x0000000009858000 	/System/Library/Frameworks/Carbon.framework/Versions/A/Frameworks/ImageCapture.framework/Versions/A/ImageCapture
0x0000000009858000 	/System/Library/Frameworks/Carbon.framework/Versions/A/Frameworks/OpenScripting.framework/Versions/A/OpenScripting
0x0000000009858000 	/System/Library/Frameworks/Carbon.framework/Versions/A/Frameworks/Print.framework/Versions/A/Print
0x0000000009858000 	/System/Library/Frameworks/Carbon.framework/Versions/A/Frameworks/SecurityHI.framework/Versions/A/SecurityHI
0x000000012e340000 	/Library/Java/JavaVirtualMachines/jdk1.8.0_51.jdk/Contents/Home/jre/lib/libnet.dylib
0x000000012e557000 	/Library/Java/JavaVirtualMachines/jdk1.8.0_51.jdk/Contents/Home/jre/lib/libawt.dylib
0x000000012e5ff000 	/Library/Java/JavaVirtualMachines/jdk1.8.0_51.jdk/Contents/Home/jre/lib/./libmlib_image.dylib
0x000000012e6cb000 	/Library/Java/JavaVirtualMachines/jdk1.8.0_51.jdk/Contents/Home/jre/lib/libawt_lwawt.dylib
0x000000012e77f000 	/Library/Java/JavaVirtualMachines/jdk1.8.0_51.jdk/Contents/Home/jre/lib/./libosxapp.dylib
0x0000000009858000 	/System/Library/Frameworks/ExceptionHandling.framework/Versions/A/ExceptionHandling
0x0000000009858000 	/System/Library/PrivateFrameworks/CoreServicesInternal.framework/Versions/A/CoreServicesInternal
0x0000000009858000 	/System/Library/Frameworks/CoreGraphics.framework/Versions/A/Resources/libRIP.A.dylib
0x000000012f832000 	/System/Library/Frameworks/Accelerate.framework/Frameworks/vImage.framework/Versions/A/Libraries/libCGInterfaces.dylib
0x0000000009858000 	/System/Library/Frameworks/CoreGraphics.framework/Versions/A/Resources/libCGXType.A.dylib
0x0000000009858000 	/System/Library/Frameworks/OpenCL.framework/Versions/A/Libraries/libcldcpuengine.dylib
0x0000000009858000 	/System/Library/PrivateFrameworks/DiskImages.framework/Versions/A/DiskImages
0x0000000009858000 	/System/Library/Frameworks/DiscRecording.framework/Versions/A/DiscRecording
0x0000000009858000 	/usr/lib/libcsfde.dylib
0x0000000009858000 	/usr/lib/libcurl.4.dylib
0x0000000009858000 	/System/Library/PrivateFrameworks/MediaKit.framework/Versions/A/MediaKit
0x0000000009858000 	/System/Library/PrivateFrameworks/ProtectedCloudStorage.framework/Versions/A/ProtectedCloudStorage
0x0000000009858000 	/usr/lib/libCoreStorage.dylib
0x0000000009858000 	/System/Library/PrivateFrameworks/EFILogin.framework/Versions/A/EFILogin
0x0000000009858000 	/usr/lib/libutil.dylib
0x0000000009858000 	/System/Library/PrivateFrameworks/FindMyDevice.framework/Versions/A/FindMyDevice
0x0000000009858000 	/System/Library/Frameworks/LDAP.framework/Versions/A/LDAP
0x0000000009858000 	/usr/lib/libsasl2.2.dylib
0x0000000009858000 	/System/Library/PrivateFrameworks/CoreDaemon.framework/Versions/B/CoreDaemon
0x0000000009858000 	/usr/lib/libcrypto.0.9.8.dylib
0x0000000009858000 	/System/Library/PrivateFrameworks/AppleSRP.framework/Versions/A/AppleSRP
0x0000000009858000 	/System/Library/PrivateFrameworks/TrustEvaluationAgent.framework/Versions/A/TrustEvaluationAgent
0x0000000130890000 	cl_kernels
0x0000000009858000 	/System/Library/Frameworks/OpenCL.framework/Versions/A/Libraries/ImageFormats/unorm8_bgra.dylib
0x0000000009858000 	/System/Library/Frameworks/OpenCL.framework/Versions/A/Libraries/ImageFormats/unorm8_rgba.dylib
0x0000000009858000 	/System/Library/PrivateFrameworks/FamilyControls.framework/Versions/A/FamilyControls
0x0000000009858000 	/System/Library/PrivateFrameworks/CommerceKit.framework/Versions/A/Frameworks/CommerceCore.framework/Versions/A/CommerceCore
0x0000000009858000 	/System/Library/PrivateFrameworks/SystemAdministration.framework/Versions/A/SystemAdministration
0x0000000009858000 	/System/Library/PrivateFrameworks/AppContainer.framework/Versions/A/AppContainer
0x0000000009858000 	/System/Library/PrivateFrameworks/SecCodeWrapper.framework/Versions/A/SecCodeWrapper
0x0000000009858000 	/System/Library/Frameworks/DirectoryService.framework/Versions/A/DirectoryService
0x0000000009858000 	/System/Library/PrivateFrameworks/LoginUIKit.framework/Versions/A/Frameworks/LoginUICore.framework/Versions/A/LoginUICore
0x0000000009858000 	/usr/lib/libodfde.dylib
0x00000001319de000 	/Library/Java/JavaVirtualMachines/jdk1.8.0_51.jdk/Contents/Home/jre/lib/libfontmanager.dylib
0x0000000131c45000 	/System/Library/Frameworks/OpenGL.framework/Resources/GLEngine.bundle/GLEngine
0x0000000009858000 	/System/Library/Frameworks/OpenGL.framework/Versions/A/Libraries/libGLProgrammability.dylib
0x0000000131e2d000 	/System/Library/Extensions/AppleIntelHD5000GraphicsGLDriver.bundle/Contents/MacOS/AppleIntelHD5000GraphicsGLDriver
0x0000000009858000 	/System/Library/PrivateFrameworks/GPUSupport.framework/Versions/A/Libraries/libGPUSupportMercury.dylib
0x0000000009858000 	/System/Library/Extensions/GeForceGLDriver.bundle/Contents/MacOS/GeForceGLDriver
0x0000000009858000 	/System/Library/Extensions/GeForceGLDriver.bundle/Contents/MacOS/libclh.dylib
0x000000012dc7e000 	/System/Library/Frameworks/OpenGL.framework/Resources//GLRendererFloat.bundle/GLRendererFloat
0x000000013351f000 	/Library/Java/JavaVirtualMachines/jdk1.8.0_51.jdk/Contents/Home/jre/lib/libnio.dylib
0x000000013267d000 	/private/var/folders/8t/15tm31s13l7_hyd5ns7q7dmw0000gn/T/jna/jna5549466686398981156.tmp
0x0000000132691000 	/Users/nspotrepka/Code/Clojure/supertone/target/native/macosx/x86_64/libscsynth.dylib
0x000000012db78000 	/Library/Java/JavaVirtualMachines/jdk1.8.0_51.jdk/Contents/Home/jre/lib/libjsound.dylib
0x0000000132aaf000 	/System/Library/Frameworks/CoreMIDI.framework/Versions/A/CoreMIDI
0x00000001327b5000 	/usr/lib/libexpat.1.dylib
0x000000012db8b000 	/System/Library/Extensions/AppleHDA.kext/Contents/PlugIns/AppleHDAHALPlugIn.bundle/Contents/MacOS/AppleHDAHALPlugIn
0x0000000132b0f000 	/Library/Audio/Plug-Ins/HAL/JackRouter.plugin/Contents/MacOS/JackRouter
0x0000000132b51000 	/System/Library/Frameworks/Jackmp.framework/Versions/A/Jackmp
0x0000000132c89000 	/Library/Java/JavaVirtualMachines/jdk1.8.0_51.jdk/Contents/Home/jre/lib/libmanagement.dylib
0x0000000132bee000 	/Users/nspotrepka/Code/Clojure/supertone/target/native/macosx/x86_64/AmbisonicUGens.scx
0x0000000134997000 	/Users/nspotrepka/Code/Clojure/supertone/target/native/macosx/x86_64/AtkUGens.scx
0x0000000132c96000 	/Users/nspotrepka/Code/Clojure/supertone/target/native/macosx/x86_64/AY_UGen.scx
0x00000001349b0000 	/Users/nspotrepka/Code/Clojure/supertone/target/native/macosx/x86_64/BatPVUgens.scx
0x00000001327d8000 	/Users/nspotrepka/Code/Clojure/supertone/target/native/macosx/x86_64/BatUGens.scx
0x00000001349b8000 	/Users/nspotrepka/Code/Clojure/supertone/target/native/macosx/x86_64/BBCut2UGens.scx
0x00000001349c0000 	/Users/nspotrepka/Code/Clojure/supertone/target/native/macosx/x86_64/BerlachUGens.scx
0x00000001349d1000 	/Users/nspotrepka/Code/Clojure/supertone/target/native/macosx/x86_64/BetablockerUGens.scx
0x00000001349d9000 	/Users/nspotrepka/Code/Clojure/supertone/target/native/macosx/x86_64/BhobChaos.scx
0x00000001349e4000 	/Users/nspotrepka/Code/Clojure/supertone/target/native/macosx/x86_64/BhobFFT.scx
0x00000001349f7000 	/Users/nspotrepka/Code/Clojure/supertone/target/native/macosx/x86_64/BhobFilt.scx
0x0000000134a09000 	/Users/nspotrepka/Code/Clojure/supertone/target/native/macosx/x86_64/BhobGrain.scx
0x0000000134a10000 	/Users/nspotrepka/Code/Clojure/supertone/target/native/macosx/x86_64/BhobNoise.scx
0x0000000134a19000 	/Users/nspotrepka/Code/Clojure/supertone/target/native/macosx/x86_64/BinaryOpUGens.scx
0x0000000134a42000 	/Users/nspotrepka/Code/Clojure/supertone/target/native/macosx/x86_64/BlackrainUGens.scx
0x0000000134a47000 	/Users/nspotrepka/Code/Clojure/supertone/target/native/macosx/x86_64/ChaosUGens.scx
0x0000000134a50000 	/Users/nspotrepka/Code/Clojure/supertone/target/native/macosx/x86_64/Concat.scx
0x0000000134a57000 	/Users/nspotrepka/Code/Clojure/supertone/target/native/macosx/x86_64/DelayUGens.scx
0x0000000134a82000 	/Users/nspotrepka/Code/Clojure/supertone/target/native/macosx/x86_64/DemandUGens.scx
0x0000000134a8d000 	/Users/nspotrepka/Code/Clojure/supertone/target/native/macosx/x86_64/DiskIO_UGens.scx
0x0000000132c9d000 	/Users/nspotrepka/Code/Clojure/supertone/target/native/macosx/x86_64/DistortionUGens.scx
0x0000000134b03000 	/Users/nspotrepka/Code/Clojure/supertone/target/native/macosx/x86_64/DynNoiseUGens.scx
0x0000000134b08000 	/Users/nspotrepka/Code/Clojure/supertone/target/native/macosx/x86_64/FFT_UGens.scx
0x0000000134b28000 	/Users/nspotrepka/Code/Clojure/supertone/target/native/macosx/x86_64/FilterUGens.scx
0x0000000134b44000 	/Users/nspotrepka/Code/Clojure/supertone/target/native/macosx/x86_64/GendynUGens.scx
0x0000000134b49000 	/Users/nspotrepka/Code/Clojure/supertone/target/native/macosx/x86_64/GlitchUGens.scx
0x0000000134b4e000 	/Users/nspotrepka/Code/Clojure/supertone/target/native/macosx/x86_64/GrainUGens.scx
0x0000000134b61000 	/Users/nspotrepka/Code/Clojure/supertone/target/native/macosx/x86_64/IOUGens.scx
0x0000000134b69000 	/Users/nspotrepka/Code/Clojure/supertone/target/native/macosx/x86_64/JoshAmbiUGens.scx
0x0000000134b76000 	/Users/nspotrepka/Code/Clojure/supertone/target/native/macosx/x86_64/JoshGrainUGens.scx
0x0000000134ba1000 	/Users/nspotrepka/Code/Clojure/supertone/target/native/macosx/x86_64/JoshPVUGens.scx
0x0000000134bbe000 	/Users/nspotrepka/Code/Clojure/supertone/target/native/macosx/x86_64/JoshUGens.scx
0x0000000134bd8000 	/Users/nspotrepka/Code/Clojure/supertone/target/native/macosx/x86_64/KeyboardUGens.scx
0x0000000134bdd000 	/Users/nspotrepka/Code/Clojure/supertone/target/native/macosx/x86_64/LadspaUGen.scx
0x0000000134be1000 	/Users/nspotrepka/Code/Clojure/supertone/target/native/macosx/x86_64/LFUGens.scx
0x0000000134bf4000 	/Users/nspotrepka/Code/Clojure/supertone/target/native/macosx/x86_64/LoopBuf.scx
0x0000000134bf9000 	/Users/nspotrepka/Code/Clojure/supertone/target/native/macosx/x86_64/MCLDBufferUGens.scx
0x0000000134bfe000 	/Users/nspotrepka/Code/Clojure/supertone/target/native/macosx/x86_64/MCLDCepstrumUGens.scx
0x0000000134c0e000 	/Users/nspotrepka/Code/Clojure/supertone/target/native/macosx/x86_64/MCLDChaosUGens.scx
0x0000000134c14000 	/Users/nspotrepka/Code/Clojure/supertone/target/native/macosx/x86_64/MCLDDistortionUGens.scx
0x0000000134c18000 	/Users/nspotrepka/Code/Clojure/supertone/target/native/macosx/x86_64/MCLDFFTUGens.scx
0x0000000134c2d000 	/Users/nspotrepka/Code/Clojure/supertone/target/native/macosx/x86_64/MCLDFilterUGens.scx
0x0000000134c31000 	/Users/nspotrepka/Code/Clojure/supertone/target/native/macosx/x86_64/MCLDGetenvUGen.scx
0x0000000134c35000 	/Users/nspotrepka/Code/Clojure/supertone/target/native/macosx/x86_64/MCLDOscUGens.scx
0x0000000134c39000 	/Users/nspotrepka/Code/Clojure/supertone/target/native/macosx/x86_64/MCLDPollUGens.scx
0x0000000134c3d000 	/Users/nspotrepka/Code/Clojure/supertone/target/native/macosx/x86_64/MCLDSOMUGens.scx
0x0000000134c43000 	/Users/nspotrepka/Code/Clojure/supertone/target/native/macosx/x86_64/MCLDTreeUGens.scx
0x0000000134c48000 	/Users/nspotrepka/Code/Clojure/supertone/target/native/macosx/x86_64/MCLDTriggeredStatsUgens.scx
0x0000000134c4c000 	/Users/nspotrepka/Code/Clojure/supertone/target/native/macosx/x86_64/MdaUGens.scx
0x0000000134d6e000 	/Users/nspotrepka/Code/Clojure/supertone/target/native/macosx/x86_64/MembraneUGens.scx
0x0000000134d73000 	/Users/nspotrepka/Code/Clojure/supertone/target/native/macosx/x86_64/ML_UGens.scx
0x0000000134da6000 	/Users/nspotrepka/Code/Clojure/supertone/target/native/macosx/x86_64/MouseUGens.scx
0x0000000134dac000 	/Users/nspotrepka/Code/Clojure/supertone/target/native/macosx/x86_64/MulAddUGens.scx
0x0000000134db3000 	/Users/nspotrepka/Code/Clojure/supertone/target/native/macosx/x86_64/NCAnalysisUGens.scx
0x0000000134dd2000 	/Users/nspotrepka/Code/Clojure/supertone/target/native/macosx/x86_64/NoiseUGens.scx
0x0000000134dd9000 	/Users/nspotrepka/Code/Clojure/supertone/target/native/macosx/x86_64/OscUGens.scx
0x0000000134de9000 	/Users/nspotrepka/Code/Clojure/supertone/target/native/macosx/x86_64/PanUGens.scx
0x0000000134df2000 	/Users/nspotrepka/Code/Clojure/supertone/target/native/macosx/x86_64/PhysicalModelingUGens.scx
0x0000000134df6000 	/Users/nspotrepka/Code/Clojure/supertone/target/native/macosx/x86_64/PitchDetection.scx
0x0000000134dfd000 	/Users/nspotrepka/Code/Clojure/supertone/target/native/macosx/x86_64/PV_ThirdParty.scx
0x0000000134e11000 	/Users/nspotrepka/Code/Clojure/supertone/target/native/macosx/x86_64/ReverbUGens.scx
0x0000000134e19000 	/Users/nspotrepka/Code/Clojure/supertone/target/native/macosx/x86_64/RFWUGens.scx
0x0000000134e1d000 	/Users/nspotrepka/Code/Clojure/supertone/target/native/macosx/x86_64/RMEQSuite.scx
0x0000000134e25000 	/Users/nspotrepka/Code/Clojure/supertone/target/native/macosx/x86_64/SLUGens.scx
0x0000000134e34000 	/Users/nspotrepka/Code/Clojure/supertone/target/native/macosx/x86_64/StkUGens.scx
0x0000000134ee1000 	/Users/nspotrepka/Code/Clojure/supertone/target/native/macosx/x86_64/SummerUGens.scx
0x0000000134ee6000 	/Users/nspotrepka/Code/Clojure/supertone/target/native/macosx/x86_64/TagSystemUgens.scx
0x0000000134eec000 	/Users/nspotrepka/Code/Clojure/supertone/target/native/macosx/x86_64/TestUGens.scx
0x0000000134ef0000 	/Users/nspotrepka/Code/Clojure/supertone/target/native/macosx/x86_64/TJUGens.scx
0x0000000134efa000 	/Users/nspotrepka/Code/Clojure/supertone/target/native/macosx/x86_64/TriggerUGens.scx
0x0000000134f06000 	/Users/nspotrepka/Code/Clojure/supertone/target/native/macosx/x86_64/UnaryOpUGens.scx
0x0000000134f1c000 	/Users/nspotrepka/Code/Clojure/supertone/target/native/macosx/x86_64/UnpackFFTUGens.scx
0x0000000134f28000 	/Users/nspotrepka/Code/Clojure/supertone/target/native/macosx/x86_64/VBAP.scx
0x0000000134f2e000 	/Users/nspotrepka/Code/Clojure/supertone/target/native/macosx/x86_64/VOSIM.scx

VM Arguments:
jvm_args: -Dfile.encoding=UTF-8 -XX:+TieredCompilation -XX:TieredStopAtLevel=1 -XX:-OmitStackTraceInFastThrow -Dclojure.compile.path=/Users/nspotrepka/Code/Clojure/supertone/target/classes -Dsupertone.version=0.1.0-SNAPSHOT -Dclojure.debug=false -Djava.library.path=/Users/nspotrepka/Code/Clojure/supertone/target/native/macosx/x86_64 
java_command: clojure.main -i /private/var/folders/8t/15tm31s13l7_hyd5ns7q7dmw0000gn/T/form-init9086623711645075772.clj
java_class_path (initial): /Users/nspotrepka/Code/Clojure/supertone/test:/Users/nspotrepka/Code/Clojure/supertone/dev:/Users/nspotrepka/Code/Clojure/supertone/live:/Users/nspotrepka/Code/Clojure/supertone/src:/Users/nspotrepka/Code/Clojure/supertone/dev-resources:/Users/nspotrepka/Code/Clojure/supertone/resources:/Users/nspotrepka/Code/Clojure/supertone/target/classes:/Users/nspotrepka/.m2/repository/quil/quil/2.2.6/quil-2.2.6.jar:/Users/nspotrepka/.m2/repository/com/lowagie/itext/2.1.7/itext-2.1.7.jar:/Users/nspotrepka/.m2/repository/overtone/scsynth-extras/3.5.7.0/scsynth-extras-3.5.7.0.jar:/Users/nspotrepka/.m2/repository/quil/processing-pdf/2.2.1/processing-pdf-2.2.1.jar:/Users/nspotrepka/.m2/repository/net/java/dev/jna/jna/3.4.0/jna-3.4.0.jar:/Users/nspotrepka/.m2/repository/controlp5/controlp5/2.2.4-SNAPSHOT/controlp5-2.2.4-SNAPSHOT.jar:/Users/nspotrepka/.m2/repository/org/bouncycastle/bcmail-jdk14/1.38/bcmail-jdk14-1.38.jar:/Users/nspotrepka/.m2/repository/overtone/at-at/1.2.0/at-at-1.2.0.jar:/Users/nspotrepka/.m2/repository/org/clojure/tools.nrepl/0.2.12/tools.nrepl-0.2.12.jar:/Users/nspotrepka/.m2/repository/quil/jogl-all-fat/2.1.5/jogl-all-fat-2.1.5.jar:/Users/nspotrepka/.m2/repository/quil/processing-js/1.4.8.2/processing-js-1.4.8.2.jar:/Users/nspotrepka/.m2/repository/clojure-complete/clojure-complete/0.2.4/clojure-complete-0.2.4.jar:/Users/nspotrepka/.m2/repository/overtone/byte-spec/0.3.1/byte-spec-0.3.1.jar:/Users/nspotrepka/.m2/repository/bouncycastle/bcprov-jdk14/138/bcprov-jdk14-138.jar:/Users/nspotrepka/.m2/repository/overtone/osc-clj/0.9.0/osc-clj-0.9.0.jar:/Users/nspotrepka/.m2/repository/org/bouncycastle/bctsp-jdk14/1.38/bctsp-jdk14-1.38.jar:/Users/nspotrepka/.m2/repository/quil/gluegen-rt-fat/2.1.5/gluegen-rt-fat-2.1.5.jar:/Users/nspotrepka/.m2/repository/bouncycastle/bcmail-jdk14/138/bcmail-jdk14-138.jar:/Users/nspotrepka/.m2/repository/overtone/libs.handlers/0.2.0/libs.handlers-0.2.0.jar:/Users/nspotrepka/.m2/repository/quil/processing-dxf
Launcher Type: SUN_STANDARD

Environment Variables:
PATH=/Users/nspotrepka/.rvm/gems/ruby-2.2.1/bin:/Users/nspotrepka/.rvm/gems/ruby-2.2.1@global/bin:/Users/nspotrepka/.rvm/rubies/ruby-2.2.1/bin:/Library/Frameworks/Python.framework/Versions/3.5/bin:/Developer/NVIDIA/CUDA-7.0/bin:/Users/nspotrepka/Code/torch/install/bin:/usr/local/bin:/Library/Frameworks/Python.framework/Versions/3.4/bin:/usr/local/bin:/usr/bin:/bin:/usr/sbin:/sbin:/opt/X11/bin:/Applications/SuperCollider/SuperCollider.app/Contents/Resources:/Users/nspotrepka/.rvm/bin
SHELL=/bin/bash
DISPLAY=/private/tmp/com.apple.launchd.XmHtTO4VKD/org.macosforge.xquartz:0

Signal Handlers:
SIGSEGV: [libjvm.dylib+0x58ef35], sa_mask[0]=11111111011111110111111111111111, sa_flags=SA_ONSTACK|SA_RESTART|SA_SIGINFO
SIGBUS: [libjvm.dylib+0x58ef35], sa_mask[0]=11111111011111110111111111111111, sa_flags=SA_RESTART|SA_SIGINFO
SIGFPE: [libjvm.dylib+0x46c028], sa_mask[0]=11111111011111110111111111111111, sa_flags=SA_RESTART|SA_SIGINFO
SIGPIPE: [libjvm.dylib+0x46c028], sa_mask[0]=11111111011111110111111111111111, sa_flags=SA_RESTART|SA_SIGINFO
SIGXFSZ: [libjvm.dylib+0x46c028], sa_mask[0]=11111111011111110111111111111111, sa_flags=SA_RESTART|SA_SIGINFO
SIGILL: [libjvm.dylib+0x46c028], sa_mask[0]=11111111011111110111111111111111, sa_flags=SA_RESTART|SA_SIGINFO
SIGUSR1: SIG_DFL, sa_mask[0]=11011111011111100000000111000110, sa_flags=none
SIGUSR2: [libjvm.dylib+0x46bb46], sa_mask[0]=00100000000000000000000000000000, sa_flags=SA_RESTART|SA_SIGINFO
SIGHUP: [libjvm.dylib+0x46a119], sa_mask[0]=11111111011111110111111111111111, sa_flags=SA_RESTART|SA_SIGINFO
SIGINT: [libjvm.dylib+0x46a119], sa_mask[0]=11111111011111110111111111111111, sa_flags=SA_RESTART|SA_SIGINFO
SIGTERM: [libjvm.dylib+0x46a119], sa_mask[0]=11111111011111110111111111111111, sa_flags=SA_RESTART|SA_SIGINFO
SIGQUIT: [libjvm.dylib+0x46a119], sa_mask[0]=11111111011111110111111111111111, sa_flags=SA_RESTART|SA_SIGINFO


---------------  S Y S T E M  ---------------

OS:Bsduname:Darwin 15.3.0 Darwin Kernel Version 15.3.0: Thu Dec 10 18:40:58 PST 2015; root:xnu-3248.30.4~1/RELEASE_X86_64 x86_64
rlimit: STACK 8192k, CORE 0k, NPROC 709, NOFILE 10240, AS infinity
load average:2.15 1.76 1.66

CPU:total 8 (4 cores per cpu, 2 threads per core) family 6 model 70 stepping 1, cmov, cx8, fxsr, mmx, sse, sse2, sse3, ssse3, sse4.1, sse4.2, popcnt, avx, avx2, aes, clmul, erms, rtm, lzcnt, ht, tsc, tscinvbit, bmi1, bmi2

Memory: 4k page, physical 16777216k(45184k free)

/proc/meminfo:


vm_info: Java HotSpot(TM) 64-Bit Server VM (25.51-b03) for bsd-amd64 JRE (1.8.0_51-b16), built on Jun  8 2015 18:01:11 by "java_re" with gcc 4.2.1 (Based on Apple Inc. build 5658) (LLVM build 2336.11.00)

time: Sat Apr  2 01:14:37 2016
elapsed time: 32 seconds (0d 0h 0m 32s)

